writemsr: Verification successful. core_fd[0][0]=8, cpu=0, core=0 cpu+core=0 msr=409 (0x199).
writemsr: Verification successful. core_fd[0][1]=9, cpu=0, core=1 cpu+core=1 msr=409 (0x199).
writemsr: Verification successful. core_fd[0][2]=10, cpu=0, core=2 cpu+core=2 msr=409 (0x199).
writemsr: Verification successful. core_fd[0][3]=11, cpu=0, core=3 cpu+core=3 msr=409 (0x199).
writemsr: Verification successful. core_fd[0][4]=12, cpu=0, core=4 cpu+core=4 msr=409 (0x199).
writemsr: Verification successful. core_fd[0][5]=13, cpu=0, core=5 cpu+core=5 msr=409 (0x199).
writemsr: Verification successful. core_fd[0][6]=14, cpu=0, core=6 cpu+core=6 msr=409 (0x199).
writemsr: Verification successful. core_fd[0][7]=15, cpu=0, core=7 cpu+core=7 msr=409 (0x199).
writemsr: Verification successful. core_fd[1][0]=16, cpu=1, core=0 cpu+core=8 msr=409 (0x199).
writemsr: Verification successful. core_fd[1][1]=17, cpu=1, core=1 cpu+core=9 msr=409 (0x199).
writemsr: Verification successful. core_fd[1][2]=18, cpu=1, core=2 cpu+core=10 msr=409 (0x199).
writemsr: Verification successful. core_fd[1][3]=19, cpu=1, core=3 cpu+core=11 msr=409 (0x199).
writemsr: Verification successful. core_fd[1][4]=20, cpu=1, core=4 cpu+core=12 msr=409 (0x199).
writemsr: Verification successful. core_fd[1][5]=21, cpu=1, core=5 cpu+core=13 msr=409 (0x199).
writemsr: Verification successful. core_fd[1][6]=22, cpu=1, core=6 cpu+core=14 msr=409 (0x199).
writemsr: Verification successful. core_fd[1][7]=23, cpu=1, core=7 cpu+core=15 msr=409 (0x199).
msr_opt.c::212 setting MSR_PKG_POWER_LIMIT to 0x382a8 on cpu 0
writemsr: Verification successful. core_fd[0][0]=8, cpu=0, core=0 cpu+core=0 msr=1552 (0x610).
msr_opt.c::217 setting MSR_PP0_POWER_LIMIT to 0x0 on cpu 0
msr_opt.c::223 setting MSR_DRAM_POWER_LIMIT to 0x0 on cpu 0
msr_opt.c::212 setting MSR_PKG_POWER_LIMIT to 0x382a8 on cpu 1
writemsr: Verification successful. core_fd[1][0]=16, cpu=1, core=0 cpu+core=8 msr=1552 (0x610).
msr_opt.c::217 setting MSR_PP0_POWER_LIMIT to 0x0 on cpu 1
msr_opt.c::223 setting MSR_DRAM_POWER_LIMIT to 0x0 on cpu 1
writemsr: Verification successful. core_fd[0][0]=8, cpu=0, core=0 cpu+core=0 msr=1552 (0x610).
writemsr: Verification successful. core_fd[0][0]=8, cpu=0, core=0 cpu+core=0 msr=409 (0x199).
writemsr: Verification successful. core_fd[0][1]=9, cpu=0, core=1 cpu+core=1 msr=409 (0x199).
writemsr: Verification successful. core_fd[0][2]=10, cpu=0, core=2 cpu+core=2 msr=409 (0x199).
writemsr: Verification successful. core_fd[0][3]=11, cpu=0, core=3 cpu+core=3 msr=409 (0x199).
writemsr: Verification successful. core_fd[0][4]=12, cpu=0, core=4 cpu+core=4 msr=409 (0x199).
writemsr: Verification successful. core_fd[0][5]=13, cpu=0, core=5 cpu+core=5 msr=409 (0x199).
writemsr: Verification successful. core_fd[0][6]=14, cpu=0, core=6 cpu+core=6 msr=409 (0x199).
writemsr: Verification successful. core_fd[0][7]=15, cpu=0, core=7 cpu+core=7 msr=409 (0x199).
writemsr: Verification successful. core_fd[1][0]=16, cpu=1, core=0 cpu+core=8 msr=1552 (0x610).
writemsr: Verification successful. core_fd[1][0]=16, cpu=1, core=0 cpu+core=8 msr=409 (0x199).
writemsr: Verification successful. core_fd[1][1]=17, cpu=1, core=1 cpu+core=9 msr=409 (0x199).
writemsr: Verification successful. core_fd[1][2]=18, cpu=1, core=2 cpu+core=10 msr=409 (0x199).
writemsr: Verification successful. core_fd[1][3]=19, cpu=1, core=3 cpu+core=11 msr=409 (0x199).
writemsr: Verification successful. core_fd[1][4]=20, cpu=1, core=4 cpu+core=12 msr=409 (0x199).
writemsr: Verification successful. core_fd[1][5]=21, cpu=1, core=5 cpu+core=13 msr=409 (0x199).
writemsr: Verification successful. core_fd[1][6]=22, cpu=1, core=6 cpu+core=14 msr=409 (0x199).
writemsr: Verification successful. core_fd[1][7]=23, cpu=1, core=7 cpu+core=15 msr=409 (0x199).

papiex:
papiex: Storing output in [dir-papi/bmark3.papiex.rzmerl109.35162]
papiex:

papiex version                : 0.99rc9
Executable                    : /p/lscratchrza/rountree/single-node/bmarks/synthetic/scale-mem/bmark3
Arguments                     : 
Processor                     : Intel(R) Xeon(R) CPU E5-2670 0 @ 2.60GHz
Clockrate                     : 2601.000000
Hostname                      : rzmerl109
Options                       : DIR,PAPI_L3_TCA,PAPI_L3_TCM,NO_MPI_GATHER,NO_MPI_PROF
Domain                        : User
Parent process id             : 35135
Process id                    : 35162
Num. of threads               : 17
Start                         : Sun Jan 13 13:09:50 2013
Finish                        : Sun Jan 13 13:12:01 2013

Derived Metrics:
CPU Utilization ..............................             0.94
I/O Cycles % .................................             0.00




Program Statistics:
                             min                     max                    mean      coef. of variation
Real usecs:	     1.30653e+08	     1.30772e+08	     1.30664e+08	            0.00
Real cycles:	     3.38868e+11	     3.39176e+11	     3.38896e+11	            0.00 
Proc usecs:	           20498	     1.30315e+08	     1.22562e+08	            0.25 
Proc cycles:	     5.33127e+07	      3.3895e+11	     3.18785e+11	            0.25 
I/O cycles:	               0	               0	               0	            -nan 
PAPI_L3_TCA:	           62775	     2.37559e+09	     2.10879e+09	            0.25
PAPI_L3_TCM:	           61086	     1.00096e+08	     5.44265e+07	            0.48

Cumulative Process Counts:
Real usecs ...................................      2.22128e+09
Real cycles ..................................      5.76124e+12
Proc usecs ...................................      2.08356e+09
Proc cycles ..................................      5.41935e+12
I/O cycles ...................................                0
PAPI_L3_TCA ..................................      3.58495e+10
PAPI_L3_TCM ..................................       9.2525e+08

Event descriptions:
PAPI_L3_TCA                   : Level 3 total cache accesses
PAPI_L3_TCM                   : Level 3 cache misses

Derived event descriptions:
