id freq nodes cores pkg-clamp-0 pkg-clamp-1 dram-clamp-0 dram-clamp-1 avg-time avg-pkg-0 avg-pp0-0 avg-dram-0 avg-pkg-1 avg-pp0-1 avg-dram-1 tot-pkg-0 tot-pp0-0 tot-dram-0 tot-pkg-1 tot-pp0-1 tot-dram-1
2012_11_14_18_06_48_166862777  2601.000 8 16 115.000000 115.000000 0.000000 0.000000 23.0257335 85.269464375 71.58861575 6.7721085 84.438644375 70.806143625 6.885516375 682.155715 572.708926 54.176868 675.509155 566.449149 55.084131
2012_11_19_11_33_50_486777018  2601.000 8 16 115.000000 115.000000 0.000000 0.000000 23.06154925 85.19706 71.458893 6.196349375 84.97798075 71.36423025 6.070981 681.57648 571.671144 49.570795 679.823846 570.913842 48.567848
2012_11_19_11_34_21_237786182  2601.000 8 14 115.000000 115.000000 0.000000 0.000000 21.818724125 86.587875375 72.788948875 6.36385375 81.630364125 68.002442 6.314657625 692.703003 582.311591 50.91083 653.042913 544.019536 50.517261
2012_11_19_11_34_50_013356561  2601.000 8 12 115.000000 115.000000 0.000000 0.000000 25.956803 79.20430275 65.516099875 5.9509745 77.4329405 63.879240125 6.113610875 633.634422 524.128799 47.607796 619.463524 511.033921 48.908887
2012_11_19_11_35_22_998628673  2601.000 8 10 115.000000 115.000000 0.000000 0.000000 27.31759725 74.760803375 61.065397875 5.9691945 71.26381875 57.733695625 5.986112875 598.086427 488.523183 47.753556 570.11055 461.869565 47.888903
2012_11_19_11_35_57_515219970  2601.000 8 8 115.000000 115.000000 0.000000 0.000000 32.3454585 68.30383875 54.711687625 5.708612 65.346299375 51.8934965 5.881697125 546.43071 437.693501 45.668896 522.770395 415.147972 47.053577
2012_11_19_11_36_37_418677241  2601.000 8 6 115.000000 115.000000 0.000000 0.000000 38.06030325 61.213090625 47.712074625 5.60725775 60.07043075 46.64229525 5.7797655 489.704725 381.696597 44.858062 480.563446 373.138362 46.238124
2012_11_19_11_37_22_826403910  2601.000 8 4 115.000000 115.000000 0.000000 0.000000 48.9518775 50.854726375 37.441713125 5.6112065 55.454258875 42.076106 5.56591 406.837811 299.533705 44.889652 443.634071 336.608848 44.52728
2012_11_19_11_38_18_765288128  2601.000 16 16 115.000000 115.000000 0.000000 0.000000 30.8811495625 75.6828861875 62.236276 5.436434625 74.3969166875 61.0342524375 5.230839875 1210.926179 995.780416 86.982954 1190.350667 976.548039 83.693438
2012_11_19_11_38_57_891272750  2601.000 16 14 115.000000 115.000000 0.000000 0.000000 31.0683364375 74.8120025 61.3390513125 5.54906275 72.3462415625 58.99026 5.3661036875 1196.99204 981.424821 88.785004 1157.539865 943.84416 85.857659
2012_11_19_11_39_35_653805326  2601.000 16 12 115.000000 115.000000 0.000000 0.000000 29.6226010625 72.4294420625 58.96808625 5.56522325 70.052668375 56.6863063125 5.5434595625 1158.871073 943.48938 89.043572 1120.842694 906.980901 88.695353
2012_11_19_11_40_12_090551946  2601.000 16 10 115.000000 115.000000 0.000000 0.000000 29.88387525 68.8885995625 55.420042875 5.5915095625 65.061490875 51.700749125 5.575716625 1102.217593 886.720686 89.464153 1040.983854 827.211986 89.211466
2012_11_19_11_40_49_012559255  2601.000 16 8 115.000000 115.000000 0.000000 0.000000 31.673466125 63.2097846875 49.7888763125 5.53116725 61.6887581875 48.3586915625 5.4627495625 1011.356555 796.622021 88.498676 987.020131 773.739065 87.403993
2012_11_19_11_41_27_412518320  2601.000 16 6 115.000000 115.000000 0.000000 0.000000 32.152870875 58.763713 45.373763375 5.5495248125 58.56329325 45.235330625 5.4760848125 940.219408 725.980214 88.792397 937.012692 723.76529 87.617357
2012_11_19_11_42_05_814967022  2601.000 16 4 115.000000 115.000000 0.000000 0.000000 38.71221875 50.268376875 36.9379926875 5.456829125 54.5226444375 41.215571625 5.44339475 804.29403 591.007883 87.309266 872.362311 659.449146 87.094316
2012_11_19_11_42_51_121223656  2601.000 32 16 115.000000 115.000000 0.000000 0.000000 48.40530971875 66.4779353125 53.17745821875 5.02334978125 65.51181821875 52.25534134375 4.584453875 2127.29393 1701.678663 160.747193 2096.378183 1672.170923 146.702524
2012_11_19_11_43_47_511324027  2601.000 32 14 115.000000 115.000000 0.000000 0.000000 45.9207171875 66.4841408125 53.16247853125 5.0954916875 64.20665546875 50.949528 4.7726593125 2127.492506 1701.199313 163.055734 2054.612975 1630.384896 152.725098
2012_11_19_11_44_40_244712109  2601.000 32 12 115.000000 115.000000 0.000000 0.000000 46.28669725 63.36487659375 50.04947559375 5.1408073125 61.35317440625 48.0992344375 4.82382275 2027.676051 1601.583219 164.505834 1963.301581 1539.175502 154.362328
2012_11_19_11_45_33_657851756  2601.000 32 10 115.000000 115.000000 0.000000 0.000000 47.04301809375 60.0821651875 46.771269875 5.15783684375 57.48374684375 44.231904125 4.82453465625 1922.629286 1496.680636 165.050779 1839.479899 1415.420932 154.385109
2012_11_19_11_46_28_074130029  2601.000 32 8 115.000000 115.000000 0.000000 0.000000 47.72181996875 56.7422019375 43.4496498125 5.1675265 53.9038740625 40.6612930625 4.84757875 1815.750462 1390.388794 165.360848 1724.92397 1301.161378 155.12252
2012_11_19_11_47_22_836743169  2601.000 32 6 115.000000 115.000000 0.000000 0.000000 48.439751125 52.7850376875 39.50507496875 5.207209 50.69981903125 37.46206828125 4.86535540625 1689.121206 1264.162399 166.630688 1622.394209 1198.786185 155.691373
2012_11_19_11_48_18_738507282  2601.000 32 4 115.000000 115.000000 0.000000 0.000000 50.1695744375 47.0453715 33.78759775 5.22121459375 48.7782284375 35.5442460625 4.91608546875 1505.451888 1081.203128 167.078867 1560.90331 1137.415874 157.314735
2012_11_19_11_49_16_145327996  2601.000 8 16 51.000000 51.000000 0.000000 0.000000 22.393117375 50.6624165 36.971537375 6.268976 50.710080625 37.13051925 6.287962 405.299332 295.772299 50.151808 405.680645 297.044154 50.303696
2012_11_19_11_49_44_278868143  2601.000 8 14 51.000000 51.000000 0.000000 0.000000 22.92227025 50.67062025 36.984189875 6.210783 50.75951025 37.21007 6.20877325 405.364962 295.873519 49.686264 406.076082 297.68056 49.670186
2012_11_19_11_50_12_944803594  2601.000 8 12 51.000000 51.000000 0.000000 0.000000 25.876405 50.84826775 37.239128 5.99835625 50.864954625 37.359781875 6.0157885 406.786142 297.913024 47.98685 406.919637 298.878255 48.126308
2012_11_19_11_50_44_638999943  2601.000 8 10 51.000000 51.000000 0.000000 0.000000 24.647475375 50.7589915 37.130188125 5.792573125 50.6574285 37.163222125 5.915238 406.071932 297.041505 46.340585 405.259428 297.305777 47.321904
2012_11_19_11_51_15_779933601  2601.000 8 8 51.000000 51.000000 0.000000 0.000000 27.45850175 49.790299 36.20611375 5.792210375 49.63394925 36.17922475 5.686073125 398.322392 289.64891 46.337683 397.071594 289.433798 45.488585
2012_11_19_11_51_49_830077791  2601.000 8 6 51.000000 51.000000 0.000000 0.000000 33.004165875 42.54614975 29.064212 5.705906 45.11105325 31.70656225 5.57493775 340.369198 232.513696 45.647248 360.888426 253.652498 44.599502
2012_11_19_11_52_29_299140071  2601.000 8 4 51.000000 51.000000 0.000000 0.000000 45.569741375 36.515886375 23.132384125 5.454336375 38.175313875 24.799367375 5.530027375 292.127091 185.059073 43.634691 305.402511 198.394939 44.240219
2012_11_19_11_53_21_275713017  2601.000 16 16 51.000000 51.000000 0.000000 0.000000 12.1086696875 50.6216321875 37.0338739375 6.146114 50.577126625 37.07012975 6.0715813125 809.946115 592.541983 98.337824 809.234026 593.122076 97.145301
2012_11_19_11_53_40_132715876  2601.000 16 14 51.000000 51.000000 0.000000 0.000000 11.6459575 50.990012625 37.400783875 6.20382725 50.9714225625 37.459427625 6.1628468125 815.840202 598.412542 99.261236 815.542761 599.350842 98.605549
2012_11_19_11_53_58_355323950  2601.000 16 12 51.000000 51.000000 0.000000 0.000000 13.04206225 50.761801125 37.24333925 5.916847125 50.7115855625 37.2545955 5.94553375 812.188818 595.893428 94.669554 811.385369 596.073528 95.12854
2012_11_19_11_54_18_087322200  2601.000 16 10 51.000000 51.000000 0.000000 0.000000 14.083931375 48.9954248125 35.5030674375 5.7274355 49.285025 35.857559875 5.6145269375 783.926797 568.049079 91.638968 788.5604 573.720958 89.832431
2012_11_19_11_54_38_998032250  2601.000 16 8 51.000000 51.000000 0.000000 0.000000 14.77087075 48.141817875 34.6937864375 5.742128375 48.988327 35.578611 5.670451375 770.269086 555.100583 91.874054 783.813232 569.257776 90.727222
2012_11_19_11_54_59_607929457  2601.000 16 6 51.000000 51.000000 0.000000 0.000000 16.8143458125 42.727363625 29.3485093125 5.684334625 44.065824625 30.6865834375 5.7399181875 683.637818 469.576149 90.949354 705.053194 490.985335 91.838691
2012_11_19_11_55_23_203457897  2601.000 16 4 51.000000 51.000000 0.000000 0.000000 23.038181375 36.1883309375 22.86196175 5.5759023125 38.0556754375 24.73552625 5.53866725 579.013295 365.791388 89.214437 608.890807 395.76842 88.618676
2012_11_19_11_55_52_870050445  2601.000 32 16 51.000000 51.000000 0.000000 0.000000 7.43584703125 49.43928275 36.01828721875 5.6020530625 49.70904234375 36.3274665625 5.38040421875 1582.057048 1152.585191 179.265698 1590.689355 1162.47893 172.172935
2012_11_19_11_56_07_276722988  2601.000 32 14 51.000000 51.000000 0.000000 0.000000 6.413108625 50.5569356875 37.09816096875 5.81555690625 50.47819271875 37.06644409375 5.77146046875 1617.821942 1187.141151 186.097821 1615.302167 1186.126211 184.686735
2012_11_19_11_56_21_029942856  2601.000 32 12 51.000000 51.000000 0.000000 0.000000 7.15846715625 50.5832171875 37.1896835625 5.71935778125 50.462748375 37.1023521875 5.6224513125 1618.66295 1190.069874 183.019449 1614.807948 1187.27527 179.918442
2012_11_19_11_56_35_276602197  2601.000 32 10 51.000000 51.000000 0.000000 0.000000 7.197089375 49.94922696875 36.54293515625 5.682053625 49.058616375 35.6951549375 5.6253814375 1598.375263 1169.373925 181.825716 1569.875724 1142.244958 180.012206
2012_11_19_11_56_49_303706094  2601.000 32 8 51.000000 51.000000 0.000000 0.000000 7.670775 48.546609 35.18747640625 5.50318290625 48.11624146875 34.797383 5.49530328125 1553.491488 1125.999245 176.101853 1539.719727 1113.516256 175.849705
2012_11_19_11_57_03_946695129  2601.000 32 6 51.000000 51.000000 0.000000 0.000000 8.8954760625 42.53885259375 29.22939715625 5.4384820625 43.31006575 30.02118665625 5.49457675 1361.243283 935.340709 174.031426 1385.922104 960.677973 175.826456
2012_11_19_11_57_19_852685795  2601.000 32 4 51.000000 51.000000 0.000000 0.000000 11.8996263125 36.37854084375 23.1135133125 5.3732131875 37.64910134375 24.3966551875 5.33406209375 1164.113307 739.632426 171.942822 1204.771243 780.692966 170.689987
2012_11_19_11_57_38_688502852  2601.000 8 16 65.000000 65.000000 0.000000 0.000000 18.028827875 64.64863125 50.85754775 6.661833125 64.618042 50.892845375 6.885054875 517.18905 406.860382 53.294665 516.944336 407.142763 55.080439
2012_11_19_11_58_02_434937598  2601.000 8 14 65.000000 65.000000 0.000000 0.000000 18.5638305 64.143719375 50.32230475 6.804529875 64.0295605 50.39462025 6.572964 513.149755 402.578438 54.436239 512.236484 403.156962 52.583712
2012_11_19_11_58_27_134749234  2601.000 8 12 65.000000 65.000000 0.000000 0.000000 21.874684375 58.957914375 45.321746125 6.097645 63.35277575 49.766002125 6.505830625 471.663315 362.573969 48.78116 506.822206 398.128017 52.046645
2012_11_19_11_58_55_002604058  2601.000 8 10 65.000000 65.000000 0.000000 0.000000 21.402165 55.941977875 42.248255375 6.148388625 58.267066375 44.698104875 6.247423625 447.535823 337.986043 49.187109 466.136531 357.584839 49.979389
2012_11_19_11_59_22_700255420  2601.000 8 8 65.000000 65.000000 0.000000 0.000000 26.790588625 49.904541 36.34517925 5.79428175 50.560349875 37.098917375 5.892135 399.236328 290.761434 46.354254 404.482799 296.791339 47.13708
2012_11_19_11_59_55_744253097  2601.000 8 6 65.000000 65.000000 0.000000 0.000000 32.813275375 43.6534515 30.17305275 5.55434175 43.5370775 30.12110725 5.7172475 349.227612 241.384422 44.434734 348.29662 240.968858 45.73798
2012_11_19_12_00_34_057484004  2601.000 8 4 65.000000 65.000000 0.000000 0.000000 45.73418675 36.855137125 23.442224625 5.5636865 37.81364575 24.46118225 5.527049875 294.841097 187.537797 44.509492 302.509166 195.689458 44.216399
2012_11_19_12_01_25_669856587  2601.000 16 16 65.000000 65.000000 0.000000 0.000000 12.2085346875 62.97969825 49.3808653125 6.1110696875 63.08575575 49.5693731875 5.641174625 1007.675172 790.093845 97.777115 1009.372092 793.109971 90.258794
2012_11_19_12_01_44_153027236  2601.000 16 14 65.000000 65.000000 0.000000 0.000000 10.4382185625 63.3703111875 49.727861875 6.31040975 62.8858976875 49.3277338125 6.1028210625 1013.924979 795.64579 100.966556 1006.174363 789.243741 97.645137
2012_11_19_12_02_01_222070989  2601.000 16 12 65.000000 65.000000 0.000000 0.000000 11.231354625 59.5120940625 45.966209375 6.0106625 60.8737295625 47.3538555625 6.074642875 952.193505 735.45935 96.1706 973.979673 757.661689 97.194286
2012_11_19_12_02_19_217047579  2601.000 16 10 65.000000 65.000000 0.000000 0.000000 11.146140625 56.4190203125 42.8231534375 6.1727124375 56.2100638125 42.692732375 6.120357625 902.704325 685.170455 98.763399 899.361021 683.083718 97.925722
2012_11_19_12_02_37_040326833  2601.000 16 8 65.000000 65.000000 0.000000 0.000000 13.7412125 50.4980631875 37.023017125 5.8524885625 48.7870758125 35.3743253125 5.7613489375 807.969011 592.368274 93.639817 780.593213 565.989205 92.181583
2012_11_19_12_02_57_142194812  2601.000 16 6 65.000000 65.000000 0.000000 0.000000 16.7033625625 42.777281875 29.3743685625 5.762726875 43.9938310625 30.6214985 5.7875065 684.43651 469.989897 92.20363 703.901297 489.943976 92.600104
2012_11_19_12_03_19_496533706  2601.000 16 4 65.000000 65.000000 0.000000 0.000000 23.174275375 36.227788 22.89099075 5.4830408125 37.851064625 24.539083 5.5230816875 579.644608 366.255852 87.728653 605.617034 392.625328 88.369307
2012_11_19_12_03_48_988752941  2601.000 32 16 65.000000 65.000000 0.000000 0.000000 9.10101584375 60.132765375 46.7310298125 5.361093 60.80702771875 47.44472409375 4.70658846875 1924.248492 1495.392954 171.554976 1945.824887 1518.231171 150.610831
2012_11_19_12_04_05_380875566  2601.000 32 14 65.000000 65.000000 0.000000 0.000000 5.65302609375 62.3751268125 48.86297203125 5.982335875 62.20170059375 48.745673 5.8320184375 1996.004058 1563.615105 191.434748 1990.454419 1559.861536 186.62459
2012_11_19_12_04_18_006629216  2601.000 32 12 65.000000 65.000000 0.000000 0.000000 6.08258353125 59.7460126875 46.30743765625 5.79168965625 58.95853675 45.55842178125 5.82899640625 1911.872406 1481.838005 185.334069 1886.673176 1457.869497 186.527885
2012_11_19_12_04_31_196231766  2601.000 32 10 65.000000 65.000000 0.000000 0.000000 6.20786596875 54.09782103125 40.656839875 5.7670853125 55.70531690625 42.3041979375 5.7953631875 1731.130273 1301.018876 184.54673 1782.570141 1353.734334 185.451622
2012_11_19_12_04_44_322391268  2601.000 32 8 65.000000 65.000000 0.000000 0.000000 7.499259 49.2529655625 35.88193128125 5.5505328125 48.3140971875 34.98361121875 5.52064046875 1576.094898 1148.221801 177.61705 1546.05111 1119.475559 176.660495
2012_11_19_12_04_58_965934155  2601.000 32 6 65.000000 65.000000 0.000000 0.000000 8.89264865625 42.61902034375 29.29841065625 5.407960875 43.4398696875 30.147015375 5.5122555 1363.808651 937.549141 173.054748 1390.07583 964.704492 176.392176
2012_11_19_12_05_15_359870848  2601.000 32 4 65.000000 65.000000 0.000000 0.000000 11.9044636875 36.0513655625 22.7810353125 5.3909584375 37.8735530625 24.62531809375 5.37755325 1153.643698 728.99313 172.51067 1211.953698 788.010179 172.081704
2012_11_19_12_05_34_261783478  2601.000 8 16 80.000000 80.000000 0.000000 0.000000 16.10764575 75.125415125 61.225018875 6.819968 75.74778625 61.99092675 6.99567175 601.003321 489.800151 54.559744 605.98229 495.927414 55.965374
2012_11_19_12_05_56_804056312  2601.000 8 14 80.000000 80.000000 0.000000 0.000000 16.6696425 71.40123675 57.49871825 6.8285125 68.494727375 54.828210125 6.442587125 571.209894 459.989746 54.6281 547.957819 438.625681 51.540697
2012_11_19_12_06_19_734296441  2601.000 8 12 80.000000 80.000000 0.000000 0.000000 20.464937625 62.170713 48.47191875 6.27362325 62.396684125 48.7935035 6.20119475 497.365704 387.77535 50.188986 499.173473 390.348028 49.609558
2012_11_19_12_06_45_783119822  2601.000 8 10 80.000000 80.000000 0.000000 0.000000 21.585270375 55.966928125 42.284783625 6.137007875 57.743185125 44.180223625 6.093936 447.735425 338.278269 49.096063 461.945481 353.441789 48.751488
2012_11_19_12_07_14_031285682  2601.000 8 8 80.000000 80.000000 0.000000 0.000000 26.658864625 50.279264 36.69852425 5.8623705 50.119713625 36.65489025 5.90389825 402.234112 293.588194 46.898964 400.957709 293.239122 47.231186
2012_11_19_12_07_47_261318399  2601.000 8 6 80.000000 80.000000 0.000000 0.000000 32.71028925 43.19129375 29.72406975 5.694087625 44.0247395 30.58230025 5.67441975 345.53035 237.792558 45.552701 352.197916 244.658402 45.395358
2012_11_19_12_08_25_461707064  2601.000 8 4 80.000000 80.000000 0.000000 0.000000 45.45039575 36.40716425 23.008491 5.612324625 38.316005 24.95523125 5.495781875 291.257314 184.067928 44.898597 306.52804 199.64185 43.966255
2012_11_19_12_09_17_431893733  2601.000 16 16 80.000000 80.000000 0.000000 0.000000 10.2723014375 70.7148063125 57.049946375 6.3477278125 71.108928 57.529656875 6.0274655625 1131.436901 912.799142 101.563645 1137.742848 920.47451 96.439449
2012_11_19_12_09_34_764863211  2601.000 16 14 80.000000 80.000000 0.000000 0.000000 8.6474553125 69.69768075 55.963417875 6.7490966875 67.393931375 53.76135475 6.43135925 1115.162892 895.414686 107.985547 1078.302902 860.181676 102.901748
2012_11_19_12_09_50_108937200  2601.000 16 12 80.000000 80.000000 0.000000 0.000000 10.6651598125 63.7359693125 50.134111 6.064639125 59.9770849375 46.469663625 6.045668125 1019.775509 802.145776 97.034226 959.633359 743.514618 96.73069
2012_11_19_12_10_07_325831432  2601.000 16 10 80.000000 80.000000 0.000000 0.000000 11.2219706875 55.3979745 41.8238821875 5.96545225 57.0093430625 43.4862416875 6.1456088125 886.367592 669.182115 95.447236 912.149489 695.779867 98.329741
2012_11_19_12_10_25_606261567  2601.000 16 8 80.000000 80.000000 0.000000 0.000000 13.7847135 49.2811480625 35.8105279375 5.80747825 49.5234475 36.1117018125 5.879019375 788.498369 572.968447 92.919652 792.37516 577.787229 94.06431
2012_11_19_12_10_45_019000924  2601.000 16 6 80.000000 80.000000 0.000000 0.000000 16.6739085625 42.754898125 29.361161 5.6390799375 44.213346375 30.8474664375 5.7224828125 684.07837 469.778576 90.225279 707.413542 493.559463 91.559725
2012_11_19_12_11_08_323159670  2601.000 16 4 80.000000 80.000000 0.000000 0.000000 23.1468388125 36.4388730625 23.1025705625 5.614275125 37.6789471875 24.3601378125 5.5486579375 583.021969 369.641129 89.828402 602.863155 389.762205 88.778527
2012_11_19_12_11_38_009570065  2601.000 32 16 80.000000 80.000000 0.000000 0.000000 5.6449793125 70.54771478125 57.02872671875 5.99485315625 70.7500926875 57.27553103125 5.7322635625 2257.526873 1824.919255 191.835301 2264.002966 1832.816993 183.432434
2012_11_19_12_11_50_791981610  2601.000 32 14 80.000000 80.000000 0.000000 0.000000 6.0523928125 65.211295875 51.71912690625 5.91965909375 65.0230385 51.584482 5.50562903125 2086.761468 1655.012061 189.429091 2080.737232 1650.703424 176.180129
2012_11_19_12_12_03_855108879  2601.000 32 12 80.000000 80.000000 0.000000 0.000000 6.08104678125 60.35340209375 46.9174523125 5.69191196875 58.64778846875 45.249704375 5.698430875 1931.308867 1501.358474 182.141183 1876.729231 1447.99054 182.349788
2012_11_19_12_12_17_158515745  2601.000 32 10 80.000000 80.000000 0.000000 0.000000 6.0174901875 55.306208875 41.847241125 5.9021010625 55.64076009375 42.237277 5.850836125 1769.798684 1339.111716 188.867234 1780.504323 1351.592864 187.226756
2012_11_19_12_12_30_258114241  2601.000 32 8 80.000000 80.000000 0.000000 0.000000 7.35461190625 48.93602746875 35.57072909375 5.5209368125 48.84535534375 35.51901840625 5.568528625 1565.952879 1138.263331 176.669978 1563.051371 1136.608589 178.192916
2012_11_19_12_12_44_618575888  2601.000 32 6 80.000000 80.000000 0.000000 0.000000 8.81517565625 42.67097975 29.3485859375 5.4301961875 43.466223875 30.175122625 5.48938775 1365.471352 939.15475 173.766278 1390.919164 965.603924 175.660408
2012_11_19_12_13_00_466896739  2601.000 32 4 80.000000 80.000000 0.000000 0.000000 11.87474890625 36.3469914375 23.08006084375 5.41751084375 37.994745375 24.7441115625 5.30790421875 1163.103726 738.561947 173.360347 1215.831852 791.81157 169.852935
2012_11_19_12_13_19_342919527  2601.000 8 16 95.000000 95.000000 0.000000 0.000000 16.92369325 73.76390675 59.874857375 6.908877 74.685600125 60.96267025 6.687207 590.111254 478.998859 55.271016 597.484801 487.701362 53.497656
2012_11_19_12_13_42_818622947  2601.000 8 14 95.000000 95.000000 0.000000 0.000000 16.95260275 71.789663375 57.894675 7.00878675 67.577263625 53.889596125 6.57296225 574.317307 463.1574 56.070294 540.618109 431.116769 52.583698
2012_11_19_12_14_06_383985447  2601.000 8 12 95.000000 95.000000 0.000000 0.000000 20.247073375 61.077460875 47.381678875 6.136189875 64.502504125 50.891748625 6.419813125 488.619687 379.053431 49.089519 516.020033 407.133989 51.358505
2012_11_19_12_14_33_180291922  2601.000 8 10 95.000000 95.000000 0.000000 0.000000 21.720557875 54.8181255 41.1590825 6.117960625 58.56865675 44.989139 6.32907325 438.545004 329.27266 48.943685 468.549254 359.913112 50.632586
2012_11_19_12_15_01_217128155  2601.000 8 8 95.000000 95.000000 0.000000 0.000000 26.7807915 50.579703625 36.99217575 5.78528425 49.664746 36.20326175 5.83265775 404.637629 295.937406 46.282274 397.317968 289.626094 46.661262
2012_11_19_12_15_34_258211289  2601.000 8 6 95.000000 95.000000 0.000000 0.000000 32.800546625 43.15049925 29.656873 5.7008675 44.540914875 31.12694325 5.772337 345.203994 237.254984 45.60694 356.327319 249.015546 46.178696
2012_11_19_12_16_13_582961378  2601.000 8 4 95.000000 95.000000 0.000000 0.000000 45.501994 37.465261125 24.046811 5.60504375 37.16857825 23.82453375 5.363194375 299.722089 192.374488 44.84035 297.348626 190.59627 42.905555
2012_11_19_12_17_04_541243792  2601.000 16 16 95.000000 95.000000 0.000000 0.000000 9.683183625 71.730884 58.0087040625 6.6131015 71.6818136875 58.07728225 6.13939175 1147.694144 928.139265 105.809624 1146.909019 929.236516 98.230268
2012_11_19_12_17_20_834757056  2601.000 16 14 95.000000 95.000000 0.000000 0.000000 9.2911280625 66.8465245 53.1559360625 6.574258875 69.284095125 55.6493240625 6.4542784375 1069.544392 850.494977 105.188142 1108.545522 890.389185 103.268455
2012_11_19_12_17_36_368646261  2601.000 16 12 95.000000 95.000000 0.000000 0.000000 10.517975875 60.915983625 47.330105625 6.033512625 62.903817875 49.366049625 6.2046999375 974.655738 757.28169 96.536202 1006.461086 789.856794 99.275199
2012_11_19_12_17_53_490459891  2601.000 16 10 95.000000 95.000000 0.000000 0.000000 11.207207125 55.7408413125 42.1674386875 5.92995875 56.2174595625 42.707505125 6.104929 891.853461 674.679019 94.87934 899.479353 683.320082 97.678864
2012_11_19_12_18_11_263230124  2601.000 16 8 95.000000 95.000000 0.000000 0.000000 13.708094375 48.962139875 35.499442875 5.767847 50.17526425 36.7457485625 5.879233375 783.394238 567.991086 92.285552 802.804228 587.931977 94.067734
2012_11_19_12_18_31_647193314  2601.000 16 6 95.000000 95.000000 0.000000 0.000000 16.8008940666667 42.3387355333333 28.9431046666667 5.54453126666667 44.3511967333333 30.9852694666667 5.57976066666667 635.081033 434.14657 83.167969 665.267951 464.779042 83.69641
2012_11_19_12_18_55_064983551  2601.000 16 4 95.000000 95.000000 0.000000 0.000000 23.1325263125 36.2881934375 22.952244375 5.553840625 37.8377456875 24.5321286875 5.4056296875 580.611095 367.23591 88.86145 605.403931 392.514059 86.490075
2012_11_19_12_19_25_030036756  2601.000 32 16 95.000000 95.000000 0.000000 0.000000 6.52427390625 69.0718656875 55.59066765625 5.84981059375 68.83600153125 55.4124470625 5.39835075 2210.299702 1778.901365 187.193939 2202.752049 1773.198306 172.747224
2012_11_19_12_19_38_566867728  2601.000 32 14 95.000000 95.000000 0.000000 0.000000 5.4112725625 66.71514915625 53.18348728125 6.04910940625 65.68290715625 52.21612834375 5.74455728125 2134.884773 1701.871593 193.571501 2101.853029 1670.916107 183.825833
2012_11_19_12_19_50_982306567  2601.000 32 12 95.000000 95.000000 0.000000 0.000000 6.10918128125 63.3109830625 49.86172584375 5.7434875625 56.70919940625 43.31449465625 5.544446625 2025.951458 1595.575227 183.791602 1814.694381 1386.063829 177.422292
2012_11_19_12_20_04_096921723  2601.000 32 10 95.000000 95.000000 0.000000 0.000000 6.21637584375 54.54362346875 41.09716634375 5.71049978125 54.30468246875 40.9128569375 5.6547645 1745.395951 1315.109323 182.735993 1737.749839 1309.211422 180.952464
2012_11_19_12_20_17_324678467  2601.000 32 8 95.000000 95.000000 0.000000 0.000000 7.32998053125 48.6840933125 35.3208124375 5.5232825625 49.2631104375 35.9305841875 5.61921796875 1557.890986 1130.265998 176.745042 1576.419534 1149.778694 179.814975
2012_11_19_12_20_31_625866674  2601.000 32 6 95.000000 95.000000 0.000000 0.000000 8.9658419375 42.4264145 29.10915203125 5.3934205625 43.4774054375 30.191525875 5.50546153125 1357.645264 931.492865 172.589458 1391.276974 966.128828 176.174769
2012_11_19_12_20_47_623383480  2601.000 32 4 95.000000 95.000000 0.000000 0.000000 11.92344634375 35.5046843125 22.236041875 5.396863625 38.22494284375 24.97633025 5.373494375 1136.149898 711.55334 172.699636 1223.198171 799.242568 171.95182
