+ i=16
+ minthreads=4
+ export PKG_MINW_MINS=0x38198
+ PKG_MINW_MINS=0x38198
+ export PP0_MINW_MINS=0x38198
+ PP0_MINW_MINS=0x38198
+ export DRAM_MINW_MINS=0x38078
+ DRAM_MINW_MINS=0x38078
+ export MSR_PKG_POWER_LIMIT=0x0
+ MSR_PKG_POWER_LIMIT=0x0
+ export MSR_PP0_POWER_LIMIT=0x0
+ MSR_PP0_POWER_LIMIT=0x0
+ export MSR_DRAM_POWER_LIMIT=0x0
+ MSR_DRAM_POWER_LIMIT=0x0
+ export MSR_RANK_MOD=1
+ MSR_RANK_MOD=1
+ export SAMPLE=0
+ SAMPLE=0
+ t=0
+ export TURBO_ENABLE=1
+ TURBO_ENABLE=1
+ export FUNC_INTERCEPT=0
+ FUNC_INTERCEPT=0
+ export READ_WRITE=0
+ READ_WRITE=0
+ export READ_ONLY=1
+ READ_ONLY=1
+ i=16
+ '[' 16 -ge 4 ']'
+ export OMP_NUM_THREADS=16
+ OMP_NUM_THREADS=16
+ export KMP_AFFINITY=scatter
+ KMP_AFFINITY=scatter
++ date +%Y_%m_%d_%H_%M_%S_%N
+ name=2013_01_13_09_01_20_001881297
+ mkdir 2013_01_13_09_01_20_001881297
+ cd 2013_01_13_09_01_20_001881297
+ touch out.dat
+ env
+ echo 2013_01_13_09_01_20_001881297
+ uname -a
+ srun --nodes=1 --ntasks=1 -ppbatch cat /proc/cpuinfo
+ grep MHz
+ srun --nodes=1 --ntasks=1 -o host_info hostname
+ echo 'threads/node: 16'
+ echo 'nodes: ' 1
+ echo 'turbo: 1 '
+ cp ../../opac.txt .
+ cp ../../input.dat .
+ srun --nodes=1 --ntasks=1 -e f.err papiex -f dir-papi -e PAPI_L3_TCA -e PAPI_L3_TCM ../../sphot

In READ-ONLY mode.
+ cd ../
+ i=14
+ '[' 14 -ge 4 ']'
+ export OMP_NUM_THREADS=14
+ OMP_NUM_THREADS=14
+ export KMP_AFFINITY=scatter
+ KMP_AFFINITY=scatter
++ date +%Y_%m_%d_%H_%M_%S_%N
+ name=2013_01_13_09_03_06_540692123
+ mkdir 2013_01_13_09_03_06_540692123
+ cd 2013_01_13_09_03_06_540692123
+ touch out.dat
+ env
+ echo 2013_01_13_09_03_06_540692123
+ uname -a
+ grep MHz
+ srun --nodes=1 --ntasks=1 -ppbatch cat /proc/cpuinfo
+ srun --nodes=1 --ntasks=1 -o host_info hostname
+ echo 'threads/node: 14'
+ echo 'nodes: ' 1
+ echo 'turbo: 1 '
+ cp ../../opac.txt .
+ cp ../../input.dat .
+ srun --nodes=1 --ntasks=1 -e f.err papiex -f dir-papi -e PAPI_L3_TCA -e PAPI_L3_TCM ../../sphot

In READ-ONLY mode.
+ cd ../
+ i=12
+ '[' 12 -ge 4 ']'
+ export OMP_NUM_THREADS=12
+ OMP_NUM_THREADS=12
+ export KMP_AFFINITY=scatter
+ KMP_AFFINITY=scatter
++ date +%Y_%m_%d_%H_%M_%S_%N
+ name=2013_01_13_09_04_58_707270830
+ mkdir 2013_01_13_09_04_58_707270830
+ cd 2013_01_13_09_04_58_707270830
+ touch out.dat
+ env
+ echo 2013_01_13_09_04_58_707270830
+ uname -a
+ srun --nodes=1 --ntasks=1 -ppbatch cat /proc/cpuinfo
+ grep MHz
+ srun --nodes=1 --ntasks=1 -o host_info hostname
+ echo 'threads/node: 12'
+ echo 'nodes: ' 1
+ echo 'turbo: 1 '
+ cp ../../opac.txt .
+ cp ../../input.dat .
+ srun --nodes=1 --ntasks=1 -e f.err papiex -f dir-papi -e PAPI_L3_TCA -e PAPI_L3_TCM ../../sphot

In READ-ONLY mode.
+ cd ../
+ i=10
+ '[' 10 -ge 4 ']'
+ export OMP_NUM_THREADS=10
+ OMP_NUM_THREADS=10
+ export KMP_AFFINITY=scatter
+ KMP_AFFINITY=scatter
++ date +%Y_%m_%d_%H_%M_%S_%N
+ name=2013_01_13_09_06_56_915145342
+ mkdir 2013_01_13_09_06_56_915145342
+ cd 2013_01_13_09_06_56_915145342
+ touch out.dat
+ env
+ echo 2013_01_13_09_06_56_915145342
+ uname -a
+ srun --nodes=1 --ntasks=1 -ppbatch cat /proc/cpuinfo
+ grep MHz
+ srun --nodes=1 --ntasks=1 -o host_info hostname
+ echo 'threads/node: 10'
+ echo 'nodes: ' 1
+ echo 'turbo: 1 '
+ cp ../../opac.txt .
+ cp ../../input.dat .
+ srun --nodes=1 --ntasks=1 -e f.err papiex -f dir-papi -e PAPI_L3_TCA -e PAPI_L3_TCM ../../sphot

In READ-ONLY mode.
+ cd ../
+ i=8
+ '[' 8 -ge 4 ']'
+ export OMP_NUM_THREADS=8
+ OMP_NUM_THREADS=8
+ export KMP_AFFINITY=scatter
+ KMP_AFFINITY=scatter
++ date +%Y_%m_%d_%H_%M_%S_%N
+ name=2013_01_13_09_09_10_983620439
+ mkdir 2013_01_13_09_09_10_983620439
+ cd 2013_01_13_09_09_10_983620439
+ touch out.dat
+ env
+ echo 2013_01_13_09_09_10_983620439
+ uname -a
+ srun --nodes=1 --ntasks=1 -ppbatch cat /proc/cpuinfo
+ grep MHz
+ srun --nodes=1 --ntasks=1 -o host_info hostname
+ echo 'threads/node: 8'
+ echo 'nodes: ' 1
+ echo 'turbo: 1 '
+ cp ../../opac.txt .
+ cp ../../input.dat .
+ srun --nodes=1 --ntasks=1 -e f.err papiex -f dir-papi -e PAPI_L3_TCA -e PAPI_L3_TCM ../../sphot

In READ-ONLY mode.
+ cd ../
+ i=6
+ '[' 6 -ge 4 ']'
+ export OMP_NUM_THREADS=6
+ OMP_NUM_THREADS=6
+ export KMP_AFFINITY=scatter
+ KMP_AFFINITY=scatter
++ date +%Y_%m_%d_%H_%M_%S_%N
+ name=2013_01_13_09_11_47_407996364
+ mkdir 2013_01_13_09_11_47_407996364
+ cd 2013_01_13_09_11_47_407996364
+ touch out.dat
+ env
+ echo 2013_01_13_09_11_47_407996364
+ uname -a
+ srun --nodes=1 --ntasks=1 -ppbatch cat /proc/cpuinfo
+ grep MHz
+ srun --nodes=1 --ntasks=1 -o host_info hostname
+ echo 'threads/node: 6'
+ echo 'nodes: ' 1
+ echo 'turbo: 1 '
+ cp ../../opac.txt .
+ cp ../../input.dat .
+ srun --nodes=1 --ntasks=1 -e f.err papiex -f dir-papi -e PAPI_L3_TCA -e PAPI_L3_TCM ../../sphot

In READ-ONLY mode.
+ cd ../
+ i=4
+ '[' 4 -ge 4 ']'
+ export OMP_NUM_THREADS=4
+ OMP_NUM_THREADS=4
+ export KMP_AFFINITY=scatter
+ KMP_AFFINITY=scatter
++ date +%Y_%m_%d_%H_%M_%S_%N
+ name=2013_01_13_09_15_11_691127680
+ mkdir 2013_01_13_09_15_11_691127680
+ cd 2013_01_13_09_15_11_691127680
+ touch out.dat
+ env
+ echo 2013_01_13_09_15_11_691127680
+ uname -a
+ srun --nodes=1 --ntasks=1 -ppbatch cat /proc/cpuinfo
+ grep MHz
+ srun --nodes=1 --ntasks=1 -o host_info hostname
+ echo 'threads/node: 4'
+ echo 'nodes: ' 1
+ echo 'turbo: 1 '
+ cp ../../opac.txt .
+ cp ../../input.dat .
+ srun --nodes=1 --ntasks=1 -e f.err papiex -f dir-papi -e PAPI_L3_TCA -e PAPI_L3_TCM ../../sphot

In READ-ONLY mode.
+ cd ../
+ i=2
+ '[' 2 -ge 4 ']'
+ export TURBO_ENABLE=0
+ TURBO_ENABLE=0
+ export FUNC_INTERCEPT=0
+ FUNC_INTERCEPT=0
+ export READ_WRITE=1
+ READ_WRITE=1
+ export READ_ONLY=0
+ READ_ONLY=0
+ for pkg in 0x38198 0x381B8 0x381E0 0x038208 0x38230 0x38258 0x38280 0x382A8 0x382D0 0x0382f8 0x038320
+ export MSR_PKG_POWER_LIMIT=0x38198
+ MSR_PKG_POWER_LIMIT=0x38198
+ i=16
+ '[' 16 -ge 4 ']'
+ export OMP_NUM_THREADS=16
+ OMP_NUM_THREADS=16
+ export KMP_AFFINITY=scatter
+ KMP_AFFINITY=scatter
++ date +%Y_%m_%d_%H_%M_%S_%N
+ name=2013_01_13_09_20_05_244141182
+ mkdir 2013_01_13_09_20_05_244141182
+ cd 2013_01_13_09_20_05_244141182
+ touch out.dat
+ env
+ echo 2013_01_13_09_20_05_244141182
+ uname -a
+ srun --nodes=1 --ntasks=1 -ppbatch cat /proc/cpuinfo
+ grep MHz
+ srun --nodes=1 --ntasks=1 -o host_info hostname
+ echo 'threads/node: 16'
+ echo 'nodes: ' 1
+ echo 'turbo: 0'
+ cp ../../opac.txt .
+ cp ../../input.dat .
+ srun --nodes=1 --ntasks=1 -e f.err papiex -f dir-papi -e PAPI_L3_TCA -e PAPI_L3_TCM ../../sphot

In READ-WRITE mode.
+ cd ../
+ i=14
+ '[' 14 -ge 4 ']'
+ export OMP_NUM_THREADS=14
+ OMP_NUM_THREADS=14
+ export KMP_AFFINITY=scatter
+ KMP_AFFINITY=scatter
++ date +%Y_%m_%d_%H_%M_%S_%N
+ name=2013_01_13_09_22_31_894769517
+ mkdir 2013_01_13_09_22_31_894769517
+ cd 2013_01_13_09_22_31_894769517
+ touch out.dat
+ env
+ echo 2013_01_13_09_22_31_894769517
+ uname -a
+ srun --nodes=1 --ntasks=1 -ppbatch cat /proc/cpuinfo
+ grep MHz
+ srun --nodes=1 --ntasks=1 -o host_info hostname
+ echo 'threads/node: 14'
+ echo 'nodes: ' 1
+ echo 'turbo: 0'
+ cp ../../opac.txt .
+ cp ../../input.dat .
+ srun --nodes=1 --ntasks=1 -e f.err papiex -f dir-papi -e PAPI_L3_TCA -e PAPI_L3_TCM ../../sphot

In READ-WRITE mode.
+ cd ../
+ i=12
+ '[' 12 -ge 4 ']'
+ export OMP_NUM_THREADS=12
+ OMP_NUM_THREADS=12
+ export KMP_AFFINITY=scatter
+ KMP_AFFINITY=scatter
++ date +%Y_%m_%d_%H_%M_%S_%N
+ name=2013_01_13_09_24_59_550677377
+ mkdir 2013_01_13_09_24_59_550677377
+ cd 2013_01_13_09_24_59_550677377
+ touch out.dat
+ env
+ echo 2013_01_13_09_24_59_550677377
+ uname -a
+ srun --nodes=1 --ntasks=1 -ppbatch cat /proc/cpuinfo
+ grep MHz
+ srun --nodes=1 --ntasks=1 -o host_info hostname
+ echo 'threads/node: 12'
+ echo 'nodes: ' 1
+ echo 'turbo: 0'
+ cp ../../opac.txt .
+ cp ../../input.dat .
+ srun --nodes=1 --ntasks=1 -e f.err papiex -f dir-papi -e PAPI_L3_TCA -e PAPI_L3_TCM ../../sphot

In READ-WRITE mode.
+ cd ../
+ i=10
+ '[' 10 -ge 4 ']'
+ export OMP_NUM_THREADS=10
+ OMP_NUM_THREADS=10
+ export KMP_AFFINITY=scatter
+ KMP_AFFINITY=scatter
++ date +%Y_%m_%d_%H_%M_%S_%N
+ name=2013_01_13_09_27_29_437325012
+ mkdir 2013_01_13_09_27_29_437325012
+ cd 2013_01_13_09_27_29_437325012
+ touch out.dat
+ env
+ echo 2013_01_13_09_27_29_437325012
+ uname -a
+ srun --nodes=1 --ntasks=1 -ppbatch cat /proc/cpuinfo
+ grep MHz
+ srun --nodes=1 --ntasks=1 -o host_info hostname
+ echo 'threads/node: 10'
+ echo 'nodes: ' 1
+ echo 'turbo: 0'
+ cp ../../opac.txt .
+ cp ../../input.dat .
+ srun --nodes=1 --ntasks=1 -e f.err papiex -f dir-papi -e PAPI_L3_TCA -e PAPI_L3_TCM ../../sphot

In READ-WRITE mode.
+ cd ../
+ i=8
+ '[' 8 -ge 4 ']'
+ export OMP_NUM_THREADS=8
+ OMP_NUM_THREADS=8
+ export KMP_AFFINITY=scatter
+ KMP_AFFINITY=scatter
++ date +%Y_%m_%d_%H_%M_%S_%N
+ name=2013_01_13_09_30_11_611615219
+ mkdir 2013_01_13_09_30_11_611615219
+ cd 2013_01_13_09_30_11_611615219
+ touch out.dat
+ env
+ echo 2013_01_13_09_30_11_611615219
+ uname -a
+ srun --nodes=1 --ntasks=1 -ppbatch cat /proc/cpuinfo
+ grep MHz
+ srun --nodes=1 --ntasks=1 -o host_info hostname
+ echo 'threads/node: 8'
+ echo 'nodes: ' 1
+ echo 'turbo: 0'
+ cp ../../opac.txt .
+ cp ../../input.dat .
+ srun --nodes=1 --ntasks=1 -e f.err papiex -f dir-papi -e PAPI_L3_TCA -e PAPI_L3_TCM ../../sphot

In READ-WRITE mode.
+ cd ../
+ i=6
+ '[' 6 -ge 4 ']'
+ export OMP_NUM_THREADS=6
+ OMP_NUM_THREADS=6
+ export KMP_AFFINITY=scatter
+ KMP_AFFINITY=scatter
++ date +%Y_%m_%d_%H_%M_%S_%N
+ name=2013_01_13_09_33_23_862125719
+ mkdir 2013_01_13_09_33_23_862125719
+ cd 2013_01_13_09_33_23_862125719
+ touch out.dat
+ env
+ echo 2013_01_13_09_33_23_862125719
+ uname -a
+ srun --nodes=1 --ntasks=1 -ppbatch cat /proc/cpuinfo
+ grep MHz
+ srun --nodes=1 --ntasks=1 -o host_info hostname
+ echo 'threads/node: 6'
+ echo 'nodes: ' 1
+ echo 'turbo: 0'
+ cp ../../opac.txt .
+ cp ../../input.dat .
+ srun --nodes=1 --ntasks=1 -e f.err papiex -f dir-papi -e PAPI_L3_TCA -e PAPI_L3_TCM ../../sphot

In READ-WRITE mode.
+ cd ../
+ i=4
+ '[' 4 -ge 4 ']'
+ export OMP_NUM_THREADS=4
+ OMP_NUM_THREADS=4
+ export KMP_AFFINITY=scatter
+ KMP_AFFINITY=scatter
++ date +%Y_%m_%d_%H_%M_%S_%N
+ name=2013_01_13_09_37_32_359542003
+ mkdir 2013_01_13_09_37_32_359542003
+ cd 2013_01_13_09_37_32_359542003
+ touch out.dat
+ env
+ echo 2013_01_13_09_37_32_359542003
+ uname -a
+ srun --nodes=1 --ntasks=1 -ppbatch cat /proc/cpuinfo
+ grep MHz
+ srun --nodes=1 --ntasks=1 -o host_info hostname
+ echo 'threads/node: 4'
+ echo 'nodes: ' 1
+ echo 'turbo: 0'
+ cp ../../opac.txt .
+ cp ../../input.dat .
+ srun --nodes=1 --ntasks=1 -e f.err papiex -f dir-papi -e PAPI_L3_TCA -e PAPI_L3_TCM ../../sphot

In READ-WRITE mode.
+ cd ../
+ i=2
+ '[' 2 -ge 4 ']'
+ for pkg in 0x38198 0x381B8 0x381E0 0x038208 0x38230 0x38258 0x38280 0x382A8 0x382D0 0x0382f8 0x038320
+ export MSR_PKG_POWER_LIMIT=0x381B8
+ MSR_PKG_POWER_LIMIT=0x381B8
+ i=16
+ '[' 16 -ge 4 ']'
+ export OMP_NUM_THREADS=16
+ OMP_NUM_THREADS=16
+ export KMP_AFFINITY=scatter
+ KMP_AFFINITY=scatter
++ date +%Y_%m_%d_%H_%M_%S_%N
+ name=2013_01_13_09_43_45_510652019
+ mkdir 2013_01_13_09_43_45_510652019
+ cd 2013_01_13_09_43_45_510652019
+ touch out.dat
+ env
+ echo 2013_01_13_09_43_45_510652019
+ uname -a
+ srun --nodes=1 --ntasks=1 -ppbatch cat /proc/cpuinfo
+ grep MHz
+ srun --nodes=1 --ntasks=1 -o host_info hostname
+ echo 'threads/node: 16'
+ echo 'nodes: ' 1
+ echo 'turbo: 0'
+ cp ../../opac.txt .
+ cp ../../input.dat .
+ srun --nodes=1 --ntasks=1 -e f.err papiex -f dir-papi -e PAPI_L3_TCA -e PAPI_L3_TCM ../../sphot

In READ-WRITE mode.
+ cd ../
+ i=14
+ '[' 14 -ge 4 ']'
+ export OMP_NUM_THREADS=14
+ OMP_NUM_THREADS=14
+ export KMP_AFFINITY=scatter
+ KMP_AFFINITY=scatter
++ date +%Y_%m_%d_%H_%M_%S_%N
+ name=2013_01_13_09_46_04_090607347
+ mkdir 2013_01_13_09_46_04_090607347
+ cd 2013_01_13_09_46_04_090607347
+ touch out.dat
+ env
+ echo 2013_01_13_09_46_04_090607347
+ uname -a
+ srun --nodes=1 --ntasks=1 -ppbatch cat /proc/cpuinfo
+ grep MHz
+ srun --nodes=1 --ntasks=1 -o host_info hostname
+ echo 'threads/node: 14'
+ echo 'nodes: ' 1
+ echo 'turbo: 0'
+ cp ../../opac.txt .
+ cp ../../input.dat .
+ srun --nodes=1 --ntasks=1 -e f.err papiex -f dir-papi -e PAPI_L3_TCA -e PAPI_L3_TCM ../../sphot

In READ-WRITE mode.
+ cd ../
+ i=12
+ '[' 12 -ge 4 ']'
+ export OMP_NUM_THREADS=12
+ OMP_NUM_THREADS=12
+ export KMP_AFFINITY=scatter
+ KMP_AFFINITY=scatter
++ date +%Y_%m_%d_%H_%M_%S_%N
+ name=2013_01_13_09_48_24_121708026
+ mkdir 2013_01_13_09_48_24_121708026
+ cd 2013_01_13_09_48_24_121708026
+ touch out.dat
+ env
+ echo 2013_01_13_09_48_24_121708026
+ uname -a
+ srun --nodes=1 --ntasks=1 -ppbatch cat /proc/cpuinfo
+ grep MHz
+ srun --nodes=1 --ntasks=1 -o host_info hostname
+ echo 'threads/node: 12'
+ echo 'nodes: ' 1
+ echo 'turbo: 0'
+ cp ../../opac.txt .
+ cp ../../input.dat .
+ srun --nodes=1 --ntasks=1 -e f.err papiex -f dir-papi -e PAPI_L3_TCA -e PAPI_L3_TCM ../../sphot

In READ-WRITE mode.
+ cd ../
+ i=10
+ '[' 10 -ge 4 ']'
+ export OMP_NUM_THREADS=10
+ OMP_NUM_THREADS=10
+ export KMP_AFFINITY=scatter
+ KMP_AFFINITY=scatter
++ date +%Y_%m_%d_%H_%M_%S_%N
+ name=2013_01_13_09_50_44_156059079
+ mkdir 2013_01_13_09_50_44_156059079
+ cd 2013_01_13_09_50_44_156059079
+ touch out.dat
+ env
+ echo 2013_01_13_09_50_44_156059079
+ uname -a
+ srun --nodes=1 --ntasks=1 -ppbatch cat /proc/cpuinfo
+ grep MHz
+ srun --nodes=1 --ntasks=1 -o host_info hostname
+ echo 'threads/node: 10'
+ echo 'nodes: ' 1
+ echo 'turbo: 0'
+ cp ../../opac.txt .
+ cp ../../input.dat .
+ srun --nodes=1 --ntasks=1 -e f.err papiex -f dir-papi -e PAPI_L3_TCA -e PAPI_L3_TCM ../../sphot

In READ-WRITE mode.
+ cd ../
+ i=8
+ '[' 8 -ge 4 ']'
+ export OMP_NUM_THREADS=8
+ OMP_NUM_THREADS=8
+ export KMP_AFFINITY=scatter
+ KMP_AFFINITY=scatter
++ date +%Y_%m_%d_%H_%M_%S_%N
+ name=2013_01_13_09_53_20_464639210
+ mkdir 2013_01_13_09_53_20_464639210
+ cd 2013_01_13_09_53_20_464639210
+ touch out.dat
+ env
+ echo 2013_01_13_09_53_20_464639210
+ uname -a
+ srun --nodes=1 --ntasks=1 -ppbatch cat /proc/cpuinfo
+ grep MHz
+ srun --nodes=1 --ntasks=1 -o host_info hostname
+ echo 'threads/node: 8'
+ echo 'nodes: ' 1
+ echo 'turbo: 0'
+ cp ../../opac.txt .
+ cp ../../input.dat .
+ srun --nodes=1 --ntasks=1 -e f.err papiex -f dir-papi -e PAPI_L3_TCA -e PAPI_L3_TCM ../../sphot

In READ-WRITE mode.
+ cd ../
+ i=6
+ '[' 6 -ge 4 ']'
+ export OMP_NUM_THREADS=6
+ OMP_NUM_THREADS=6
+ export KMP_AFFINITY=scatter
+ KMP_AFFINITY=scatter
++ date +%Y_%m_%d_%H_%M_%S_%N
+ name=2013_01_13_09_56_31_138069125
+ mkdir 2013_01_13_09_56_31_138069125
+ cd 2013_01_13_09_56_31_138069125
+ touch out.dat
+ env
+ echo 2013_01_13_09_56_31_138069125
+ uname -a
+ srun --nodes=1 --ntasks=1 -ppbatch cat /proc/cpuinfo
+ grep MHz
+ srun --nodes=1 --ntasks=1 -o host_info hostname
+ echo 'threads/node: 6'
+ echo 'nodes: ' 1
+ echo 'turbo: 0'
+ cp ../../opac.txt .
+ cp ../../input.dat .
+ srun --nodes=1 --ntasks=1 -e f.err papiex -f dir-papi -e PAPI_L3_TCA -e PAPI_L3_TCM ../../sphot

In READ-WRITE mode.
+ cd ../
+ i=4
+ '[' 4 -ge 4 ']'
+ export OMP_NUM_THREADS=4
+ OMP_NUM_THREADS=4
+ export KMP_AFFINITY=scatter
+ KMP_AFFINITY=scatter
++ date +%Y_%m_%d_%H_%M_%S_%N
+ name=2013_01_13_10_00_39_997987810
+ mkdir 2013_01_13_10_00_39_997987810
+ cd 2013_01_13_10_00_39_997987810
+ touch out.dat
+ env
+ echo 2013_01_13_10_00_39_997987810
+ uname -a
+ srun --nodes=1 --ntasks=1 -ppbatch cat /proc/cpuinfo
+ grep MHz
+ srun --nodes=1 --ntasks=1 -o host_info hostname
+ echo 'threads/node: 4'
+ echo 'nodes: ' 1
+ echo 'turbo: 0'
+ cp ../../opac.txt .
+ cp ../../input.dat .
+ srun --nodes=1 --ntasks=1 -e f.err papiex -f dir-papi -e PAPI_L3_TCA -e PAPI_L3_TCM ../../sphot

In READ-WRITE mode.
+ cd ../
+ i=2
+ '[' 2 -ge 4 ']'
+ for pkg in 0x38198 0x381B8 0x381E0 0x038208 0x38230 0x38258 0x38280 0x382A8 0x382D0 0x0382f8 0x038320
+ export MSR_PKG_POWER_LIMIT=0x381E0
+ MSR_PKG_POWER_LIMIT=0x381E0
+ i=16
+ '[' 16 -ge 4 ']'
+ export OMP_NUM_THREADS=16
+ OMP_NUM_THREADS=16
+ export KMP_AFFINITY=scatter
+ KMP_AFFINITY=scatter
++ date +%Y_%m_%d_%H_%M_%S_%N
+ name=2013_01_13_10_06_50_749529689
+ mkdir 2013_01_13_10_06_50_749529689
+ cd 2013_01_13_10_06_50_749529689
+ touch out.dat
+ env
+ echo 2013_01_13_10_06_50_749529689
+ uname -a
+ srun --nodes=1 --ntasks=1 -ppbatch cat /proc/cpuinfo
+ grep MHz
+ srun --nodes=1 --ntasks=1 -o host_info hostname
+ echo 'threads/node: 16'
+ echo 'nodes: ' 1
+ echo 'turbo: 0'
+ cp ../../opac.txt .
+ cp ../../input.dat .
+ srun --nodes=1 --ntasks=1 -e f.err papiex -f dir-papi -e PAPI_L3_TCA -e PAPI_L3_TCM ../../sphot

In READ-WRITE mode.
+ cd ../
+ i=14
+ '[' 14 -ge 4 ']'
+ export OMP_NUM_THREADS=14
+ OMP_NUM_THREADS=14
+ export KMP_AFFINITY=scatter
+ KMP_AFFINITY=scatter
++ date +%Y_%m_%d_%H_%M_%S_%N
+ name=2013_01_13_10_09_02_956632133
+ mkdir 2013_01_13_10_09_02_956632133
+ cd 2013_01_13_10_09_02_956632133
+ touch out.dat
+ env
+ echo 2013_01_13_10_09_02_956632133
+ uname -a
+ srun --nodes=1 --ntasks=1 -ppbatch cat /proc/cpuinfo
+ grep MHz
+ srun --nodes=1 --ntasks=1 -o host_info hostname
+ echo 'threads/node: 14'
+ echo 'nodes: ' 1
+ echo 'turbo: 0'
+ cp ../../opac.txt .
+ cp ../../input.dat .
+ srun --nodes=1 --ntasks=1 -e f.err papiex -f dir-papi -e PAPI_L3_TCA -e PAPI_L3_TCM ../../sphot

In READ-WRITE mode.
+ cd ../
+ i=12
+ '[' 12 -ge 4 ']'
+ export OMP_NUM_THREADS=12
+ OMP_NUM_THREADS=12
+ export KMP_AFFINITY=scatter
+ KMP_AFFINITY=scatter
++ date +%Y_%m_%d_%H_%M_%S_%N
+ name=2013_01_13_10_11_13_608308829
+ mkdir 2013_01_13_10_11_13_608308829
+ cd 2013_01_13_10_11_13_608308829
+ touch out.dat
+ env
+ echo 2013_01_13_10_11_13_608308829
+ uname -a
+ srun --nodes=1 --ntasks=1 -ppbatch cat /proc/cpuinfo
+ grep MHz
+ srun --nodes=1 --ntasks=1 -o host_info hostname
+ echo 'threads/node: 12'
+ echo 'nodes: ' 1
+ echo 'turbo: 0'
+ cp ../../opac.txt .
+ cp ../../input.dat .
+ srun --nodes=1 --ntasks=1 -e f.err papiex -f dir-papi -e PAPI_L3_TCA -e PAPI_L3_TCM ../../sphot

In READ-WRITE mode.
+ cd ../
+ i=10
+ '[' 10 -ge 4 ']'
+ export OMP_NUM_THREADS=10
+ OMP_NUM_THREADS=10
+ export KMP_AFFINITY=scatter
+ KMP_AFFINITY=scatter
++ date +%Y_%m_%d_%H_%M_%S_%N
+ name=2013_01_13_10_13_31_073181050
+ mkdir 2013_01_13_10_13_31_073181050
+ cd 2013_01_13_10_13_31_073181050
+ touch out.dat
+ env
+ echo 2013_01_13_10_13_31_073181050
+ uname -a
+ srun --nodes=1 --ntasks=1 -ppbatch cat /proc/cpuinfo
+ grep MHz
+ srun --nodes=1 --ntasks=1 -o host_info hostname
+ echo 'threads/node: 10'
+ echo 'nodes: ' 1
+ echo 'turbo: 0'
+ cp ../../opac.txt .
+ cp ../../input.dat .
+ srun --nodes=1 --ntasks=1 -e f.err papiex -f dir-papi -e PAPI_L3_TCA -e PAPI_L3_TCM ../../sphot

In READ-WRITE mode.
+ cd ../
+ i=8
+ '[' 8 -ge 4 ']'
+ export OMP_NUM_THREADS=8
+ OMP_NUM_THREADS=8
+ export KMP_AFFINITY=scatter
+ KMP_AFFINITY=scatter
++ date +%Y_%m_%d_%H_%M_%S_%N
+ name=2013_01_13_10_16_10_305185037
+ mkdir 2013_01_13_10_16_10_305185037
+ cd 2013_01_13_10_16_10_305185037
+ touch out.dat
+ env
+ echo 2013_01_13_10_16_10_305185037
+ uname -a
+ srun --nodes=1 --ntasks=1 -ppbatch cat /proc/cpuinfo
+ grep MHz
+ srun --nodes=1 --ntasks=1 -o host_info hostname
+ echo 'threads/node: 8'
+ echo 'nodes: ' 1
+ echo 'turbo: 0'
+ cp ../../opac.txt .
+ cp ../../input.dat .
+ srun --nodes=1 --ntasks=1 -e f.err papiex -f dir-papi -e PAPI_L3_TCA -e PAPI_L3_TCM ../../sphot

In READ-WRITE mode.
