id freq turbo nodes cores pkg-clamp-0 pkg-clamp-1 dram-clamp-0 dram-clamp-1 avg-time avg-pkg-0 avg-pp0-0 avg-dram-0 avg-pkg-1 avg-pp0-1 avg-dram-1 tot-pkg-0 tot-pp0-0 tot-dram-0 tot-pkg-1 tot-pp0-1 tot-dram-1
2013_01_13_09_01_19_160699536  2601.000  1  1 16 115.000000 115.000000 0.000000 0.000000 104.370183 82.114091 68.521525 5.683213 83.268341 70.061439 1.591121 82.114091 68.521525 5.683213 83.268341 70.061439 1.591121
2013_01_13_09_01_19_314670371  2601.000  1  1 16 115.000000 115.000000 0.000000 0.000000 104.116929 86.203787 72.830875 7.591357 86.866807 73.718723 2.71747 86.203787 72.830875 7.591357 86.866807 73.718723 2.71747
2013_01_13_09_01_20_001881297  2601.000  0 1 16 115.000000 115.000000 0.000000 0.000000 105.519565 86.314263 72.96556 5.544803 86.048418 72.749239 4.838959 86.314263 72.96556 5.544803 86.048418 72.749239 4.838959
2013_01_13_09_03_04_497848117  2601.000  0 1 14 115.000000 115.000000 0.000000 0.000000 111.153191 79.676962 66.397569 6.393644 80.505706 67.271166 6.853911 79.676962 66.397569 6.393644 80.505706 67.271166 6.853911
2013_01_13_09_03_04_741070106  2601.000  0 1 14 115.000000 115.000000 0.000000 0.000000 109.239027 75.049418 61.483392 5.349928 76.668274 63.448361 1.591288 75.049418 61.483392 5.349928 76.668274 63.448361 1.591288
2013_01_13_09_03_06_540692123  2601.000  0 1 14 115.000000 115.000000 0.000000 0.000000 111.413272 79.97832 66.55269 5.475912 77.9299 64.691623 1.751298 79.97832 66.55269 5.475912 77.9299 64.691623 1.751298
2013_01_13_09_04_54_809811933  2601.000  0 1 12 115.000000 115.000000 0.000000 0.000000 118.412677 71.345962 57.812958 5.236482 72.081198 58.868488 1.602233 71.345962 57.812958 5.236482 72.081198 58.868488 1.602233
2013_01_13_09_04_56_456866589  2601.000  0 1 12 115.000000 115.000000 0.000000 0.000000 117.809893 75.47392 62.132836 6.636261 75.894269 62.751495 2.769715 75.47392 62.132836 6.636261 75.894269 62.751495 2.769715
2013_01_13_09_04_58_707270830  2601.000  0 1 12 115.000000 115.000000 0.000000 0.000000 117.363857 76.517379 63.12402 5.176334 74.583667 61.352152 1.784717 76.517379 63.12402 5.176334 74.583667 61.352152 1.784717
2013_01_13_09_06_54_030490831  2601.000  0 1 10 115.000000 115.000000 0.000000 0.000000 134.649689 63.965389 50.432633 5.113652 64.58812 51.390028 1.590207 63.965389 50.432633 5.113652 64.58812 51.390028 1.590207
2013_01_13_09_06_55_020283126  2601.000  0 1 10 115.000000 115.000000 0.000000 0.000000 132.163604 67.509435 54.210713 6.26585 68.145454 54.969496 6.059882 67.509435 54.210713 6.26585 68.145454 54.969496 6.059882
2013_01_13_09_06_56_915145342  2601.000  0 1 10 115.000000 115.000000 0.000000 0.000000 133.213314 67.877365 54.592444 5.042768 66.896273 53.643676 4.924991 67.877365 54.592444 5.042768 66.896273 53.643676 4.924991
2013_01_13_09_09_07_969746063  2601.000  0 1 8 115.000000 115.000000 0.000000 0.000000 156.241971 62.500778 49.206768 6.285765 62.928754 49.773863 2.852814 62.500778 49.206768 6.285765 62.928754 49.773863 2.852814
2013_01_13_09_09_09_451884978  2601.000  0 1 8 115.000000 115.000000 0.000000 0.000000 155.51985 59.400464 45.908461 4.955316 60.442751 47.251931 1.591988 59.400464 45.908461 4.955316 60.442751 47.251931 1.591988
2013_01_13_09_09_10_983620439  2601.000  0 1 8 115.000000 115.000000 0.000000 0.000000 155.721511 62.600687 49.316388 4.969118 61.753825 48.555117 1.745764 62.600687 49.316388 4.969118 61.753825 48.555117 1.745764
2013_01_13_09_11_44_982639370  2601.000  0 1 6 115.000000 115.000000 0.000000 0.000000 203.208658 53.238532 40.001108 6.292346 54.103469 40.983713 3.490384 53.238532 40.001108 6.292346 54.103469 40.983713 3.490384
2013_01_13_09_11_45_685822515  2601.000  1 6 115.000000 115.000000 0.000000 0.000000 201.576273 51.078012 37.618282 4.961844 52.313987 39.149158 1.590319 51.078012 37.618282 4.961844 52.313987 39.149158 1.590319
2013_01_13_09_11_47_407996364  2601.000  1 6 115.000000 115.000000 0.000000 0.000000 203.426829 53.732795 40.461069 4.918245 53.19939 40.021739 1.803273 53.732795 40.461069 4.918245 53.19939 40.021739 1.803273
2013_01_13_09_15_08_476215654  2601.000  1 4 115.000000 115.000000 0.000000 0.000000 292.826158 44.575744 31.168146 4.948886 45.891734 32.739129 1.589576 44.575744 31.168146 4.948886 45.891734 32.739129 1.589576
2013_01_13_09_15_09_088101019  2601.000  1 4 115.000000 115.000000 0.000000 0.000000 292.639683 46.447735 33.218502 6.113482 47.056465 33.963383 2.942434 46.447735 33.218502 6.113482 47.056465 33.963383 2.942434
2013_01_13_09_15_11_691127680  2601.000  1 4 115.000000 115.000000 0.000000 0.000000 292.680869 46.959182 33.745014 4.939351 46.580046 33.39305 4.93973 46.959182 33.745014 4.939351 46.580046 33.39305 4.93973
2013_01_13_09_20_02_262579220  2601.000  1 16 51.000000 51.000000 0.000000 0.000000 139.674156 49.830963 36.3512 5.126917 50.652058 37.489514 1.590124 49.830963 36.3512 5.126917 50.652058 37.489514 1.590124
2013_01_13_09_20_02_697089616  2601.000  1 16 51.000000 51.000000 0.000000 0.000000 141.896019 50.006421 36.734753 6.949735 50.717413 37.599545 2.765775 50.006421 36.734753 6.949735 50.717413 37.599545 2.765775
2013_01_13_09_20_05_244141182  2601.000  1 16 51.000000 51.000000 0.000000 0.000000 145.672778 50.584288 37.288 5.257914 49.581057 36.426799 1.739703 50.584288 37.288 5.257914 49.581057 36.426799 1.739703
2013_01_13_09_22_22_864458444  2601.000  1 14 51.000000 51.000000 0.000000 0.000000 142.183001 49.325261 35.904953 4.811001 50.545351 37.345 3.848066 49.325261 35.904953 4.811001 50.545351 37.345 3.848066
2013_01_13_09_22_25_499245603  2601.000  1 14 51.000000 51.000000 0.000000 0.000000 146.099371 49.527587 36.260634 6.666038 50.634305 37.521158 2.758489 49.527587 36.260634 6.666038 50.634305 37.521158 2.758489
2013_01_13_09_22_31_894769517  2601.000  1 14 51.000000 51.000000 0.000000 0.000000 146.770264 50.597709 37.305504 5.104791 49.435284 36.282313 1.596867 50.597709 37.305504 5.104791 49.435284 36.282313 1.596867
2013_01_13_09_24_45_899390203  2601.000  1 12 51.000000 51.000000 0.000000 0.000000 143.714293 50.195934 36.744569 5.011551 50.62641 37.4758 1.588 50.195934 36.744569 5.011551 50.62641 37.4758 1.588
2013_01_13_09_24_52_520004302  2601.000  1 12 51.000000 51.000000 0.000000 0.000000 149.102176 49.98309 36.731662 6.420294 50.692858 37.586847 2.828962 49.98309 36.731662 6.420294 50.692858 37.586847 2.828962
2013_01_13_09_24_59_550677377  2601.000  1 12 51.000000 51.000000 0.000000 0.000000 148.976244 50.637509 37.363285 5.004144 50.061247 36.910916 1.589771 50.637509 37.363285 5.004144 50.061247 36.910916 1.589771
2013_01_13_09_27_10_289649010  2601.000  1 10 51.000000 51.000000 0.000000 0.000000 157.335094 49.112085 35.672928 5.034409 50.116888 36.962308 1.588202 49.112085 35.672928 5.034409 50.116888 36.962308 1.588202
2013_01_13_09_27_22_364202917  2601.000  1 10 51.000000 51.000000 0.000000 0.000000 160.855752 50.380934 37.141849 6.257085 50.584329 37.490211 2.780293 50.380934 37.141849 6.257085 50.584329 37.490211 2.780293
2013_01_13_09_27_29_437325012  2601.000  1 10 51.000000 51.000000 0.000000 0.000000 161.482862 50.614811 37.349164 4.985151 50.508293 37.35774 1.589981 50.614811 37.349164 4.985151 50.508293 37.35774 1.589981
2013_01_13_09_29_48_678736207  2601.000  1 8 51.000000 51.000000 0.000000 0.000000 189.722886 44.181358 30.773933 4.967056 44.850394 31.69931 1.592364 44.181358 30.773933 4.967056 44.850394 31.69931 1.592364
2013_01_13_09_30_03_975577635  2601.000  1 8 51.000000 51.000000 0.000000 0.000000 191.433564 45.893154 32.711931 6.146165 47.133987 34.000173 6.217272 45.893154 32.711931 6.146165 47.133987 34.000173 6.217272
2013_01_13_09_30_11_611615219  2601.000  1 8 51.000000 51.000000 0.000000 0.000000 191.471853 46.364256 33.152396 4.975875 45.733221 32.548939 4.936484 46.364256 33.152396 4.975875 45.733221 32.548939 4.936484
2013_01_13_09_32_59_118388821  2601.000  1 6 51.000000 51.000000 0.000000 0.000000 248.104787 38.612908 25.175711 4.975363 39.490307 26.311871 1.592181 38.612908 25.175711 4.975363 39.490307 26.311871 1.592181
2013_01_13_09_33_16_251195336  2601.000  1 6 51.000000 51.000000 0.000000 0.000000 249.508863 40.133628 26.940589 6.187107 41.276729 28.167974 3.070167 40.133628 26.940589 6.187107 41.276729 28.167974 3.070167
2013_01_13_09_33_23_862125719  2601.000  1 6 51.000000 51.000000 0.000000 0.000000 247.789845 40.799338 27.604825 4.930638 40.029963 26.855346 1.591439 40.799338 27.604825 4.930638 40.029963 26.855346 1.591439
2013_01_13_09_37_07_955504493  2601.000  1 4 51.000000 51.000000 0.000000 0.000000 369.886677 33.44288 20.040406 4.943863 34.084237 20.922552 1.592079 33.44288 20.040406 4.943863 34.084237 20.922552 1.592079
2013_01_13_09_37_26_574072532  2601.000  1 4 51.000000 51.000000 0.000000 0.000000 370.171636 34.563971 21.406504 6.144246 35.665654 22.567426 3.019776 34.563971 21.406504 6.144246 35.665654 22.567426 3.019776
2013_01_13_09_37_32_359542003  2601.000  1 4 51.000000 51.000000 0.000000 0.000000 372.325039 35.020656 21.805435 4.95423 34.616399 21.447202 1.590316 35.020656 21.805435 4.95423 34.616399 21.447202 1.590316
2013_01_13_09_43_18_754676821  2601.000  1 16 55.000000 55.000000 0.000000 0.000000 134.050149 53.562648 40.066258 5.242158 54.721548 41.563543 1.592272 53.562648 40.066258 5.242158 54.721548 41.563543 1.592272
2013_01_13_09_43_37_491606470  2601.000  1 16 55.000000 55.000000 0.000000 0.000000 136.603377 53.528589 40.245776 6.902196 54.763059 41.663764 2.753319 53.528589 40.245776 6.902196 54.763059 41.663764 2.753319
2013_01_13_09_43_45_510652019  2601.000  1 16 55.000000 55.000000 0.000000 0.000000 137.779689 54.485768 41.174286 5.264058 53.117834 39.960474 1.652448 54.485768 41.174286 5.264058 53.117834 39.960474 1.652448
2013_01_13_09_45_33_506715663  2601.000  1 14 55.000000 55.000000 0.000000 0.000000 131.424215 53.914652 40.427661 5.082387 54.61029 41.453403 1.589185 53.914652 40.427661 5.082387 54.61029 41.453403 1.589185
2013_01_13_09_45_54_899755095  2601.000  1 14 55.000000 55.000000 0.000000 0.000000 138.610092 53.400951 40.208382 6.294118 54.590792 41.432728 6.495688 53.400951 40.208382 6.294118 54.590792 41.432728 6.495688
2013_01_13_09_46_04_090607347  2601.000  1 14 55.000000 55.000000 0.000000 0.000000 139.14628 54.419079 41.151225 5.165691 54.096905 40.892022 4.882041 54.419079 41.151225 5.165691 54.096905 40.892022 4.882041
2013_01_13_09_47_45_775058871  2601.000  1 12 55.000000 55.000000 0.000000 0.000000 137.395627 53.527616 40.054245 5.012196 54.535241 41.376407 1.590041 53.527616 40.054245 5.012196 54.535241 41.376407 1.590041
2013_01_13_09_48_14_310176627  2601.000  1 12 55.000000 55.000000 0.000000 0.000000 139.918592 53.76656 40.530952 6.434068 54.623663 41.526452 2.754489 53.76656 40.530952 6.434068 54.623663 41.526452 2.754489
2013_01_13_09_48_24_121708026  2601.000  1 12 55.000000 55.000000 0.000000 0.000000 139.2412 54.590587 41.295879 5.007 53.964313 40.802821 1.749972 54.590587 41.295879 5.007 53.964313 40.802821 1.749972
2013_01_13_09_50_03_955326055  2601.000  1 10 55.000000 55.000000 0.000000 0.000000 157.23638 49.156139 35.709485 5.026175 50.188396 37.033156 1.591173 49.156139 35.709485 5.026175 50.188396 37.033156 1.591173
2013_01_13_09_50_35_312588574  2601.000  1 10 55.000000 55.000000 0.000000 0.000000 159.713385 51.077682 37.888293 6.229359 52.659545 39.520175 6.207364 51.077682 37.888293 6.229359 52.659545 39.520175 6.207364
2013_01_13_09_50_44_156059079  2601.000  1 10 55.000000 55.000000 0.000000 0.000000 155.444597 52.36066 39.082566 4.985461 51.317203 38.161398 1.873498 52.36066 39.082566 4.985461 51.317203 38.161398 1.873498
2013_01_13_09_52_41_989318680  2601.000  1 8 55.000000 55.000000 0.000000 0.000000 189.982875 44.211198 30.786442 4.972072 44.864846 31.712721 1.592575 44.211198 30.786442 4.972072 44.864846 31.712721 1.592575
2013_01_13_09_53_15_730751427  2601.000  1 8 55.000000 55.000000 0.000000 0.000000 191.523777 46.029185 32.805715 6.275769 47.058986 33.966101 2.718187 46.029185 32.805715 6.275769 47.058986 33.966101 2.718187
2013_01_13_09_53_20_464639210  2601.000  1 8 55.000000 55.000000 0.000000 0.000000 189.974087 46.384721 33.164813 4.971181 45.798749 32.624338 4.927129 46.384721 33.164813 4.971181 45.798749 32.624338 4.927129
2013_01_13_09_55_53_020645682  2601.000  1 6 55.000000 55.000000 0.000000 0.000000 250.331094 38.706119 25.27447 4.969182 39.541522 26.36428 1.592121 38.706119 25.27447 4.969182 39.541522 26.36428 1.592121
2013_01_13_09_56_27_988754746  2601.000  1 6 55.000000 55.000000 0.000000 0.000000 249.386761 40.204558 27.018598 6.165428 41.241636 28.128167 2.723052 40.204558 27.018598 6.165428 41.241636 28.128167 2.723052
2013_01_13_09_56_31_138069125  2601.000  1 6 55.000000 55.000000 0.000000 0.000000 248.057173 40.759262 27.584099 4.956274 40.092526 26.883246 4.943094 40.759262 27.584099 4.956274 40.092526 26.883246 4.943094
2013_01_13_10_00_04_112738730  2601.000  1 4 55.000000 55.000000 0.000000 0.000000 370.264158 33.465871 20.060144 4.9527 34.000886 20.840149 1.593871 33.465871 20.060144 4.9527 34.000886 20.840149 1.593871
2013_01_13_10_00_38_090535792  2601.000  1 4 55.000000 55.000000 0.000000 0.000000 369.845579 34.61123 21.453385 6.16665 35.524809 22.425551 3.448042 34.61123 21.453385 6.16665 35.524809 22.425551 3.448042
2013_01_13_10_00_39_997987810  2601.000  1 4 55.000000 55.000000 0.000000 0.000000 369.83843 35.053812 21.835472 4.94853 34.626823 21.457473 1.74337 35.053812 21.835472 4.94853 34.626823 21.457473 1.74337
2013_01_13_10_06_15_054495674  2601.000  1 16 60.000000 60.000000 0.000000 0.000000 123.663945 58.299202 44.833598 4.857682 59.53349 46.309581 4.123702 58.299202 44.833598 4.857682 59.53349 46.309581 4.123702
2013_01_13_10_06_48_617929572  2601.000  1 16 60.000000 60.000000 0.000000 0.000000 129.474415 58.413713 45.125419 7.084524 59.410499 46.304557 2.747389 58.413713 45.125419 7.084524 59.410499 46.304557 2.747389
2013_01_13_10_06_50_749529689  2601.000  1 16 60.000000 60.000000 0.000000 0.000000 131.174702 59.278619 45.947641 5.286237 57.773756 44.609326 1.59046 59.278619 45.947641 5.286237 57.773756 44.609326 1.59046
2013_01_13_10_08_19_629159638  2601.000  1 14 60.000000 60.000000 0.000000 0.000000 127.060714 58.284476 44.79178 5.057441 59.299918 46.11533 3.703651 58.284476 44.79178 5.057441 59.299918 46.11533 3.703651
2013_01_13_10_08_59_013116120  2601.000  1 14 60.000000 60.000000 0.000000 0.000000 129.435833 58.666687 45.384777 6.858567 59.479279 46.370903 2.751473 58.666687 45.384777 6.858567 59.479279 46.370903 2.751473
2013_01_13_10_09_02_956632133  2601.000  1 14 60.000000 60.000000 0.000000 0.000000 129.75045 59.404962 46.137383 5.109856 58.490175 45.246564 4.943681 59.404962 46.137383 5.109856 58.490175 45.246564 4.943681
2013_01_13_10_10_27_644639508  2601.000  1 12 60.000000 60.000000 0.000000 0.000000 139.261222 54.505251 41.01418 5.209993 55.119377 41.955717 1.591183 54.505251 41.01418 5.209993 55.119377 41.955717 1.591183
2013_01_13_10_11_09_216754464  2601.000  1 12 60.000000 60.000000 0.000000 0.000000 138.036466 57.207025 44.000571 6.284899 58.776769 45.597185 6.472755 57.207025 44.000571 6.284899 58.776769 45.597185 6.472755
2013_01_13_10_11_13_608308829  2601.000  1 12 60.000000 60.000000 0.000000 0.000000 136.517691 58.239123 44.915419 5.089504 56.835799 43.660554 1.587221 58.239123 44.915419 5.089504 56.835799 43.660554 1.587221
2013_01_13_10_12_47_690712742  2601.000  1 10 60.000000 60.000000 0.000000 0.000000 157.335824 49.037813 35.625995 4.939512 50.445833 37.254055 3.885212 49.037813 35.625995 4.939512 50.445833 37.254055 3.885212
2013_01_13_10_13_28_027614979  2601.000  1 10 60.000000 60.000000 0.000000 0.000000 158.110218 51.701644 38.475885 6.334174 52.344066 39.246407 3.021498 51.701644 38.475885 6.334174 52.344066 39.246407 3.021498
2013_01_13_10_13_31_073181050  2601.000  1 10 60.000000 60.000000 0.000000 0.000000 158.369197 52.376871 39.088673 5.025831 51.123134 37.962592 1.587935 52.376871 39.088673 5.025831 51.123134 37.962592 1.587935
2013_01_13_10_15_25_951425328  2601.000  1 8 60.000000 60.000000 0.000000 0.000000 190.366029 44.148036 30.717768 5.001714 44.768267 31.608595 1.591223 44.148036 30.717768 5.001714 44.768267 31.608595 1.591223
2013_01_13_10_16_06_852866839  2601.000  1 8 60.000000 60.000000 0.000000 0.000000 190.774218 46.15735 32.934102 6.199642 47.053776 33.954068 3.141859 46.15735 32.934102 6.199642 47.053776 33.954068 3.141859
2013_01_13_10_16_10_305185037  2601.000  1 8 60.000000 60.000000 0.000000 0.000000 193.148243 46.416899 33.170927 4.989752 45.692367 32.545515 1.586911 46.416899 33.170927 4.989752 45.692367 32.545515 1.586911
2013_01_13_10_18_37_222562126  2601.000  1 6 60.000000 60.000000 0.000000 0.000000 248.483795 38.609725 25.170097 4.989554 39.484082 26.307656 1.592528 38.609725 25.170097 4.989554 39.484082 26.307656 1.592528
2013_01_13_10_19_18_561097652  2601.000  1 6 60.000000 60.000000 0.000000 0.000000 247.830312 40.183074 26.99588 6.145237 41.208907 28.104432 2.884238 40.183074 26.99588 6.145237 41.208907 28.104432 2.884238
2013_01_13_10_19_24_161365357  2601.000  1 6 60.000000 60.000000 0.000000 0.000000 249.037211 40.744063 27.53434 4.993836 40.116911 26.941585 1.590097 40.744063 27.53434 4.993836 40.116911 26.941585 1.590097
2013_01_13_10_22_46_510949449  2601.000  1 4 60.000000 60.000000 0.000000 0.000000 368.938384 33.457783 20.058916 4.946984 34.021741 20.860596 1.591697 33.457783 20.058916 4.946984 34.021741 20.860596 1.591697
2013_01_13_10_23_27_267614454  2601.000  1 4 60.000000 60.000000 0.000000 0.000000 369.07276 34.559577 21.40836 6.115388 35.54173 22.443618 2.867406 34.559577 21.40836 6.115388 35.54173 22.443618 2.867406
2013_01_13_10_23_34_061647635  2601.000  1 4 60.000000 60.000000 0.000000 0.000000 370.6622 34.984468 21.779293 4.9386 34.665178 21.491201 4.939819 34.984468 21.779293 4.9386 34.665178 21.491201 4.939819
2013_01_13_10_28_56_240211195  2601.000  1 16 65.000000 65.000000 0.000000 0.000000 121.694005 62.753477 49.238796 5.099957 64.027074 50.83458 3.686447 62.753477 49.238796 5.099957 64.027074 50.83458 3.686447
2013_01_13_10_29_37_229011913  2601.000  1 16 65.000000 65.000000 0.000000 0.000000 122.585364 63.189278 49.962316 6.491753 64.391181 51.192353 6.893106 63.189278 49.962316 6.491753 64.391181 51.192353 6.893106
2013_01_13_10_29_45_412075840  2601.000  1 16 65.000000 65.000000 0.000000 0.000000 123.399993 64.591512 51.233019 5.38379 62.872958 49.689066 1.689857 64.591512 51.233019 5.38379 62.872958 49.689066 1.689857
2013_01_13_10_30_58_851135186  2601.000  1 14 65.000000 65.000000 0.000000 0.000000 124.37948 59.880033 46.368982 5.085108 60.884489 47.688959 3.717477 59.880033 46.368982 5.085108 60.884489 47.688959 3.717477
2013_01_13_10_31_40_774653840  2601.000  1 14 65.000000 65.000000 0.000000 0.000000 124.255463 62.214122 48.960201 6.458061 64.150568 50.963906 6.489517 62.214122 48.960201 6.458061 64.150568 50.963906 6.489517
2013_01_13_10_31_49_594807543  2601.000  1 14 65.000000 65.000000 0.000000 0.000000 122.130543 64.243606 50.886342 5.292594 62.462689 49.272617 1.75592 64.243606 50.886342 5.292594 62.462689 49.272617 1.75592
2013_01_13_10_33_04_059753285  2601.000  1 12 65.000000 65.000000 0.000000 0.000000 136.420219 54.313671 40.865429 4.982623 55.738509 42.528582 3.925055 54.313671 40.865429 4.982623 55.738509 42.528582 3.925055
2013_01_13_10_33_45_902948233  2601.000  1 12 65.000000 65.000000 0.000000 0.000000 136.949174 57.494773 44.227177 6.502973 58.549601 45.431457 2.71644 57.494773 44.227177 6.502973 58.549601 45.431457 2.71644
2013_01_13_10_33_52_749368512  2601.000  1 12 65.000000 65.000000 0.000000 0.000000 138.085855 58.20847 44.918327 5.169859 57.291742 44.063418 4.915921 58.20847 44.918327 5.169859 57.291742 44.063418 4.915921
2013_01_13_10_35_21_308650206  2601.000  1 10 65.000000 65.000000 0.000000 0.000000 158.161018 49.118873 35.664381 5.073076 50.116124 36.9603 1.59085 49.118873 35.664381 5.073076 50.116124 36.9603 1.59085
2013_01_13_10_36_03_727487773  2601.000  1 10 65.000000 65.000000 0.000000 0.000000 157.800355 51.405982 38.218083 6.243498 52.795263 39.662247 6.236732 51.405982 38.218083 6.243498 52.795263 39.662247 6.236732
2013_01_13_10_36_11_621367380  2601.000  1 10 65.000000 65.000000 0.000000 0.000000 157.46232 52.123155 38.870516 5.052658 51.466318 38.265368 4.897876 52.123155 38.870516 5.052658 51.466318 38.265368 4.897876
2013_01_13_10_38_00_335556109  2601.000  1 8 65.000000 65.000000 0.000000 0.000000 190.562234 44.044586 30.659288 4.940433 44.93485 31.757336 3.78945 44.044586 30.659288 4.940433 44.93485 31.757336 3.78945
2013_01_13_10_38_42_352983119  2601.000  1 8 65.000000 65.000000 0.000000 0.000000 190.200967 46.154912 32.931455 6.177316 47.168265 34.070466 2.808094 46.154912 32.931455 6.177316 47.168265 34.070466 2.808094
2013_01_13_10_38_49_881728434  2601.000  1 8 65.000000 65.000000 0.000000 0.000000 190.593157 46.309856 33.091315 4.993064 45.738772 32.563527 4.919747 46.309856 33.091315 4.993064 45.738772 32.563527 4.919747
2013_01_13_10_41_11_748421998  2601.000  1 6 65.000000 65.000000 0.000000 0.000000 248.875294 38.632722 25.193898 4.95535 39.309191 26.129447 1.591467 38.632722 25.193898 4.95535 39.309191 26.129447 1.591467
2013_01_13_10_41_53_386634922  2601.000  1 6 65.000000 65.000000 0.000000 0.000000 250.261923 40.271236 27.072719 6.224051 41.252341 28.145646 3.33072 40.271236 27.072719 6.224051 41.252341 28.145646 3.33072
2013_01_13_10_42_01_373193514  2601.000  1 6 65.000000 65.000000 0.000000 0.000000 248.044345 40.782719 27.611397 4.954724 40.083357 26.867901 4.937688 40.782719 27.611397 4.954724 40.083357 26.867901 4.937688
2013_01_13_10_45_21_447997526  2601.000  1 4 65.000000 65.000000 0.000000 0.000000 370.058473 33.491353 20.085558 4.951317 34.084343 20.921224 1.591523 33.491353 20.085558 4.951317 34.084343 20.921224 1.591523
2013_01_13_10_46_04_475531955  2601.000  1 4 65.000000 65.000000 0.000000 0.000000 370.313843 34.517037 21.359355 6.145102 35.445238 22.348517 2.769843 34.517037 21.359355 6.145102 35.445238 22.348517 2.769843
2013_01_13_10_46_10_316755379  2601.000  1 4 65.000000 65.000000 0.000000 0.000000 369.03575 35.001378 21.786792 4.944716 34.579283 21.412918 1.745957 35.001378 21.786792 4.944716 34.579283 21.412918 1.745957
2013_01_13_10_51_32_210681714  2601.000  1 16 70.000000 70.000000 0.000000 0.000000 118.91045 65.11348 51.619822 4.98045 66.74557 53.503924 4.124664 65.11348 51.619822 4.98045 66.74557 53.503924 4.124664
2013_01_13_10_52_15_657469876  2601.000  1 16 70.000000 70.000000 0.000000 0.000000 118.494093 67.192361 53.868381 7.294512 69.061051 55.925307 2.717001 67.192361 53.868381 7.294512 69.061051 55.925307 2.717001
2013_01_13_10_52_20_100650506  2601.000  1 16 70.000000 70.000000 0.000000 0.000000 117.128416 69.01185 55.647252 5.430022 67.357049 54.165223 1.590441 69.01185 55.647252 5.430022 67.357049 54.165223 1.590441
2013_01_13_10_53_32_022472913  2601.000  1 14 70.000000 70.000000 0.000000 0.000000 125.068632 59.864646 46.392946 4.919166 61.744773 48.493452 4.124425 59.864646 46.392946 4.919166 61.744773 48.493452 4.124425
2013_01_13_10_54_15_078864500  2601.000  1 14 70.000000 70.000000 0.000000 0.000000 127.672277 62.359781 49.102806 6.373992 64.120846 50.928227 6.55857 62.359781 49.102806 6.373992 64.120846 50.928227 6.55857
2013_01_13_10_54_18_148694458  2601.000  1 14 70.000000 70.000000 0.000000 0.000000 126.529092 63.900253 50.622353 5.182145 62.909942 49.639884 5.068794 63.900253 50.622353 5.182145 62.909942 49.639884 5.068794
2013_01_13_10_55_38_079697785  2601.000  1 12 70.000000 70.000000 0.000000 0.000000 137.524416 54.60495 41.111687 5.14524 55.391194 42.226917 1.590993 54.60495 41.111687 5.14524 55.391194 42.226917 1.590993
2013_01_13_10_56_23_502100042  2601.000  1 12 70.000000 70.000000 0.000000 0.000000 140.671181 57.059272 43.789634 6.466724 57.687042 44.570424 2.715038 57.059272 43.789634 6.466724 57.687042 44.570424 2.715038
2013_01_13_10_56_25_599390309  2601.000  1 12 70.000000 70.000000 0.000000 0.000000 138.730116 58.319039 44.988371 5.083258 56.652412 43.477886 1.588113 58.319039 44.988371 5.083258 56.652412 43.477886 1.588113
2013_01_13_10_57_56_569425860  2601.000  1 10 70.000000 70.000000 0.000000 0.000000 158.063951 49.270386 35.834209 5.030024 50.14937 36.999364 1.592094 49.270386 35.834209 5.030024 50.14937 36.999364 1.592094
2013_01_13_10_58_45_170869997  2601.000  1 10 70.000000 70.000000 0.000000 0.000000 156.459715 51.641643 38.421343 6.32115 52.562299 39.465642 2.746687 51.641643 38.421343 6.32115 52.562299 39.465642 2.746687
2013_01_13_10_58_45_265636563  2601.000  1 10 70.000000 70.000000 0.000000 0.000000 157.644725 52.233959 38.943539 5.013323 51.064632 37.91041 1.589065 52.233959 38.943539 5.013323 51.064632 37.91041 1.589065
2013_01_13_11_00_35_697543790  2601.000  1 8 70.000000 70.000000 0.000000 0.000000 191.678246 44.152105 30.744073 4.9695 44.765329 31.593719 1.591236 44.152105 30.744073 4.9695 44.765329 31.593719 1.591236
2013_01_13_11_01_22_403331755  2601.000  1 8 70.000000 70.000000 0.000000 0.000000 190.274378 46.150025 32.963202 6.143925 47.269705 34.11875 6.198523 46.150025 32.963202 6.143925 47.269705 34.11875 6.198523
2013_01_13_11_01_23_721715505  2601.000  1 8 70.000000 70.000000 0.000000 0.000000 190.854838 46.497102 33.250976 4.959534 45.613337 32.465259 1.588667 46.497102 33.250976 4.959534 45.613337 32.465259 1.588667
2013_01_13_11_03_48_140747125  2601.000  1 6 70.000000 70.000000 0.000000 0.000000 248.32529 38.58598 25.161421 4.960525 39.441821 26.266531 1.59775 38.58598 25.161421 4.960525 39.441821 26.266531 1.59775
2013_01_13_11_04_33_474890300  2601.000  1 6 70.000000 70.000000 0.000000 0.000000 248.447281 40.234244 27.035845 6.187044 41.183487 28.07354 2.953887 40.234244 27.035845 6.187044 41.183487 28.07354 2.953887
2013_01_13_11_04_35_428537678  2601.000  1 6 70.000000 70.000000 0.000000 0.000000 248.584408 40.798218 27.585274 4.970373 40.045592 26.868116 1.594735 40.798218 27.585274 4.970373 40.045592 26.868116 1.594735
2013_01_13_11_07_57_240626302  2601.000  1 4 70.000000 70.000000 0.000000 0.000000 370.479085 33.49649 20.093565 4.946814 33.993851 20.83242 1.591998 33.49649 20.093565 4.946814 33.993851 20.83242 1.591998
2013_01_13_11_08_42_750939238  2601.000  1 4 70.000000 70.000000 0.000000 0.000000 370.151902 34.689446 21.531063 6.153658 35.478099 22.380693 2.865129 34.689446 21.531063 6.153658 35.478099 22.380693 2.865129
2013_01_13_11_08_44_942776743  2601.000  1 4 70.000000 70.000000 0.000000 0.000000 370.473615 34.998654 21.791227 4.939859 34.574913 21.401849 4.939786 34.998654 21.791227 4.939859 34.574913 21.401849 4.939786
2013_01_13_11_14_08_625991399  2601.000  1 16 75.000000 75.000000 0.000000 0.000000 119.918499 64.091657 50.597546 5.082026 66.305368 53.060608 4.06013 64.091657 50.597546 5.082026 66.305368 53.060608 4.06013
2013_01_13_11_14_53_715127108  2601.000  1 16 75.000000 75.000000 0.000000 0.000000 119.611384 67.971348 54.642271 7.349769 68.623095 55.482126 2.718689 67.971348 54.642271 7.349769 68.623095 55.482126 2.718689
2013_01_13_11_14_56_352941762  2601.000  1 16 75.000000 75.000000 0.000000 0.000000 118.846627 69.034498 55.727426 5.469757 68.470584 55.214507 4.861044 69.034498 55.727426 5.469757 68.470584 55.214507 4.861044
2013_01_13_11_16_09_683482113  2601.000  1 14 75.000000 75.000000 0.000000 0.000000 123.532302 59.919459 46.409876 5.065516 61.004411 47.810519 3.71744 59.919459 46.409876 5.065516 61.004411 47.810519 3.71744
2013_01_13_11_16_54_278182636  2601.000  1 14 75.000000 75.000000 0.000000 0.000000 125.629238 62.900901 49.663765 6.379785 64.453778 51.237465 6.843408 62.900901 49.663765 6.379785 64.453778 51.237465 6.843408
2013_01_13_11_16_56_154797643  2601.000  1 14 75.000000 75.000000 0.000000 0.000000 126.071079 63.687478 50.384201 5.235251 62.862334 49.614017 4.852911 63.687478 50.384201 5.235251 62.862334 49.614017 4.852911
2013_01_13_11_18_14_120507320  2601.000  1 12 75.000000 75.000000 0.000000 0.000000 136.377077 54.534184 41.045013 5.117489 55.242384 42.077172 1.592488 54.534184 41.045013 5.117489 55.242384 42.077172 1.592488
2013_01_13_11_19_00_721642870  2601.000  1 12 75.000000 75.000000 0.000000 0.000000 135.769816 57.561181 44.356994 6.277535 58.907908 45.728636 6.440746 57.561181 44.356994 6.277535 58.907908 45.728636 6.440746
2013_01_13_11_19_03_017308090  2601.000  1 12 75.000000 75.000000 0.000000 0.000000 137.938544 58.215642 44.878233 5.106022 56.508502 43.330944 1.801061 58.215642 44.878233 5.106022 56.508502 43.330944 1.801061
2013_01_13_11_20_31_324655220  2601.000  1 10 75.000000 75.000000 0.000000 0.000000 159.1074 49.164701 35.718464 5.055988 50.124665 36.967861 1.590616 49.164701 35.718464 5.055988 50.124665 36.967861 1.590616
2013_01_13_11_21_17_552548196  2601.000  1 10 75.000000 75.000000 0.000000 0.000000 155.74485 51.690591 38.472566 6.267852 52.625182 39.527733 2.785673 51.690591 38.472566 6.267852 52.625182 39.527733 2.785673
2013_01_13_11_21_21_871118974  2601.000  1 10 75.000000 75.000000 0.000000 0.000000 155.937535 52.328104 39.041063 4.988223 51.267635 38.10962 1.839112 52.328104 39.041063 4.988223 51.267635 38.10962 1.839112
2013_01_13_11_23_11_182551526  2601.000  1 8 75.000000 75.000000 0.000000 0.000000 191.329871 44.165007 30.732235 4.995816 44.809763 31.654095 1.591426 44.165007 30.732235 4.995816 44.809763 31.654095 1.591426
2013_01_13_11_23_54_209943953  2601.000  1 8 75.000000 75.000000 0.000000 0.000000 191.262003 46.179318 32.959979 6.203927 47.070731 33.972418 2.792971 46.179318 32.959979 6.203927 47.070731 33.972418 2.792971
2013_01_13_11_23_58_725516769  2601.000  1 8 75.000000 75.000000 0.000000 0.000000 190.525846 46.508818 33.24174 5.039407 45.657572 32.504886 1.815231 46.508818 33.24174 5.039407 45.657572 32.504886 1.815231
2013_01_13_11_26_23_509695507  2601.000  1 6 75.000000 75.000000 0.000000 0.000000 248.012499 38.613299 25.192166 4.965937 39.445922 26.268023 1.592013 38.613299 25.192166 4.965937 39.445922 26.268023 1.592013
2013_01_13_11_27_06_317022919  2601.000  1 6 75.000000 75.000000 0.000000 0.000000 248.559365 40.21077 27.04406 6.127481 41.214532 28.086724 6.125982 40.21077 27.04406 6.127481 41.214532 28.086724 6.125982
2013_01_13_11_27_10_204868430  2601.000  1 6 75.000000 75.000000 0.000000 0.000000 247.916195 40.825626 27.617475 4.970829 40.138041 26.959992 1.781965 40.825626 27.617475 4.970829 40.138041 26.959992 1.781965
2013_01_13_11_30_32_413605821  2601.000  1 4 75.000000 75.000000 0.000000 0.000000 369.711195 33.452094 20.051945 4.959044 33.985222 20.821574 1.59134 33.452094 20.051945 4.959044 33.985222 20.821574 1.59134
2013_01_13_11_31_15_590921699  2601.000  1 4 75.000000 75.000000 0.000000 0.000000 369.809673 34.506858 21.347374 6.158064 35.436915 22.339186 2.849982 34.506858 21.347374 6.158064 35.436915 22.339186 2.849982
2013_01_13_11_31_18_920593796  2601.000  1 4 75.000000 75.000000 0.000000 0.000000 370.074091 35.035483 21.815986 4.946069 34.550732 21.383624 1.60319 35.035483 21.815986 4.946069 34.550732 21.383624 1.60319
2013_01_13_11_36_43_062953093  2601.000  1 16 80.000000 80.000000 0.000000 0.000000 119.190968 64.415856 50.921171 5.081362 66.601888 53.358576 4.089035 64.415856 50.921171 5.081362 66.601888 53.358576 4.089035
2013_01_13_11_37_26_159212225  2601.000  1 16 80.000000 80.000000 0.000000 0.000000 119.418941 68.089861 54.755764 7.393906 68.773107 55.629897 2.71848 68.089861 54.755764 7.393906 68.773107 55.629897 2.71848
2013_01_13_11_37_29_900473833  2601.000  1 16 80.000000 80.000000 0.000000 0.000000 118.025679 69.780381 56.413793 5.502584 67.845911 54.657225 1.587794 69.780381 56.413793 5.502584 67.845911 54.657225 1.587794
2013_01_13_11_38_43_253085593  2601.000  1 14 80.000000 80.000000 0.000000 0.000000 127.838986 59.460325 46.002215 4.893738 61.417956 48.170181 4.076155 59.460325 46.002215 4.893738 61.417956 48.170181 4.076155
2013_01_13_11_39_26_739632785  2601.000  1 14 80.000000 80.000000 0.000000 0.000000 124.144184 63.220944 49.916925 6.747852 64.046724 50.906197 2.725214 63.220944 49.916925 6.747852 64.046724 50.906197 2.725214
2013_01_13_11_39_28_926802862  2601.000  1 14 80.000000 80.000000 0.000000 0.000000 125.649015 64.217941 50.861412 5.2132 62.152041 48.963071 1.590925 64.217941 50.861412 5.2132 62.152041 48.963071 1.590925
2013_01_13_11_40_51_873025474  2601.000  1 12 80.000000 80.000000 0.000000 0.000000 138.665793 54.517718 41.025043 5.160829 55.154423 41.989734 1.5909 54.517718 41.025043 5.160829 55.154423 41.989734 1.5909
2013_01_13_11_41_31_802639366  2601.000  1 12 80.000000 80.000000 0.000000 0.000000 137.973578 57.395857 44.124582 6.459363 58.202721 45.081555 2.718721 57.395857 44.124582 6.459363 58.202721 45.081555 2.718721
2013_01_13_11_41_35_569711085  2601.000  1 12 80.000000 80.000000 0.000000 0.000000 135.702746 58.299806 44.979481 5.078195 56.932043 43.758499 1.589092 58.299806 44.979481 5.078195 56.932043 43.758499 1.589092
2013_01_13_11_43_11_535007430  2601.000  1 10 80.000000 80.000000 0.000000 0.000000 160.845429 49.094771 35.645088 5.091518 49.845409 36.689978 1.591347 49.094771 35.645088 5.091518 49.845409 36.689978 1.591347
2013_01_13_11_43_50_650935141  2601.000  1 10 80.000000 80.000000 0.000000 0.000000 155.86073 51.800746 38.578144 6.345884 52.591466 39.491951 2.775849 51.800746 38.578144 6.345884 52.591466 39.491951 2.775849
2013_01_13_11_43_52_248452020  2601.000  1 10 80.000000 80.000000 0.000000 0.000000 155.851333 52.41103 39.127991 5.009094 51.296972 38.136459 1.589474 52.41103 39.127991 5.009094 51.296972 38.136459 1.589474
2013_01_13_11_45_53_178607231  2601.000  1 8 80.000000 80.000000 0.000000 0.000000 190.676045 44.23909 30.804054 4.990337 44.750513 31.599244 1.59118 44.23909 30.804054 4.990337 44.750513 31.599244 1.59118
2013_01_13_11_46_27_317272224  2601.000  1 8 80.000000 80.000000 0.000000 0.000000 190.045337 46.218398 32.995108 6.222143 47.047112 33.952844 2.893685 46.218398 32.995108 6.222143 47.047112 33.952844 2.893685
2013_01_13_11_46_28_921826995  2601.000  1 8 80.000000 80.000000 0.000000 0.000000 189.883646 46.474436 33.231421 4.932897 45.573299 32.426973 1.586588 46.474436 33.231421 4.932897 45.573299 32.426973 1.586588
2013_01_13_11_49_04_640270315  2601.000  1 6 80.000000 80.000000 0.000000 0.000000 247.93522 38.645473 25.226949 4.968044 39.403915 26.224836 1.592212 38.645473 25.226949 4.968044 39.403915 26.224836 1.592212
2013_01_13_11_49_38_240946220  2601.000  1 6 80.000000 80.000000 0.000000 0.000000 247.296545 40.198459 27.011359 6.138359 41.202554 28.090948 2.951538 40.198459 27.011359 6.138359 41.202554 28.090948 2.951538
2013_01_13_11_49_39_598416020  2601.000  1 6 80.000000 80.000000 0.000000 0.000000 247.791001 40.772974 27.565366 4.955713 40.054938 26.87762 1.620705 40.772974 27.565366 4.955713 40.054938 26.87762 1.620705
2013_01_13_11_53_13_352872291  2601.000  1 4 80.000000 80.000000 0.000000 0.000000 369.374919 33.470892 20.090843 4.966525 34.047112 20.859272 3.778709 33.470892 20.090843 4.966525 34.047112 20.859272 3.778709
2013_01_13_11_53_46_400219089  2601.000  1 4 80.000000 80.000000 0.000000 0.000000 369.987832 34.521483 21.364216 6.127271 35.52639 22.428531 2.83422 34.521483 21.364216 6.127271 35.52639 22.428531 2.83422
2013_01_13_11_53_48_331500307  2601.000  1 4 80.000000 80.000000 0.000000 0.000000 369.937797 34.999511 21.790721 4.941926 34.551936 21.386182 1.739787 34.999511 21.790721 4.941926 34.551936 21.386182 1.739787
2013_01_13_11_59_23_504584263  2601.000  1 16 85.000000 85.000000 0.000000 0.000000 117.853734 65.645037 52.088751 5.445444 65.944536 52.759643 1.591555 65.645037 52.088751 5.445444 65.944536 52.759643 1.591555
2013_01_13_11_59_57_197691862  2601.000  1 16 85.000000 85.000000 0.000000 0.000000 117.860804 68.31596 54.978829 7.470694 69.17736 56.035801 2.719298 68.31596 54.978829 7.470694 69.17736 56.035801 2.719298
2013_01_13_11_59_59_133384310  2601.000  1 16 85.000000 85.000000 0.000000 0.000000 117.811775 69.574121 56.288033 5.372671 68.784176 55.504667 5.168968 69.574121 56.288033 5.372671 68.784176 55.504667 5.168968
2013_01_13_12_01_22_595298489  2601.000  1 14 85.000000 85.000000 0.000000 0.000000 125.279419 59.89842 46.368431 5.27221 60.861334 47.687926 1.59142 59.89842 46.368431 5.27221 60.861334 47.687926 1.59142
2013_01_13_12_01_56_070910074  2601.000  1 14 85.000000 85.000000 0.000000 0.000000 125.755366 62.799896 49.483543 6.810285 63.52441 50.38986 2.715597 62.799896 49.483543 6.810285 63.52441 50.38986 2.715597
2013_01_13_12_01_57_999092466  2601.000  1 14 85.000000 85.000000 0.000000 0.000000 126.526936 64.223651 50.873573 5.209112 62.182915 48.996315 1.789042 64.223651 50.873573 5.209112 62.182915 48.996315 1.789042
2013_01_13_12_03_28_669977333  2601.000  1 12 85.000000 85.000000 0.000000 0.000000 137.312152 54.628964 41.137742 5.136523 55.377989 42.212957 1.598135 54.628964 41.137742 5.136523 55.377989 42.212957 1.598135
2013_01_13_12_04_02_708504836  2601.000  1 12 85.000000 85.000000 0.000000 0.000000 138.75684 57.426565 44.153827 6.51309 58.355205 45.237239 2.759453 57.426565 44.153827 6.51309 58.355205 45.237239 2.759453
2013_01_13_12_04_05_437568141  2601.000  1 12 85.000000 85.000000 0.000000 0.000000 137.611847 57.869531 44.578061 5.108061 57.177721 43.962783 4.874992 57.869531 44.578061 5.108061 57.177721 43.962783 4.874992
2013_01_13_12_05_46_889091819  2601.000  1 10 85.000000 85.000000 0.000000 0.000000 155.594188 49.289088 35.843329 5.023178 50.292544 37.136633 1.590568 49.289088 35.843329 5.023178 50.292544 37.136633 1.590568
2013_01_13_12_06_22_478899785  2601.000  1 10 85.000000 85.000000 0.000000 0.000000 155.791074 51.624923 38.403842 6.33962 52.627722 39.528525 2.741878 51.624923 38.403842 6.33962 52.627722 39.528525 2.741878
2013_01_13_12_06_24_107787227  2601.000  1 10 85.000000 85.000000 0.000000 0.000000 155.276657 52.388512 39.103931 4.983772 51.27214 38.11817 1.973184 52.388512 39.103931 4.983772 51.27214 38.11817 1.973184
2013_01_13_12_08_23_344225625  2601.000  1 8 85.000000 85.000000 0.000000 0.000000 190.09193 44.148638 30.737354 4.971686 44.771816 31.623713 1.592117 44.148638 30.737354 4.971686 44.771816 31.623713 1.592117
2013_01_13_12_08_59_141972472  2601.000  1 8 85.000000 85.000000 0.000000 0.000000 190.777657 46.021117 32.798764 6.207688 47.005731 33.910529 2.714999 46.021117 32.798764 6.207688 47.005731 33.910529 2.714999
2013_01_13_12_09_00_212674599  2601.000  1 8 85.000000 85.000000 0.000000 0.000000 191.737507 46.249917 33.033851 4.975271 45.787506 32.580068 4.932484 46.249917 33.033851 4.975271 45.787506 32.580068 4.932484
2013_01_13_12_11_34_221663594  2601.000  1 6 85.000000 85.000000 0.000000 0.000000 248.598051 38.622534 25.205585 4.96453 39.341155 26.156996 3.782795 38.622534 25.205585 4.96453 39.341155 26.156996 3.782795
2013_01_13_12_12_10_843492278  2601.000  1 6 85.000000 85.000000 0.000000 0.000000 247.873141 40.060442 26.875217 6.139332 41.160712 28.051316 2.734708 40.060442 26.875217 6.139332 41.160712 28.051316 2.734708
2013_01_13_12_12_12_917902182  2601.000  1 6 85.000000 85.000000 0.000000 0.000000 249.995718 40.772224 27.599241 4.950605 40.064031 26.85019 4.937003 40.772224 27.599241 4.950605 40.064031 26.85019 4.937003
2013_01_13_12_15_43_660728163  2601.000  1 4 85.000000 85.000000 0.000000 0.000000 370.324195 33.446654 20.042266 4.955409 34.034406 20.867544 1.591761 33.446654 20.042266 4.955409 34.034406 20.867544 1.591761
2013_01_13_12_16_19_587451681  2601.000  1 4 85.000000 85.000000 0.000000 0.000000 370.046241 34.450125 21.294024 6.127416 35.444404 22.346319 2.922547 34.450125 21.294024 6.127416 35.444404 22.346319 2.922547
2013_01_13_12_16_23_792581953  2601.000  1 4 85.000000 85.000000 0.000000 0.000000 371.904143 34.94176 21.736645 4.936552 34.551752 21.386526 1.589485 34.94176 21.736645 4.936552 34.551752 21.386526 1.589485
2013_01_13_12_21_54_810420409  2601.000  1 16 90.000000 90.000000 0.000000 0.000000 119.216609 65.016107 51.459385 5.454921 65.164586 51.979837 1.591468 65.016107 51.459385 5.454921 65.164586 51.979837 1.591468
2013_01_13_12_22_30_527863120  2601.000  1 16 90.000000 90.000000 0.000000 0.000000 118.687699 67.718183 54.447583 6.587589 70.351804 57.140984 6.816742 67.718183 54.447583 6.587589 70.351804 57.140984 6.816742
2013_01_13_12_22_36_574203339  2601.000  1 16 90.000000 90.000000 0.000000 0.000000 117.482684 69.65325 56.287134 5.467523 67.705078 54.516698 1.588248 69.65325 56.287134 5.467523 67.705078 54.516698 1.588248
2013_01_13_12_23_54_841970542  2601.000  1 14 90.000000 90.000000 0.000000 0.000000 126.807404 59.920436 46.384493 5.361603 60.81648 47.639685 1.592268 59.920436 46.384493 5.361603 60.81648 47.639685 1.592268
2013_01_13_12_24_30_163949668  2601.000  1 14 90.000000 90.000000 0.000000 0.000000 126.206582 62.841325 49.53094 6.822768 63.507449 50.366705 2.717209 62.841325 49.53094 6.822768 63.507449 50.366705 2.717209
2013_01_13_12_24_35_034160470  2601.000  1 14 90.000000 90.000000 0.000000 0.000000 124.161225 64.162324 50.808137 5.299522 62.373436 49.187744 1.59126 64.162324 50.808137 5.299522 62.373436 49.187744 1.59126
2013_01_13_12_26_02_648852990  2601.000  1 12 90.000000 90.000000 0.000000 0.000000 135.453537 54.820387 41.334598 5.09382 55.458865 42.292972 1.592036 54.820387 41.334598 5.09382 55.458865 42.292972 1.592036
2013_01_13_12_26_37_263635743  2601.000  1 12 90.000000 90.000000 0.000000 0.000000 138.45026 57.150024 43.924076 6.288659 58.775224 45.612586 6.351827 57.150024 43.924076 6.288659 58.775224 45.612586 6.351827
2013_01_13_12_26_40_111825162  2601.000  1 12 90.000000 90.000000 0.000000 0.000000 135.052987 58.267241 44.939255 5.084238 56.797947 43.632199 1.587594 58.267241 44.939255 5.084238 56.797947 43.632199 1.587594
2013_01_13_12_28_18_982060478  2601.000  1 10 90.000000 90.000000 0.000000 0.000000 158.778718 49.148523 35.701383 5.039781 49.876265 36.718216 1.591955 49.148523 35.701383 5.039781 49.876265 36.718216 1.591955
2013_01_13_12_28_56_229819005  2601.000  1 10 90.000000 90.000000 0.000000 0.000000 157.080609 52.38494 39.100566 5.019797 51.11377 37.958373 1.588918 52.38494 39.100566 5.019797 51.11377 37.958373 1.588918
2013_01_13_12_28_56_510575674  2601.000  1 10 90.000000 90.000000 0.000000 0.000000 154.862103 51.853142 38.634398 6.339411 52.914928 39.818669 2.747945 51.853142 38.634398 6.339411 52.914928 39.818669 2.747945
2013_01_13_12_30_58_642588143  2601.000  1 8 90.000000 90.000000 0.000000 0.000000 191.0518 44.166926 30.732366 5.013904 44.690698 31.53777 1.590973 44.166926 30.732366 5.013904 44.690698 31.53777 1.590973
2013_01_13_12_31_32_185553716  2601.000  1 8 90.000000 90.000000 0.000000 0.000000 191.780649 46.301959 33.062703 6.309281 47.188387 34.089345 2.901967 46.301959 33.062703 6.309281 47.188387 34.089345 2.901967
2013_01_13_12_31_34_302625206  2601.000  1 8 90.000000 90.000000 0.000000 0.000000 190.953958 46.530559 33.288696 4.959 45.603492 32.4564 1.588886 46.530559 33.288696 4.959 45.603492 32.4564 1.588886
2013_01_13_12_34_10_541703216  2601.000  1 6 90.000000 90.000000 0.000000 0.000000 248.105816 38.658826 25.235661 4.961613 39.4596 26.280784 1.591867 38.658826 25.235661 4.961613 39.4596 26.280784 1.591867
2013_01_13_12_34_44_906637829  2601.000  1 6 90.000000 90.000000 0.000000 0.000000 248.274291 40.168177 26.973021 6.164935 41.240026 28.132426 2.85259 40.168177 26.973021 6.164935 41.240026 28.132426 2.85259
2013_01_13_12_34_46_175264466  2601.000  1 6 90.000000 90.000000 0.000000 0.000000 246.963097 40.747114 27.551821 4.933204 40.108012 26.930929 1.666609 40.747114 27.551821 4.933204 40.108012 26.930929 1.666609
2013_01_13_12_38_19_436669868  2601.000  1 4 90.000000 90.000000 0.000000 0.000000 369.664527 33.43984 20.037656 4.954224 34.003632 20.838785 1.592065 33.43984 20.037656 4.954224 34.003632 20.838785 1.592065
2013_01_13_12_38_54_016867267  2601.000  1 4 90.000000 90.000000 0.000000 0.000000 369.728984 34.566616 21.410588 6.150021 35.506281 22.408996 2.845666 34.566616 21.410588 6.150021 35.506281 22.408996 2.845666
2013_01_13_12_38_54_095780279  2601.000  1 4 90.000000 90.000000 0.000000 0.000000 370.596636 34.948159 21.752565 4.951198 34.560268 21.384601 4.93335 34.948159 21.752565 4.951198 34.560268 21.384601 4.93335
2013_01_13_12_44_29_931411640  2601.000  1 16 95.000000 95.000000 0.000000 0.000000 116.377081 65.662233 52.10147 5.493088 66.178684 52.994918 1.592977 65.662233 52.10147 5.493088 66.178684 52.994918 1.592977
2013_01_13_12_45_04_623617084  2601.000  1 16 95.000000 95.000000 0.000000 0.000000 118.353606 68.131592 54.801808 7.366142 68.879253 55.736355 2.713606 68.131592 54.801808 7.366142 68.879253 55.736355 2.713606
2013_01_13_12_45_05_474813108  2601.000  1 16 95.000000 95.000000 0.000000 0.000000 117.919418 69.86417 56.496622 5.489351 67.938503 54.751582 1.743087 69.86417 56.496622 5.489351 67.938503 54.751582 1.743087
2013_01_13_12_46_27_127927725  2601.000  1 14 95.000000 95.000000 0.000000 0.000000 128.08017 59.543868 46.080631 4.895455 61.220572 47.962379 4.03119 59.543868 46.080631 4.895455 61.220572 47.962379 4.03119
2013_01_13_12_47_03_889062684  2601.000  1 14 95.000000 95.000000 0.000000 0.000000 126.809084 62.13735 48.880128 6.423215 64.238859 51.054837 6.524785 62.13735 48.880128 6.423215 64.238859 51.054837 6.524785
2013_01_13_12_47_04_252925239  2601.000  1 14 95.000000 95.000000 0.000000 0.000000 127.208139 64.218876 50.853136 5.233307 62.083402 48.895448 1.918077 64.218876 50.853136 5.233307 62.083402 48.895448 1.918077
2013_01_13_12_48_36_118057335  2601.000  1 12 95.000000 95.000000 0.000000 0.000000 138.54403 54.452795 40.957839 5.16305 54.939491 41.773443 1.600443 54.452795 40.957839 5.16305 54.939491 41.773443 1.600443
2013_01_13_12_49_11_721631203  2601.000  1 12 95.000000 95.000000 0.000000 0.000000 134.878283 57.571892 44.354202 6.306215 58.910231 45.750924 6.416164 57.571892 44.354202 6.306215 58.910231 45.750924 6.416164
2013_01_13_12_49_12_492390608  2601.000  1 12 95.000000 95.000000 0.000000 0.000000 139.708423 58.14285 44.816114 5.087298 56.461844 43.292601 2.037362 58.14285 44.816114 5.087298 56.461844 43.292601 2.037362
2013_01_13_12_50_55_500598662  2601.000  1 10 95.000000 95.000000 0.000000 0.000000 158.996854 48.845841 35.435731 4.922038 50.27965 37.085535 3.843916 48.845841 35.435731 4.922038 50.27965 37.085535 3.843916
2013_01_13_12_51_27_553671812  2601.000  1 10 95.000000 95.000000 0.000000 0.000000 159.245588 51.183597 37.991296 6.231786 52.49468 39.364356 6.191493 51.183597 37.991296 6.231786 52.49468 39.364356 6.191493
2013_01_13_12_51_33_159723904  2601.000  1 10 95.000000 95.000000 0.000000 0.000000 158.889779 52.050337 38.800939 5.035908 51.314284 38.122654 4.880139 52.050337 38.800939 5.035908 51.314284 38.122654 4.880139
2013_01_13_12_53_35_358375990  2601.000  1 8 95.000000 95.000000 0.000000 0.000000 190.032379 44.134607 30.758077 4.954585 44.979521 31.772738 3.874477 44.134607 30.758077 4.954585 44.979521 31.772738 3.874477
2013_01_13_12_54_07_782543164  2601.000  1 8 95.000000 95.000000 0.000000 0.000000 190.916756 46.034145 32.847081 6.149936 47.151279 34.022878 6.14681 46.034145 32.847081 6.149936 47.151279 34.022878 6.14681
2013_01_13_12_54_12_877830213  2601.000  1 8 95.000000 95.000000 0.000000 0.000000 189.323859 46.447325 33.208674 4.935648 45.680043 32.531174 1.799474 46.447325 33.208674 4.935648 45.680043 32.531174 1.799474
2013_01_13_12_56_46_356589568  2601.000  1 6 95.000000 95.000000 0.000000 0.000000 247.333434 38.618862 25.193593 4.956514 39.313982 26.137684 1.592003 38.618862 25.193593 4.956514 39.313982 26.137684 1.592003
2013_01_13_12_57_19_668726823  2601.000  1 6 95.000000 95.000000 0.000000 0.000000 247.987446 40.174692 26.978305 6.199591 41.194237 28.088832 3.140189 40.174692 26.978305 6.199591 41.194237 28.088832 3.140189
2013_01_13_12_57_22_977666392  2601.000  1 6 95.000000 95.000000 0.000000 0.000000 248.529487 40.710678 27.517412 4.938847 40.038462 26.861185 1.639401 40.710678 27.517412 4.938847 40.038462 26.861185 1.639401
2013_01_13_13_00_54_687614019  2601.000  1 4 95.000000 95.000000 0.000000 0.000000 368.838857 33.47075 20.068252 4.958065 34.004417 20.839103 1.59457 33.47075 20.068252 4.958065 34.004417 20.839103 1.59457
2013_01_13_13_01_28_596130392  2601.000  1 4 95.000000 95.000000 0.000000 0.000000 370.339396 34.56757 21.408681 6.139514 35.500648 22.404755 3.104869 34.56757 21.408681 6.139514 35.500648 22.404755 3.104869
2013_01_13_13_01_32_270309715  2601.000  1 4 95.000000 95.000000 0.000000 0.000000 370.516021 34.9348 21.721963 4.933339 34.523261 21.358036 1.589941 34.9348 21.721963 4.933339 34.523261 21.358036 1.589941
2013_01_13_13_07_04_552583332  2601.000  1 16 100.000000 100.000000 0.000000 0.000000 120.690874 64.023586 50.527058 5.073289 66.261208 53.016655 4.091284 64.023586 50.527058 5.073289 66.261208 53.016655 4.091284
2013_01_13_13_07_39_769969595  2601.000  1 16 100.000000 100.000000 0.000000 0.000000 119.342798 67.975296 54.669769 6.936601 68.675888 55.511796 5.987159 67.975296 54.669769 6.936601 68.675888 55.511796 5.987159
2013_01_13_13_07_43_693310610  2601.000  1 16 100.000000 100.000000 0.000000 0.000000 116.728091 69.788913 56.420486 5.481837 67.777233 54.590711 1.58937 69.788913 56.420486 5.481837 67.777233 54.590711 1.58937
2013_01_13_13_09_06_224029102  2601.000  1 14 100.000000 100.000000 0.000000 0.000000 126.735506 59.88832 46.349766 5.330032 60.810648 47.635321 1.592752 59.88832 46.349766 5.330032 60.810648 47.635321 1.592752
2013_01_13_13_09_40_199596273  2601.000  1 14 100.000000 100.000000 0.000000 0.000000 127.65873 62.394498 49.130597 6.390549 64.22707 51.03653 6.618506 62.394498 49.130597 6.390549 64.22707 51.03653 6.618506
2013_01_13_13_09_41_350038282  2601.000  1 14 100.000000 100.000000 0.000000 0.000000 126.050245 63.930498 50.618505 5.232048 63.045132 49.803311 4.900753 63.930498 50.618505 5.232048 63.045132 49.803311 4.900753
2013_01_13_13_11_13_827984034  2601.000  1 12 100.000000 100.000000 0.000000 0.000000 136.420595 54.675825 41.182983 5.124271 55.368366 42.203243 1.603294 54.675825 41.182983 5.124271 55.368366 42.203243 1.603294
2013_01_13_13_11_48_238857420  2601.000  1 12 100.000000 100.000000 0.000000 0.000000 137.303134 58.195568 44.867181 5.105074 56.542321 43.367554 1.589221 58.195568 44.867181 5.105074 56.542321 43.367554 1.589221
2013_01_13_13_11_49_099625744  2601.000  1 12 100.000000 100.000000 0.000000 0.000000 138.132936 57.266776 44.058071 6.300775 58.867279 45.682965 6.572493 57.266776 44.058071 6.300775 58.867279 45.682965 6.572493
2013_01_13_13_13_31_067616490  2601.000  1 10 100.000000 100.000000 0.000000 0.000000 159.997486 49.224143 35.775886 5.090601 50.025601 36.868531 1.598991 49.224143 35.775886 5.090601 50.025601 36.868531 1.598991
2013_01_13_13_14_06_592800762  2601.000  1 10 100.000000 100.000000 0.000000 0.000000 158.799012 51.927637 38.676825 5.045736 51.335703 38.139588 4.869708 51.927637 38.676825 5.045736 51.335703 38.139588 4.869708
2013_01_13_13_14_08_272913679  2601.000  1 10 100.000000 100.000000 0.000000 0.000000 159.134808 51.348761 38.155357 6.24327 52.760331 39.622904 6.263955 51.348761 38.155357 6.24327 52.760331 39.622904 6.263955
2013_01_13_13_16_11_950694696  2601.000  1 8 100.000000 100.000000 0.000000 0.000000 188.841025 44.187395 30.778922 4.968317 44.824443 31.675788 1.59114 44.187395 30.778922 4.968317 44.824443 31.675788 1.59114
2013_01_13_13_16_46_316788374  2601.000  1 8 100.000000 100.000000 0.000000 0.000000 191.641739 46.448929 33.203782 4.975276 45.567149 32.420169 1.613238 46.448929 33.203782 4.975276 45.567149 32.420169 1.613238
2013_01_13_13_16_48_282870944  2601.000  1 8 100.000000 100.000000 0.000000 0.000000 190.987939 46.155141 32.92012 6.258523 47.205714 34.110973 2.839787 46.155141 32.92012 6.258523 47.205714 34.110973 2.839787
2013_01_13_13_19_21_656757624  2601.000  1 6 100.000000 100.000000 0.000000 0.000000 248.621849 38.622343 25.203114 4.964715 39.415944 26.237202 1.591835 38.622343 25.203114 4.964715 39.415944 26.237202 1.591835
2013_01_13_13_19_58_839076266  2601.000  1 6 100.000000 100.000000 0.000000 0.000000 249.487665 40.767945 27.577392 4.933081 40.024402 26.846129 4.942639 40.767945 27.577392 4.933081 40.024402 26.846129 4.942639
2013_01_13_13_20_00_201650261  2601.000  1 6 100.000000 100.000000 0.000000 0.000000 248.05424 40.067015 26.86925 6.13451 41.072497 27.960921 2.732513 40.067015 26.86925 6.13451 41.072497 27.960921 2.732513
2013_01_13_13_23_31_226318403  2601.000  1 4 100.000000 100.000000 0.000000 0.000000 372.154572 33.478272 20.0821 4.957399 34.072198 20.906441 1.591899 33.478272 20.0821 4.957399 34.072198 20.906441 1.591899
2013_01_13_13_24_09_107999896  2601.000  1 4 100.000000 100.000000 0.000000 0.000000 372.348237 34.491007 21.354336 6.119498 35.365396 22.245923 6.139277 34.491007 21.354336 6.119498 35.365396 22.245923 6.139277
2013_01_13_13_24_09_143814165  2601.000  1 4 100.000000 100.000000 0.000000 0.000000 370.367852 34.955479 21.741748 4.944402 34.599465 21.430898 1.816131 34.955479 21.741748 4.944402 34.599465 21.430898 1.816131
