id freq nodes cores pkg-clamp-0 pkg-clamp-1 dram-clamp-0 dram-clamp-1 avg-time avg-pkg-0 avg-pp0-0 avg-dram-0 avg-pkg-1 avg-pp0-1 avg-dram-1 tot-pkg-0 tot-pp0-0 tot-dram-0 tot-pkg-1 tot-pp0-1 tot-dram-1
2012_12_04_22_02_23_696407826  2601.000 8 16 115.000000 115.000000 0.000000 0.000000 37.683554625 96.69540575 82.55037375 7.614825875 94.53944375 80.469152 7.342210875 773.563246 660.40299 60.918607 756.31555 643.753216 58.737687
2012_12_04_22_03_09_811971002  2601.000 8 14 115.000000 115.000000 0.000000 0.000000 41.146079375 91.654983125 77.66317725 7.23950375 89.073928875 75.123943625 7.443703125 733.239865 621.305418 57.91603 712.591431 600.991549 59.549625
2012_12_04_22_03_58_188886989  2601.000 8 12 115.000000 115.000000 0.000000 0.000000 46.850839875 84.426039375 70.5832045 6.888150875 81.72410575 67.795377625 7.589476625 675.408315 564.665636 55.105207 653.792846 542.363021 60.715813
2012_12_04_22_04_55_077192147  2601.000 8 10 115.000000 115.000000 0.000000 0.000000 54.158699375 75.17728875 61.344991 6.69667625 74.475572 60.69610225 7.0724855 601.41831 490.759928 53.57341 595.804576 485.568818 56.579884
2012_12_04_22_05_56_684691837  2601.000 8 8 115.000000 115.000000 0.000000 0.000000 65.812318 69.010085875 55.2941395 6.339832875 67.3326885 53.52203375 7.251559 552.080687 442.353116 50.718663 538.661508 428.17627 58.012472
2012_12_04_22_07_10_026200774  2601.000 8 6 115.000000 115.000000 0.000000 0.000000 83.97647325 59.9045 46.35415575 6.166953875 56.76880025 43.0602045 7.144877625 479.236 370.833246 49.335631 454.150402 344.481636 57.159021
2012_12_04_22_08_41_939397182  2601.000 8 4 115.000000 115.000000 0.000000 0.000000 119.862120375 50.812951125 37.2703625 6.123774875 49.350411875 35.754328375 6.540678375 406.503609 298.1629 48.990199 394.803295 286.034627 52.325427
2012_12_04_22_10_50_848196885  2601.000 16 16 115.000000 115.000000 0.000000 0.000000 20.705468375 94.3102731875 80.20032825 7.235252 92.93817925 78.7604960625 7.6925680625 1508.964371 1283.205252 115.764032 1487.010868 1260.167937 123.081089
2012_12_04_22_11_18_938952231  2601.000 16 14 115.000000 115.000000 0.000000 0.000000 22.0012100625 89.57045875 75.5558944375 7.2300675625 89.4473714375 75.4986684375 7.2625975 1433.12734 1208.894311 115.681081 1431.157943 1207.978695 116.20156
2012_12_04_22_11_48_267561647  2601.000 16 12 115.000000 115.000000 0.000000 0.000000 24.7756285 84.4129771875 70.5138004375 6.77308475 80.1935918125 66.2618085625 7.3060621875 1350.607635 1128.220807 108.369356 1283.097469 1060.188937 116.896995
2012_12_04_22_12_20_254554487  2601.000 16 10 115.000000 115.000000 0.000000 0.000000 28.45257475 74.2306784375 60.493543 6.214815 74.88846675 60.9646523125 7.456418875 1187.690855 967.896688 99.43704 1198.215468 975.434437 119.302702
2012_12_04_22_12_55_516499302  2601.000 16 8 115.000000 115.000000 0.000000 0.000000 34.4504066875 67.86545725 54.166026625 6.371162625 67.55433075 53.729032375 7.269323125 1085.847316 866.656426 101.938602 1080.869292 859.664518 116.30917
2012_12_04_22_13_37_577191166  2601.000 16 6 115.000000 115.000000 0.000000 0.000000 43.726254375 58.388724 44.8115564375 5.8333055625 57.406939625 43.6874304375 7.1259216875 934.219584 716.984903 93.332889 918.511034 698.998887 114.014747
2012_12_04_22_14_27_912140609  2601.000 16 4 115.000000 115.000000 0.000000 0.000000 65.6479476875 49.8319135 36.372739375 5.76628525 49.9761510625 36.2834131875 7.0855645625 797.310616 581.96383 92.260564 799.618417 580.534611 113.369033
2012_12_04_22_15_44_095529563  2601.000 32 16 115.000000 115.000000 0.000000 0.000000 11.795707125 89.97866215625 75.95861984375 6.9707064375 89.22692603125 75.15642521875 7.23828590625 2879.317189 2430.675835 223.062606 2855.261633 2405.005607 231.625149
2012_12_04_22_16_04_949881268  2601.000 32 14 115.000000 115.000000 0.000000 0.000000 12.03950140625 87.53241128125 73.6630526875 6.63672746875 86.97470365625 73.03326190625 7.254819375 2801.037161 2357.217686 212.375279 2783.190517 2337.064381 232.15422
2012_12_04_22_16_24_163389747  2601.000 32 12 115.000000 115.000000 0.000000 0.000000 13.32439190625 81.7905483125 67.9967898125 6.49964253125 80.5431749375 66.685082625 7.058607875 2617.297546 2175.897274 207.988561 2577.381598 2133.922644 225.875452
2012_12_04_22_16_44_463646393  2601.000 32 10 115.000000 115.000000 0.000000 0.000000 15.21050646875 73.79898803125 60.1325045 6.1647841875 73.0229406875 59.15075121875 7.367741875 2361.567617 1924.240144 197.273094 2336.734102 1892.824039 235.76774
2012_12_04_22_17_06_373470253  2601.000 32 8 115.000000 115.000000 0.000000 0.000000 18.60050778125 67.37251259375 53.73521440625 6.108964625 66.93336484375 53.189462375 6.91274790625 2155.920403 1719.526861 195.486868 2141.867675 1702.062796 221.207933
2012_12_04_22_17_31_662353860  2601.000 32 6 115.000000 115.000000 0.000000 0.000000 22.88427759375 57.31243871875 43.8335194375 5.5161924375 57.57850178125 43.8604116875 7.08915359375 1833.998039 1402.672622 176.518158 1842.512057 1403.533174 226.852915
2012_12_04_22_18_02_075647578  2601.000 32 4 115.000000 115.000000 0.000000 0.000000 33.40858440625 49.2068035625 35.7928604375 5.38529840625 49.777354 36.106266875 6.97572521875 1574.617714 1145.371534 172.329549 1592.875328 1155.40054 223.223207
2012_12_04_22_18_45_360027734  2601.000 8 16 51.000000 51.000000 0.000000 0.000000 56.52749725 50.80021075 37.058819875 7.411256625 50.76287425 37.0868195 6.957071 406.401686 296.470559 59.290053 406.102994 296.694556 55.656568
2012_12_04_22_19_49_377007796  2601.000 8 14 51.000000 51.000000 0.000000 0.000000 59.839591 50.842156 37.18224725 6.8621965 50.818654625 37.17024 6.981996375 406.737248 297.457978 54.897572 406.549237 297.36192 55.855971
2012_12_04_22_20_57_612599058  2601.000 8 12 51.000000 51.000000 0.000000 0.000000 63.49312725 50.854421875 37.300143625 6.301460125 50.82631225 37.146331 7.032263125 406.835375 298.401149 50.411681 406.610498 297.170648 56.258105
2012_12_04_22_22_08_785086311  2601.000 8 10 51.000000 51.000000 0.000000 0.000000 70.223024875 50.600712 37.069426625 6.240693 50.71554225 37.063909625 6.74525275 404.805696 296.555413 49.925544 405.724338 296.511277 53.962022
2012_12_04_22_23_27_593298644  2601.000 8 8 51.000000 51.000000 0.000000 0.000000 78.936585 50.184892375 36.653593125 6.25167775 49.491671375 35.814254625 6.9575575 401.479139 293.228745 50.013422 395.933371 286.514037 55.66046
2012_12_04_22_24_55_793687332  2601.000 8 6 51.000000 51.000000 0.000000 0.000000 102.16547175 43.698421 30.20700025 6.332153375 43.013033 29.47618025 6.552271375 349.587368 241.656002 50.657227 344.104264 235.809442 52.418171
2012_12_04_22_26_46_694286007  2601.000 8 4 51.000000 51.000000 0.000000 0.000000 149.424191375 36.927226625 23.515949 5.785082875 36.61206 23.056325125 6.704107625 295.417813 188.127592 46.280663 292.89648 184.450601 53.632861
2012_12_04_22_29_24_736491092  2601.000 16 16 51.000000 51.000000 0.000000 0.000000 30.235188625 50.861692875 37.1597038125 7.014147 50.862104125 37.1394683125 7.2074829375 813.787086 594.555261 112.226352 813.793666 594.231493 115.319727
2012_12_04_22_30_01_928876620  2601.000 16 14 51.000000 51.000000 0.000000 0.000000 31.4389200625 50.9355308125 37.33117425 6.535557625 50.8901205625 37.2015798125 7.0175075 814.968493 597.298788 104.568922 814.241929 595.225277 112.28012
2012_12_04_22_30_40_209279888  2601.000 16 12 51.000000 51.000000 0.000000 0.000000 33.6544145625 50.8003956875 37.1870395625 6.3645645625 50.6888598125 37.05689175 6.8343570625 812.806331 594.992633 101.833033 811.021757 592.910268 109.349713
2012_12_04_22_31_20_987994460  2601.000 16 10 51.000000 51.000000 0.000000 0.000000 36.8803684375 50.5188254375 36.94960025 6.2497449375 50.587963125 36.9955230625 6.73907525 808.301207 591.193604 99.995919 809.40741 591.928369 107.825204
2012_12_04_22_32_04_936892697  2601.000 16 8 51.000000 51.000000 0.000000 0.000000 42.1590006875 49.4472789375 35.91212125 6.1486280625 49.6069014375 35.8989133125 7.060317625 791.156463 574.59394 98.378049 793.710423 574.382613 112.965082
2012_12_04_22_32_55_797797311  2601.000 16 6 51.000000 51.000000 0.000000 0.000000 54.2265610625 43.1594735 29.706698625 5.8814453125 43.228201375 29.62376625 6.87460925 690.551576 475.307178 94.103125 691.651222 473.98026 109.993748
2012_12_04_22_33_58_616974733  2601.000 16 4 51.000000 51.000000 0.000000 0.000000 82.9990751875 36.8790450625 23.449635875 5.7618665625 36.643786875 23.0928713125 6.62244125 590.064721 375.194174 92.189865 586.30059 369.485941 105.95906
2012_12_04_22_35_40_189093646  2601.000 32 16 51.000000 51.000000 0.000000 0.000000 16.3303663125 50.76116196875 37.14669509375 6.528907125 50.7611104375 37.06706028125 7.00239353125 1624.357183 1188.694243 208.925028 1624.355534 1186.145929 224.076593
2012_12_04_22_36_04_776673557  2601.000 32 14 51.000000 51.000000 0.000000 0.000000 16.6698521875 50.834883375 37.318195 5.873736875 50.82536234375 37.1860021875 6.88096453125 1626.716268 1194.18224 187.95958 1626.411595 1189.95207 220.190865
2012_12_04_22_36_28_932547021  2601.000 32 12 51.000000 51.000000 0.000000 0.000000 17.46831996875 50.8512704375 37.3211176875 6.0946781875 50.84039796875 37.21325790625 6.76794575 1627.240654 1194.275766 195.029702 1626.892735 1190.824253 216.574264
2012_12_04_22_36_53_856980009  2601.000 32 10 51.000000 51.000000 0.000000 0.000000 18.9788134375 50.51231134375 37.026418 5.8721008125 50.532768875 36.89150821875 6.89786259375 1616.393963 1184.845376 187.907226 1617.048604 1180.528263 220.731603
2012_12_04_22_37_20_369467092  2601.000 32 8 51.000000 51.000000 0.000000 0.000000 21.73132496875 48.892265625 35.35549965625 6.109239375 49.47309809375 35.85593615625 6.659915375 1564.5525 1131.375989 195.49566 1583.139139 1147.389957 213.117292
2012_12_04_22_37_49_539381804  2601.000 32 6 51.000000 51.000000 0.000000 0.000000 27.19974603125 42.80581184375 29.3593155625 5.6906835 43.33322090625 29.76867753125 6.7195800625 1369.785979 939.498098 182.101872 1386.663069 952.597681 215.026562
2012_12_04_22_38_24_779764684  2601.000 32 4 51.000000 51.000000 0.000000 0.000000 41.54406853125 36.70812478125 23.327885 5.57956075 36.586683625 23.0439834375 6.5370505625 1174.659993 746.49232 178.545944 1170.773876 737.40747 209.185618
2012_12_04_22_39_21_971153640  2601.000 8 16 65.000000 65.000000 0.000000 0.000000 46.582724625 64.757602 50.93380225 7.254492375 64.74647075 50.9060945 7.195972625 518.060816 407.470418 58.035939 517.971766 407.248756 57.567781
2012_12_04_22_40_16_836641732  2601.000 8 14 65.000000 65.000000 0.000000 0.000000 50.4001495 64.413940125 50.686274375 6.893664125 64.53984925 50.771228375 7.2660065 515.311521 405.490195 55.149313 516.318794 406.169827 58.128052
2012_12_04_22_41_15_499766725  2601.000 8 12 65.000000 65.000000 0.000000 0.000000 55.320211625 62.34939425 48.687887625 6.634374 62.206619625 48.419538875 7.3253275 498.795154 389.503101 53.074992 497.652957 387.356311 58.60262
2012_12_04_22_42_18_576275201  2601.000 8 10 65.000000 65.000000 0.000000 0.000000 63.844578625 59.20762375 45.50755575 6.771944375 54.581533625 40.920458625 6.8733145 473.66099 364.060446 54.175555 436.652269 327.363669 54.986516
2012_12_04_22_43_30_762357471  2601.000 8 8 65.000000 65.000000 0.000000 0.000000 78.964674875 50.907561 37.30875625 6.606598 49.195479 35.536316 7.074827125 407.260488 298.47005 52.852784 393.563832 284.290528 56.598617
2012_12_04_22_44_57_551002917  2601.000 8 6 65.000000 65.000000 0.000000 0.000000 104.187294875 43.290224625 29.936155 5.17241225 43.483910125 29.815057 7.052749125 346.321797 239.48924 41.379298 347.871281 238.520456 56.421993
2012_12_04_22_46_50_248547953  2601.000 8 4 65.000000 65.000000 0.000000 0.000000 150.381538375 36.79910025 23.47224025 5.471664125 36.720617 23.098043125 6.86326425 294.392802 187.777922 43.773313 293.764936 184.784345 54.906114
2012_12_04_22_49_29_628651436  2601.000 16 16 65.000000 65.000000 0.000000 0.000000 25.5960995625 64.6206900625 50.8583395625 6.753934125 64.6311901875 50.73752675 7.527205875 1033.931041 813.733433 108.062946 1034.099043 811.800428 120.435294
2012_12_04_22_50_02_475631685  2601.000 16 14 65.000000 65.000000 0.000000 0.000000 26.7698733125 64.432410875 50.6342816875 7.131904 63.7139156875 50.0096304375 6.850331125 1030.918574 810.148507 114.110464 1019.422651 800.154087 109.605298
2012_12_04_22_50_35_949627265  2601.000 16 12 65.000000 65.000000 0.000000 0.000000 29.2362704375 62.921943875 49.2459005 6.6339485625 61.9049749375 48.06224775 7.463087125 1006.751102 787.934408 106.143177 990.479599 768.995964 119.409394
2012_12_04_22_51_12_437735901  2601.000 16 10 65.000000 65.000000 0.000000 0.000000 34.126536875 57.77895025 44.1113523125 6.535932375 55.3798221875 41.681601875 7.049827375 924.463204 705.781637 104.574918 886.077155 666.90563 112.797238
2012_12_04_22_51_54_038183588  2601.000 16 8 65.000000 65.000000 0.000000 0.000000 41.94410575 49.8790225625 36.292323875 6.3488276875 50.0767903125 36.382823375 7.109892125 798.064361 580.677182 101.581243 801.228645 582.125174 113.758274
2012_12_04_22_52_45_366712603  2601.000 16 6 65.000000 65.000000 0.000000 0.000000 52.769824125 43.4951035625 30.0176205625 5.8950375 43.0433678125 29.46320425 6.7947055625 695.921657 480.281929 94.3206 688.693885 471.411268 108.715289
2012_12_04_22_53_48_341145396  2601.000 16 4 65.000000 65.000000 0.000000 0.000000 82.476929375 36.6850558125 23.2831816875 5.8627371875 36.8160374375 23.2227165625 6.8419100625 586.960893 372.530907 93.803795 589.056599 371.563465 109.470561
2012_12_04_22_55_26_066705797  2601.000 32 16 65.000000 65.000000 0.000000 0.000000 13.81775771875 64.53396790625 50.73398296875 6.741432375 64.4898463125 50.6349795625 7.226174875 2065.086973 1623.487455 215.725836 2063.675082 1620.319346 231.237596
2012_12_04_22_55_47_843078473  2601.000 32 14 65.000000 65.000000 0.000000 0.000000 14.05450340625 63.92195159375 50.33239428125 6.18025040625 64.04426471875 50.29458771875 7.175930375 2045.502451 1610.636617 197.768013 2049.416471 1609.426807 229.629772
2012_12_04_22_56_09_213066974  2601.000 32 12 65.000000 65.000000 0.000000 0.000000 15.07968875 61.82737125 48.213405125 6.239248875 62.2237270625 48.440541625 7.332608375 1978.47588 1542.828964 199.655964 1991.159266 1550.097332 234.643468
2012_12_04_22_56_31_749980097  2601.000 32 10 65.000000 65.000000 0.000000 0.000000 18.4017131875 56.02458696875 42.3922366875 6.5530564375 56.46233859375 42.7681319375 6.9553279375 1792.786783 1356.551574 209.697806 1806.794835 1368.580222 222.570494
2012_12_04_22_56_58_380193613  2601.000 32 8 65.000000 65.000000 0.000000 0.000000 22.7299494375 49.81376540625 36.2787745 5.87902446875 49.3875385625 35.73963471875 6.828728 1594.040493 1160.920784 188.128783 1580.401234 1143.668311 218.519296
2012_12_04_22_57_29_926804765  2601.000 32 6 65.000000 65.000000 0.000000 0.000000 27.1471023125 42.70590309375 29.28009946875 5.4459071875 43.446247 29.859931 6.62298184375 1366.588899 936.963183 174.26903 1390.279904 955.517792 211.935419
2012_12_04_22_58_06_483582405  2601.000 32 4 65.000000 65.000000 0.000000 0.000000 40.991851625 36.60905446875 23.2473423125 5.3977370625 36.746804625 23.1840389375 6.56127359375 1171.489743 743.914954 172.727586 1175.897748 741.889246 209.960755
2012_12_04_22_59_05_704813053  2601.000 8 16 80.000000 80.000000 0.000000 0.000000 41.91077475 78.1130335 64.078434625 7.558473875 76.966107 62.860123 7.806173125 624.904268 512.627477 60.467791 615.728856 502.880984 62.449385
2012_12_04_22_59_55_088184593  2601.000 8 14 80.000000 80.000000 0.000000 0.000000 47.6216225 70.732690625 56.904784125 6.81946075 70.946438625 56.920807375 8.069263625 565.861525 455.238273 54.555686 567.571509 455.366459 64.554109
2012_12_04_23_00_50_755197013  2601.000 8 12 80.000000 80.000000 0.000000 0.000000 54.40276575 63.4129115 49.699389 6.718225375 64.138349875 50.2206635 7.730467875 507.303292 397.595112 53.745803 513.106799 401.765308 61.843743
2012_12_04_23_01_52_552405733  2601.000 8 10 80.000000 80.000000 0.000000 0.000000 64.05109925 59.31181425 45.600509625 7.052185375 54.625466 40.933762125 6.985750125 474.494514 364.804077 56.417483 437.003728 327.470097 55.886001
2012_12_04_23_03_03_970586504  2601.000 8 8 80.000000 80.000000 0.000000 0.000000 78.440453125 50.546975375 36.970851125 6.491173 49.53073925 35.868867375 6.994686125 404.375803 295.766809 51.929384 396.245914 286.950939 55.957489
2012_12_04_23_04_30_221421122  2601.000 8 6 80.000000 80.000000 0.000000 0.000000 102.4001585 43.381291625 29.962591125 5.986214875 43.30219 29.689150125 7.028215 347.050333 239.700729 47.889719 346.41752 237.513201 56.22572
2012_12_04_23_06_20_750695638  2601.000 8 4 80.000000 80.000000 0.000000 0.000000 150.651176625 36.9554915 23.539610375 5.779223125 36.64870325 23.12321975 6.410225875 295.643932 188.316883 46.233785 293.189626 184.985758 51.281807
2012_12_04_23_09_00_378544044  2601.000 16 16 80.000000 80.000000 0.000000 0.000000 22.447649 77.1047783125 63.12236425 7.186483625 76.814538125 62.66548075 8.1708221875 1233.676453 1009.957828 114.983738 1229.03261 1002.647692 130.733155
2012_12_04_23_09_30_483524917  2601.000 16 14 80.000000 80.000000 0.000000 0.000000 25.2341884375 69.99538375 56.1692971875 6.8059731875 70.75388675 56.7467464375 7.8010158125 1119.92614 898.708755 108.895571 1132.062188 907.947943 124.816253
2012_12_04_23_10_03_577208586  2601.000 16 12 80.000000 80.000000 0.000000 0.000000 28.9140129375 63.2770065 49.463985625 7.0410553125 63.787133125 49.9655624375 7.2434889375 1012.432104 791.42377 112.656885 1020.59413 799.448999 115.895823
2012_12_04_23_10_40_734002925  2601.000 16 10 80.000000 80.000000 0.000000 0.000000 33.9966533125 57.8079988125 44.154291375 6.39623775 55.313203375 41.5844164375 7.154353125 924.927981 706.468662 102.339804 885.011254 665.350663 114.46965
2012_12_04_23_11_23_121493007  2601.000 16 8 80.000000 80.000000 0.000000 0.000000 42.055513 49.8826759375 36.269682125 6.408992375 49.9686599375 36.30981825 6.9982823125 798.122815 580.314914 102.543878 799.498559 580.957092 111.972517
2012_12_04_23_12_15_129028296  2601.000 16 6 80.000000 80.000000 0.000000 0.000000 53.775161375 43.189545625 29.748473875 5.7404185625 43.3432615 29.721508 7.04916375 691.03273 475.975582 91.846697 693.492184 475.544128 112.78662
2012_12_04_23_13_19_359607089  2601.000 16 4 80.000000 80.000000 0.000000 0.000000 83.51500025 36.922897 23.4940229375 5.65213675 36.5898626875 23.0485240625 6.7803415625 590.766352 375.904367 90.434188 585.437803 368.776385 108.485465
2012_12_04_23_15_02_718111259  2601.000 32 16 80.000000 80.000000 0.000000 0.000000 12.20049609375 75.2056253125 61.30856215625 6.82526946875 75.3346159375 61.32155475 7.59303178125 2406.58001 1961.873989 218.408623 2410.70771 1962.289752 242.977017
2012_12_04_23_15_22_788529700  2601.000 32 14 80.000000 80.000000 0.000000 0.000000 13.25543490625 68.54988753125 54.803426625 6.39016825 70.54765515625 56.64355475 7.45858465625 2193.596401 1753.709652 204.485384 2257.524965 1812.593752 238.674709
2012_12_04_23_15_43_300070598  2601.000 32 12 80.000000 80.000000 0.000000 0.000000 14.88756028125 63.0180680625 49.3328619375 6.4721725 63.0337271875 49.227556 7.26576028125 2016.578178 1578.651582 207.10952 2017.07927 1575.281792 232.504329
2012_12_04_23_16_05_317616859  2601.000 32 10 80.000000 80.000000 0.000000 0.000000 17.724008875 56.86143403125 43.229821625 6.3208133125 54.509361375 40.8619835625 6.6084211875 1819.565889 1383.354292 202.266026 1744.299564 1307.583474 211.469478
2012_12_04_23_16_29_875529117  2601.000 32 8 80.000000 80.000000 0.000000 0.000000 21.4042414375 49.7218331875 36.18404903125 6.14142746875 49.65818834375 36.0275330625 6.73195546875 1591.098662 1157.889569 196.525679 1589.062027 1152.881058 215.422575
2012_12_04_23_16_58_325644657  2601.000 32 6 80.000000 80.000000 0.000000 0.000000 26.99329084375 42.71029028125 29.26127071875 5.7205929375 43.5596015625 29.9966945625 6.563059625 1366.729289 936.360663 183.058974 1393.90725 959.894226 210.017908
2012_12_04_23_17_33_746435676  2601.000 32 4 80.000000 80.000000 0.000000 0.000000 41.84453759375 36.46424346875 23.0845499375 5.66678846875 36.824977625 23.2760061875 6.57834646875 1166.855791 738.705598 181.337231 1178.399284 744.832198 210.507087
2012_12_04_23_18_30_890552165  2601.000 8 16 95.000000 95.000000 0.000000 0.000000 42.045374375 78.471458375 64.281782 8.173611375 76.757653 62.76194775 7.319319375 627.771667 514.254256 65.388891 614.061224 502.095582 58.554555
2012_12_04_23_19_19_506584661  2601.000 8 14 95.000000 95.000000 0.000000 0.000000 47.510391 72.6204155 58.6624785 7.12010875 69.102925375 55.141584 7.631226625 580.963324 469.299828 56.96087 552.823403 441.132672 61.049813
2012_12_04_23_20_15_829154464  2601.000 8 12 95.000000 95.000000 0.000000 0.000000 54.743040625 64.031393375 50.14809425 7.470160375 63.460374375 49.713134125 7.0112965 512.251147 401.184754 59.761283 507.682995 397.705073 56.090372
2012_12_04_23_21_18_113890497  2601.000 8 10 95.000000 95.000000 0.000000 0.000000 63.647783875 58.5850915 44.8850175 6.70055625 55.127267 41.4475155 6.693273125 468.680732 359.08014 53.60445 441.018136 331.580124 53.546185
2012_12_04_23_22_29_379841317  2601.000 8 8 95.000000 95.000000 0.000000 0.000000 79.161443875 50.50404025 36.927828625 6.328183625 49.875489 36.148397375 7.351263 404.032322 295.422629 50.625469 399.003912 289.187179 58.810104
2012_12_04_23_23_56_350441037  2601.000 8 6 95.000000 95.000000 0.000000 0.000000 103.5335045 43.52064 30.128984125 5.789957625 43.162448875 29.5320225 6.85439775 348.16512 241.031873 46.319661 345.299591 236.25618 54.835182
2012_12_04_23_25_48_086266935  2601.000 8 4 95.000000 95.000000 0.000000 0.000000 149.975966875 37.054257875 23.680718875 5.726157125 36.52519075 22.94286575 6.775118375 296.434063 189.445751 45.809257 292.201526 183.542926 54.200947
2012_12_04_23_28_27_049679174  2601.000 16 16 95.000000 95.000000 0.000000 0.000000 22.51827275 77.264338625 63.225172625 7.5925114375 76.71848375 62.6460450625 7.70033275 1236.229418 1011.602762 121.480183 1227.49574 1002.336721 123.205324
2012_12_04_23_28_57_178965314  2601.000 16 14 95.000000 95.000000 0.000000 0.000000 25.2410608125 70.8245643125 56.93987875 7.0638775625 69.952650125 56.0092961875 7.5564624375 1133.193029 911.03806 113.022041 1119.242402 896.148739 120.903399
2012_12_04_23_29_29_985298879  2601.000 16 12 95.000000 95.000000 0.000000 0.000000 29.0439053125 65.2064561875 51.4057475 6.9806174375 61.5778733125 47.7552383125 7.2092548125 1043.303299 822.49196 111.689879 985.245973 764.083813 115.348077
2012_12_04_23_30_07_022815617  2601.000 16 10 95.000000 95.000000 0.000000 0.000000 34.11839425 56.4676045625 42.7863328125 6.5947631875 56.7582085 43.048053875 7.11233075 903.481673 684.581325 105.516211 908.131336 688.768862 113.797292
2012_12_04_23_30_49_480053738  2601.000 16 8 95.000000 95.000000 0.000000 0.000000 41.408525625 50.0591718125 36.5000815625 6.1336496875 49.784444875 36.07630525 7.081897375 800.946749 584.001305 98.138395 796.551118 577.220884 113.310358
2012_12_04_23_31_41_401070733  2601.000 16 6 95.000000 95.000000 0.000000 0.000000 53.86853075 43.302185125 29.8322109375 5.88442575 43.0945190625 29.5064250625 6.6964475625 692.834962 477.315375 94.150812 689.512305 472.102801 107.143161
2012_12_04_23_32_45_904534937  2601.000 16 4 95.000000 95.000000 0.000000 0.000000 82.243964625 36.54866075 23.13943675 5.867593125 36.984476625 23.4120135625 6.5575885 584.778572 370.230988 93.88149 591.751626 374.592217 104.921416
2012_12_04_23_34_32_180435975  2601.000 32 16 95.000000 95.000000 0.000000 0.000000 12.1843446875 75.68020665625 61.7669740625 6.8645088125 75.85811140625 61.72721015625 7.9617143125 2421.766613 1976.54317 219.664282 2427.459565 1975.270725 254.774858
2012_12_04_23_34_51_909683696  2601.000 32 14 95.000000 95.000000 0.000000 0.000000 13.380528625 70.202857375 56.37848990625 6.716396125 68.582789375 54.64666225 7.55480234375 2246.491436 1804.111677 214.924676 2194.64926 1748.693192 241.753675
2012_12_04_23_35_11_734098750  2601.000 32 12 95.000000 95.000000 0.000000 0.000000 15.08155665625 63.4311394375 49.77000025 6.34666375 61.79303678125 47.9832858125 7.31829328125 2029.796462 1592.640008 203.09324 1977.377177 1535.465146 234.185385
2012_12_04_23_35_33_233197939  2601.000 32 10 95.000000 95.000000 0.000000 0.000000 17.72754496875 55.6325335 42.00197490625 6.304127 56.52248571875 42.81777934375 6.96775921875 1780.241072 1344.063197 201.732064 1808.719543 1370.168939 222.968295
2012_12_04_23_35_57_285894218  2601.000 32 8 95.000000 95.000000 0.000000 0.000000 21.6279910625 49.57645321875 36.0472274375 6.017558375 49.649968875 35.998992375 6.83443909375 1586.446503 1153.511278 192.561868 1588.799004 1151.967756 218.702051
2012_12_04_23_36_25_360959517  2601.000 32 6 95.000000 95.000000 0.000000 0.000000 27.4353709375 42.81658196875 29.37255171875 5.63580215625 43.19121759375 29.62848134375 6.43789821875 1370.130623 939.921655 180.345669 1382.118963 948.111403 206.012743
2012_12_04_23_37_00_875296100  2601.000 32 4 95.000000 95.000000 0.000000 0.000000 41.4259369375 36.51125253125 23.1473996875 5.46780696875 36.824800625 23.26508215625 6.69418521875 1168.360081 740.71679 174.969823 1178.39362 744.482629 214.213927
