id freq nodes cores pkg-clamp-0 pkg-clamp-1 dram-clamp-0 dram-clamp-1 avg-time avg-pkg-0 avg-pp0-0 avg-dram-0 avg-pkg-1 avg-pp0-1 avg-dram-1 tot-pkg-0 tot-pp0-0 tot-dram-0 tot-pkg-1 tot-pp0-1 tot-dram-1
2012_12_28_06_59_33_220357030  2601.000 8 16 115.000000 115.000000 0.000000 0.000000 38.23182125 96.17509325 82.051038125 7.399561875 95.906511125 81.69161475 8.45490275 769.400746 656.408305 59.196495 767.252089 653.532918 67.639222
2012_12_28_07_00_20_091725776  2601.000 8 14 115.000000 115.000000 0.000000 0.000000 42.6747 89.933036375 75.849942375 7.363540625 91.396447 77.417838875 7.925896625 719.464291 606.799539 58.908325 731.171576 619.342711 63.407173
2012_12_28_07_01_10_682242114  2601.000 8 12 115.000000 115.000000 0.000000 0.000000 48.381573125 83.393925625 69.38182475 7.253282125 85.1545385 71.244916 7.67575275 667.151405 555.054598 58.026257 681.236308 569.959328 61.406022
2012_12_28_07_02_06_962164314  2601.000 8 10 115.000000 115.000000 0.000000 0.000000 56.3878385 75.24729775 61.382771375 6.791564375 75.31103375 61.413335 7.75358925 601.978382 491.062171 54.332515 602.48827 491.30668 62.028714
2012_12_28_07_03_11_201921346  2601.000 8 8 115.000000 115.000000 0.000000 0.000000 68.761291875 68.745115875 54.946773 6.88225075 67.969923375 54.165214 7.583062375 549.960927 439.574184 55.058006 543.759387 433.321712 60.664499
2012_12_28_07_04_27_860254637  2601.000 8 6 115.000000 115.000000 0.000000 0.000000 85.980635375 58.169910625 44.5655205 5.930882875 58.37395625 44.618438625 7.702200625 465.359285 356.524164 47.447063 466.99165 356.947509 61.617605
2012_12_28_07_06_01_700591107  2601.000 8 4 115.000000 115.000000 0.000000 0.000000 125.802146625 49.604254 36.1137865 5.75102625 50.3901565 36.664763875 7.83064725 396.834032 288.910292 46.00821 403.121252 293.318111 62.645178
2012_12_28_07_08_17_716638861  2601.000 16 16 115.000000 115.000000 0.000000 0.000000 20.6711653125 93.444730625 79.265179 7.62943775 92.7362758125 78.61346725 7.8046619375 1495.11569 1268.242864 122.071004 1483.780413 1257.815476 124.874591
2012_12_28_07_08_46_363490380  2601.000 16 14 115.000000 115.000000 0.000000 0.000000 22.1255766875 91.1827341875 77.184461125 7.341262875 87.300680875 73.24782725 8.0259695625 1458.923747 1234.951378 117.460206 1396.810894 1171.965236 128.415513
2012_12_28_07_09_16_442039157  2601.000 16 12 115.000000 115.000000 0.000000 0.000000 24.83579725 83.752488625 69.8287915625 7.000606 81.322940125 67.382417125 7.69889775 1340.039818 1117.260665 112.009696 1301.167042 1078.118674 123.182364
2012_12_28_07_09_49_153573575  2601.000 16 10 115.000000 115.000000 0.000000 0.000000 29.7511853125 73.6149575 59.79750175 6.917502875 71.926235625 58.10654625 7.34983025 1177.83932 956.760028 110.680046 1150.81977 929.70474 117.597284
2012_12_28_07_10_26_917056318  2601.000 16 8 115.000000 115.000000 0.000000 0.000000 34.5879455 67.5290006875 53.7403248125 6.76264275 67.3487805625 53.5346755625 7.5169730625 1080.464011 859.845197 108.202284 1077.580489 856.554809 120.271569
2012_12_28_07_11_08_881359756  2601.000 16 6 115.000000 115.000000 0.000000 0.000000 43.393530625 57.753052875 44.1293329375 6.267190375 57.7201889375 44.0015750625 7.2608614375 924.048846 706.069327 100.275046 923.523023 704.025201 116.173783
2012_12_28_07_11_59_707560535  2601.000 16 4 115.000000 115.000000 0.000000 0.000000 61.4634266875 49.7545231875 36.2172364375 6.1249120625 49.5953895 35.9133125 7.2070425 796.072371 579.475783 97.998593 793.526232 574.613 115.31268
2012_12_28_07_13_10_772812966  2601.000 32 16 115.000000 115.000000 0.000000 0.000000 11.5341675625 89.57608853125 75.4899790625 7.0647283125 88.84527 74.7214491875 7.46091084375 2866.434833 2415.67933 226.071306 2843.04864 2391.086374 238.749147
2012_12_28_07_13_30_322547249  2601.000 32 14 115.000000 115.000000 0.000000 0.000000 11.48898153125 88.74128553125 74.80789296875 6.887472875 87.5798025625 73.5618898125 7.61891340625 2839.721137 2393.852575 220.399132 2802.553682 2353.980474 243.805229
2012_12_28_07_13_48_375595099  2601.000 32 12 115.000000 115.000000 0.000000 0.000000 12.78666165625 81.680572875 67.7441060625 6.943336 81.62145171875 67.74789175 7.11698028125 2613.778332 2167.811394 222.186752 2611.886455 2167.932536 227.743369
2012_12_28_07_14_08_209584341  2601.000 32 10 115.000000 115.000000 0.000000 0.000000 15.0322124375 72.60829265625 58.9240934375 6.0438765625 72.582324125 58.68404890625 7.52290640625 2323.465365 1885.57099 193.40405 2322.634372 1877.889565 240.733005
2012_12_28_07_14_29_943731743  2601.000 32 8 115.000000 115.000000 0.000000 0.000000 17.85237746875 67.0016508125 53.3441535 6.171870875 66.82322365625 53.038806625 7.14735046875 2144.052826 1707.012912 197.499868 2138.343157 1697.241812 228.715215
2012_12_28_07_14_54_201387923  2601.000 32 6 115.000000 115.000000 0.000000 0.000000 22.462585875 56.89941353125 43.29863559375 6.05961184375 57.96073990625 44.31215528125 6.68325690625 1820.781233 1385.556339 193.907579 1854.743677 1417.988969 213.864221
2012_12_28_07_15_22_912988710  2601.000 32 4 115.000000 115.000000 0.000000 0.000000 31.24471865625 49.60151225 36.1607420625 5.4546875 49.1432689375 35.452870125 7.088443 1587.248392 1157.143746 174.55 1572.584606 1134.491844 226.830176
2012_12_28_07_16_00_049693112  2601.000 8 16 51.000000 51.000000 0.000000 0.000000 59.312348625 50.84285375 37.034264125 7.443903625 50.841513875 37.129745875 7.469709 406.74283 296.274113 59.551229 406.732111 297.037967 59.757672
2012_12_28_07_17_06_952776555  2601.000 8 14 51.000000 51.000000 0.000000 0.000000 61.712982625 50.87416575 37.251018625 6.622399 50.917576625 37.23082725 7.5500865 406.993326 298.008149 52.979192 407.340613 297.846618 60.400692
2012_12_28_07_18_16_014321769  2601.000 8 12 51.000000 51.000000 0.000000 0.000000 64.291186125 50.856191 37.144818875 7.0954475 50.823100125 37.248083 6.997938625 406.849528 297.158551 56.76358 406.584801 297.984664 55.983509
2012_12_28_07_19_28_176590824  2601.000 8 10 51.000000 51.000000 0.000000 0.000000 70.7241025 50.7681115 37.129337875 6.7010795 50.807746375 37.168738375 7.22099575 406.144892 297.034703 53.608636 406.461971 297.349907 57.767966
2012_12_28_07_20_47_560747925  2601.000 8 8 51.000000 51.000000 0.000000 0.000000 82.431660625 50.102674625 36.440838125 6.65647025 49.87989325 36.235206625 7.289431375 400.821397 291.526705 53.251762 399.039146 289.881653 58.315451
2012_12_28_07_22_21_125783600  2601.000 8 6 51.000000 51.000000 0.000000 0.000000 104.657245875 42.923117625 29.3613675 6.44869925 43.959273125 30.386232125 7.166319125 343.384941 234.89094 51.589594 351.674185 243.089857 57.330553
2012_12_28_07_24_16_563789894  2601.000 8 4 51.000000 51.000000 0.000000 0.000000 159.13339125 36.904342 23.430694125 6.0108245 37.107391375 23.532154625 7.161685125 295.234736 187.445553 48.086596 296.859131 188.257237 57.293481
2012_12_28_07_27_24_015112385  2601.000 16 16 51.000000 51.000000 0.000000 0.000000 29.921531875 50.8902869375 37.2180583125 6.9333965625 50.9014735 37.1305630625 7.7600321875 814.244591 595.488933 110.934345 814.423576 594.089009 124.160515
2012_12_28_07_28_01_688027690  2601.000 16 14 51.000000 51.000000 0.000000 0.000000 31.4883491875 50.916981125 37.3158890625 6.657111125 50.90847975 37.2152375625 7.4656495625 814.671698 597.054225 106.513778 814.535676 595.443801 119.450393
2012_12_28_07_28_40_743088390  2601.000 16 12 51.000000 51.000000 0.000000 0.000000 33.730547 50.8812086875 37.281798625 6.542206125 50.8429121875 37.1381429375 7.431838625 814.099339 596.508778 104.675298 813.486595 594.210287 118.909418
2012_12_28_07_29_21_579965301  2601.000 16 10 51.000000 51.000000 0.000000 0.000000 36.8237496875 50.7498994375 37.129247125 6.75325025 50.487490875 36.8796768125 6.9814595625 811.998391 594.067954 108.052004 807.799854 590.074829 111.703353
2012_12_28_07_30_05_607749557  2601.000 16 8 51.000000 51.000000 0.000000 0.000000 42.9484525625 49.88333675 36.28154025 6.56616225 49.5364880625 35.8331579375 7.4560791875 798.133388 580.504644 105.058596 792.583809 573.330527 119.297267
2012_12_28_07_30_57_529271362  2601.000 16 6 51.000000 51.000000 0.000000 0.000000 54.931408125 42.9556746875 29.5048986875 6.0270715 43.3285436875 29.696214 7.2785815625 687.290795 472.078379 96.433144 693.256699 475.139424 116.457305
2012_12_28_07_32_02_201416862  2601.000 16 4 51.000000 51.000000 0.000000 0.000000 87.799655125 36.6439230625 23.2150620625 5.888339125 36.7066485 23.119362375 7.20873 586.302769 371.440993 94.213426 587.306376 369.909798 115.33968
2012_12_28_07_33_56_156135040  2601.000 32 16 51.000000 51.000000 0.000000 0.000000 16.00072084375 50.87791975 37.18271296875 6.8053660625 50.87386940625 37.1794684375 7.023612375 1628.093432 1189.846815 217.771714 1627.963821 1189.74299 224.755596
2012_12_28_07_34_20_417785125  2601.000 32 14 51.000000 51.000000 0.000000 0.000000 16.35473096875 51.0038959375 37.389838375 6.5033846875 50.97997190625 37.33367875 6.818093875 1632.12467 1196.474828 208.10831 1631.359101 1194.67772 218.179004
2012_12_28_07_34_43_505812266  2601.000 32 12 51.000000 51.000000 0.000000 0.000000 17.20946409375 50.91304975 37.37496778125 5.99081875 50.9280010625 37.22885140625 7.11420078125 1629.217592 1195.998969 191.7062 1629.696034 1191.323245 227.654425
2012_12_28_07_35_07_792230983  2601.000 32 10 51.000000 51.000000 0.000000 0.000000 18.66264403125 50.5977271875 37.05209165625 6.08132228125 50.66537965625 37.0305325625 6.86386225 1619.12727 1185.666933 194.602313 1621.292149 1184.977042 219.643592
2012_12_28_07_35_33_825438013  2601.000 32 8 51.000000 51.000000 0.000000 0.000000 21.1852464375 49.09341015625 35.5524625625 6.016248625 49.2035993125 35.54045675 7.02594221875 1570.989125 1137.678802 192.519956 1574.515178 1137.294616 224.830151
2012_12_28_07_36_02_060632982  2601.000 32 6 51.000000 51.000000 0.000000 0.000000 27.17838340625 41.86328390625 28.43739446875 5.59870509375 43.96469853125 30.34146715625 6.82556584375 1339.625085 909.996623 179.158563 1406.870353 970.926949 218.418107
2012_12_28_07_36_36_571412604  2601.000 32 4 51.000000 51.000000 0.000000 0.000000 39.17027128125 36.8354258125 23.43317371875 5.4505151875 36.21720775 22.6439174375 6.7238184375 1178.733626 749.861559 174.416486 1158.950648 724.605358 215.16219
2012_12_28_07_37_24_191845210  2601.000 8 16 65.000000 65.000000 0.000000 0.000000 50.201596875 64.76465125 50.914171875 7.198909125 64.76071525 50.832362875 8.072677375 518.11721 407.313375 57.591273 518.085722 406.658903 64.581419
2012_12_28_07_38_21_530287213  2601.000 8 14 65.000000 65.000000 0.000000 0.000000 53.18561025 64.42951125 50.561921125 7.384128 64.48243 50.756592 7.320414125 515.43609 404.495369 59.073024 515.85944 406.052736 58.563313
2012_12_28_07_39_21_167430941  2601.000 8 12 65.000000 65.000000 0.000000 0.000000 58.380212625 62.50600025 48.770256 6.756597375 63.8340855 49.981996 7.92243475 500.048002 390.162048 54.052779 510.672684 399.855968 63.379478
2012_12_28_07_40_26_798101567  2601.000 8 10 65.000000 65.000000 0.000000 0.000000 65.1503175 56.401661625 42.65749575 6.868938875 57.69926375 43.97819275 7.526859875 451.213293 341.259966 54.951511 461.59411 351.825542 60.214879
2012_12_28_07_41_42_033446039  2601.000 8 8 65.000000 65.000000 0.000000 0.000000 81.190907375 50.50031225 36.7935485 7.145941125 50.241150625 36.57604775 7.264901375 404.002498 294.348388 57.167529 401.929205 292.608382 58.119211
2012_12_28_07_43_14_265141990  2601.000 8 6 65.000000 65.000000 0.000000 0.000000 104.891859625 43.3053045 29.688206125 6.827587375 43.75962375 30.227902 6.978723875 346.442436 237.505649 54.620699 350.07699 241.823216 55.829791
2012_12_28_07_45_10_686790528  2601.000 8 4 65.000000 65.000000 0.000000 0.000000 160.27811225 36.918587375 23.421843125 5.907992625 36.955436 23.411624125 7.036443625 295.348699 187.374745 47.263941 295.643488 187.292993 56.291549
2012_12_28_07_48_15_592110363  2601.000 16 16 65.000000 65.000000 0.000000 0.000000 25.699045125 64.6675981875 50.8352854375 7.2701539375 64.6146736875 50.762360125 7.641481875 1034.681571 813.364567 116.322463 1033.834779 812.197762 122.26371
2012_12_28_07_48_48_732602987  2601.000 16 14 65.000000 65.000000 0.000000 0.000000 27.0966216875 64.257479625 50.54918775 6.881490125 64.3288521875 50.552650125 7.5186194375 1028.119674 808.787004 110.103842 1029.261635 808.842402 120.297911
2012_12_28_07_49_22_837824822  2601.000 16 12 65.000000 65.000000 0.000000 0.000000 29.478448 63.4184595625 49.6871423125 6.8852606875 61.29155775 47.513059125 7.5131905625 1014.695353 794.994277 110.164171 980.664924 760.208946 120.211049
2012_12_28_07_50_00_098705776  2601.000 16 10 65.000000 65.000000 0.000000 0.000000 34.53004 56.96184275 43.32007425 6.483926 55.7343985625 41.984799875 7.472944625 911.389484 693.121188 103.742816 891.750377 671.756798 119.567114
2012_12_28_07_50_43_142225175  2601.000 16 8 65.000000 65.000000 0.000000 0.000000 43.711266625 49.97074575 36.348742625 6.5646303125 49.737098625 36.099099 7.1969468125 799.531932 581.579882 105.034085 795.793578 577.585584 115.151149
2012_12_28_07_51_35_675638111  2601.000 16 6 65.000000 65.000000 0.000000 0.000000 54.75482875 42.6920128125 29.235348375 5.9047288125 43.5471984375 29.9141881875 7.2566038125 683.072205 467.765574 94.475661 696.755175 478.627011 116.105661
2012_12_28_07_52_39_081380090  2601.000 16 4 65.000000 65.000000 0.000000 0.000000 88.446145875 36.5919640625 23.1528275625 5.9648915625 36.7259883125 23.1437798125 7.215329 585.471425 370.445241 95.438265 587.615813 370.300477 115.445264
2012_12_28_07_54_36_195336151  2601.000 32 16 65.000000 65.000000 0.000000 0.000000 13.52691975 64.65871365625 50.89902396875 6.73685296875 64.650987125 50.79463684375 7.35925653125 2069.078837 1628.768767 215.579295 2068.831588 1625.428379 235.496209
2012_12_28_07_54_56_725533667  2601.000 32 14 65.000000 65.000000 0.000000 0.000000 13.80625565625 64.27193503125 50.60247821875 6.55458828125 64.254343125 50.48117928125 7.260827875 2056.701921 1619.279303 209.746825 2056.13898 1615.397737 232.346492
2012_12_28_07_55_17_168825274  2601.000 32 12 65.000000 65.000000 0.000000 0.000000 14.93827515625 62.74876190625 49.01767096875 6.632757875 61.0255545 47.2599541875 7.10103021875 2007.960381 1568.565471 212.248252 1952.817744 1512.318534 227.232967
2012_12_28_07_55_39_895101893  2601.000 32 10 65.000000 65.000000 0.000000 0.000000 17.177741875 55.69442834375 42.089854875 6.2043476875 56.534992125 42.78078275 7.3274193125 1782.221707 1346.875356 198.539126 1809.119748 1368.985048 234.477418
2012_12_28_07_56_04_405272613  2601.000 32 8 65.000000 65.000000 0.000000 0.000000 21.087146 49.6382624375 36.07830721875 6.12884596875 49.3974794375 35.72086225 7.04149403125 1588.424398 1154.505831 196.123071 1580.719342 1143.067592 225.327809
2012_12_28_07_56_33_290490552  2601.000 32 6 65.000000 65.000000 0.000000 0.000000 26.87501825 42.99944809375 29.48385259375 6.14400034375 42.941200875 29.40115315625 6.56889353125 1375.982339 943.483283 196.608011 1374.118428 940.836901 210.204593
2012_12_28_07_57_07_443335472  2601.000 32 4 65.000000 65.000000 0.000000 0.000000 39.3783954375 36.862946625 23.4670845 5.431405 36.3299900625 22.75551140625 6.898613 1179.614292 750.946704 173.80496 1162.559682 728.176365 220.755616
2012_12_28_07_57_57_566832385  2601.000 8 16 80.000000 80.000000 0.000000 0.000000 44.668273875 77.973768125 63.8684425 7.812840625 77.80418025 63.660742 8.490391625 623.790145 510.94754 62.502725 622.433442 509.285936 67.923133
2012_12_28_07_58_48_886035560  2601.000 8 14 80.000000 80.000000 0.000000 0.000000 48.583243875 67.249417375 53.40846625 6.545868875 75.063483625 60.950108125 8.735491 537.995339 427.26773 52.366951 600.507869 487.600865 69.883928
2012_12_28_07_59_46_188837462  2601.000 8 12 80.000000 80.000000 0.000000 0.000000 58.001157875 63.170249625 49.287609625 7.159908125 65.370956625 51.475140375 7.9413525 505.361997 394.300877 57.279265 522.967653 411.801123 63.53082
2012_12_28_08_00_51_090313776  2601.000 8 10 80.000000 80.000000 0.000000 0.000000 68.167813 55.91850375 42.16058975 6.838698375 58.390483875 44.64566025 7.590784375 447.34803 337.284718 54.709587 467.123871 357.165282 60.726275
2012_12_28_08_02_06_858097167  2601.000 8 8 80.000000 80.000000 0.000000 0.000000 81.458987625 50.42022225 36.719612875 6.620565 50.3201495 36.651418875 7.446404 403.361778 293.756903 52.96452 402.561196 293.211351 59.571232
2012_12_28_08_03_40_928599326  2601.000 8 6 80.000000 80.000000 0.000000 0.000000 110.363619625 43.560565625 30.046002875 6.2026125 43.5710285 29.945972 7.53416225 348.484525 240.368023 49.6209 348.568228 239.567776 60.273298
2012_12_28_08_05_40_435884694  2601.000 8 4 80.000000 80.000000 0.000000 0.000000 172.43081275 36.948778875 23.448763125 6.25968075 37.11980925 23.575722375 7.180353375 295.590231 187.590105 50.077446 296.958474 188.605779 57.442827
2012_12_28_08_08_56_245885322  2601.000 16 16 80.000000 80.000000 0.000000 0.000000 22.669103 76.565242375 62.596401875 7.26842 76.5609009375 62.4165245625 8.4354656875 1225.043878 1001.54243 116.29472 1224.974415 998.664393 134.967451
2012_12_28_08_09_26_732690086  2601.000 16 14 80.000000 80.000000 0.000000 0.000000 25.537073125 70.6847401875 56.7481258125 7.4321914375 69.2311254375 55.331918375 7.6927218125 1130.955843 907.970013 118.915063 1107.698007 885.310694 123.083549
2012_12_28_08_10_00_416544045  2601.000 16 12 80.000000 80.000000 0.000000 0.000000 29.27137225 62.546913875 48.7836791875 7.00218425 63.89434 50.0545089375 7.802438 1000.750622 780.538867 112.034948 1022.30944 800.872143 124.839008
2012_12_28_08_10_38_011703410  2601.000 16 10 80.000000 80.000000 0.000000 0.000000 34.45711675 56.2389513125 42.563904375 6.67656275 56.6565106875 42.938179625 7.46318475 899.823221 681.02247 106.825004 906.504171 687.010874 119.410956
2012_12_28_08_11_20_837856260  2601.000 16 8 80.000000 80.000000 0.000000 0.000000 43.6419300625 49.4282889375 35.878087875 6.18445275 50.2779715625 36.5675088125 7.4965180625 790.852623 574.049406 98.951244 804.447545 585.080141 119.944289
2012_12_28_08_12_13_969759818  2601.000 16 6 80.000000 80.000000 0.000000 0.000000 54.9085450625 42.812652125 29.327052625 6.1180866875 43.416001375 29.8128224375 7.1060408125 685.002434 469.232842 97.889387 694.656022 477.005159 113.696653
2012_12_28_08_13_20_134461264  2601.000 16 4 80.000000 80.000000 0.000000 0.000000 88.611218625 36.3912228125 22.9542724375 6.1047418125 36.8632281875 23.2736053125 7.158346625 582.259565 367.268359 97.675869 589.811651 372.377685 114.533546
2012_12_28_08_15_10_918347716  2601.000 32 16 80.000000 80.000000 0.000000 0.000000 11.8514990625 75.67869425 61.6977694375 6.99369475 75.74492996875 61.60570209375 8.05502515625 2421.718216 1974.328622 223.798232 2423.837759 1971.382467 257.760805
2012_12_28_08_15_31_751699502  2601.000 32 14 80.000000 80.000000 0.000000 0.000000 13.21718753125 69.94139434375 56.06595109375 7.00413125 68.75740253125 54.83235021875 7.4812068125 2238.124619 1794.110435 224.1322 2200.236881 1754.635207 239.398618
2012_12_28_08_15_51_730944268  2601.000 32 12 80.000000 80.000000 0.000000 0.000000 14.755617125 62.54316678125 48.87562565625 6.15513228125 62.95956934375 49.0846849375 7.629335 2001.381337 1564.020021 196.964233 2014.706219 1570.709918 244.13872
2012_12_28_08_16_13_382633650  2601.000 32 10 80.000000 80.000000 0.000000 0.000000 17.17843934375 55.96899775 42.3552594375 6.325662625 56.38815778125 42.64911171875 7.18611190625 1791.007928 1355.368302 202.421204 1804.421049 1364.771575 229.955581
2012_12_28_08_16_37_509408587  2601.000 32 8 80.000000 80.000000 0.000000 0.000000 21.155046 49.2994898125 35.7301605 6.15380403125 49.7453535 36.09416271875 6.982841 1577.583674 1143.365136 196.921729 1591.851312 1155.013207 223.450912
2012_12_28_08_17_06_416490458  2601.000 32 6 80.000000 80.000000 0.000000 0.000000 26.86095896875 42.9213200625 29.4564263125 5.7267543125 42.95234784375 29.369239875 6.758697 1373.482242 942.605642 183.256138 1374.475131 939.815676 216.278304
2012_12_28_08_17_40_951495674  2601.000 32 4 80.000000 80.000000 0.000000 0.000000 39.286025875 36.23364409375 22.8367264375 5.59138140625 36.87373465625 23.29721515625 6.85803471875 1159.476611 730.775246 178.924205 1179.959509 745.510885 219.457111
2012_12_28_08_18_29_455021048  2601.000 8 16 95.000000 95.000000 0.000000 0.000000 42.607205375 77.99427025 63.807279375 8.193769125 77.93016425 63.911168875 7.929673 623.954162 510.458235 65.550153 623.441314 511.289351 63.437384
2012_12_28_08_19_20_742332063  2601.000 8 14 95.000000 95.000000 0.000000 0.000000 48.5741455 71.679968 57.76993175 6.95800975 70.68946975 56.699136125 8.26032175 573.439744 462.159454 55.664078 565.515758 453.593089 66.082574
2012_12_28_08_20_18_298400096  2601.000 8 12 95.000000 95.000000 0.000000 0.000000 55.68566125 64.171766125 50.245632625 7.431421875 63.288859375 49.5011545 7.400755875 513.374129 401.965061 59.451375 506.310875 396.009236 59.206047
2012_12_28_08_21_23_687823438  2601.000 8 10 95.000000 95.000000 0.000000 0.000000 68.532848375 56.643827 42.88387025 6.898019125 57.751066375 43.99987225 7.658944 453.150616 343.070962 55.184153 462.008531 351.998978 61.271552
2012_12_28_08_22_39_604944528  2601.000 8 8 95.000000 95.000000 0.000000 0.000000 84.951065625 50.649748375 36.929584375 7.01582625 50.14177925 36.464029 7.41341275 405.197987 295.436675 56.12661 401.134234 291.712232 59.307302
2012_12_28_08_24_12_852016921  2601.000 8 6 95.000000 95.000000 0.000000 0.000000 105.37919125 43.502966625 29.996086625 6.024176625 43.591624875 29.962288125 7.376594875 348.023733 239.968693 48.193413 348.732999 239.698305 59.012759
2012_12_28_08_26_11_082457963  2601.000 8 4 95.000000 95.000000 0.000000 0.000000 172.26369525 36.610106 23.18197275 5.91405225 37.287980375 23.6617745 7.496537375 292.880848 185.455782 47.312418 298.303843 189.294196 59.972299
2012_12_28_08_29_26_816110079  2601.000 16 16 95.000000 95.000000 0.000000 0.000000 22.703034 76.554214625 62.5342990625 7.416003625 76.5794538125 62.4880916875 8.1873085625 1224.867434 1000.548785 118.656058 1225.271261 999.809467 130.996937
2012_12_28_08_29_57_286487030  2601.000 16 14 95.000000 95.000000 0.000000 0.000000 25.599952125 71.4633789375 57.567306375 7.1257148125 68.4225065 54.4458826875 8.0245833125 1143.414063 921.076902 114.011437 1094.760104 871.134123 128.393333
2012_12_28_08_30_30_990634172  2601.000 16 12 95.000000 95.000000 0.000000 0.000000 29.3183615 64.1358866875 50.318385875 7.1194378125 62.419512625 48.6346305 7.469011375 1026.174187 805.094174 113.911005 998.712202 778.154088 119.504182
2012_12_28_08_31_08_444092953  2601.000 16 10 95.000000 95.000000 0.000000 0.000000 34.2851105625 57.1215324375 43.4394885 6.7561635 55.9225071875 42.1993079375 7.43191025 913.944519 695.031816 108.098616 894.760115 675.188927 118.910564
2012_12_28_08_31_50_890919521  2601.000 16 8 95.000000 95.000000 0.000000 0.000000 43.222040375 49.275213125 35.7240695 6.2548726875 50.5233166875 36.7936138125 7.5654615 788.40341 571.585112 100.077963 808.373067 588.697821 121.047384
2012_12_28_08_32_42_959398727  2601.000 16 6 95.000000 95.000000 0.000000 0.000000 55.354798125 43.2151101875 29.6916485625 6.21647625 43.0718459375 29.5046251875 7.0180185625 691.441763 475.066377 99.46362 689.149535 472.074003 112.288297
2012_12_28_08_33_48_017283472  2601.000 16 4 95.000000 95.000000 0.000000 0.000000 89.0022409375 36.58652575 23.1205024375 5.989682625 36.7632911875 23.207294625 6.8980449375 585.384412 369.928039 95.834922 588.212659 371.316714 110.368719
2012_12_28_08_35_40_381714258  2601.000 32 16 95.000000 95.000000 0.000000 0.000000 12.03952059375 75.5466926875 61.542763625 7.15919434375 75.52543121875 61.4170295625 7.87727653125 2417.494166 1969.368436 229.094219 2416.813799 1965.344946 252.072849
2012_12_28_08_36_01_249083215  2601.000 32 14 95.000000 95.000000 0.000000 0.000000 13.1688168125 68.10621403125 54.23451921875 6.9152029375 70.11832459375 56.2672790625 7.21595890625 2179.398849 1735.504615 221.286494 2243.786387 1800.55293 230.910685
2012_12_28_08_36_21_507135425  2601.000 32 12 95.000000 95.000000 0.000000 0.000000 14.75325534375 61.5564723125 47.81867134375 6.6652945 64.02248859375 50.17516896875 7.48324303125 1969.807114 1530.197483 213.289424 2048.719635 1605.605407 239.463777
2012_12_28_08_36_42_682244109  2601.000 32 10 95.000000 95.000000 0.000000 0.000000 17.20912325 55.44384725 41.8498991875 6.19331740625 56.80897734375 43.0272144375 7.4072735 1774.203112 1339.196774 198.186157 1817.887275 1376.870862 237.032752
2012_12_28_08_37_06_659599973  2601.000 32 8 95.000000 95.000000 0.000000 0.000000 21.137954 49.180428625 35.5993835625 6.254014 49.9438379375 36.30263071875 6.83039940625 1573.773716 1139.180274 200.128448 1598.202814 1161.684183 218.572781
2012_12_28_08_37_35_128852957  2601.000 32 6 95.000000 95.000000 0.000000 0.000000 27.17758896875 42.4327461875 28.97331015625 5.85297190625 43.38926196875 29.80160909375 6.6578730625 1357.847878 927.145925 187.295101 1388.456383 953.651491 213.051938
2012_12_28_08_38_10_257293439  2601.000 32 4 95.000000 95.000000 0.000000 0.000000 40.347177625 36.33452215625 22.918074375 5.64033253125 36.7490509375 23.19662984375 6.61677865625 1162.704709 733.37838 180.490641 1175.96963 742.292155 211.736917
