+ i=16
+ minthreads=4
+ export PKG_MINW_MINS=0x38198
+ PKG_MINW_MINS=0x38198
+ export PP0_MINW_MINS=0x38198
+ PP0_MINW_MINS=0x38198
+ export DRAM_MINW_MINS=0x38078
+ DRAM_MINW_MINS=0x38078
+ export MSR_PKG_POWER_LIMIT=0x0
+ MSR_PKG_POWER_LIMIT=0x0
+ export MSR_PP0_POWER_LIMIT=0x0
+ MSR_PP0_POWER_LIMIT=0x0
+ export MSR_DRAM_POWER_LIMIT=0x0
+ MSR_DRAM_POWER_LIMIT=0x0
+ export MSR_RANK_MOD=1
+ MSR_RANK_MOD=1
+ export SAMPLE=0
+ SAMPLE=0
+ t=0
+ export TURBO_ENABLE=1
+ TURBO_ENABLE=1
+ export FUNC_INTERCEPT=0
+ FUNC_INTERCEPT=0
+ export READ_WRITE=0
+ READ_WRITE=0
+ export READ_ONLY=1
+ READ_ONLY=1
+ i=16
+ '[' 16 -ge 4 ']'
+ export OMP_NUM_THREADS=16
+ OMP_NUM_THREADS=16
+ export KMP_AFFINITY=scatter
+ KMP_AFFINITY=scatter
++ date +%Y_%m_%d_%H_%M_%S_%N
+ name=2013_01_13_09_01_20_370199944
+ mkdir 2013_01_13_09_01_20_370199944
+ cd 2013_01_13_09_01_20_370199944
+ touch out.dat
+ env
+ echo 2013_01_13_09_01_20_370199944
+ uname -a
+ grep MHz
+ srun --nodes=1 --ntasks=1 -ppbatch cat /proc/cpuinfo
+ srun --nodes=1 --ntasks=1 -o host_info hostname
+ echo 'threads/node: 16'
+ echo 'nodes: ' 1
+ echo 'turbo: 1 '
+ srun --nodes=1 --ntasks=1 -e f.err papiex -f dir-papi -e PAPI_L3_TCA -e PAPI_L3_TCM ../bmark3

In READ-ONLY mode.

Each chunk is: 4096
Iterations: 2
Nodes: 1
Threads: 16
 Rank 0 is done initializing
Time is: 115.060539 secs
+ cd ../
+ i=14
+ '[' 14 -ge 4 ']'
+ export OMP_NUM_THREADS=14
+ OMP_NUM_THREADS=14
+ export KMP_AFFINITY=scatter
+ KMP_AFFINITY=scatter
++ date +%Y_%m_%d_%H_%M_%S_%N
+ name=2013_01_13_09_03_16_643784849
+ mkdir 2013_01_13_09_03_16_643784849
+ cd 2013_01_13_09_03_16_643784849
+ touch out.dat
+ env
+ echo 2013_01_13_09_03_16_643784849
+ uname -a
+ srun --nodes=1 --ntasks=1 -ppbatch cat /proc/cpuinfo
+ grep MHz
+ srun --nodes=1 --ntasks=1 -o host_info hostname
+ echo 'threads/node: 14'
+ echo 'nodes: ' 1
+ echo 'turbo: 1 '
+ srun --nodes=1 --ntasks=1 -e f.err papiex -f dir-papi -e PAPI_L3_TCA -e PAPI_L3_TCM ../bmark3

In READ-ONLY mode.

Each chunk is: 4096
Iterations: 2
Nodes: 1
Threads: 14
 Rank 0 is done initializing
Time is: 132.004739 secs
+ cd ../
+ i=12
+ '[' 12 -ge 4 ']'
+ export OMP_NUM_THREADS=12
+ OMP_NUM_THREADS=12
+ export KMP_AFFINITY=scatter
+ KMP_AFFINITY=scatter
++ date +%Y_%m_%d_%H_%M_%S_%N
+ name=2013_01_13_09_05_29_770656105
+ mkdir 2013_01_13_09_05_29_770656105
+ cd 2013_01_13_09_05_29_770656105
+ touch out.dat
+ env
+ echo 2013_01_13_09_05_29_770656105
+ uname -a
+ srun --nodes=1 --ntasks=1 -ppbatch cat /proc/cpuinfo
+ grep MHz
+ srun --nodes=1 --ntasks=1 -o host_info hostname
+ echo 'threads/node: 12'
+ echo 'nodes: ' 1
+ echo 'turbo: 1 '
+ srun --nodes=1 --ntasks=1 -e f.err papiex -f dir-papi -e PAPI_L3_TCA -e PAPI_L3_TCM ../bmark3

In READ-ONLY mode.

Each chunk is: 4096
Iterations: 2
Nodes: 1
Threads: 12
 Rank 0 is done initializing
Time is: 156.930570 secs
+ cd ../
+ i=10
+ '[' 10 -ge 4 ']'
+ export OMP_NUM_THREADS=10
+ OMP_NUM_THREADS=10
+ export KMP_AFFINITY=scatter
+ KMP_AFFINITY=scatter
++ date +%Y_%m_%d_%H_%M_%S_%N
+ name=2013_01_13_09_08_07_773953914
+ mkdir 2013_01_13_09_08_07_773953914
+ cd 2013_01_13_09_08_07_773953914
+ touch out.dat
+ env
+ echo 2013_01_13_09_08_07_773953914
+ uname -a
+ srun --nodes=1 --ntasks=1 -ppbatch cat /proc/cpuinfo
+ grep MHz
+ srun --nodes=1 --ntasks=1 -o host_info hostname
+ echo 'threads/node: 10'
+ echo 'nodes: ' 1
+ echo 'turbo: 1 '
+ srun --nodes=1 --ntasks=1 -e f.err papiex -f dir-papi -e PAPI_L3_TCA -e PAPI_L3_TCM ../bmark3

In READ-ONLY mode.

Each chunk is: 4096
Iterations: 2
Nodes: 1
Threads: 10
 Rank 0 is done initializing
Time is: 191.552911 secs
+ cd ../
+ i=8
+ '[' 8 -ge 4 ']'
+ export OMP_NUM_THREADS=8
+ OMP_NUM_THREADS=8
+ export KMP_AFFINITY=scatter
+ KMP_AFFINITY=scatter
++ date +%Y_%m_%d_%H_%M_%S_%N
+ name=2013_01_13_09_11_20_382966595
+ mkdir 2013_01_13_09_11_20_382966595
+ cd 2013_01_13_09_11_20_382966595
+ touch out.dat
+ env
+ echo 2013_01_13_09_11_20_382966595
+ uname -a
+ srun --nodes=1 --ntasks=1 -ppbatch cat /proc/cpuinfo
+ grep MHz
+ srun --nodes=1 --ntasks=1 -o host_info hostname
+ echo 'threads/node: 8'
+ echo 'nodes: ' 1
+ echo 'turbo: 1 '
+ srun --nodes=1 --ntasks=1 -e f.err papiex -f dir-papi -e PAPI_L3_TCA -e PAPI_L3_TCM ../bmark3

In READ-ONLY mode.

Each chunk is: 4096
Iterations: 2
Nodes: 1
Threads: 8
 Rank 0 is done initializing
Time is: 242.195279 secs
+ cd ../
+ i=6
+ '[' 6 -ge 4 ']'
+ export OMP_NUM_THREADS=6
+ OMP_NUM_THREADS=6
+ export KMP_AFFINITY=scatter
+ KMP_AFFINITY=scatter
++ date +%Y_%m_%d_%H_%M_%S_%N
+ name=2013_01_13_09_15_23_694239533
+ mkdir 2013_01_13_09_15_23_694239533
+ cd 2013_01_13_09_15_23_694239533
+ touch out.dat
+ env
+ echo 2013_01_13_09_15_23_694239533
+ uname -a
+ srun --nodes=1 --ntasks=1 -ppbatch cat /proc/cpuinfo
+ grep MHz
+ srun --nodes=1 --ntasks=1 -o host_info hostname
+ echo 'threads/node: 6'
+ echo 'nodes: ' 1
+ echo 'turbo: 1 '
+ srun --nodes=1 --ntasks=1 -e f.err papiex -f dir-papi -e PAPI_L3_TCA -e PAPI_L3_TCM ../bmark3

In READ-ONLY mode.

Each chunk is: 4096
Iterations: 2
Nodes: 1
Threads: 6
 Rank 0 is done initializing
Time is: 270.864773 secs
+ cd ../
+ i=4
+ '[' 4 -ge 4 ']'
+ export OMP_NUM_THREADS=4
+ OMP_NUM_THREADS=4
+ export KMP_AFFINITY=scatter
+ KMP_AFFINITY=scatter
++ date +%Y_%m_%d_%H_%M_%S_%N
+ name=2013_01_13_09_19_55_570926711
+ mkdir 2013_01_13_09_19_55_570926711
+ cd 2013_01_13_09_19_55_570926711
+ touch out.dat
+ env
+ echo 2013_01_13_09_19_55_570926711
+ uname -a
+ srun --nodes=1 --ntasks=1 -ppbatch cat /proc/cpuinfo
+ grep MHz
+ srun --nodes=1 --ntasks=1 -o host_info hostname
+ echo 'threads/node: 4'
+ echo 'nodes: ' 1
+ echo 'turbo: 1 '
+ srun --nodes=1 --ntasks=1 -e f.err papiex -f dir-papi -e PAPI_L3_TCA -e PAPI_L3_TCM ../bmark3

In READ-ONLY mode.

Each chunk is: 4096
Iterations: 2
Nodes: 1
Threads: 4
 Rank 0 is done initializing
Time is: 432.337429 secs
+ cd ../
+ i=2
+ '[' 2 -ge 4 ']'
+ export TURBO_ENABLE=0
+ TURBO_ENABLE=0
+ export FUNC_INTERCEPT=0
+ FUNC_INTERCEPT=0
+ export READ_WRITE=1
+ READ_WRITE=1
+ export READ_ONLY=0
+ READ_ONLY=0
+ for pkg in 0x38198 0x381B8 0x381E0 0x038208 0x38230 0x38258 0x38280 0x382A8 0x382D0 0x0382f8 0x038320
+ export MSR_PKG_POWER_LIMIT=0x38198
+ MSR_PKG_POWER_LIMIT=0x38198
+ i=16
+ '[' 16 -ge 4 ']'
+ export OMP_NUM_THREADS=16
+ OMP_NUM_THREADS=16
+ export KMP_AFFINITY=scatter
+ KMP_AFFINITY=scatter
++ date +%Y_%m_%d_%H_%M_%S_%N
+ name=2013_01_13_09_27_08_941287438
+ mkdir 2013_01_13_09_27_08_941287438
+ cd 2013_01_13_09_27_08_941287438
+ touch out.dat
+ env
+ echo 2013_01_13_09_27_08_941287438
+ uname -a
+ srun --nodes=1 --ntasks=1 -ppbatch cat /proc/cpuinfo
+ grep MHz
+ srun --nodes=1 --ntasks=1 -o host_info hostname
+ echo 'threads/node: 16'
+ echo 'nodes: ' 1
+ echo 'turbo: 0'
+ srun --nodes=1 --ntasks=1 -e f.err papiex -f dir-papi -e PAPI_L3_TCA -e PAPI_L3_TCM ../bmark3

In READ-WRITE mode.

Each chunk is: 4096
Iterations: 2
Nodes: 1
Threads: 16
 Rank 0 is done initializing
Time is: 171.634112 secs
+ cd ../
+ i=14
+ '[' 14 -ge 4 ']'
+ export OMP_NUM_THREADS=14
+ OMP_NUM_THREADS=14
+ export KMP_AFFINITY=scatter
+ KMP_AFFINITY=scatter
++ date +%Y_%m_%d_%H_%M_%S_%N
+ name=2013_01_13_09_30_01_835784359
+ mkdir 2013_01_13_09_30_01_835784359
+ cd 2013_01_13_09_30_01_835784359
+ touch out.dat
+ env
+ echo 2013_01_13_09_30_01_835784359
+ uname -a
+ srun --nodes=1 --ntasks=1 -ppbatch cat /proc/cpuinfo
+ grep MHz
+ srun --nodes=1 --ntasks=1 -o host_info hostname
+ echo 'threads/node: 14'
+ echo 'nodes: ' 1
+ echo 'turbo: 0'
+ srun --nodes=1 --ntasks=1 -e f.err papiex -f dir-papi -e PAPI_L3_TCA -e PAPI_L3_TCM ../bmark3

In READ-WRITE mode.

Each chunk is: 4096
Iterations: 2
Nodes: 1
Threads: 14
 Rank 0 is done initializing
Time is: 180.269142 secs
+ cd ../
+ i=12
+ '[' 12 -ge 4 ']'
+ export OMP_NUM_THREADS=12
+ OMP_NUM_THREADS=12
+ export KMP_AFFINITY=scatter
+ KMP_AFFINITY=scatter
++ date +%Y_%m_%d_%H_%M_%S_%N
+ name=2013_01_13_09_33_03_439550090
+ mkdir 2013_01_13_09_33_03_439550090
+ cd 2013_01_13_09_33_03_439550090
+ touch out.dat
+ env
+ echo 2013_01_13_09_33_03_439550090
+ uname -a
+ srun --nodes=1 --ntasks=1 -ppbatch cat /proc/cpuinfo
+ grep MHz
+ srun --nodes=1 --ntasks=1 -o host_info hostname
+ echo 'threads/node: 12'
+ echo 'nodes: ' 1
+ echo 'turbo: 0'
+ srun --nodes=1 --ntasks=1 -e f.err papiex -f dir-papi -e PAPI_L3_TCA -e PAPI_L3_TCM ../bmark3

In READ-WRITE mode.

Each chunk is: 4096
Iterations: 2
Nodes: 1
Threads: 12
 Rank 0 is done initializing
Time is: 201.152638 secs
+ cd ../
+ i=10
+ '[' 10 -ge 4 ']'
+ export OMP_NUM_THREADS=10
+ OMP_NUM_THREADS=10
+ export KMP_AFFINITY=scatter
+ KMP_AFFINITY=scatter
++ date +%Y_%m_%d_%H_%M_%S_%N
+ name=2013_01_13_09_36_25_641246943
+ mkdir 2013_01_13_09_36_25_641246943
+ cd 2013_01_13_09_36_25_641246943
+ touch out.dat
+ env
+ echo 2013_01_13_09_36_25_641246943
+ uname -a
+ srun --nodes=1 --ntasks=1 -ppbatch cat /proc/cpuinfo
+ grep MHz
+ srun --nodes=1 --ntasks=1 -o host_info hostname
+ echo 'threads/node: 10'
+ echo 'nodes: ' 1
+ echo 'turbo: 0'
+ srun --nodes=1 --ntasks=1 -e f.err papiex -f dir-papi -e PAPI_L3_TCA -e PAPI_L3_TCM ../bmark3

In READ-WRITE mode.

Each chunk is: 4096
Iterations: 2
Nodes: 1
Threads: 10
 Rank 0 is done initializing
Time is: 231.345750 secs
+ cd ../
+ i=8
+ '[' 8 -ge 4 ']'
+ export OMP_NUM_THREADS=8
+ OMP_NUM_THREADS=8
+ export KMP_AFFINITY=scatter
+ KMP_AFFINITY=scatter
++ date +%Y_%m_%d_%H_%M_%S_%N
+ name=2013_01_13_09_40_18_089117314
+ mkdir 2013_01_13_09_40_18_089117314
+ cd 2013_01_13_09_40_18_089117314
+ touch out.dat
+ env
+ echo 2013_01_13_09_40_18_089117314
+ uname -a
+ srun --nodes=1 --ntasks=1 -ppbatch cat /proc/cpuinfo
+ grep MHz
+ srun --nodes=1 --ntasks=1 -o host_info hostname
+ echo 'threads/node: 8'
+ echo 'nodes: ' 1
+ echo 'turbo: 0'
+ srun --nodes=1 --ntasks=1 -e f.err papiex -f dir-papi -e PAPI_L3_TCA -e PAPI_L3_TCM ../bmark3

In READ-WRITE mode.

Each chunk is: 4096
Iterations: 2
Nodes: 1
Threads: 8
 Rank 0 is done initializing
Time is: 285.468977 secs
+ cd ../
+ i=6
+ '[' 6 -ge 4 ']'
+ export OMP_NUM_THREADS=6
+ OMP_NUM_THREADS=6
+ export KMP_AFFINITY=scatter
+ KMP_AFFINITY=scatter
++ date +%Y_%m_%d_%H_%M_%S_%N
+ name=2013_01_13_09_45_04_751510649
+ mkdir 2013_01_13_09_45_04_751510649
+ cd 2013_01_13_09_45_04_751510649
+ touch out.dat
+ env
+ echo 2013_01_13_09_45_04_751510649
+ uname -a
+ srun --nodes=1 --ntasks=1 -ppbatch cat /proc/cpuinfo
+ grep MHz
+ srun --nodes=1 --ntasks=1 -o host_info hostname
+ echo 'threads/node: 6'
+ echo 'nodes: ' 1
+ echo 'turbo: 0'
+ srun --nodes=1 --ntasks=1 -e f.err papiex -f dir-papi -e PAPI_L3_TCA -e PAPI_L3_TCM ../bmark3

In READ-WRITE mode.

Each chunk is: 4096
Iterations: 2
Nodes: 1
Threads: 6
 Rank 0 is done initializing
Time is: 324.019345 secs
+ cd ../
+ i=4
+ '[' 4 -ge 4 ']'
+ export OMP_NUM_THREADS=4
+ OMP_NUM_THREADS=4
+ export KMP_AFFINITY=scatter
+ KMP_AFFINITY=scatter
++ date +%Y_%m_%d_%H_%M_%S_%N
+ name=2013_01_13_09_50_29_852614947
+ mkdir 2013_01_13_09_50_29_852614947
+ cd 2013_01_13_09_50_29_852614947
+ touch out.dat
+ env
+ echo 2013_01_13_09_50_29_852614947
+ uname -a
+ srun --nodes=1 --ntasks=1 -ppbatch cat /proc/cpuinfo
+ grep MHz
+ srun --nodes=1 --ntasks=1 -o host_info hostname
+ echo 'threads/node: 4'
+ echo 'nodes: ' 1
+ echo 'turbo: 0'
+ srun --nodes=1 --ntasks=1 -e f.err papiex -f dir-papi -e PAPI_L3_TCA -e PAPI_L3_TCM ../bmark3

In READ-WRITE mode.

Each chunk is: 4096
Iterations: 2
Nodes: 1
Threads: 4
 Rank 0 is done initializing
Time is: 541.330953 secs
+ cd ../
+ i=2
+ '[' 2 -ge 4 ']'
+ for pkg in 0x38198 0x381B8 0x381E0 0x038208 0x38230 0x38258 0x38280 0x382A8 0x382D0 0x0382f8 0x038320
+ export MSR_PKG_POWER_LIMIT=0x381B8
+ MSR_PKG_POWER_LIMIT=0x381B8
+ i=16
+ '[' 16 -ge 4 ']'
+ export OMP_NUM_THREADS=16
+ OMP_NUM_THREADS=16
+ export KMP_AFFINITY=scatter
+ KMP_AFFINITY=scatter
++ date +%Y_%m_%d_%H_%M_%S_%N
+ name=2013_01_13_09_59_32_295789239
+ mkdir 2013_01_13_09_59_32_295789239
+ cd 2013_01_13_09_59_32_295789239
+ touch out.dat
+ env
+ echo 2013_01_13_09_59_32_295789239
+ uname -a
+ srun --nodes=1 --ntasks=1 -ppbatch cat /proc/cpuinfo
+ grep MHz
+ srun --nodes=1 --ntasks=1 -o host_info hostname
+ echo 'threads/node: 16'
+ echo 'nodes: ' 1
+ echo 'turbo: 0'
+ srun --nodes=1 --ntasks=1 -e f.err papiex -f dir-papi -e PAPI_L3_TCA -e PAPI_L3_TCM ../bmark3

In READ-WRITE mode.

Each chunk is: 4096
Iterations: 2
Nodes: 1
Threads: 16
 Rank 0 is done initializing
Time is: 155.370300 secs
+ cd ../
+ i=14
+ '[' 14 -ge 4 ']'
+ export OMP_NUM_THREADS=14
+ OMP_NUM_THREADS=14
+ export KMP_AFFINITY=scatter
+ KMP_AFFINITY=scatter
++ date +%Y_%m_%d_%H_%M_%S_%N
+ name=2013_01_13_10_02_09_085584059
+ mkdir 2013_01_13_10_02_09_085584059
+ cd 2013_01_13_10_02_09_085584059
+ touch out.dat
+ env
+ echo 2013_01_13_10_02_09_085584059
+ uname -a
+ srun --nodes=1 --ntasks=1 -ppbatch cat /proc/cpuinfo
+ grep MHz
+ srun --nodes=1 --ntasks=1 -o host_info hostname
+ echo 'threads/node: 14'
+ echo 'nodes: ' 1
+ echo 'turbo: 0'
+ srun --nodes=1 --ntasks=1 -e f.err papiex -f dir-papi -e PAPI_L3_TCA -e PAPI_L3_TCM ../bmark3

In READ-WRITE mode.

Each chunk is: 4096
Iterations: 2
Nodes: 1
Threads: 14
 Rank 0 is done initializing
Time is: 172.082740 secs
+ cd ../
+ i=12
+ '[' 12 -ge 4 ']'
+ export OMP_NUM_THREADS=12
+ OMP_NUM_THREADS=12
+ export KMP_AFFINITY=scatter
+ KMP_AFFINITY=scatter
++ date +%Y_%m_%d_%H_%M_%S_%N
+ name=2013_01_13_10_05_02_282411093
+ mkdir 2013_01_13_10_05_02_282411093
+ cd 2013_01_13_10_05_02_282411093
+ touch out.dat
+ env
+ echo 2013_01_13_10_05_02_282411093
+ uname -a
+ srun --nodes=1 --ntasks=1 -ppbatch cat /proc/cpuinfo
+ grep MHz
+ srun --nodes=1 --ntasks=1 -o host_info hostname
+ echo 'threads/node: 12'
+ echo 'nodes: ' 1
+ echo 'turbo: 0'
+ srun --nodes=1 --ntasks=1 -e f.err papiex -f dir-papi -e PAPI_L3_TCA -e PAPI_L3_TCM ../bmark3

In READ-WRITE mode.

Each chunk is: 4096
Iterations: 2
Nodes: 1
Threads: 12
 Rank 0 is done initializing
Time is: 196.039992 secs
+ cd ../
+ i=10
+ '[' 10 -ge 4 ']'
+ export OMP_NUM_THREADS=10
+ OMP_NUM_THREADS=10
+ export KMP_AFFINITY=scatter
+ KMP_AFFINITY=scatter
++ date +%Y_%m_%d_%H_%M_%S_%N
+ name=2013_01_13_10_08_19_595390277
+ mkdir 2013_01_13_10_08_19_595390277
+ cd 2013_01_13_10_08_19_595390277
+ touch out.dat
+ env
+ echo 2013_01_13_10_08_19_595390277
+ uname -a
+ srun --nodes=1 --ntasks=1 -ppbatch cat /proc/cpuinfo
+ grep MHz
+ srun --nodes=1 --ntasks=1 -o host_info hostname
+ echo 'threads/node: 10'
+ echo 'nodes: ' 1
+ echo 'turbo: 0'
+ srun --nodes=1 --ntasks=1 -e f.err papiex -f dir-papi -e PAPI_L3_TCA -e PAPI_L3_TCM ../bmark3

In READ-WRITE mode.

Each chunk is: 4096
Iterations: 2
Nodes: 1
Threads: 10
 Rank 0 is done initializing
Time is: 219.235497 secs
+ cd ../
+ i=8
+ '[' 8 -ge 4 ']'
+ export OMP_NUM_THREADS=8
+ OMP_NUM_THREADS=8
+ export KMP_AFFINITY=scatter
+ KMP_AFFINITY=scatter
++ date +%Y_%m_%d_%H_%M_%S_%N
+ name=2013_01_13_10_12_00_035935795
+ mkdir 2013_01_13_10_12_00_035935795
+ cd 2013_01_13_10_12_00_035935795
+ touch out.dat
+ env
+ echo 2013_01_13_10_12_00_035935795
+ uname -a
+ srun --nodes=1 --ntasks=1 -ppbatch cat /proc/cpuinfo
+ grep MHz
+ srun --nodes=1 --ntasks=1 -o host_info hostname
+ echo 'threads/node: 8'
+ echo 'nodes: ' 1
+ echo 'turbo: 0'
+ srun --nodes=1 --ntasks=1 -e f.err papiex -f dir-papi -e PAPI_L3_TCA -e PAPI_L3_TCM ../bmark3

In READ-WRITE mode.

Each chunk is: 4096
Iterations: 2
Nodes: 1
Threads: 8
 Rank 0 is done initializing
Time is: 281.238453 secs
+ cd ../
+ i=6
+ '[' 6 -ge 4 ']'
+ export OMP_NUM_THREADS=6
+ OMP_NUM_THREADS=6
+ export KMP_AFFINITY=scatter
+ KMP_AFFINITY=scatter
++ date +%Y_%m_%d_%H_%M_%S_%N
+ name=2013_01_13_10_16_42_537284074
+ mkdir 2013_01_13_10_16_42_537284074
+ cd 2013_01_13_10_16_42_537284074
+ touch out.dat
+ env
+ echo 2013_01_13_10_16_42_537284074
+ uname -a
+ srun --nodes=1 --ntasks=1 -ppbatch cat /proc/cpuinfo
+ grep MHz
+ srun --nodes=1 --ntasks=1 -o host_info hostname
+ echo 'threads/node: 6'
+ echo 'nodes: ' 1
+ echo 'turbo: 0'
+ srun --nodes=1 --ntasks=1 -e f.err papiex -f dir-papi -e PAPI_L3_TCA -e PAPI_L3_TCM ../bmark3

In READ-WRITE mode.

Each chunk is: 4096
Iterations: 2
Nodes: 1
Threads: 6
 Rank 0 is done initializing
Time is: 332.023244 secs
+ cd ../
+ i=4
+ '[' 4 -ge 4 ']'
+ export OMP_NUM_THREADS=4
+ OMP_NUM_THREADS=4
+ export KMP_AFFINITY=scatter
+ KMP_AFFINITY=scatter
++ date +%Y_%m_%d_%H_%M_%S_%N
+ name=2013_01_13_10_22_15_649788993
+ mkdir 2013_01_13_10_22_15_649788993
+ cd 2013_01_13_10_22_15_649788993
+ touch out.dat
+ env
+ echo 2013_01_13_10_22_15_649788993
+ uname -a
+ srun --nodes=1 --ntasks=1 -ppbatch cat /proc/cpuinfo
+ grep MHz
+ srun --nodes=1 --ntasks=1 -o host_info hostname
+ echo 'threads/node: 4'
+ echo 'nodes: ' 1
+ echo 'turbo: 0'
+ srun --nodes=1 --ntasks=1 -e f.err papiex -f dir-papi -e PAPI_L3_TCA -e PAPI_L3_TCM ../bmark3

In READ-WRITE mode.

Each chunk is: 4096
Iterations: 2
Nodes: 1
Threads: 4
 Rank 0 is done initializing
Time is: 622.930568 secs
+ cd ../
+ i=2
+ '[' 2 -ge 4 ']'
+ for pkg in 0x38198 0x381B8 0x381E0 0x038208 0x38230 0x38258 0x38280 0x382A8 0x382D0 0x0382f8 0x038320
+ export MSR_PKG_POWER_LIMIT=0x381E0
+ MSR_PKG_POWER_LIMIT=0x381E0
+ i=16
+ '[' 16 -ge 4 ']'
+ export OMP_NUM_THREADS=16
+ OMP_NUM_THREADS=16
+ export KMP_AFFINITY=scatter
+ KMP_AFFINITY=scatter
++ date +%Y_%m_%d_%H_%M_%S_%N
+ name=2013_01_13_10_32_39_786094777
+ mkdir 2013_01_13_10_32_39_786094777
+ cd 2013_01_13_10_32_39_786094777
+ touch out.dat
+ env
+ echo 2013_01_13_10_32_39_786094777
+ uname -a
+ srun --nodes=1 --ntasks=1 -ppbatch cat /proc/cpuinfo
+ grep MHz
+ srun --nodes=1 --ntasks=1 -o host_info hostname
+ echo 'threads/node: 16'
+ echo 'nodes: ' 1
+ echo 'turbo: 0'
+ srun --nodes=1 --ntasks=1 -e f.err papiex -f dir-papi -e PAPI_L3_TCA -e PAPI_L3_TCM ../bmark3

In READ-WRITE mode.

Each chunk is: 4096
Iterations: 2
Nodes: 1
Threads: 16
 Rank 0 is done initializing
Time is: 151.707805 secs
+ cd ../
+ i=14
+ '[' 14 -ge 4 ']'
+ export OMP_NUM_THREADS=14
+ OMP_NUM_THREADS=14
+ export KMP_AFFINITY=scatter
+ KMP_AFFINITY=scatter
++ date +%Y_%m_%d_%H_%M_%S_%N
+ name=2013_01_13_10_35_12_805610754
+ mkdir 2013_01_13_10_35_12_805610754
+ cd 2013_01_13_10_35_12_805610754
+ touch out.dat
+ env
+ echo 2013_01_13_10_35_12_805610754
+ uname -a
+ srun --nodes=1 --ntasks=1 -ppbatch cat /proc/cpuinfo
+ grep MHz
+ srun --nodes=1 --ntasks=1 -o host_info hostname
+ echo 'threads/node: 14'
+ echo 'nodes: ' 1
+ echo 'turbo: 0'
+ srun --nodes=1 --ntasks=1 -e f.err papiex -f dir-papi -e PAPI_L3_TCA -e PAPI_L3_TCM ../bmark3

In READ-WRITE mode.

Each chunk is: 4096
Iterations: 2
Nodes: 1
Threads: 14
 Rank 0 is done initializing
Time is: 166.946537 secs
+ cd ../
+ i=12
+ '[' 12 -ge 4 ']'
+ export OMP_NUM_THREADS=12
+ OMP_NUM_THREADS=12
+ export KMP_AFFINITY=scatter
+ KMP_AFFINITY=scatter
++ date +%Y_%m_%d_%H_%M_%S_%N
+ name=2013_01_13_10_38_01_024742846
+ mkdir 2013_01_13_10_38_01_024742846
+ cd 2013_01_13_10_38_01_024742846
+ touch out.dat
+ env
+ echo 2013_01_13_10_38_01_024742846
+ uname -a
+ srun --nodes=1 --ntasks=1 -ppbatch cat /proc/cpuinfo
+ grep MHz
+ srun --nodes=1 --ntasks=1 -o host_info hostname
+ echo 'threads/node: 12'
+ echo 'nodes: ' 1
+ echo 'turbo: 0'
+ srun --nodes=1 --ntasks=1 -e f.err papiex -f dir-papi -e PAPI_L3_TCA -e PAPI_L3_TCM ../bmark3

In READ-WRITE mode.

Each chunk is: 4096
Iterations: 2
Nodes: 1
Threads: 12
 Rank 0 is done initializing
Time is: 185.216662 secs
+ cd ../
+ i=10
+ '[' 10 -ge 4 ']'
+ export OMP_NUM_THREADS=10
+ OMP_NUM_THREADS=10
+ export KMP_AFFINITY=scatter
+ KMP_AFFINITY=scatter
++ date +%Y_%m_%d_%H_%M_%S_%N
+ name=2013_01_13_10_41_07_450146683
+ mkdir 2013_01_13_10_41_07_450146683
+ cd 2013_01_13_10_41_07_450146683
+ touch out.dat
+ env
+ echo 2013_01_13_10_41_07_450146683
+ uname -a
+ srun --nodes=1 --ntasks=1 -ppbatch cat /proc/cpuinfo
+ grep MHz
+ srun --nodes=1 --ntasks=1 -o host_info hostname
+ echo 'threads/node: 10'
+ echo 'nodes: ' 1
+ echo 'turbo: 0'
+ srun --nodes=1 --ntasks=1 -e f.err papiex -f dir-papi -e PAPI_L3_TCA -e PAPI_L3_TCM ../bmark3

In READ-WRITE mode.

Each chunk is: 4096
Iterations: 2
Nodes: 1
Threads: 10
 Rank 0 is done initializing
Time is: 207.908141 secs
+ cd ../
+ i=8
+ '[' 8 -ge 4 ']'
+ export OMP_NUM_THREADS=8
+ OMP_NUM_THREADS=8
+ export KMP_AFFINITY=scatter
+ KMP_AFFINITY=scatter
++ date +%Y_%m_%d_%H_%M_%S_%N
+ name=2013_01_13_10_44_36_495592179
+ mkdir 2013_01_13_10_44_36_495592179
+ cd 2013_01_13_10_44_36_495592179
+ touch out.dat
+ env
+ echo 2013_01_13_10_44_36_495592179
+ uname -a
+ srun --nodes=1 --ntasks=1 -ppbatch cat /proc/cpuinfo
+ grep MHz
+ srun --nodes=1 --ntasks=1 -o host_info hostname
+ echo 'threads/node: 8'
+ echo 'nodes: ' 1
+ echo 'turbo: 0'
+ srun --nodes=1 --ntasks=1 -e f.err papiex -f dir-papi -e PAPI_L3_TCA -e PAPI_L3_TCM ../bmark3

In READ-WRITE mode.

Each chunk is: 4096
Iterations: 2
Nodes: 1
Threads: 8
 Rank 0 is done initializing
Time is: 276.967586 secs
+ cd ../
+ i=6
+ '[' 6 -ge 4 ']'
+ export OMP_NUM_THREADS=6
+ OMP_NUM_THREADS=6
+ export KMP_AFFINITY=scatter
+ KMP_AFFINITY=scatter
++ date +%Y_%m_%d_%H_%M_%S_%N
+ name=2013_01_13_10_49_14_609765831
+ mkdir 2013_01_13_10_49_14_609765831
+ cd 2013_01_13_10_49_14_609765831
+ touch out.dat
+ env
+ echo 2013_01_13_10_49_14_609765831
+ uname -a
+ srun --nodes=1 --ntasks=1 -ppbatch cat /proc/cpuinfo
+ grep MHz
+ srun --nodes=1 --ntasks=1 -o host_info hostname
+ echo 'threads/node: 6'
+ echo 'nodes: ' 1
+ echo 'turbo: 0'
+ srun --nodes=1 --ntasks=1 -e f.err papiex -f dir-papi -e PAPI_L3_TCA -e PAPI_L3_TCM ../bmark3

In READ-WRITE mode.

Each chunk is: 4096
Iterations: 2
Nodes: 1
Threads: 6
 Rank 0 is done initializing
Time is: 343.648857 secs
+ cd ../
+ i=4
+ '[' 4 -ge 4 ']'
+ export OMP_NUM_THREADS=4
+ OMP_NUM_THREADS=4
+ export KMP_AFFINITY=scatter
+ KMP_AFFINITY=scatter
++ date +%Y_%m_%d_%H_%M_%S_%N
+ name=2013_01_13_10_54_59_349143585
+ mkdir 2013_01_13_10_54_59_349143585
+ cd 2013_01_13_10_54_59_349143585
+ touch out.dat
+ env
+ echo 2013_01_13_10_54_59_349143585
+ uname -a
+ srun --nodes=1 --ntasks=1 -ppbatch cat /proc/cpuinfo
+ grep MHz
+ srun --nodes=1 --ntasks=1 -o host_info hostname
+ echo 'threads/node: 4'
+ echo 'nodes: ' 1
+ echo 'turbo: 0'
+ srun --nodes=1 --ntasks=1 -e f.err papiex -f dir-papi -e PAPI_L3_TCA -e PAPI_L3_TCM ../bmark3

In READ-WRITE mode.

Each chunk is: 4096
Iterations: 2
Nodes: 1
Threads: 4
 Rank 0 is done initializing
Time is: 609.208788 secs
+ cd ../
+ i=2
+ '[' 2 -ge 4 ']'
+ for pkg in 0x38198 0x381B8 0x381E0 0x038208 0x38230 0x38258 0x38280 0x382A8 0x382D0 0x0382f8 0x038320
+ export MSR_PKG_POWER_LIMIT=0x038208
+ MSR_PKG_POWER_LIMIT=0x038208
+ i=16
+ '[' 16 -ge 4 ']'
+ export OMP_NUM_THREADS=16
+ OMP_NUM_THREADS=16
+ export KMP_AFFINITY=scatter
+ KMP_AFFINITY=scatter
++ date +%Y_%m_%d_%H_%M_%S_%N
+ name=2013_01_13_11_05_09_673662957
+ mkdir 2013_01_13_11_05_09_673662957
+ cd 2013_01_13_11_05_09_673662957
+ touch out.dat
+ env
+ echo 2013_01_13_11_05_09_673662957
+ uname -a
+ srun --nodes=1 --ntasks=1 -ppbatch cat /proc/cpuinfo
+ grep MHz
+ srun --nodes=1 --ntasks=1 -o host_info hostname
+ echo 'threads/node: 16'
+ echo 'nodes: ' 1
+ echo 'turbo: 0'
+ srun --nodes=1 --ntasks=1 -e f.err papiex -f dir-papi -e PAPI_L3_TCA -e PAPI_L3_TCM ../bmark3

In READ-WRITE mode.

Each chunk is: 4096
Iterations: 2
Nodes: 1
Threads: 16
 Rank 0 is done initializing
Time is: 142.347323 secs
+ cd ../
+ i=14
+ '[' 14 -ge 4 ']'
+ export OMP_NUM_THREADS=14
+ OMP_NUM_THREADS=14
+ export KMP_AFFINITY=scatter
+ KMP_AFFINITY=scatter
++ date +%Y_%m_%d_%H_%M_%S_%N
+ name=2013_01_13_11_07_33_388957643
+ mkdir 2013_01_13_11_07_33_388957643
+ cd 2013_01_13_11_07_33_388957643
+ touch out.dat
+ env
+ echo 2013_01_13_11_07_33_388957643
+ uname -a
+ srun --nodes=1 --ntasks=1 -ppbatch cat /proc/cpuinfo
+ grep MHz
+ srun --nodes=1 --ntasks=1 -o host_info hostname
+ echo 'threads/node: 14'
+ echo 'nodes: ' 1
+ echo 'turbo: 0'
+ srun --nodes=1 --ntasks=1 -e f.err papiex -f dir-papi -e PAPI_L3_TCA -e PAPI_L3_TCM ../bmark3

In READ-WRITE mode.

Each chunk is: 4096
Iterations: 2
Nodes: 1
Threads: 14
 Rank 0 is done initializing
Time is: 156.220225 secs
+ cd ../
+ i=12
+ '[' 12 -ge 4 ']'
+ export OMP_NUM_THREADS=12
+ OMP_NUM_THREADS=12
+ export KMP_AFFINITY=scatter
+ KMP_AFFINITY=scatter
++ date +%Y_%m_%d_%H_%M_%S_%N
+ name=2013_01_13_11_10_10_806105050
+ mkdir 2013_01_13_11_10_10_806105050
+ cd 2013_01_13_11_10_10_806105050
+ touch out.dat
+ env
+ echo 2013_01_13_11_10_10_806105050
+ uname -a
+ srun --nodes=1 --ntasks=1 -ppbatch cat /proc/cpuinfo
+ grep MHz
+ srun --nodes=1 --ntasks=1 -o host_info hostname
+ echo 'threads/node: 12'
+ echo 'nodes: ' 1
+ echo 'turbo: 0'
+ srun --nodes=1 --ntasks=1 -e f.err papiex -f dir-papi -e PAPI_L3_TCA -e PAPI_L3_TCM ../bmark3

In READ-WRITE mode.

Each chunk is: 4096
Iterations: 2
Nodes: 1
Threads: 12
 Rank 0 is done initializing
Time is: 174.497994 secs
+ cd ../
+ i=10
+ '[' 10 -ge 4 ']'
+ export OMP_NUM_THREADS=10
+ OMP_NUM_THREADS=10
+ export KMP_AFFINITY=scatter
+ KMP_AFFINITY=scatter
++ date +%Y_%m_%d_%H_%M_%S_%N
+ name=2013_01_13_11_13_06_621701375
+ mkdir 2013_01_13_11_13_06_621701375
+ cd 2013_01_13_11_13_06_621701375
+ touch out.dat
+ env
+ echo 2013_01_13_11_13_06_621701375
+ uname -a
+ srun --nodes=1 --ntasks=1 -ppbatch cat /proc/cpuinfo
+ grep MHz
+ srun --nodes=1 --ntasks=1 -o host_info hostname
+ echo 'threads/node: 10'
+ echo 'nodes: ' 1
+ echo 'turbo: 0'
+ srun --nodes=1 --ntasks=1 -e f.err papiex -f dir-papi -e PAPI_L3_TCA -e PAPI_L3_TCM ../bmark3

In READ-WRITE mode.

Each chunk is: 4096
Iterations: 2
Nodes: 1
Threads: 10
 Rank 0 is done initializing
Time is: 209.640710 secs
+ cd ../
+ i=8
+ '[' 8 -ge 4 ']'
+ export OMP_NUM_THREADS=8
+ OMP_NUM_THREADS=8
+ export KMP_AFFINITY=scatter
+ KMP_AFFINITY=scatter
++ date +%Y_%m_%d_%H_%M_%S_%N
+ name=2013_01_13_11_16_37_471036444
+ mkdir 2013_01_13_11_16_37_471036444
+ cd 2013_01_13_11_16_37_471036444
+ touch out.dat
+ env
+ echo 2013_01_13_11_16_37_471036444
+ uname -a
+ srun --nodes=1 --ntasks=1 -ppbatch cat /proc/cpuinfo
+ grep MHz
+ srun --nodes=1 --ntasks=1 -o host_info hostname
+ echo 'threads/node: 8'
+ echo 'nodes: ' 1
+ echo 'turbo: 0'
+ srun --nodes=1 --ntasks=1 -e f.err papiex -f dir-papi -e PAPI_L3_TCA -e PAPI_L3_TCM ../bmark3

In READ-WRITE mode.

Each chunk is: 4096
Iterations: 2
Nodes: 1
Threads: 8
 Rank 0 is done initializing
Time is: 284.839381 secs
+ cd ../
+ i=6
+ '[' 6 -ge 4 ']'
+ export OMP_NUM_THREADS=6
+ OMP_NUM_THREADS=6
+ export KMP_AFFINITY=scatter
+ KMP_AFFINITY=scatter
++ date +%Y_%m_%d_%H_%M_%S_%N
+ name=2013_01_13_11_21_23_558617756
+ mkdir 2013_01_13_11_21_23_558617756
+ cd 2013_01_13_11_21_23_558617756
+ touch out.dat
+ env
+ echo 2013_01_13_11_21_23_558617756
+ uname -a
+ srun --nodes=1 --ntasks=1 -ppbatch cat /proc/cpuinfo
+ grep MHz
+ srun --nodes=1 --ntasks=1 -o host_info hostname
+ echo 'threads/node: 6'
+ echo 'nodes: ' 1
+ echo 'turbo: 0'
+ srun --nodes=1 --ntasks=1 -e f.err papiex -f dir-papi -e PAPI_L3_TCA -e PAPI_L3_TCM ../bmark3

In READ-WRITE mode.

Each chunk is: 4096
Iterations: 2
Nodes: 1
Threads: 6
 Rank 0 is done initializing
Time is: 343.032314 secs
+ cd ../
+ i=4
+ '[' 4 -ge 4 ']'
+ export OMP_NUM_THREADS=4
+ OMP_NUM_THREADS=4
+ export KMP_AFFINITY=scatter
+ KMP_AFFINITY=scatter
++ date +%Y_%m_%d_%H_%M_%S_%N
+ name=2013_01_13_11_27_07_710951881
+ mkdir 2013_01_13_11_27_07_710951881
+ cd 2013_01_13_11_27_07_710951881
+ touch out.dat
+ env
+ echo 2013_01_13_11_27_07_710951881
+ uname -a
+ srun --nodes=1 --ntasks=1 -ppbatch cat /proc/cpuinfo
+ grep MHz
+ srun --nodes=1 --ntasks=1 -o host_info hostname
+ echo 'threads/node: 4'
+ echo 'nodes: ' 1
+ echo 'turbo: 0'
+ srun --nodes=1 --ntasks=1 -e f.err papiex -f dir-papi -e PAPI_L3_TCA -e PAPI_L3_TCM ../bmark3

In READ-WRITE mode.

Each chunk is: 4096
Iterations: 2
Nodes: 1
Threads: 4
 Rank 0 is done initializing
Time is: 594.306730 secs
+ cd ../
+ i=2
+ '[' 2 -ge 4 ']'
+ for pkg in 0x38198 0x381B8 0x381E0 0x038208 0x38230 0x38258 0x38280 0x382A8 0x382D0 0x0382f8 0x038320
+ export MSR_PKG_POWER_LIMIT=0x38230
+ MSR_PKG_POWER_LIMIT=0x38230
+ i=16
+ '[' 16 -ge 4 ']'
+ export OMP_NUM_THREADS=16
+ OMP_NUM_THREADS=16
+ export KMP_AFFINITY=scatter
+ KMP_AFFINITY=scatter
++ date +%Y_%m_%d_%H_%M_%S_%N
+ name=2013_01_13_11_37_03_224723406
+ mkdir 2013_01_13_11_37_03_224723406
+ cd 2013_01_13_11_37_03_224723406
+ touch out.dat
+ env
+ echo 2013_01_13_11_37_03_224723406
+ uname -a
+ srun --nodes=1 --ntasks=1 -ppbatch cat /proc/cpuinfo
+ grep MHz
+ srun --nodes=1 --ntasks=1 -o host_info hostname
+ echo 'threads/node: 16'
+ echo 'nodes: ' 1
+ echo 'turbo: 0'
+ srun --nodes=1 --ntasks=1 -e f.err papiex -f dir-papi -e PAPI_L3_TCA -e PAPI_L3_TCM ../bmark3

In READ-WRITE mode.

Each chunk is: 4096
Iterations: 2
Nodes: 1
Threads: 16
 Rank 0 is done initializing
Time is: 137.838130 secs
+ cd ../
+ i=14
+ '[' 14 -ge 4 ']'
+ export OMP_NUM_THREADS=14
+ OMP_NUM_THREADS=14
+ export KMP_AFFINITY=scatter
+ KMP_AFFINITY=scatter
++ date +%Y_%m_%d_%H_%M_%S_%N
+ name=2013_01_13_11_39_22_412961734
+ mkdir 2013_01_13_11_39_22_412961734
+ cd 2013_01_13_11_39_22_412961734
+ touch out.dat
+ env
+ echo 2013_01_13_11_39_22_412961734
+ uname -a
+ srun --nodes=1 --ntasks=1 -ppbatch cat /proc/cpuinfo
+ grep MHz
+ srun --nodes=1 --ntasks=1 -o host_info hostname
+ echo 'threads/node: 14'
+ echo 'nodes: ' 1
+ echo 'turbo: 0'
+ srun --nodes=1 --ntasks=1 -e f.err papiex -f dir-papi -e PAPI_L3_TCA -e PAPI_L3_TCM ../bmark3

In READ-WRITE mode.

Each chunk is: 4096
Iterations: 2
Nodes: 1
Threads: 14
 Rank 0 is done initializing
Time is: 151.729580 secs
+ cd ../
+ i=12
+ '[' 12 -ge 4 ']'
+ export OMP_NUM_THREADS=12
+ OMP_NUM_THREADS=12
+ export KMP_AFFINITY=scatter
+ KMP_AFFINITY=scatter
++ date +%Y_%m_%d_%H_%M_%S_%N
+ name=2013_01_13_11_41_55_428296577
+ mkdir 2013_01_13_11_41_55_428296577
+ cd 2013_01_13_11_41_55_428296577
+ touch out.dat
+ env
+ echo 2013_01_13_11_41_55_428296577
+ uname -a
+ srun --nodes=1 --ntasks=1 -ppbatch cat /proc/cpuinfo
+ grep MHz
+ srun --nodes=1 --ntasks=1 -o host_info hostname
+ echo 'threads/node: 12'
+ echo 'nodes: ' 1
+ echo 'turbo: 0'
+ srun --nodes=1 --ntasks=1 -e f.err papiex -f dir-papi -e PAPI_L3_TCA -e PAPI_L3_TCM ../bmark3

In READ-WRITE mode.

Each chunk is: 4096
Iterations: 2
Nodes: 1
Threads: 12
 Rank 0 is done initializing
Time is: 173.602867 secs
+ cd ../
+ i=10
+ '[' 10 -ge 4 ']'
+ export OMP_NUM_THREADS=10
+ OMP_NUM_THREADS=10
+ export KMP_AFFINITY=scatter
+ KMP_AFFINITY=scatter
++ date +%Y_%m_%d_%H_%M_%S_%N
+ name=2013_01_13_11_44_50_245495566
+ mkdir 2013_01_13_11_44_50_245495566
+ cd 2013_01_13_11_44_50_245495566
+ touch out.dat
+ env
+ echo 2013_01_13_11_44_50_245495566
+ uname -a
+ srun --nodes=1 --ntasks=1 -ppbatch cat /proc/cpuinfo
+ grep MHz
+ srun --nodes=1 --ntasks=1 -o host_info hostname
+ echo 'threads/node: 10'
+ echo 'nodes: ' 1
+ echo 'turbo: 0'
+ srun --nodes=1 --ntasks=1 -e f.err papiex -f dir-papi -e PAPI_L3_TCA -e PAPI_L3_TCM ../bmark3

In READ-WRITE mode.

Each chunk is: 4096
Iterations: 2
Nodes: 1
Threads: 10
 Rank 0 is done initializing
Time is: 209.310140 secs
+ cd ../
+ i=8
+ '[' 8 -ge 4 ']'
+ export OMP_NUM_THREADS=8
+ OMP_NUM_THREADS=8
+ export KMP_AFFINITY=scatter
+ KMP_AFFINITY=scatter
++ date +%Y_%m_%d_%H_%M_%S_%N
+ name=2013_01_13_11_48_20_727914420
+ mkdir 2013_01_13_11_48_20_727914420
+ cd 2013_01_13_11_48_20_727914420
+ touch out.dat
+ env
+ echo 2013_01_13_11_48_20_727914420
+ uname -a
+ srun --nodes=1 --ntasks=1 -ppbatch cat /proc/cpuinfo
+ grep MHz
+ srun --nodes=1 --ntasks=1 -o host_info hostname
+ echo 'threads/node: 8'
+ echo 'nodes: ' 1
+ echo 'turbo: 0'
+ srun --nodes=1 --ntasks=1 -e f.err papiex -f dir-papi -e PAPI_L3_TCA -e PAPI_L3_TCM ../bmark3

In READ-WRITE mode.

Each chunk is: 4096
Iterations: 2
Nodes: 1
Threads: 8
 Rank 0 is done initializing
Time is: 283.308084 secs
+ cd ../
+ i=6
+ '[' 6 -ge 4 ']'
+ export OMP_NUM_THREADS=6
+ OMP_NUM_THREADS=6
+ export KMP_AFFINITY=scatter
+ KMP_AFFINITY=scatter
++ date +%Y_%m_%d_%H_%M_%S_%N
+ name=2013_01_13_11_53_05_207570663
+ mkdir 2013_01_13_11_53_05_207570663
+ cd 2013_01_13_11_53_05_207570663
+ touch out.dat
+ env
+ echo 2013_01_13_11_53_05_207570663
+ uname -a
+ srun --nodes=1 --ntasks=1 -ppbatch cat /proc/cpuinfo
+ grep MHz
+ srun --nodes=1 --ntasks=1 -o host_info hostname
+ echo 'threads/node: 6'
+ echo 'nodes: ' 1
+ echo 'turbo: 0'
+ srun --nodes=1 --ntasks=1 -e f.err papiex -f dir-papi -e PAPI_L3_TCA -e PAPI_L3_TCM ../bmark3

In READ-WRITE mode.

Each chunk is: 4096
Iterations: 2
Nodes: 1
Threads: 6
 Rank 0 is done initializing
Time is: 334.059359 secs
+ cd ../
+ i=4
+ '[' 4 -ge 4 ']'
+ export OMP_NUM_THREADS=4
+ OMP_NUM_THREADS=4
+ export KMP_AFFINITY=scatter
+ KMP_AFFINITY=scatter
++ date +%Y_%m_%d_%H_%M_%S_%N
+ name=2013_01_13_11_58_40_318000430
+ mkdir 2013_01_13_11_58_40_318000430
+ cd 2013_01_13_11_58_40_318000430
+ touch out.dat
+ env
+ echo 2013_01_13_11_58_40_318000430
+ uname -a
+ srun --nodes=1 --ntasks=1 -ppbatch cat /proc/cpuinfo
+ grep MHz
+ srun --nodes=1 --ntasks=1 -o host_info hostname
+ echo 'threads/node: 4'
+ echo 'nodes: ' 1
+ echo 'turbo: 0'
+ srun --nodes=1 --ntasks=1 -e f.err papiex -f dir-papi -e PAPI_L3_TCA -e PAPI_L3_TCM ../bmark3

In READ-WRITE mode.

Each chunk is: 4096
Iterations: 2
Nodes: 1
Threads: 4
 Rank 0 is done initializing
Time is: 559.820091 secs
+ cd ../
+ i=2
+ '[' 2 -ge 4 ']'
+ for pkg in 0x38198 0x381B8 0x381E0 0x038208 0x38230 0x38258 0x38280 0x382A8 0x382D0 0x0382f8 0x038320
+ export MSR_PKG_POWER_LIMIT=0x38258
+ MSR_PKG_POWER_LIMIT=0x38258
+ i=16
+ '[' 16 -ge 4 ']'
+ export OMP_NUM_THREADS=16
+ OMP_NUM_THREADS=16
+ export KMP_AFFINITY=scatter
+ KMP_AFFINITY=scatter
++ date +%Y_%m_%d_%H_%M_%S_%N
+ name=2013_01_13_12_08_01_167570792
+ mkdir 2013_01_13_12_08_01_167570792
+ cd 2013_01_13_12_08_01_167570792
+ touch out.dat
+ env
+ echo 2013_01_13_12_08_01_167570792
+ uname -a
+ srun --nodes=1 --ntasks=1 -ppbatch cat /proc/cpuinfo
+ grep MHz
+ srun --nodes=1 --ntasks=1 -o host_info hostname
+ echo 'threads/node: 16'
+ echo 'nodes: ' 1
+ echo 'turbo: 0'
+ srun --nodes=1 --ntasks=1 -e f.err papiex -f dir-papi -e PAPI_L3_TCA -e PAPI_L3_TCM ../bmark3

In READ-WRITE mode.

Each chunk is: 4096
Iterations: 2
Nodes: 1
Threads: 16
 Rank 0 is done initializing
Time is: 133.979833 secs
+ cd ../
+ i=14
+ '[' 14 -ge 4 ']'
+ export OMP_NUM_THREADS=14
+ OMP_NUM_THREADS=14
+ export KMP_AFFINITY=scatter
+ KMP_AFFINITY=scatter
++ date +%Y_%m_%d_%H_%M_%S_%N
+ name=2013_01_13_12_10_16_562153693
+ mkdir 2013_01_13_12_10_16_562153693
+ cd 2013_01_13_12_10_16_562153693
+ touch out.dat
+ env
+ echo 2013_01_13_12_10_16_562153693
+ uname -a
+ srun --nodes=1 --ntasks=1 -ppbatch cat /proc/cpuinfo
+ grep MHz
+ srun --nodes=1 --ntasks=1 -o host_info hostname
+ echo 'threads/node: 14'
+ echo 'nodes: ' 1
+ echo 'turbo: 0'
+ srun --nodes=1 --ntasks=1 -e f.err papiex -f dir-papi -e PAPI_L3_TCA -e PAPI_L3_TCM ../bmark3

In READ-WRITE mode.

Each chunk is: 4096
Iterations: 2
Nodes: 1
Threads: 14
 Rank 0 is done initializing
Time is: 147.854239 secs
+ cd ../
+ i=12
+ '[' 12 -ge 4 ']'
+ export OMP_NUM_THREADS=12
+ OMP_NUM_THREADS=12
+ export KMP_AFFINITY=scatter
+ KMP_AFFINITY=scatter
++ date +%Y_%m_%d_%H_%M_%S_%N
+ name=2013_01_13_12_12_45_777738416
+ mkdir 2013_01_13_12_12_45_777738416
+ cd 2013_01_13_12_12_45_777738416
+ touch out.dat
+ env
+ echo 2013_01_13_12_12_45_777738416
+ uname -a
+ srun --nodes=1 --ntasks=1 -ppbatch cat /proc/cpuinfo
+ grep MHz
+ srun --nodes=1 --ntasks=1 -o host_info hostname
+ echo 'threads/node: 12'
+ echo 'nodes: ' 1
+ echo 'turbo: 0'
+ srun --nodes=1 --ntasks=1 -e f.err papiex -f dir-papi -e PAPI_L3_TCA -e PAPI_L3_TCM ../bmark3

In READ-WRITE mode.

Each chunk is: 4096
Iterations: 2
Nodes: 1
Threads: 12
 Rank 0 is done initializing
Time is: 174.483591 secs
+ cd ../
+ i=10
+ '[' 10 -ge 4 ']'
+ export OMP_NUM_THREADS=10
+ OMP_NUM_THREADS=10
+ export KMP_AFFINITY=scatter
+ KMP_AFFINITY=scatter
++ date +%Y_%m_%d_%H_%M_%S_%N
+ name=2013_01_13_12_15_41_803542191
+ mkdir 2013_01_13_12_15_41_803542191
+ cd 2013_01_13_12_15_41_803542191
+ touch out.dat
+ env
+ echo 2013_01_13_12_15_41_803542191
+ uname -a
+ srun --nodes=1 --ntasks=1 -ppbatch cat /proc/cpuinfo
+ grep MHz
+ srun --nodes=1 --ntasks=1 -o host_info hostname
+ echo 'threads/node: 10'
+ echo 'nodes: ' 1
+ echo 'turbo: 0'
+ srun --nodes=1 --ntasks=1 -e f.err papiex -f dir-papi -e PAPI_L3_TCA -e PAPI_L3_TCM ../bmark3

In READ-WRITE mode.

Each chunk is: 4096
Iterations: 2
Nodes: 1
Threads: 10
 Rank 0 is done initializing
Time is: 209.973816 secs
+ cd ../
+ i=8
+ '[' 8 -ge 4 ']'
+ export OMP_NUM_THREADS=8
+ OMP_NUM_THREADS=8
+ export KMP_AFFINITY=scatter
+ KMP_AFFINITY=scatter
++ date +%Y_%m_%d_%H_%M_%S_%N
+ name=2013_01_13_12_19_13_068810032
+ mkdir 2013_01_13_12_19_13_068810032
+ cd 2013_01_13_12_19_13_068810032
+ touch out.dat
+ env
+ echo 2013_01_13_12_19_13_068810032
+ uname -a
+ srun --nodes=1 --ntasks=1 -ppbatch cat /proc/cpuinfo
+ grep MHz
+ srun --nodes=1 --ntasks=1 -o host_info hostname
+ echo 'threads/node: 8'
+ echo 'nodes: ' 1
+ echo 'turbo: 0'
+ srun --nodes=1 --ntasks=1 -e f.err papiex -f dir-papi -e PAPI_L3_TCA -e PAPI_L3_TCM ../bmark3

In READ-WRITE mode.

Each chunk is: 4096
Iterations: 2
Nodes: 1
Threads: 8
 Rank 0 is done initializing
Time is: 286.818336 secs
+ cd ../
+ i=6
+ '[' 6 -ge 4 ']'
+ export OMP_NUM_THREADS=6
+ OMP_NUM_THREADS=6
+ export KMP_AFFINITY=scatter
+ KMP_AFFINITY=scatter
++ date +%Y_%m_%d_%H_%M_%S_%N
+ name=2013_01_13_12_24_00_957658165
+ mkdir 2013_01_13_12_24_00_957658165
+ cd 2013_01_13_12_24_00_957658165
+ touch out.dat
+ env
+ echo 2013_01_13_12_24_00_957658165
+ uname -a
+ srun --nodes=1 --ntasks=1 -ppbatch cat /proc/cpuinfo
+ grep MHz
+ srun --nodes=1 --ntasks=1 -o host_info hostname
+ echo 'threads/node: 6'
+ echo 'nodes: ' 1
+ echo 'turbo: 0'
+ srun --nodes=1 --ntasks=1 -e f.err papiex -f dir-papi -e PAPI_L3_TCA -e PAPI_L3_TCM ../bmark3

In READ-WRITE mode.

Each chunk is: 4096
Iterations: 2
Nodes: 1
Threads: 6
 Rank 0 is done initializing
Time is: 330.943957 secs
+ cd ../
+ i=4
+ '[' 4 -ge 4 ']'
+ export OMP_NUM_THREADS=4
+ OMP_NUM_THREADS=4
+ export KMP_AFFINITY=scatter
+ KMP_AFFINITY=scatter
++ date +%Y_%m_%d_%H_%M_%S_%N
+ name=2013_01_13_12_29_33_077376189
+ mkdir 2013_01_13_12_29_33_077376189
+ cd 2013_01_13_12_29_33_077376189
+ touch out.dat
+ env
+ echo 2013_01_13_12_29_33_077376189
+ uname -a
+ srun --nodes=1 --ntasks=1 -ppbatch cat /proc/cpuinfo
+ grep MHz
+ srun --nodes=1 --ntasks=1 -o host_info hostname
+ echo 'threads/node: 4'
+ echo 'nodes: ' 1
+ echo 'turbo: 0'
+ srun --nodes=1 --ntasks=1 -e f.err papiex -f dir-papi -e PAPI_L3_TCA -e PAPI_L3_TCM ../bmark3

In READ-WRITE mode.

Each chunk is: 4096
Iterations: 2
Nodes: 1
Threads: 4
 Rank 0 is done initializing
Time is: 577.590840 secs
+ cd ../
+ i=2
+ '[' 2 -ge 4 ']'
+ for pkg in 0x38198 0x381B8 0x381E0 0x038208 0x38230 0x38258 0x38280 0x382A8 0x382D0 0x0382f8 0x038320
+ export MSR_PKG_POWER_LIMIT=0x38280
+ MSR_PKG_POWER_LIMIT=0x38280
+ i=16
+ '[' 16 -ge 4 ']'
+ export OMP_NUM_THREADS=16
+ OMP_NUM_THREADS=16
+ export KMP_AFFINITY=scatter
+ KMP_AFFINITY=scatter
++ date +%Y_%m_%d_%H_%M_%S_%N
+ name=2013_01_13_12_39_11_831214078
+ mkdir 2013_01_13_12_39_11_831214078
+ cd 2013_01_13_12_39_11_831214078
+ touch out.dat
+ env
+ echo 2013_01_13_12_39_11_831214078
+ uname -a
+ srun --nodes=1 --ntasks=1 -ppbatch cat /proc/cpuinfo
+ grep MHz
+ srun --nodes=1 --ntasks=1 -o host_info hostname
+ echo 'threads/node: 16'
+ echo 'nodes: ' 1
+ echo 'turbo: 0'
+ srun --nodes=1 --ntasks=1 -e f.err papiex -f dir-papi -e PAPI_L3_TCA -e PAPI_L3_TCM ../bmark3

In READ-WRITE mode.

Each chunk is: 4096
Iterations: 2
Nodes: 1
Threads: 16
 Rank 0 is done initializing
Time is: 128.830920 secs
+ cd ../
+ i=14
+ '[' 14 -ge 4 ']'
+ export OMP_NUM_THREADS=14
+ OMP_NUM_THREADS=14
+ export KMP_AFFINITY=scatter
+ KMP_AFFINITY=scatter
++ date +%Y_%m_%d_%H_%M_%S_%N
+ name=2013_01_13_12_41_21_853733279
+ mkdir 2013_01_13_12_41_21_853733279
+ cd 2013_01_13_12_41_21_853733279
+ touch out.dat
+ env
+ echo 2013_01_13_12_41_21_853733279
+ uname -a
+ srun --nodes=1 --ntasks=1 -ppbatch cat /proc/cpuinfo
+ grep MHz
+ srun --nodes=1 --ntasks=1 -o host_info hostname
+ echo 'threads/node: 14'
+ echo 'nodes: ' 1
+ echo 'turbo: 0'
+ srun --nodes=1 --ntasks=1 -e f.err papiex -f dir-papi -e PAPI_L3_TCA -e PAPI_L3_TCM ../bmark3

In READ-WRITE mode.

Each chunk is: 4096
Iterations: 2
Nodes: 1
Threads: 14
 Rank 0 is done initializing
Time is: 147.190974 secs
+ cd ../
+ i=12
+ '[' 12 -ge 4 ']'
+ export OMP_NUM_THREADS=12
+ OMP_NUM_THREADS=12
+ export KMP_AFFINITY=scatter
+ KMP_AFFINITY=scatter
++ date +%Y_%m_%d_%H_%M_%S_%N
+ name=2013_01_13_12_43_50_260271883
+ mkdir 2013_01_13_12_43_50_260271883
+ cd 2013_01_13_12_43_50_260271883
+ touch out.dat
+ env
+ echo 2013_01_13_12_43_50_260271883
+ uname -a
+ srun --nodes=1 --ntasks=1 -ppbatch cat /proc/cpuinfo
+ grep MHz
+ srun --nodes=1 --ntasks=1 -o host_info hostname
+ echo 'threads/node: 12'
+ echo 'nodes: ' 1
+ echo 'turbo: 0'
+ srun --nodes=1 --ntasks=1 -e f.err papiex -f dir-papi -e PAPI_L3_TCA -e PAPI_L3_TCM ../bmark3

In READ-WRITE mode.

Each chunk is: 4096
Iterations: 2
Nodes: 1
Threads: 12
 Rank 0 is done initializing
Time is: 174.671961 secs
+ cd ../
+ i=10
+ '[' 10 -ge 4 ']'
+ export OMP_NUM_THREADS=10
+ OMP_NUM_THREADS=10
+ export KMP_AFFINITY=scatter
+ KMP_AFFINITY=scatter
++ date +%Y_%m_%d_%H_%M_%S_%N
+ name=2013_01_13_12_46_46_287917798
+ mkdir 2013_01_13_12_46_46_287917798
+ cd 2013_01_13_12_46_46_287917798
+ touch out.dat
+ env
+ echo 2013_01_13_12_46_46_287917798
+ uname -a
+ srun --nodes=1 --ntasks=1 -ppbatch cat /proc/cpuinfo
+ grep MHz
+ srun --nodes=1 --ntasks=1 -o host_info hostname
+ echo 'threads/node: 10'
+ echo 'nodes: ' 1
+ echo 'turbo: 0'
+ srun --nodes=1 --ntasks=1 -e f.err papiex -f dir-papi -e PAPI_L3_TCA -e PAPI_L3_TCM ../bmark3

In READ-WRITE mode.

Each chunk is: 4096
Iterations: 2
Nodes: 1
Threads: 10
 Rank 0 is done initializing
Time is: 215.843347 secs
+ cd ../
+ i=8
+ '[' 8 -ge 4 ']'
+ export OMP_NUM_THREADS=8
+ OMP_NUM_THREADS=8
+ export KMP_AFFINITY=scatter
+ KMP_AFFINITY=scatter
++ date +%Y_%m_%d_%H_%M_%S_%N
+ name=2013_01_13_12_50_23_337816208
+ mkdir 2013_01_13_12_50_23_337816208
+ cd 2013_01_13_12_50_23_337816208
+ touch out.dat
+ env
+ echo 2013_01_13_12_50_23_337816208
+ uname -a
+ srun --nodes=1 --ntasks=1 -ppbatch cat /proc/cpuinfo
+ grep MHz
+ srun --nodes=1 --ntasks=1 -o host_info hostname
+ echo 'threads/node: 8'
+ echo 'nodes: ' 1
+ echo 'turbo: 0'
+ srun --nodes=1 --ntasks=1 -e f.err papiex -f dir-papi -e PAPI_L3_TCA -e PAPI_L3_TCM ../bmark3

In READ-WRITE mode.

Each chunk is: 4096
Iterations: 2
Nodes: 1
Threads: 8
 Rank 0 is done initializing
Time is: 298.654164 secs
+ cd ../
+ i=6
+ '[' 6 -ge 4 ']'
+ export OMP_NUM_THREADS=6
+ OMP_NUM_THREADS=6
+ export KMP_AFFINITY=scatter
+ KMP_AFFINITY=scatter
++ date +%Y_%m_%d_%H_%M_%S_%N
+ name=2013_01_13_12_55_23_226227293
+ mkdir 2013_01_13_12_55_23_226227293
+ cd 2013_01_13_12_55_23_226227293
+ touch out.dat
+ env
+ echo 2013_01_13_12_55_23_226227293
+ uname -a
+ srun --nodes=1 --ntasks=1 -ppbatch cat /proc/cpuinfo
+ grep MHz
+ srun --nodes=1 --ntasks=1 -o host_info hostname
+ echo 'threads/node: 6'
+ echo 'nodes: ' 1
+ echo 'turbo: 0'
+ srun --nodes=1 --ntasks=1 -e f.err papiex -f dir-papi -e PAPI_L3_TCA -e PAPI_L3_TCM ../bmark3

In READ-WRITE mode.

Each chunk is: 4096
Iterations: 2
Nodes: 1
Threads: 6
 Rank 0 is done initializing
Time is: 329.138002 secs
+ cd ../
+ i=4
+ '[' 4 -ge 4 ']'
+ export OMP_NUM_THREADS=4
+ OMP_NUM_THREADS=4
+ export KMP_AFFINITY=scatter
+ KMP_AFFINITY=scatter
++ date +%Y_%m_%d_%H_%M_%S_%N
+ name=2013_01_13_13_00_53_759532483
+ mkdir 2013_01_13_13_00_53_759532483
+ cd 2013_01_13_13_00_53_759532483
+ touch out.dat
+ env
+ echo 2013_01_13_13_00_53_759532483
+ uname -a
+ srun --nodes=1 --ntasks=1 -ppbatch cat /proc/cpuinfo
+ grep MHz
+ srun --nodes=1 --ntasks=1 -o host_info hostname
+ echo 'threads/node: 4'
+ echo 'nodes: ' 1
+ echo 'turbo: 0'
+ srun --nodes=1 --ntasks=1 -e f.err papiex -f dir-papi -e PAPI_L3_TCA -e PAPI_L3_TCM ../bmark3

In READ-WRITE mode.

Each chunk is: 4096
Iterations: 2
Nodes: 1
Threads: 4
 Rank 0 is done initializing
Time is: 535.218818 secs
+ cd ../
+ i=2
+ '[' 2 -ge 4 ']'
+ for pkg in 0x38198 0x381B8 0x381E0 0x038208 0x38230 0x38258 0x38280 0x382A8 0x382D0 0x0382f8 0x038320
+ export MSR_PKG_POWER_LIMIT=0x382A8
+ MSR_PKG_POWER_LIMIT=0x382A8
+ i=16
+ '[' 16 -ge 4 ']'
+ export OMP_NUM_THREADS=16
+ OMP_NUM_THREADS=16
+ export KMP_AFFINITY=scatter
+ KMP_AFFINITY=scatter
++ date +%Y_%m_%d_%H_%M_%S_%N
+ name=2013_01_13_13_09_50_207869667
+ mkdir 2013_01_13_13_09_50_207869667
+ cd 2013_01_13_13_09_50_207869667
+ touch out.dat
+ env
+ echo 2013_01_13_13_09_50_207869667
+ uname -a
+ srun --nodes=1 --ntasks=1 -ppbatch cat /proc/cpuinfo
+ grep MHz
+ srun --nodes=1 --ntasks=1 -o host_info hostname
+ echo 'threads/node: 16'
+ echo 'nodes: ' 1
+ echo 'turbo: 0'
+ srun --nodes=1 --ntasks=1 -e f.err papiex -f dir-papi -e PAPI_L3_TCA -e PAPI_L3_TCM ../bmark3

In READ-WRITE mode.

Each chunk is: 4096
Iterations: 2
Nodes: 1
Threads: 16
 Rank 0 is done initializing
Time is: 130.297425 secs
+ cd ../
+ i=14
+ '[' 14 -ge 4 ']'
+ export OMP_NUM_THREADS=14
+ OMP_NUM_THREADS=14
+ export KMP_AFFINITY=scatter
+ KMP_AFFINITY=scatter
++ date +%Y_%m_%d_%H_%M_%S_%N
+ name=2013_01_13_13_12_01_972396364
+ mkdir 2013_01_13_13_12_01_972396364
+ cd 2013_01_13_13_12_01_972396364
+ touch out.dat
+ env
+ echo 2013_01_13_13_12_01_972396364
+ uname -a
+ srun --nodes=1 --ntasks=1 -ppbatch cat /proc/cpuinfo
+ grep MHz
+ srun --nodes=1 --ntasks=1 -o host_info hostname
+ echo 'threads/node: 14'
+ echo 'nodes: ' 1
+ echo 'turbo: 0'
+ srun --nodes=1 --ntasks=1 -e f.err papiex -f dir-papi -e PAPI_L3_TCA -e PAPI_L3_TCM ../bmark3

In READ-WRITE mode.

Each chunk is: 4096
Iterations: 2
Nodes: 1
Threads: 14
 Rank 0 is done initializing
Time is: 148.292065 secs
+ cd ../
+ i=12
+ '[' 12 -ge 4 ']'
+ export OMP_NUM_THREADS=12
+ OMP_NUM_THREADS=12
+ export KMP_AFFINITY=scatter
+ KMP_AFFINITY=scatter
++ date +%Y_%m_%d_%H_%M_%S_%N
+ name=2013_01_13_13_14_31_577729603
+ mkdir 2013_01_13_13_14_31_577729603
+ cd 2013_01_13_13_14_31_577729603
+ touch out.dat
+ env
+ echo 2013_01_13_13_14_31_577729603
+ uname -a
+ srun --nodes=1 --ntasks=1 -ppbatch cat /proc/cpuinfo
+ grep MHz
+ srun --nodes=1 --ntasks=1 -o host_info hostname
+ echo 'threads/node: 12'
+ echo 'nodes: ' 1
+ echo 'turbo: 0'
+ srun --nodes=1 --ntasks=1 -e f.err papiex -f dir-papi -e PAPI_L3_TCA -e PAPI_L3_TCM ../bmark3

In READ-WRITE mode.

Each chunk is: 4096
Iterations: 2
Nodes: 1
Threads: 12
 Rank 0 is done initializing
Time is: 176.011212 secs
+ cd ../
+ i=10
+ '[' 10 -ge 4 ']'
+ export OMP_NUM_THREADS=10
+ OMP_NUM_THREADS=10
+ export KMP_AFFINITY=scatter
+ KMP_AFFINITY=scatter
++ date +%Y_%m_%d_%H_%M_%S_%N
+ name=2013_01_13_13_17_28_816954025
+ mkdir 2013_01_13_13_17_28_816954025
+ cd 2013_01_13_13_17_28_816954025
+ touch out.dat
+ env
+ echo 2013_01_13_13_17_28_816954025
+ uname -a
+ srun --nodes=1 --ntasks=1 -ppbatch cat /proc/cpuinfo
+ grep MHz
+ srun --nodes=1 --ntasks=1 -o host_info hostname
+ echo 'threads/node: 10'
+ echo 'nodes: ' 1
+ echo 'turbo: 0'
+ srun --nodes=1 --ntasks=1 -e f.err papiex -f dir-papi -e PAPI_L3_TCA -e PAPI_L3_TCM ../bmark3

In READ-WRITE mode.

Each chunk is: 4096
Iterations: 2
Nodes: 1
Threads: 10
 Rank 0 is done initializing
Time is: 208.897075 secs
+ cd ../
+ i=8
+ '[' 8 -ge 4 ']'
+ export OMP_NUM_THREADS=8
+ OMP_NUM_THREADS=8
+ export KMP_AFFINITY=scatter
+ KMP_AFFINITY=scatter
++ date +%Y_%m_%d_%H_%M_%S_%N
+ name=2013_01_13_13_20_59_160402228
+ mkdir 2013_01_13_13_20_59_160402228
+ cd 2013_01_13_13_20_59_160402228
+ touch out.dat
+ env
+ echo 2013_01_13_13_20_59_160402228
+ uname -a
+ srun --nodes=1 --ntasks=1 -ppbatch cat /proc/cpuinfo
+ grep MHz
+ srun --nodes=1 --ntasks=1 -o host_info hostname
+ echo 'threads/node: 8'
+ echo 'nodes: ' 1
+ echo 'turbo: 0'
+ srun --nodes=1 --ntasks=1 -e f.err papiex -f dir-papi -e PAPI_L3_TCA -e PAPI_L3_TCM ../bmark3

In READ-WRITE mode.

Each chunk is: 4096
Iterations: 2
Nodes: 1
Threads: 8
 Rank 0 is done initializing
Time is: 281.919383 secs
+ cd ../
+ i=6
+ '[' 6 -ge 4 ']'
+ export OMP_NUM_THREADS=6
+ OMP_NUM_THREADS=6
+ export KMP_AFFINITY=scatter
+ KMP_AFFINITY=scatter
++ date +%Y_%m_%d_%H_%M_%S_%N
+ name=2013_01_13_13_25_42_477307780
+ mkdir 2013_01_13_13_25_42_477307780
+ cd 2013_01_13_13_25_42_477307780
+ touch out.dat
+ env
+ echo 2013_01_13_13_25_42_477307780
+ uname -a
+ srun --nodes=1 --ntasks=1 -ppbatch cat /proc/cpuinfo
+ grep MHz
+ srun --nodes=1 --ntasks=1 -o host_info hostname
+ echo 'threads/node: 6'
+ echo 'nodes: ' 1
+ echo 'turbo: 0'
+ srun --nodes=1 --ntasks=1 -e f.err papiex -f dir-papi -e PAPI_L3_TCA -e PAPI_L3_TCM ../bmark3

In READ-WRITE mode.

Each chunk is: 4096
Iterations: 2
Nodes: 1
Threads: 6
 Rank 0 is done initializing
Time is: 326.616700 secs
+ cd ../
+ i=4
+ '[' 4 -ge 4 ']'
+ export OMP_NUM_THREADS=4
+ OMP_NUM_THREADS=4
+ export KMP_AFFINITY=scatter
+ KMP_AFFINITY=scatter
++ date +%Y_%m_%d_%H_%M_%S_%N
+ name=2013_01_13_13_31_10_205033807
+ mkdir 2013_01_13_13_31_10_205033807
+ cd 2013_01_13_13_31_10_205033807
+ touch out.dat
+ env
+ echo 2013_01_13_13_31_10_205033807
+ uname -a
+ srun --nodes=1 --ntasks=1 -ppbatch cat /proc/cpuinfo
+ grep MHz
+ srun --nodes=1 --ntasks=1 -o host_info hostname
+ echo 'threads/node: 4'
+ echo 'nodes: ' 1
+ echo 'turbo: 0'
+ srun --nodes=1 --ntasks=1 -e f.err papiex -f dir-papi -e PAPI_L3_TCA -e PAPI_L3_TCM ../bmark3

In READ-WRITE mode.

Each chunk is: 4096
Iterations: 2
Nodes: 1
Threads: 4
 Rank 0 is done initializing
Time is: 651.997543 secs
+ cd ../
+ i=2
+ '[' 2 -ge 4 ']'
+ for pkg in 0x38198 0x381B8 0x381E0 0x038208 0x38230 0x38258 0x38280 0x382A8 0x382D0 0x0382f8 0x038320
+ export MSR_PKG_POWER_LIMIT=0x382D0
+ MSR_PKG_POWER_LIMIT=0x382D0
+ i=16
+ '[' 16 -ge 4 ']'
+ export OMP_NUM_THREADS=16
+ OMP_NUM_THREADS=16
+ export KMP_AFFINITY=scatter
+ KMP_AFFINITY=scatter
++ date +%Y_%m_%d_%H_%M_%S_%N
+ name=2013_01_13_13_42_03_336563668
+ mkdir 2013_01_13_13_42_03_336563668
+ cd 2013_01_13_13_42_03_336563668
+ touch out.dat
+ env
+ echo 2013_01_13_13_42_03_336563668
+ uname -a
+ srun --nodes=1 --ntasks=1 -ppbatch cat /proc/cpuinfo
+ grep MHz
+ srun --nodes=1 --ntasks=1 -o host_info hostname
+ echo 'threads/node: 16'
+ echo 'nodes: ' 1
+ echo 'turbo: 0'
+ srun --nodes=1 --ntasks=1 -e f.err papiex -f dir-papi -e PAPI_L3_TCA -e PAPI_L3_TCM ../bmark3

In READ-WRITE mode.

Each chunk is: 4096
Iterations: 2
Nodes: 1
Threads: 16
 Rank 0 is done initializing
Time is: 131.160790 secs
+ cd ../
+ i=14
+ '[' 14 -ge 4 ']'
+ export OMP_NUM_THREADS=14
+ OMP_NUM_THREADS=14
+ export KMP_AFFINITY=scatter
+ KMP_AFFINITY=scatter
++ date +%Y_%m_%d_%H_%M_%S_%N
+ name=2013_01_13_13_44_15_741269375
+ mkdir 2013_01_13_13_44_15_741269375
+ cd 2013_01_13_13_44_15_741269375
+ touch out.dat
+ env
+ echo 2013_01_13_13_44_15_741269375
+ uname -a
+ srun --nodes=1 --ntasks=1 -ppbatch cat /proc/cpuinfo
+ grep MHz
+ srun --nodes=1 --ntasks=1 -o host_info hostname
+ echo 'threads/node: 14'
+ echo 'nodes: ' 1
+ echo 'turbo: 0'
+ srun --nodes=1 --ntasks=1 -e f.err papiex -f dir-papi -e PAPI_L3_TCA -e PAPI_L3_TCM ../bmark3

In READ-WRITE mode.

Each chunk is: 4096
Iterations: 2
Nodes: 1
Threads: 14
 Rank 0 is done initializing
Time is: 149.975861 secs
+ cd ../
+ i=12
+ '[' 12 -ge 4 ']'
+ export OMP_NUM_THREADS=12
+ OMP_NUM_THREADS=12
+ export KMP_AFFINITY=scatter
+ KMP_AFFINITY=scatter
++ date +%Y_%m_%d_%H_%M_%S_%N
+ name=2013_01_13_13_46_46_968292301
+ mkdir 2013_01_13_13_46_46_968292301
+ cd 2013_01_13_13_46_46_968292301
+ touch out.dat
+ env
+ echo 2013_01_13_13_46_46_968292301
+ uname -a
+ srun --nodes=1 --ntasks=1 -ppbatch cat /proc/cpuinfo
+ grep MHz
+ srun --nodes=1 --ntasks=1 -o host_info hostname
+ echo 'threads/node: 12'
+ echo 'nodes: ' 1
+ echo 'turbo: 0'
+ srun --nodes=1 --ntasks=1 -e f.err papiex -f dir-papi -e PAPI_L3_TCA -e PAPI_L3_TCM ../bmark3

In READ-WRITE mode.

Each chunk is: 4096
Iterations: 2
Nodes: 1
Threads: 12
 Rank 0 is done initializing
Time is: 176.198815 secs
+ cd ../
+ i=10
+ '[' 10 -ge 4 ']'
+ export OMP_NUM_THREADS=10
+ OMP_NUM_THREADS=10
+ export KMP_AFFINITY=scatter
+ KMP_AFFINITY=scatter
++ date +%Y_%m_%d_%H_%M_%S_%N
+ name=2013_01_13_13_49_44_431675624
+ mkdir 2013_01_13_13_49_44_431675624
+ cd 2013_01_13_13_49_44_431675624
+ touch out.dat
+ env
+ echo 2013_01_13_13_49_44_431675624
+ uname -a
+ srun --nodes=1 --ntasks=1 -ppbatch cat /proc/cpuinfo
+ grep MHz
+ srun --nodes=1 --ntasks=1 -o host_info hostname
+ echo 'threads/node: 10'
+ echo 'nodes: ' 1
+ echo 'turbo: 0'
+ srun --nodes=1 --ntasks=1 -e f.err papiex -f dir-papi -e PAPI_L3_TCA -e PAPI_L3_TCM ../bmark3

In READ-WRITE mode.

Each chunk is: 4096
Iterations: 2
Nodes: 1
Threads: 10
 Rank 0 is done initializing
Time is: 210.492760 secs
+ cd ../
+ i=8
+ '[' 8 -ge 4 ']'
+ export OMP_NUM_THREADS=8
+ OMP_NUM_THREADS=8
+ export KMP_AFFINITY=scatter
+ KMP_AFFINITY=scatter
++ date +%Y_%m_%d_%H_%M_%S_%N
+ name=2013_01_13_13_53_16_105652209
+ mkdir 2013_01_13_13_53_16_105652209
+ cd 2013_01_13_13_53_16_105652209
+ touch out.dat
+ env
+ echo 2013_01_13_13_53_16_105652209
+ uname -a
+ srun --nodes=1 --ntasks=1 -ppbatch cat /proc/cpuinfo
+ grep MHz
+ srun --nodes=1 --ntasks=1 -o host_info hostname
+ echo 'threads/node: 8'
+ echo 'nodes: ' 1
+ echo 'turbo: 0'
+ srun --nodes=1 --ntasks=1 -e f.err papiex -f dir-papi -e PAPI_L3_TCA -e PAPI_L3_TCM ../bmark3

In READ-WRITE mode.

Each chunk is: 4096
Iterations: 2
Nodes: 1
Threads: 8
 Rank 0 is done initializing
Time is: 282.195339 secs
+ cd ../
+ i=6
+ '[' 6 -ge 4 ']'
+ export OMP_NUM_THREADS=6
+ OMP_NUM_THREADS=6
+ export KMP_AFFINITY=scatter
+ KMP_AFFINITY=scatter
++ date +%Y_%m_%d_%H_%M_%S_%N
+ name=2013_01_13_13_57_59_405193793
+ mkdir 2013_01_13_13_57_59_405193793
+ cd 2013_01_13_13_57_59_405193793
+ touch out.dat
+ env
+ echo 2013_01_13_13_57_59_405193793
+ uname -a
+ srun --nodes=1 --ntasks=1 -ppbatch cat /proc/cpuinfo
+ grep MHz
+ srun --nodes=1 --ntasks=1 -o host_info hostname
+ echo 'threads/node: 6'
+ echo 'nodes: ' 1
+ echo 'turbo: 0'
+ srun --nodes=1 --ntasks=1 -e f.err papiex -f dir-papi -e PAPI_L3_TCA -e PAPI_L3_TCM ../bmark3

In READ-WRITE mode.

Each chunk is: 4096
Iterations: 2
Nodes: 1
Threads: 6
 Rank 0 is done initializing
Time is: 329.331547 secs
+ cd ../
+ i=4
+ '[' 4 -ge 4 ']'
+ export OMP_NUM_THREADS=4
+ OMP_NUM_THREADS=4
+ export KMP_AFFINITY=scatter
+ KMP_AFFINITY=scatter
++ date +%Y_%m_%d_%H_%M_%S_%N
+ name=2013_01_13_14_03_29_941746045
+ mkdir 2013_01_13_14_03_29_941746045
+ cd 2013_01_13_14_03_29_941746045
+ touch out.dat
+ env
+ echo 2013_01_13_14_03_29_941746045
+ uname -a
+ srun --nodes=1 --ntasks=1 -ppbatch cat /proc/cpuinfo
+ grep MHz
+ srun --nodes=1 --ntasks=1 -o host_info hostname
+ echo 'threads/node: 4'
+ echo 'nodes: ' 1
+ echo 'turbo: 0'
+ srun --nodes=1 --ntasks=1 -e f.err papiex -f dir-papi -e PAPI_L3_TCA -e PAPI_L3_TCM ../bmark3

In READ-WRITE mode.

Each chunk is: 4096
Iterations: 2
Nodes: 1
Threads: 4
 Rank 0 is done initializing
Time is: 592.982920 secs
+ cd ../
+ i=2
+ '[' 2 -ge 4 ']'
+ for pkg in 0x38198 0x381B8 0x381E0 0x038208 0x38230 0x38258 0x38280 0x382A8 0x382D0 0x0382f8 0x038320
+ export MSR_PKG_POWER_LIMIT=0x0382f8
+ MSR_PKG_POWER_LIMIT=0x0382f8
+ i=16
+ '[' 16 -ge 4 ']'
+ export OMP_NUM_THREADS=16
+ OMP_NUM_THREADS=16
+ export KMP_AFFINITY=scatter
+ KMP_AFFINITY=scatter
++ date +%Y_%m_%d_%H_%M_%S_%N
+ name=2013_01_13_14_13_24_044874759
+ mkdir 2013_01_13_14_13_24_044874759
+ cd 2013_01_13_14_13_24_044874759
+ touch out.dat
+ env
+ echo 2013_01_13_14_13_24_044874759
+ uname -a
+ srun --nodes=1 --ntasks=1 -ppbatch cat /proc/cpuinfo
+ grep MHz
+ srun --nodes=1 --ntasks=1 -o host_info hostname
+ echo 'threads/node: 16'
+ echo 'nodes: ' 1
+ echo 'turbo: 0'
+ srun --nodes=1 --ntasks=1 -e f.err papiex -f dir-papi -e PAPI_L3_TCA -e PAPI_L3_TCM ../bmark3

In READ-WRITE mode.

Each chunk is: 4096
Iterations: 2
Nodes: 1
Threads: 16
 Rank 0 is done initializing
Time is: 130.339396 secs
+ cd ../
+ i=14
+ '[' 14 -ge 4 ']'
+ export OMP_NUM_THREADS=14
+ OMP_NUM_THREADS=14
+ export KMP_AFFINITY=scatter
+ KMP_AFFINITY=scatter
++ date +%Y_%m_%d_%H_%M_%S_%N
+ name=2013_01_13_14_15_35_598971662
+ mkdir 2013_01_13_14_15_35_598971662
+ cd 2013_01_13_14_15_35_598971662
+ touch out.dat
+ env
+ echo 2013_01_13_14_15_35_598971662
+ uname -a
+ srun --nodes=1 --ntasks=1 -ppbatch cat /proc/cpuinfo
+ grep MHz
+ srun --nodes=1 --ntasks=1 -o host_info hostname
+ echo 'threads/node: 14'
+ echo 'nodes: ' 1
+ echo 'turbo: 0'
+ srun --nodes=1 --ntasks=1 -e f.err papiex -f dir-papi -e PAPI_L3_TCA -e PAPI_L3_TCM ../bmark3

In READ-WRITE mode.

Each chunk is: 4096
Iterations: 2
Nodes: 1
Threads: 14
 Rank 0 is done initializing
Time is: 151.022956 secs
+ cd ../
+ i=12
+ '[' 12 -ge 4 ']'
+ export OMP_NUM_THREADS=12
+ OMP_NUM_THREADS=12
+ export KMP_AFFINITY=scatter
+ KMP_AFFINITY=scatter
++ date +%Y_%m_%d_%H_%M_%S_%N
+ name=2013_01_13_14_18_07_967417302
+ mkdir 2013_01_13_14_18_07_967417302
+ cd 2013_01_13_14_18_07_967417302
+ touch out.dat
+ env
+ echo 2013_01_13_14_18_07_967417302
+ uname -a
+ srun --nodes=1 --ntasks=1 -ppbatch cat /proc/cpuinfo
+ grep MHz
+ srun --nodes=1 --ntasks=1 -o host_info hostname
+ echo 'threads/node: 12'
+ echo 'nodes: ' 1
+ echo 'turbo: 0'
+ srun --nodes=1 --ntasks=1 -e f.err papiex -f dir-papi -e PAPI_L3_TCA -e PAPI_L3_TCM ../bmark3

In READ-WRITE mode.

Each chunk is: 4096
Iterations: 2
Nodes: 1
Threads: 12
 Rank 0 is done initializing
Time is: 172.876757 secs
+ cd ../
+ i=10
+ '[' 10 -ge 4 ']'
+ export OMP_NUM_THREADS=10
+ OMP_NUM_THREADS=10
+ export KMP_AFFINITY=scatter
+ KMP_AFFINITY=scatter
++ date +%Y_%m_%d_%H_%M_%S_%N
+ name=2013_01_13_14_21_02_021293772
+ mkdir 2013_01_13_14_21_02_021293772
+ cd 2013_01_13_14_21_02_021293772
+ touch out.dat
+ env
+ echo 2013_01_13_14_21_02_021293772
+ uname -a
+ srun --nodes=1 --ntasks=1 -ppbatch cat /proc/cpuinfo
+ grep MHz
+ srun --nodes=1 --ntasks=1 -o host_info hostname
+ echo 'threads/node: 10'
+ echo 'nodes: ' 1
+ echo 'turbo: 0'
+ srun --nodes=1 --ntasks=1 -e f.err papiex -f dir-papi -e PAPI_L3_TCA -e PAPI_L3_TCM ../bmark3

In READ-WRITE mode.

Each chunk is: 4096
Iterations: 2
Nodes: 1
Threads: 10
 Rank 0 is done initializing
Time is: 214.164070 secs
+ cd ../
+ i=8
+ '[' 8 -ge 4 ']'
+ export OMP_NUM_THREADS=8
+ OMP_NUM_THREADS=8
+ export KMP_AFFINITY=scatter
+ KMP_AFFINITY=scatter
++ date +%Y_%m_%d_%H_%M_%S_%N
+ name=2013_01_13_14_24_37_463130964
+ mkdir 2013_01_13_14_24_37_463130964
+ cd 2013_01_13_14_24_37_463130964
+ touch out.dat
+ env
+ echo 2013_01_13_14_24_37_463130964
+ uname -a
+ srun --nodes=1 --ntasks=1 -ppbatch cat /proc/cpuinfo
+ grep MHz
+ srun --nodes=1 --ntasks=1 -o host_info hostname
+ echo 'threads/node: 8'
+ echo 'nodes: ' 1
+ echo 'turbo: 0'
+ srun --nodes=1 --ntasks=1 -e f.err papiex -f dir-papi -e PAPI_L3_TCA -e PAPI_L3_TCM ../bmark3

In READ-WRITE mode.

Each chunk is: 4096
Iterations: 2
Nodes: 1
Threads: 8
 Rank 0 is done initializing
Time is: 292.310373 secs
+ cd ../
+ i=6
+ '[' 6 -ge 4 ']'
+ export OMP_NUM_THREADS=6
+ OMP_NUM_THREADS=6
+ export KMP_AFFINITY=scatter
+ KMP_AFFINITY=scatter
++ date +%Y_%m_%d_%H_%M_%S_%N
+ name=2013_01_13_14_29_30_957210993
+ mkdir 2013_01_13_14_29_30_957210993
+ cd 2013_01_13_14_29_30_957210993
+ touch out.dat
+ env
+ echo 2013_01_13_14_29_30_957210993
+ uname -a
+ srun --nodes=1 --ntasks=1 -ppbatch cat /proc/cpuinfo
+ grep MHz
+ srun --nodes=1 --ntasks=1 -o host_info hostname
+ echo 'threads/node: 6'
+ echo 'nodes: ' 1
+ echo 'turbo: 0'
+ srun --nodes=1 --ntasks=1 -e f.err papiex -f dir-papi -e PAPI_L3_TCA -e PAPI_L3_TCM ../bmark3

In READ-WRITE mode.

Each chunk is: 4096
Iterations: 2
Nodes: 1
Threads: 6
 Rank 0 is done initializing
Time is: 323.246210 secs
+ cd ../
+ i=4
+ '[' 4 -ge 4 ']'
+ export OMP_NUM_THREADS=4
+ OMP_NUM_THREADS=4
+ export KMP_AFFINITY=scatter
+ KMP_AFFINITY=scatter
++ date +%Y_%m_%d_%H_%M_%S_%N
+ name=2013_01_13_14_34_55_270114538
+ mkdir 2013_01_13_14_34_55_270114538
+ cd 2013_01_13_14_34_55_270114538
+ touch out.dat
+ env
+ echo 2013_01_13_14_34_55_270114538
+ uname -a
+ srun --nodes=1 --ntasks=1 -ppbatch cat /proc/cpuinfo
+ grep MHz
+ srun --nodes=1 --ntasks=1 -o host_info hostname
+ echo 'threads/node: 4'
+ echo 'nodes: ' 1
+ echo 'turbo: 0'
+ srun --nodes=1 --ntasks=1 -e f.err papiex -f dir-papi -e PAPI_L3_TCA -e PAPI_L3_TCM ../bmark3

In READ-WRITE mode.

Each chunk is: 4096
Iterations: 2
Nodes: 1
Threads: 4
 Rank 0 is done initializing
Time is: 587.020294 secs
+ cd ../
+ i=2
+ '[' 2 -ge 4 ']'
+ for pkg in 0x38198 0x381B8 0x381E0 0x038208 0x38230 0x38258 0x38280 0x382A8 0x382D0 0x0382f8 0x038320
+ export MSR_PKG_POWER_LIMIT=0x038320
+ MSR_PKG_POWER_LIMIT=0x038320
+ i=16
+ '[' 16 -ge 4 ']'
+ export OMP_NUM_THREADS=16
+ OMP_NUM_THREADS=16
+ export KMP_AFFINITY=scatter
+ KMP_AFFINITY=scatter
++ date +%Y_%m_%d_%H_%M_%S_%N
+ name=2013_01_13_14_44_43_377179581
+ mkdir 2013_01_13_14_44_43_377179581
+ cd 2013_01_13_14_44_43_377179581
+ touch out.dat
+ env
+ echo 2013_01_13_14_44_43_377179581
+ uname -a
+ srun --nodes=1 --ntasks=1 -ppbatch cat /proc/cpuinfo
+ grep MHz
+ srun --nodes=1 --ntasks=1 -o host_info hostname
+ echo 'threads/node: 16'
+ echo 'nodes: ' 1
+ echo 'turbo: 0'
+ srun --nodes=1 --ntasks=1 -e f.err papiex -f dir-papi -e PAPI_L3_TCA -e PAPI_L3_TCM ../bmark3

In READ-WRITE mode.

Each chunk is: 4096
Iterations: 2
Nodes: 1
Threads: 16
 Rank 0 is done initializing
Time is: 131.990256 secs
+ cd ../
+ i=14
+ '[' 14 -ge 4 ']'
+ export OMP_NUM_THREADS=14
+ OMP_NUM_THREADS=14
+ export KMP_AFFINITY=scatter
+ KMP_AFFINITY=scatter
++ date +%Y_%m_%d_%H_%M_%S_%N
+ name=2013_01_13_14_46_56_799437155
+ mkdir 2013_01_13_14_46_56_799437155
+ cd 2013_01_13_14_46_56_799437155
+ touch out.dat
+ env
+ echo 2013_01_13_14_46_56_799437155
+ uname -a
+ srun --nodes=1 --ntasks=1 -ppbatch cat /proc/cpuinfo
+ grep MHz
+ srun --nodes=1 --ntasks=1 -o host_info hostname
+ echo 'threads/node: 14'
+ echo 'nodes: ' 1
+ echo 'turbo: 0'
+ srun --nodes=1 --ntasks=1 -e f.err papiex -f dir-papi -e PAPI_L3_TCA -e PAPI_L3_TCM ../bmark3

In READ-WRITE mode.

Each chunk is: 4096
Iterations: 2
Nodes: 1
Threads: 14
 Rank 0 is done initializing
Time is: 148.660445 secs
+ cd ../
+ i=12
+ '[' 12 -ge 4 ']'
+ export OMP_NUM_THREADS=12
+ OMP_NUM_THREADS=12
+ export KMP_AFFINITY=scatter
+ KMP_AFFINITY=scatter
++ date +%Y_%m_%d_%H_%M_%S_%N
+ name=2013_01_13_14_49_26_837013735
+ mkdir 2013_01_13_14_49_26_837013735
+ cd 2013_01_13_14_49_26_837013735
+ touch out.dat
+ env
+ echo 2013_01_13_14_49_26_837013735
+ uname -a
+ srun --nodes=1 --ntasks=1 -ppbatch cat /proc/cpuinfo
+ grep MHz
+ srun --nodes=1 --ntasks=1 -o host_info hostname
+ echo 'threads/node: 12'
+ echo 'nodes: ' 1
+ echo 'turbo: 0'
+ srun --nodes=1 --ntasks=1 -e f.err papiex -f dir-papi -e PAPI_L3_TCA -e PAPI_L3_TCM ../bmark3

In READ-WRITE mode.

Each chunk is: 4096
Iterations: 2
Nodes: 1
Threads: 12
 Rank 0 is done initializing
Time is: 174.910588 secs
+ cd ../
+ i=10
+ '[' 10 -ge 4 ']'
+ export OMP_NUM_THREADS=10
+ OMP_NUM_THREADS=10
+ export KMP_AFFINITY=scatter
+ KMP_AFFINITY=scatter
++ date +%Y_%m_%d_%H_%M_%S_%N
+ name=2013_01_13_14_52_23_055135199
+ mkdir 2013_01_13_14_52_23_055135199
+ cd 2013_01_13_14_52_23_055135199
+ touch out.dat
+ env
+ echo 2013_01_13_14_52_23_055135199
+ uname -a
+ srun --nodes=1 --ntasks=1 -ppbatch cat /proc/cpuinfo
+ grep MHz
+ srun --nodes=1 --ntasks=1 -o host_info hostname
+ echo 'threads/node: 10'
+ echo 'nodes: ' 1
+ echo 'turbo: 0'
+ srun --nodes=1 --ntasks=1 -e f.err papiex -f dir-papi -e PAPI_L3_TCA -e PAPI_L3_TCM ../bmark3

In READ-WRITE mode.

Each chunk is: 4096
Iterations: 2
Nodes: 1
Threads: 10
 Rank 0 is done initializing
Time is: 210.881252 secs
+ cd ../
+ i=8
+ '[' 8 -ge 4 ']'
+ export OMP_NUM_THREADS=8
+ OMP_NUM_THREADS=8
+ export KMP_AFFINITY=scatter
+ KMP_AFFINITY=scatter
++ date +%Y_%m_%d_%H_%M_%S_%N
+ name=2013_01_13_14_55_55_091244914
+ mkdir 2013_01_13_14_55_55_091244914
+ cd 2013_01_13_14_55_55_091244914
+ touch out.dat
+ env
+ echo 2013_01_13_14_55_55_091244914
+ uname -a
+ srun --nodes=1 --ntasks=1 -ppbatch cat /proc/cpuinfo
+ grep MHz
+ srun --nodes=1 --ntasks=1 -o host_info hostname
+ echo 'threads/node: 8'
+ echo 'nodes: ' 1
+ echo 'turbo: 0'
+ srun --nodes=1 --ntasks=1 -e f.err papiex -f dir-papi -e PAPI_L3_TCA -e PAPI_L3_TCM ../bmark3

In READ-WRITE mode.

Each chunk is: 4096
Iterations: 2
Nodes: 1
Threads: 8
 Rank 0 is done initializing
Time is: 282.522892 secs
+ cd ../
+ i=6
+ '[' 6 -ge 4 ']'
+ export OMP_NUM_THREADS=6
+ OMP_NUM_THREADS=6
+ export KMP_AFFINITY=scatter
+ KMP_AFFINITY=scatter
++ date +%Y_%m_%d_%H_%M_%S_%N
+ name=2013_01_13_15_00_38_818090518
+ mkdir 2013_01_13_15_00_38_818090518
+ cd 2013_01_13_15_00_38_818090518
+ touch out.dat
+ env
+ echo 2013_01_13_15_00_38_818090518
+ uname -a
+ srun --nodes=1 --ntasks=1 -ppbatch cat /proc/cpuinfo
+ grep MHz
+ srun --nodes=1 --ntasks=1 -o host_info hostname
+ echo 'threads/node: 6'
+ echo 'nodes: ' 1
+ echo 'turbo: 0'
+ srun --nodes=1 --ntasks=1 -e f.err papiex -f dir-papi -e PAPI_L3_TCA -e PAPI_L3_TCM ../bmark3

In READ-WRITE mode.

Each chunk is: 4096
Iterations: 2
Nodes: 1
Threads: 6
 Rank 0 is done initializing
Time is: 327.949286 secs
+ cd ../
+ i=4
+ '[' 4 -ge 4 ']'
+ export OMP_NUM_THREADS=4
+ OMP_NUM_THREADS=4
+ export KMP_AFFINITY=scatter
+ KMP_AFFINITY=scatter
++ date +%Y_%m_%d_%H_%M_%S_%N
+ name=2013_01_13_15_06_07_955224768
+ mkdir 2013_01_13_15_06_07_955224768
+ cd 2013_01_13_15_06_07_955224768
+ touch out.dat
+ env
+ echo 2013_01_13_15_06_07_955224768
+ uname -a
+ srun --nodes=1 --ntasks=1 -ppbatch cat /proc/cpuinfo
+ grep MHz
+ srun --nodes=1 --ntasks=1 -o host_info hostname
+ echo 'threads/node: 4'
+ echo 'nodes: ' 1
+ echo 'turbo: 0'
+ srun --nodes=1 --ntasks=1 -e f.err papiex -f dir-papi -e PAPI_L3_TCA -e PAPI_L3_TCM ../bmark3

In READ-WRITE mode.

Each chunk is: 4096
Iterations: 2
Nodes: 1
Threads: 4
 Rank 0 is done initializing
Time is: 546.993408 secs
+ cd ../
+ i=2
+ '[' 2 -ge 4 ']'
