+ i=16
+ minthreads=4
+ export PKG_MINW_MINS=0x38198
+ PKG_MINW_MINS=0x38198
+ export PP0_MINW_MINS=0x38198
+ PP0_MINW_MINS=0x38198
+ export DRAM_MINW_MINS=0x38078
+ DRAM_MINW_MINS=0x38078
+ export MSR_PKG_POWER_LIMIT=0x0
+ MSR_PKG_POWER_LIMIT=0x0
+ export MSR_PP0_POWER_LIMIT=0x0
+ MSR_PP0_POWER_LIMIT=0x0
+ export MSR_DRAM_POWER_LIMIT=0x0
+ MSR_DRAM_POWER_LIMIT=0x0
+ export MSR_RANK_MOD=1
+ MSR_RANK_MOD=1
+ export SAMPLE=0
+ SAMPLE=0
+ t=0
+ export TURBO_ENABLE=1
+ TURBO_ENABLE=1
+ export FUNC_INTERCEPT=0
+ FUNC_INTERCEPT=0
+ export READ_WRITE=0
+ READ_WRITE=0
+ export READ_ONLY=1
+ READ_ONLY=1
+ i=16
+ '[' 16 -ge 4 ']'
+ export OMP_NUM_THREADS=16
+ OMP_NUM_THREADS=16
+ export KMP_AFFINITY=scatter
+ KMP_AFFINITY=scatter
++ date +%Y_%m_%d_%H_%M_%S_%N
+ name=2013_01_20_20_47_30_453831535
+ mkdir 2013_01_20_20_47_30_453831535
+ cd 2013_01_20_20_47_30_453831535
+ touch out.dat
+ env
+ echo 2013_01_20_20_47_30_453831535
+ uname -a
+ grep MHz
+ srun --nodes=1 --ntasks=1 -ppbatch cat /proc/cpuinfo
+ srun --nodes=1 --ntasks=1 -o host_info hostname
+ echo 'threads/node: 16'
+ echo 'nodes: ' 1
+ echo 'turbo: 1 '
+ srun --nodes=1 --ntasks=1 -e f.err ../bmark3

In READ-ONLY mode.

Each chunk is: 4096
Iterations: 500
Nodes: 1
Threads: 16
 Rank 0 is done initializing
Time is: 12408.496289 secs
+ cd ../
+ i=14
+ '[' 14 -ge 4 ']'
+ export OMP_NUM_THREADS=14
+ OMP_NUM_THREADS=14
+ export KMP_AFFINITY=scatter
+ KMP_AFFINITY=scatter
++ date +%Y_%m_%d_%H_%M_%S_%N
+ name=2013_01_21_00_14_19_821255251
+ mkdir 2013_01_21_00_14_19_821255251
+ cd 2013_01_21_00_14_19_821255251
+ touch out.dat
+ env
+ echo 2013_01_21_00_14_19_821255251
+ uname -a
+ srun --nodes=1 --ntasks=1 -ppbatch cat /proc/cpuinfo
+ grep MHz
+ srun --nodes=1 --ntasks=1 -o host_info hostname
+ echo 'threads/node: 14'
+ echo 'nodes: ' 1
+ echo 'turbo: 1 '
+ srun --nodes=1 --ntasks=1 -e f.err ../bmark3

In READ-ONLY mode.

Each chunk is: 4096
Iterations: 500
Nodes: 1
Threads: 14
 Rank 0 is done initializing
Time is: 14145.870057 secs
+ cd ../
+ i=12
+ '[' 12 -ge 4 ']'
+ export OMP_NUM_THREADS=12
+ OMP_NUM_THREADS=12
+ export KMP_AFFINITY=scatter
+ KMP_AFFINITY=scatter
++ date +%Y_%m_%d_%H_%M_%S_%N
+ name=2013_01_21_04_10_06_813930948
+ mkdir 2013_01_21_04_10_06_813930948
+ cd 2013_01_21_04_10_06_813930948
+ touch out.dat
+ env
+ echo 2013_01_21_04_10_06_813930948
+ uname -a
+ srun --nodes=1 --ntasks=1 -ppbatch cat /proc/cpuinfo
+ grep MHz
+ srun --nodes=1 --ntasks=1 -o host_info hostname
+ echo 'threads/node: 12'
+ echo 'nodes: ' 1
+ echo 'turbo: 1 '
+ srun --nodes=1 --ntasks=1 -e f.err ../bmark3

In READ-ONLY mode.

Each chunk is: 4096
Iterations: 500
Nodes: 1
Threads: 12
slurmd[rzmerl69]: *** JOB 666635 CANCELLED AT 2013-01-21T06:47:46 DUE TO TIME LIMIT ***
srun: Job step aborted: Waiting up to 2 seconds for job step to finish.
