id freq nodes cores pkg-clamp-0 pkg-clamp-1 dram-clamp-0 dram-clamp-1 avg-time avg-pkg-0 avg-pp0-0 avg-dram-0 avg-pkg-1 avg-pp0-1 avg-dram-1 tot-pkg-0 tot-pp0-0 tot-dram-0 tot-pkg-1 tot-pp0-1 tot-dram-1
2013_01_13_09_01_20_112839282  2601.000 1 16 115.000000 115.000000 0.000000 0.000000 113.703945 98.647963 83.849387 11.056857 95.009134 81.097843 8.187861 98.647963 83.849387 11.056857 95.009134 81.097843 8.187861
2013_01_13_09_01_20_240568816  2601.000 1 16 115.000000 115.000000 0.000000 0.000000 114.246668 99.753293 84.761309 11.407552 99.964826 85.818664 8.047898 99.753293 84.761309 11.407552 99.964826 85.818664 8.047898
2013_01_13_09_01_20_370199944  2601.000 1 16 115.000000 115.000000 0.000000 0.000000 115.395378 99.880786 84.9326 11.61647 102.299221 88.075933 9.266663 99.880786 84.9326 11.61647 102.299221 88.075933 9.266663
2013_01_13_09_03_14_808465322  2601.000 1 14 115.000000 115.000000 0.000000 0.000000 131.283155 89.879781 74.946726 11.37394 86.376444 72.472812 7.831626 89.879781 74.946726 11.37394 86.376444 72.472812 7.831626
2013_01_13_09_03_15_551106131  2601.000 1 14 115.000000 115.000000 0.000000 0.000000 130.786696 91.641148 76.471234 11.691755 90.50044 76.317084 8.150714 91.641148 76.471234 11.691755 90.50044 76.317084 8.150714
2013_01_13_09_03_16_643784849  2601.000 1 14 115.000000 115.000000 0.000000 0.000000 132.321219 91.486082 76.465147 11.855819 92.243344 78.06053 9.098254 91.486082 76.465147 11.855819 92.243344 78.06053 9.098254
2013_01_13_09_05_26_943401409  2601.000 1 12 115.000000 115.000000 0.000000 0.000000 153.007675 85.106934 70.100284 11.450034 81.957512 68.084832 7.560502 85.106934 70.100284 11.450034 81.957512 68.084832 7.560502
2013_01_13_09_05_27_301287736  2601.000 1 12 115.000000 115.000000 0.000000 0.000000 155.264098 86.569129 71.604328 11.152001 85.66649 71.682494 7.384561 86.569129 71.604328 11.152001 85.66649 71.682494 7.384561
2013_01_13_09_05_29_770656105  2601.000 1 12 115.000000 115.000000 0.000000 0.000000 157.234598 85.844751 70.991947 11.186723 87.542719 73.453628 8.624067 85.844751 70.991947 11.186723 87.542719 73.453628 8.624067
2013_01_13_09_08_00_704566965  2601.000 1 10 115.000000 115.000000 0.000000 0.000000 189.948696 74.75819 60.210206 10.458493 72.317165 58.66884 7.182604 74.75819 60.210206 10.458493 72.317165 58.66884 7.182604
2013_01_13_09_08_03_298161879  2601.000 1 10 115.000000 115.000000 0.000000 0.000000 186.972741 76.44982 61.725042 10.575441 75.369952 61.549634 6.860368 76.44982 61.725042 10.575441 75.369952 61.549634 6.860368
2013_01_13_09_08_07_773953914  2601.000 1 10 115.000000 115.000000 0.000000 0.000000 191.856368 75.895843 61.293271 10.570937 76.95884 63.009781 8.459316 75.895843 61.293271 10.570937 76.95884 63.009781 8.459316
2013_01_13_09_11_11_163176938  2601.000 1 8 115.000000 115.000000 0.000000 0.000000 226.994825 69.431207 54.869959 10.274982 68.914255 55.115793 6.4745 69.431207 54.869959 10.274982 68.914255 55.115793 6.4745
2013_01_13_09_11_11_313700468  2601.000 1 8 115.000000 115.000000 0.000000 0.000000 220.660866 67.920734 53.606357 9.884588 66.335866 52.769723 7.253193 67.920734 53.606357 9.884588 66.335866 52.769723 7.253193
2013_01_13_09_11_20_382966595  2601.000 1 8 115.000000 115.000000 0.000000 0.000000 242.492392 69.287412 54.935889 9.965158 70.493996 56.655671 8.209515 69.287412 54.935889 9.965158 70.493996 56.655671 8.209515
2013_01_13_09_14_52_758574597  2601.000 1 6 115.000000 115.000000 0.000000 0.000000 268.193893 57.953507 43.68955 9.903865 56.501952 42.944641 7.079492 57.953507 43.68955 9.903865 56.501952 42.944641 7.079492
2013_01_13_09_14_59_037457149  2601.000 1 6 115.000000 115.000000 0.000000 0.000000 264.489259 59.023467 44.667055 9.986163 58.534558 44.801718 6.040796 59.023467 44.667055 9.986163 58.534558 44.801718 6.040796
2013_01_13_09_15_23_694239533  2601.000 1 6 115.000000 115.000000 0.000000 0.000000 271.162189 59.069443 44.713983 9.999932 59.977185 46.147181 8.341735 59.069443 44.713983 9.999932 59.977185 46.147181 8.341735
2013_01_13_09_19_21_657362511  2601.000 1 4 115.000000 115.000000 0.000000 0.000000 421.162993 50.734818 36.349355 9.95684 49.215887 35.514504 7.376907 50.734818 36.349355 9.95684 49.215887 35.514504 7.376907
2013_01_13_09_19_24_289116487  2601.000 1 4 115.000000 115.000000 0.000000 0.000000 414.586599 51.406131 36.95759 9.842845 50.712985 36.919198 7.328115 51.406131 36.95759 9.842845 50.712985 36.919198 7.328115
2013_01_13_09_19_55_570926711  2601.000 1 4 115.000000 115.000000 0.000000 0.000000 432.628452 51.238242 36.825246 9.995139 51.960096 38.105157 8.380912 51.238242 36.825246 9.995139 51.960096 38.105157 8.380912
2013_01_13_09_26_19_626924362  2601.000 1 16 51.000000 51.000000 0.000000 0.000000 176.989284 50.838246 36.790666 8.793568 50.846297 37.249933 6.493132 50.838246 36.790666 8.793568 50.846297 37.249933 6.493132
2013_01_13_09_26_23_573321436  2601.000 1 16 51.000000 51.000000 0.000000 0.000000 166.389368 50.842127 36.987938 7.854831 50.840103 37.369172 6.988578 50.842127 36.987938 7.854831 50.840103 37.369172 6.988578
2013_01_13_09_27_08_941287438  2601.000 1 16 51.000000 51.000000 0.000000 0.000000 172.010615 50.865886 36.843868 9.587491 50.859527 37.15381 8.389745 50.865886 36.843868 9.587491 50.859527 37.15381 8.389745
2013_01_13_09_29_10_716998079  2601.000 1 14 51.000000 51.000000 0.000000 0.000000 175.320732 50.831616 36.905481 7.829266 50.816163 37.285684 6.99065 50.831616 36.905481 7.829266 50.816163 37.285684 6.99065
2013_01_13_09_29_17_425517128  2601.000 1 14 51.000000 51.000000 0.000000 0.000000 182.356594 50.805017 36.89795 7.855186 50.821257 37.30377 5.915359 50.805017 36.89795 7.855186 50.821257 37.30377 5.915359
2013_01_13_09_30_01_835784359  2601.000 1 14 51.000000 51.000000 0.000000 0.000000 180.702973 50.802888 36.832943 9.368354 50.827966 37.168883 8.305007 50.802888 36.832943 9.368354 50.827966 37.168883 8.305007
2013_01_13_09_32_06_944279294  2601.000 1 12 51.000000 51.000000 0.000000 0.000000 197.299057 50.790506 36.81092 8.320276 50.785785 37.274858 6.975497 50.790506 36.81092 8.320276 50.785785 37.274858 6.975497
2013_01_13_09_32_20_656956067  2601.000 1 12 51.000000 51.000000 0.000000 0.000000 205.606995 50.795646 36.825391 7.822382 50.793022 37.265082 5.876438 50.795646 36.825391 7.822382 50.793022 37.265082 5.876438
2013_01_13_09_33_03_439550090  2601.000 1 12 51.000000 51.000000 0.000000 0.000000 201.519948 50.776424 36.587902 10.310777 50.801868 37.044088 8.285839 50.776424 36.587902 10.310777 50.801868 37.044088 8.285839
2013_01_13_09_35_24_952405156  2601.000 1 10 51.000000 51.000000 0.000000 0.000000 224.888189 50.752598 36.667815 9.968157 50.740538 37.276985 7.020879 50.752598 36.667815 9.968157 50.740538 37.276985 7.020879
2013_01_13_09_35_47_101931118  2601.000 1 10 51.000000 51.000000 0.000000 0.000000 239.846376 50.746903 36.677807 8.03893 50.745341 37.201613 5.974493 50.746903 36.677807 8.03893 50.745341 37.201613 5.974493
2013_01_13_09_36_25_641246943  2601.000 1 10 51.000000 51.000000 0.000000 0.000000 231.721999 50.763715 36.438031 10.541594 50.760421 36.963541 8.469491 50.763715 36.438031 10.541594 50.760421 36.963541 8.469491
2013_01_13_09_39_10_575208551  2601.000 1 8 51.000000 51.000000 0.000000 0.000000 274.454113 50.44342 36.232398 9.70319 48.686061 35.149295 7.163904 50.44342 36.232398 9.70319 48.686061 35.149295 7.163904
2013_01_13_09_39_47_764167809  2601.000 1 8 51.000000 51.000000 0.000000 0.000000 295.042229 50.69659 36.552534 8.74605 50.17195 36.595209 6.059067 50.69659 36.552534 8.74605 50.17195 36.595209 6.059067
2013_01_13_09_40_18_089117314  2601.000 1 8 51.000000 51.000000 0.000000 0.000000 285.824791 50.714028 36.375524 10.213179 50.711393 36.894489 8.277033 50.714028 36.375524 10.213179 50.711393 36.894489 8.277033
2013_01_13_09_43_45_874367206  2601.000 1 6 51.000000 51.000000 0.000000 0.000000 341.565158 43.987188 29.905508 9.974911 41.987334 28.533533 7.045593 43.987188 29.905508 9.974911 41.987334 28.533533 7.045593
2013_01_13_09_44_43_611281276  2601.000 1 6 51.000000 51.000000 0.000000 0.000000 319.042219 44.506206 30.381377 8.930728 43.267811 29.70147 5.904384 44.506206 30.381377 8.930728 43.267811 29.70147 5.904384
2013_01_13_09_45_04_751510649  2601.000 1 6 51.000000 51.000000 0.000000 0.000000 324.376773 44.455786 30.308335 10.099127 44.045408 30.314639 8.217448 44.455786 30.308335 10.099127 44.045408 30.314639 8.217448
2013_01_13_09_49_28_157129389  2601.000 1 4 51.000000 51.000000 0.000000 0.000000 622.173924 37.615433 23.571808 9.781553 36.294333 22.804991 7.00338 37.615433 23.571808 9.781553 36.294333 22.804991 7.00338
2013_01_13_09_50_03_710890051  2601.000 1 4 51.000000 51.000000 0.000000 0.000000 554.397075 37.752442 23.643626 9.000299 37.033754 23.412904 5.888627 37.752442 23.643626 9.000299 37.033754 23.412904 5.888627
2013_01_13_09_50_29_852614947  2601.000 1 4 51.000000 51.000000 0.000000 0.000000 541.687966 37.971875 23.804167 10.052679 37.781734 24.045318 8.169629 37.971875 23.804167 10.052679 37.781734 24.045318 8.169629
2013_01_13_09_59_19_015549492  2601.000 1 16 55.000000 55.000000 0.000000 0.000000 161.422105 54.806572 40.855797 8.026004 54.801432 41.263089 6.083444 54.806572 40.855797 8.026004 54.801432 41.263089 6.083444
2013_01_13_09_59_32_295789239  2601.000 1 16 55.000000 55.000000 0.000000 0.000000 156.045434 54.769411 40.670029 10.10852 54.753726 40.999472 8.362175 54.769411 40.670029 10.10852 54.753726 40.999472 8.362175
2013_01_13_09_59_51_007196784  2601.000 1 16 55.000000 55.000000 0.000000 0.000000 157.864964 54.781229 40.769263 8.305152 54.793584 41.222332 7.190034 54.781229 40.769263 8.305152 54.793584 41.222332 7.190034
2013_01_13_10_02_01_194166068  2601.000 1 14 55.000000 55.000000 0.000000 0.000000 173.954444 54.743195 40.78814 7.846467 54.77112 41.228248 5.960123 54.743195 40.78814 7.846467 54.77112 41.228248 5.960123
2013_01_13_10_02_09_085584059  2601.000 1 14 55.000000 55.000000 0.000000 0.000000 172.457115 54.763697 40.5051 10.639608 54.778974 40.975586 8.64843 54.763697 40.5051 10.639608 54.778974 40.975586 8.64843
2013_01_13_10_02_29_773009192  2601.000 1 14 55.000000 55.000000 0.000000 0.000000 165.74854 54.77591 40.78762 8.607175 54.71561 41.173489 6.949301 54.77591 40.78762 8.607175 54.71561 41.173489 6.949301
2013_01_13_10_04_56_034099049  2601.000 1 12 55.000000 55.000000 0.000000 0.000000 197.449417 54.739558 40.657964 8.311841 54.743358 41.180288 6.126589 54.739558 40.657964 8.311841 54.743358 41.180288 6.126589
2013_01_13_10_05_02_282411093  2601.000 1 12 55.000000 55.000000 0.000000 0.000000 196.398151 54.758768 40.347019 10.94177 54.743756 40.898423 8.803061 54.758768 40.347019 10.94177 54.743756 40.898423 8.803061
2013_01_13_10_05_16_363304875  2601.000 1 12 55.000000 55.000000 0.000000 0.000000 190.024384 54.73902 40.752543 8.631775 54.730868 41.241291 6.996107 54.73902 40.752543 8.631775 54.730868 41.241291 6.996107
2013_01_13_10_08_14_270178902  2601.000 1 10 55.000000 55.000000 0.000000 0.000000 224.546759 54.704195 40.369081 9.008411 54.689348 40.992036 6.47288 54.704195 40.369081 9.008411 54.689348 40.992036 6.47288
2013_01_13_10_08_19_595390277  2601.000 1 10 55.000000 55.000000 0.000000 0.000000 219.605941 54.698125 40.260369 10.593418 54.676576 40.837198 8.538691 54.698125 40.260369 10.593418 54.676576 40.837198 8.538691
2013_01_13_10_08_27_469933906  2601.000 1 10 55.000000 55.000000 0.000000 0.000000 220.368473 54.685981 40.599237 9.912182 54.676161 41.177635 7.000158 54.685981 40.599237 9.912182 54.676161 41.177635 7.000158
2013_01_13_10_11_59_720688380  2601.000 1 8 55.000000 55.000000 0.000000 0.000000 282.546596 51.039285 36.801784 9.028386 50.339988 36.716449 6.293635 51.039285 36.801784 9.028386 50.339988 36.716449 6.293635
2013_01_13_10_12_00_035935795  2601.000 1 8 55.000000 55.000000 0.000000 0.000000 281.595039 51.174002 36.927372 10.291777 51.113533 37.353119 8.317841 51.174002 36.927372 10.291777 51.113533 37.353119 8.317841
2013_01_13_10_12_08_726881736  2601.000 1 8 55.000000 55.000000 0.000000 0.000000 286.097512 50.513187 36.359009 9.729499 48.692657 35.183987 7.140279 50.513187 36.359009 9.729499 48.692657 35.183987 7.140279
2013_01_13_10_16_42_537284074  2601.000 1 6 55.000000 55.000000 0.000000 0.000000 332.377535 44.411614 30.284679 10.054061 44.04429 30.329791 8.190983 44.411614 30.284679 10.054061 44.04429 30.329791 8.190983
2013_01_13_10_16_43_006576532  2601.000 1 6 55.000000 55.000000 0.000000 0.000000 324.846395 44.474402 30.279597 9.18801 43.36169 29.764688 6.090731 44.474402 30.279597 9.18801 43.36169 29.764688 6.090731
2013_01_13_10_16_55_600183846  2601.000 1 6 55.000000 55.000000 0.000000 0.000000 330.657894 44.034888 29.940995 10.014458 41.998797 28.530341 7.05956 44.034888 29.940995 10.014458 41.998797 28.530341 7.05956
2013_01_13_10_22_08_917454214  2601.000 1 4 55.000000 55.000000 0.000000 0.000000 526.241779 37.758751 23.650437 8.963349 37.037709 23.417172 5.892272 37.758751 23.650437 8.963349 37.037709 23.417172 5.892272
2013_01_13_10_22_15_649788993  2601.000 1 4 55.000000 55.000000 0.000000 0.000000 623.287841 37.869428 23.706102 10.098114 37.716366 23.968194 8.203367 37.869428 23.706102 10.098114 37.716366 23.968194 8.203367
2013_01_13_10_22_27_116019429  2601.000 1 4 55.000000 55.000000 0.000000 0.000000 615.850714 37.580274 23.523386 9.979977 36.14183 22.653456 7.004326 37.580274 23.523386 9.979977 36.14183 22.653456 7.004326
2013_01_13_10_30_59_006170815  2601.000 1 16 60.000000 60.000000 0.000000 0.000000 155.694315 59.688241 45.689117 8.076853 59.740416 46.154274 6.138391 59.688241 45.689117 8.076853 59.740416 46.154274 6.138391
2013_01_13_10_32_39_786094777  2601.000 1 16 60.000000 60.000000 0.000000 0.000000 152.078903 59.748951 45.648648 9.85556 59.751568 46.01824 8.305863 59.748951 45.648648 9.85556 59.751568 46.01824 8.305863
2013_01_13_10_32_43_796160318  2601.000 1 16 60.000000 60.000000 0.000000 0.000000 148.544894 59.69369 45.729709 7.942964 59.728629 46.188783 6.969122 59.69369 45.729709 7.942964 59.728629 46.188783 6.969122
2013_01_13_10_33_35_665535029  2601.000 1 14 60.000000 60.000000 0.000000 0.000000 162.693394 59.696936 45.707552 7.805092 59.702728 46.112436 5.853574 59.696936 45.707552 7.805092 59.702728 46.112436 5.853574
2013_01_13_10_35_12_805610754  2601.000 1 14 60.000000 60.000000 0.000000 0.000000 167.307942 59.688842 45.193153 11.186411 59.717864 45.809002 9.074541 59.688842 45.193153 11.186411 59.717864 45.809002 9.074541
2013_01_13_10_35_13_200389812  2601.000 1 14 60.000000 60.000000 0.000000 0.000000 157.970167 59.67796 45.652331 9.393218 59.677084 46.150932 6.967826 59.67796 45.652331 9.393218 59.677084 46.150932 6.967826
2013_01_13_10_36_19_315003037  2601.000 1 12 60.000000 60.000000 0.000000 0.000000 189.068687 59.647623 45.381751 9.05745 59.621229 45.947938 6.505956 59.647623 45.381751 9.05745 59.621229 45.947938 6.505956
2013_01_13_10_37_51_961354339  2601.000 1 12 60.000000 60.000000 0.000000 0.000000 189.580536 59.669419 45.631123 9.357591 59.634367 46.175437 7.019916 59.669419 45.631123 9.357591 59.634367 46.175437 7.019916
2013_01_13_10_38_01_024742846  2601.000 1 12 60.000000 60.000000 0.000000 0.000000 185.580995 59.677252 45.261935 10.652926 59.658177 45.821667 8.553854 59.677252 45.261935 10.652926 59.658177 45.821667 8.553854
2013_01_13_10_39_29_161997362  2601.000 1 10 60.000000 60.000000 0.000000 0.000000 209.887251 58.267635 43.753857 10.343858 56.949002 43.175363 7.057393 58.267635 43.753857 10.343858 56.949002 43.175363 7.057393
2013_01_13_10_41_02_367579128  2601.000 1 10 60.000000 60.000000 0.000000 0.000000 210.585173 58.098998 43.519832 10.815864 55.138401 41.405847 7.536752 58.098998 43.519832 10.815864 55.138401 41.405847 7.536752
2013_01_13_10_41_07_450146683  2601.000 1 10 60.000000 60.000000 0.000000 0.000000 208.264262 58.312989 43.778722 10.818964 58.026433 44.144291 8.576408 58.312989 43.778722 10.818964 58.026433 44.144291 8.576408
2013_01_13_10_42_59_828981112  2601.000 1 8 60.000000 60.000000 0.000000 0.000000 280.16536 51.128425 36.875058 9.304827 50.315736 36.707876 6.21078 51.128425 36.875058 9.304827 50.315736 36.707876 6.21078
2013_01_13_10_44_33_770876825  2601.000 1 8 60.000000 60.000000 0.000000 0.000000 299.776201 50.618959 36.471626 9.382114 48.662815 35.156909 7.110025 50.618959 36.471626 9.382114 48.662815 35.156909 7.110025
2013_01_13_10_44_36_495592179  2601.000 1 8 60.000000 60.000000 0.000000 0.000000 277.325613 51.251398 37.016067 10.231094 51.081916 37.340452 8.289238 51.251398 37.016067 10.231094 51.081916 37.340452 8.289238
2013_01_13_10_47_40_906324438  2601.000 1 6 60.000000 60.000000 0.000000 0.000000 339.841977 44.418724 30.29337 8.929918 43.241272 29.664943 5.93095 44.418724 30.29337 8.929918 43.241272 29.664943 5.93095
2013_01_13_10_49_14_609765831  2601.000 1 6 60.000000 60.000000 0.000000 0.000000 344.007324 44.37194 30.254565 10.059732 43.977313 30.265979 8.196001 44.37194 30.254565 10.059732 43.977313 30.265979 8.196001
2013_01_13_10_49_34_264578899  2601.000 1 6 60.000000 60.000000 0.000000 0.000000 333.41585 43.987411 29.902818 9.983677 42.016049 28.551807 7.046135 43.987411 29.902818 9.983677 42.016049 28.551807 7.046135
2013_01_13_10_53_21_428872180  2601.000 1 4 60.000000 60.000000 0.000000 0.000000 576.885694 37.866995 23.761929 8.945713 37.079109 23.458254 5.886192 37.866995 23.761929 8.945713 37.079109 23.458254 5.886192
2013_01_13_10_54_59_349143585  2601.000 1 4 60.000000 60.000000 0.000000 0.000000 609.566482 37.907406 23.759364 10.072093 37.744392 23.998804 8.169189 37.907406 23.759364 10.072093 37.744392 23.998804 8.169189
2013_01_13_10_55_08_422367976  2601.000 1 4 60.000000 60.000000 0.000000 0.000000 559.84366 37.607856 23.564801 9.87337 36.118633 22.626146 7.00022 37.607856 23.564801 9.87337 36.118633 22.626146 7.00022
2013_01_13_11_02_59_134316745  2601.000 1 16 65.000000 65.000000 0.000000 0.000000 148.122494 64.662102 50.320943 9.409045 64.613589 50.841386 7.243825 64.662102 50.320943 9.409045 64.613589 50.841386 7.243825
2013_01_13_11_04_29_115969023  2601.000 1 16 65.000000 65.000000 0.000000 0.000000 143.278485 64.686097 50.316438 10.091905 64.641664 50.947257 7.582023 64.686097 50.316438 10.091905 64.641664 50.947257 7.582023
2013_01_13_11_05_09_673662957  2601.000 1 16 65.000000 65.000000 0.000000 0.000000 142.712667 64.631014 50.289919 10.597681 64.680947 50.85492 8.488221 64.631014 50.289919 10.597681 64.680947 50.85492 8.488221
2013_01_13_11_05_28_202936717  2601.000 1 14 65.000000 65.000000 0.000000 0.000000 157.731776 64.622516 50.568208 8.071599 64.61131 51.011338 6.006718 64.622516 50.568208 8.071599 64.61131 51.011338 6.006718
2013_01_13_11_06_53_215384592  2601.000 1 14 65.000000 65.000000 0.000000 0.000000 152.024612 64.592758 50.429836 10.042088 64.594762 51.057512 7.004 64.592758 50.429836 10.042088 64.594762 51.057512 7.004
2013_01_13_11_07_33_388957643  2601.000 1 14 65.000000 65.000000 0.000000 0.000000 156.579872 64.631004 50.134056 10.944747 64.619887 50.708082 8.783068 64.631004 50.134056 10.944747 64.619887 50.708082 8.783068
2013_01_13_11_08_06_854261438  2601.000 1 12 65.000000 65.000000 0.000000 0.000000 177.505479 64.547658 49.915638 10.754535 63.925242 50.05749 7.239781 64.547658 49.915638 10.754535 63.925242 50.05749 7.239781
2013_01_13_11_09_25_936006692  2601.000 1 12 65.000000 65.000000 0.000000 0.000000 178.204848 64.378946 49.62554 11.361986 61.925896 48.120321 7.816048 64.378946 49.62554 11.361986 61.925896 48.120321 7.816048
2013_01_13_11_10_10_806105050  2601.000 1 12 65.000000 65.000000 0.000000 0.000000 174.858386 64.547002 50.043694 10.550397 64.575714 50.723864 8.586644 64.547002 50.043694 10.550397 64.575714 50.723864 8.586644
2013_01_13_11_11_05_079871294  2601.000 1 10 65.000000 65.000000 0.000000 0.000000 213.92926 58.299178 43.780694 10.366891 56.957783 43.190889 6.986965 58.299178 43.780694 10.366891 56.957783 43.190889 6.986965
2013_01_13_11_12_24_921028252  2601.000 1 10 65.000000 65.000000 0.000000 0.000000 212.838667 57.870108 43.36786 10.706987 55.059829 41.387896 7.369524 57.870108 43.36786 10.706987 55.059829 41.387896 7.369524
2013_01_13_11_13_06_621701375  2601.000 1 10 65.000000 65.000000 0.000000 0.000000 209.997401 58.298908 43.858865 10.52373 57.903919 44.085191 8.378674 58.298908 43.858865 10.52373 57.903919 44.085191 8.378674
2013_01_13_11_14_39_928262352  2601.000 1 8 65.000000 65.000000 0.000000 0.000000 286.179781 51.051023 36.813812 9.330112 50.23588 36.643662 6.225405 51.051023 36.813812 9.330112 50.23588 36.643662 6.225405
2013_01_13_11_15_58_556802808  2601.000 1 8 65.000000 65.000000 0.000000 0.000000 286.199533 50.561811 36.357745 10.154645 48.73235 35.213151 6.905681 50.561811 36.357745 10.154645 48.73235 35.213151 6.905681
2013_01_13_11_16_37_471036444  2601.000 1 8 65.000000 65.000000 0.000000 0.000000 285.199575 51.145266 36.931753 10.198529 50.985864 37.257524 8.282432 51.145266 36.931753 10.198529 50.985864 37.257524 8.282432
2013_01_13_11_19_27_017865772  2601.000 1 6 65.000000 65.000000 0.000000 0.000000 341.648547 44.416908 30.265887 9.003038 43.307668 29.716062 5.959593 44.416908 30.265887 9.003038 43.307668 29.716062 5.959593
2013_01_13_11_20_45_604869661  2601.000 1 6 65.000000 65.000000 0.000000 0.000000 328.602206 43.883571 29.810328 9.819916 42.029851 28.568093 7.02403 43.883571 29.810328 9.819916 42.029851 28.568093 7.02403
2013_01_13_11_21_23_558617756  2601.000 1 6 65.000000 65.000000 0.000000 0.000000 343.391414 44.34172 30.205491 10.051858 43.972267 30.253961 8.190363 44.34172 30.205491 10.051858 43.972267 30.253961 8.190363
2013_01_13_11_25_09_575083342  2601.000 1 4 65.000000 65.000000 0.000000 0.000000 627.441637 37.81693 23.711522 8.970795 37.125433 23.501395 5.912516 37.81693 23.711522 8.970795 37.125433 23.501395 5.912516
2013_01_13_11_26_15_069058097  2601.000 1 4 65.000000 65.000000 0.000000 0.000000 527.46904 37.59239 23.548758 9.961859 36.134371 22.653614 7.009586 37.59239 23.548758 9.961859 36.134371 22.653614 7.009586
2013_01_13_11_27_07_710951881  2601.000 1 4 65.000000 65.000000 0.000000 0.000000 594.663561 37.899655 23.754762 10.073801 37.720871 23.981754 8.172578 37.899655 23.754762 10.073801 37.720871 23.981754 8.172578
2013_01_13_11_35_03_442065728  2601.000 1 16 70.000000 70.000000 0.000000 0.000000 139.327864 69.573852 55.078721 11.038108 69.541502 55.795524 7.758034 69.573852 55.078721 11.038108 69.541502 55.795524 7.758034
2013_01_13_11_35_37_980039861  2601.000 1 16 70.000000 70.000000 0.000000 0.000000 140.720158 69.549187 55.328801 8.635523 69.584812 55.88499 6.464983 69.549187 55.328801 8.635523 69.584812 55.88499 6.464983
2013_01_13_11_37_03_224723406  2601.000 1 16 70.000000 70.000000 0.000000 0.000000 138.198999 69.597101 55.237291 10.619263 69.600217 55.740384 8.671634 69.597101 55.237291 10.619263 69.600217 55.740384 8.671634
2013_01_13_11_37_23_950713645  2601.000 1 14 70.000000 70.000000 0.000000 0.000000 148.373208 69.506181 55.380537 9.969531 67.81034 54.315915 6.991492 69.506181 55.380537 9.969531 67.81034 54.315915 6.991492
2013_01_13_11_37_59_611200870  2601.000 1 14 70.000000 70.000000 0.000000 0.000000 152.980986 69.522423 55.414679 8.337227 69.523907 55.891708 5.859432 69.522423 55.414679 8.337227 69.523907 55.891708 5.859432
2013_01_13_11_39_22_412961734  2601.000 1 14 70.000000 70.000000 0.000000 0.000000 152.095115 69.475995 54.993432 10.627614 69.506838 55.620296 8.682235 69.475995 54.993432 10.627614 69.506838 55.620296 8.682235
2013_01_13_11_39_53_147282043  2601.000 1 12 70.000000 70.000000 0.000000 0.000000 176.557935 64.602389 50.158808 10.466984 61.67184 48.030435 7.360293 64.602389 50.158808 10.466984 61.67184 48.030435 7.360293
2013_01_13_11_40_33_462002277  2601.000 1 12 70.000000 70.000000 0.000000 0.000000 178.451602 65.258242 50.558564 10.851135 64.10425 50.183113 7.428202 65.258242 50.558564 10.851135 64.10425 50.183113 7.428202
2013_01_13_11_41_55_428296577  2601.000 1 12 70.000000 70.000000 0.000000 0.000000 173.966439 65.581462 50.64398 11.647686 65.355712 51.250445 9.397765 65.581462 50.64398 11.647686 65.355712 51.250445 9.397765
2013_01_13_11_42_50_587971689  2601.000 1 10 70.000000 70.000000 0.000000 0.000000 210.575248 57.867719 43.374441 10.68199 55.053568 41.375796 7.414825 57.867719 43.374441 10.68199 55.053568 41.375796 7.414825
2013_01_13_11_43_32_679017350  2601.000 1 10 70.000000 70.000000 0.000000 0.000000 210.94492 58.287047 43.8558 10.068233 56.817304 43.075494 6.9284 58.287047 43.8558 10.068233 56.817304 43.075494 6.9284
2013_01_13_11_44_50_245495566  2601.000 1 10 70.000000 70.000000 0.000000 0.000000 209.674255 58.374906 43.890472 10.669416 58.110445 44.260993 8.463706 58.374906 43.890472 10.669416 58.110445 44.260993 8.463706
2013_01_13_11_46_22_057091543  2601.000 1 8 70.000000 70.000000 0.000000 0.000000 282.224962 50.548184 36.408006 9.621814 48.714347 35.202933 7.119805 50.548184 36.408006 9.621814 48.714347 35.202933 7.119805
2013_01_13_11_47_04_320729779  2601.000 1 8 70.000000 70.000000 0.000000 0.000000 298.066209 51.019096 36.859366 9.010568 50.174937 36.604071 6.041797 51.019096 36.859366 9.010568 50.174937 36.604071 6.041797
2013_01_13_11_48_20_727914420  2601.000 1 8 70.000000 70.000000 0.000000 0.000000 283.665784 51.155463 36.936501 10.205724 51.075128 37.332339 8.290118 51.155463 36.936501 10.205724 51.075128 37.332339 8.290118
2013_01_13_11_51_05_176359770  2601.000 1 6 70.000000 70.000000 0.000000 0.000000 325.554642 44.018451 29.935152 9.976801 41.984907 28.522233 7.036593 44.018451 29.935152 9.976801 41.984907 28.522233 7.036593
2013_01_13_11_52_03_208874237  2601.000 1 6 70.000000 70.000000 0.000000 0.000000 335.787195 44.416192 30.282589 8.971536 43.226898 29.652691 5.953055 44.416192 30.282589 8.971536 43.226898 29.652691 5.953055
2013_01_13_11_53_05_207570663  2601.000 1 6 70.000000 70.000000 0.000000 0.000000 334.419536 44.418562 30.295265 10.08706 44.027034 30.297798 8.205737 44.418562 30.295265 10.08706 44.027034 30.297798 8.205737
2013_01_13_11_56_31_449085231  2601.000 1 4 70.000000 70.000000 0.000000 0.000000 542.995388 37.690858 23.616102 10.063267 36.180571 22.687276 7.034656 37.690858 23.616102 10.063267 36.180571 22.687276 7.034656
2013_01_13_11_57_39_744270863  2601.000 1 4 70.000000 70.000000 0.000000 0.000000 583.980074 37.816654 23.727582 8.903229 37.086929 23.456167 5.850152 37.816654 23.727582 8.903229 37.086929 23.456167 5.850152
2013_01_13_11_58_40_318000430  2601.000 1 4 70.000000 70.000000 0.000000 0.000000 560.181153 37.856007 23.68808 10.071995 37.690626 23.970704 8.202603 37.856007 23.68808 10.071995 37.690626 23.970704 8.202603
2013_01_13_12_05_35_279159234  2601.000 1 16 75.000000 75.000000 0.000000 0.000000 129.098661 74.453797 60.150304 10.234343 74.408296 60.762151 7.097474 74.453797 60.150304 10.234343 74.408296 60.762151 7.097474
2013_01_13_12_07_24_465245418  2601.000 1 16 75.000000 75.000000 0.000000 0.000000 137.122455 74.482269 60.221124 9.036856 74.48641 60.748837 6.615989 74.482269 60.221124 9.036856 74.48641 60.748837 6.615989
2013_01_13_12_07_45_477390677  2601.000 1 14 75.000000 75.000000 0.000000 0.000000 148.340258 71.410728 56.924934 10.207923 68.149916 54.452525 7.461473 71.410728 56.924934 10.207923 68.149916 54.452525 7.461473
2013_01_13_12_08_01_167570792  2601.000 1 16 75.000000 75.000000 0.000000 0.000000 134.352729 74.450379 59.858462 11.1492 74.455644 60.454868 8.997571 74.450379 59.858462 11.1492 74.455644 60.454868 8.997571
2013_01_13_12_09_42_684350604  2601.000 1 14 75.000000 75.000000 0.000000 0.000000 148.638891 71.991627 57.490107 9.688416 70.547619 56.689551 6.827785 71.991627 57.490107 9.688416 70.547619 56.689551 6.827785
2013_01_13_12_10_14_723294992  2601.000 1 12 75.000000 75.000000 0.000000 0.000000 175.559681 64.951835 50.278283 11.010616 61.939748 48.137968 7.632947 64.951835 50.278283 11.010616 61.939748 48.137968 7.632947
2013_01_13_12_10_16_562153693  2601.000 1 14 75.000000 75.000000 0.000000 0.000000 148.213863 72.26128 57.691715 10.989018 72.30323 58.334326 8.903845 72.26128 57.691715 10.989018 72.30323 58.334326 8.903845
2013_01_13_12_12_12_096255000  2601.000 1 12 75.000000 75.000000 0.000000 0.000000 178.006547 65.138449 50.464223 10.760838 64.080272 50.187091 7.388393 65.138449 50.464223 10.760838 64.080272 50.187091 7.388393
2013_01_13_12_12_45_777738416  2601.000 1 12 75.000000 75.000000 0.000000 0.000000 174.86319 65.268526 50.567787 11.1069 65.07677 51.135748 8.788289 65.268526 50.567787 11.1069 65.07677 51.135748 8.788289
2013_01_13_12_13_11_177049105  2601.000 1 10 75.000000 75.000000 0.000000 0.000000 215.038955 57.817592 43.453456 10.353051 55.080528 41.474346 7.28034 57.817592 43.453456 10.353051 55.080528 41.474346 7.28034
2013_01_13_12_15_10_942003011  2601.000 1 10 75.000000 75.000000 0.000000 0.000000 208.578216 58.423205 43.869388 10.51539 56.947132 43.166483 7.019759 58.423205 43.869388 10.51539 56.947132 43.166483 7.019759
2013_01_13_12_15_41_803542191  2601.000 1 10 75.000000 75.000000 0.000000 0.000000 210.333434 58.466226 43.954507 10.783326 58.171812 44.298487 8.572292 58.466226 43.954507 10.783326 58.171812 44.298487 8.572292
2013_01_13_12_16_47_019187061  2601.000 1 8 75.000000 75.000000 0.000000 0.000000 298.432613 50.529198 36.37065 9.741438 48.691761 35.188016 7.048015 50.529198 36.37065 9.741438 48.691761 35.188016 7.048015
2013_01_13_12_18_40_440679378  2601.000 1 8 75.000000 75.000000 0.000000 0.000000 290.581386 51.036904 36.877051 8.930242 50.221625 36.647559 6.102141 51.036904 36.877051 8.930242 50.221625 36.647559 6.102141
2013_01_13_12_19_13_068810032  2601.000 1 8 75.000000 75.000000 0.000000 0.000000 287.176175 51.256138 37.079253 10.116147 50.990106 37.274614 8.232373 51.256138 37.079253 10.116147 50.990106 37.274614 8.232373
2013_01_13_12_21_46_314669202  2601.000 1 6 75.000000 75.000000 0.000000 0.000000 334.138607 43.893901 29.810231 9.991066 41.963774 28.505979 7.039298 43.893901 29.810231 9.991066 41.963774 28.505979 7.039298
2013_01_13_12_23_31_956532014  2601.000 1 6 75.000000 75.000000 0.000000 0.000000 327.972488 44.384434 30.232765 9.019056 43.268962 29.678177 5.963281 44.384434 30.232765 9.019056 43.268962 29.678177 5.963281
2013_01_13_12_24_00_957658165  2601.000 1 6 75.000000 75.000000 0.000000 0.000000 331.305901 44.655975 30.491305 10.181316 43.955103 30.208331 8.2628 44.655975 30.491305 10.181316 43.955103 30.208331 8.2628
2013_01_13_12_27_21_292573764  2601.000 1 4 75.000000 75.000000 0.000000 0.000000 551.518751 37.658867 23.608238 10.012039 36.16413 22.680859 7.012073 37.658867 23.608238 10.012039 36.16413 22.680859 7.012073
2013_01_13_12_29_00_673793216  2601.000 1 4 75.000000 75.000000 0.000000 0.000000 595.029922 37.830004 23.722442 9.007765 37.11174 23.510711 5.895852 37.830004 23.722442 9.007765 37.11174 23.510711 5.895852
2013_01_13_12_29_33_077376189  2601.000 1 4 75.000000 75.000000 0.000000 0.000000 577.950268 38.02071 23.86532 10.070144 37.786861 24.038724 8.168371 38.02071 23.86532 10.070144 37.786861 24.038724 8.168371
2013_01_13_12_36_33_542356825  2601.000 1 16 80.000000 80.000000 0.000000 0.000000 132.4462 78.243523 63.573501 10.348046 74.985273 61.121972 7.95769 78.243523 63.573501 10.348046 74.985273 61.121972 7.95769
2013_01_13_12_38_46_935462137  2601.000 1 14 80.000000 80.000000 0.000000 0.000000 148.824298 71.240147 56.671062 10.503118 68.120176 54.379673 7.545228 71.240147 56.671062 10.503118 68.120176 54.379673 7.545228
2013_01_13_12_38_56_645092268  2601.000 1 16 80.000000 80.000000 0.000000 0.000000 132.169795 78.765713 64.173055 9.912454 77.9929 64.056673 7.124399 78.765713 64.173055 9.912454 77.9929 64.056673 7.124399
2013_01_13_12_39_11_831214078  2601.000 1 16 80.000000 80.000000 0.000000 0.000000 129.201677 78.679232 64.145603 11.109791 78.99564 65.013893 9.079166 78.679232 64.145603 11.109791 78.99564 65.013893 9.079166
2013_01_13_12_41_09_687331419  2601.000 1 14 80.000000 80.000000 0.000000 0.000000 148.835063 72.00709 57.560258 9.703052 70.545749 56.731183 6.85437 72.00709 57.560258 9.703052 70.545749 56.731183 6.85437
2013_01_13_12_41_16_576593865  2601.000 1 12 80.000000 80.000000 0.000000 0.000000 173.226933 64.677755 50.129141 10.663936 61.838293 48.12309 7.496455 64.677755 50.129141 10.663936 61.838293 48.12309 7.496455
2013_01_13_12_41_21_853733279  2601.000 1 14 80.000000 80.000000 0.000000 0.000000 147.553559 72.238574 57.714119 10.857815 72.154381 58.227917 8.761235 72.238574 57.714119 10.857815 72.154381 58.227917 8.761235
2013_01_13_12_43_39_343847410  2601.000 1 12 80.000000 80.000000 0.000000 0.000000 176.595616 65.079738 50.527936 10.439933 64.007074 50.17033 7.202369 65.079738 50.527936 10.439933 64.007074 50.17033 7.202369
2013_01_13_12_43_50_260271883  2601.000 1 12 80.000000 80.000000 0.000000 0.000000 175.045807 65.080146 50.526434 10.735467 65.027515 51.09291 8.672974 65.080146 50.526434 10.735467 65.027515 51.09291 8.672974
2013_01_13_12_44_10_840372862  2601.000 1 10 80.000000 80.000000 0.000000 0.000000 213.083641 57.891683 43.401769 10.653506 55.095243 41.434667 7.31165 57.891683 43.401769 10.653506 55.095243 41.434667 7.31165
2013_01_13_12_46_36_979878160  2601.000 1 10 80.000000 80.000000 0.000000 0.000000 210.702705 58.364686 43.805886 10.582732 56.863645 43.096693 6.98475 58.364686 43.805886 10.582732 56.863645 43.096693 6.98475
2013_01_13_12_46_46_287917798  2601.000 1 10 80.000000 80.000000 0.000000 0.000000 216.20258 58.422585 43.891044 10.791503 58.103655 44.227425 8.565511 58.422585 43.891044 10.791503 58.103655 44.227425 8.565511
2013_01_13_12_47_44_691242310  2601.000 1 8 80.000000 80.000000 0.000000 0.000000 284.091088 50.464898 36.343968 9.729828 48.681192 35.204402 6.790982 50.464898 36.343968 9.729828 48.681192 35.204402 6.790982
2013_01_13_12_50_08_651373942  2601.000 1 8 80.000000 80.000000 0.000000 0.000000 288.598305 51.144862 36.882465 9.205071 50.234626 36.610538 6.292346 51.144862 36.882465 9.205071 50.234626 36.610538 6.292346
2013_01_13_12_50_23_337816208  2601.000 1 8 80.000000 80.000000 0.000000 0.000000 299.011856 51.177114 36.944876 10.288441 51.061926 37.320263 8.331246 51.177114 36.944876 10.288441 51.061926 37.320263 8.331246
2013_01_13_12_52_29_566866597  2601.000 1 6 80.000000 80.000000 0.000000 0.000000 325.308455 43.82605 29.738743 9.984957 42.011522 28.548512 7.036592 43.82605 29.738743 9.984957 42.011522 28.548512 7.036592
2013_01_13_12_54_58_145178449  2601.000 1 6 80.000000 80.000000 0.000000 0.000000 334.725685 44.384499 30.250568 8.975596 43.219602 29.644928 5.94027 44.384499 30.250568 8.975596 43.219602 29.644928 5.94027
2013_01_13_12_55_23_226227293  2601.000 1 6 80.000000 80.000000 0.000000 0.000000 329.495351 44.48383 30.323461 10.138313 44.021824 30.295541 8.26004 44.48383 30.323461 10.138313 44.021824 30.295541 8.26004
2013_01_13_12_57_55_593970930  2601.000 1 4 80.000000 80.000000 0.000000 0.000000 567.38489 37.55299 23.503501 10.019883 36.083646 22.598632 7.008856 37.55299 23.503501 10.019883 36.083646 22.598632 7.008856
2013_01_13_13_00_33_661127589  2601.000 1 4 80.000000 80.000000 0.000000 0.000000 595.711304 37.780443 23.695187 8.883742 37.087737 23.461624 5.877571 37.780443 23.695187 8.883742 37.087737 23.461624 5.877571
2013_01_13_13_00_53_759532483  2601.000 1 4 80.000000 80.000000 0.000000 0.000000 535.576526 38.04624 23.888789 10.062248 37.70682 23.972376 8.173179 38.04624 23.888789 10.062248 37.70682 23.972376 8.173179
2013_01_13_13_07_23_641303046  2601.000 1 16 85.000000 85.000000 0.000000 0.000000 128.560398 78.179253 63.628945 10.025358 74.855869 61.067662 7.761744 78.179253 63.628945 10.025358 74.855869 61.067662 7.761744
2013_01_13_13_09_33_180400894  2601.000 1 14 85.000000 85.000000 0.000000 0.000000 147.769438 71.276759 56.842391 9.805754 68.049776 54.380357 7.426655 71.276759 56.842391 9.805754 68.049776 54.380357 7.426655
2013_01_13_13_09_50_207869667  2601.000 1 16 85.000000 85.000000 0.000000 0.000000 130.661987 79.178006 64.333367 11.98472 79.272608 65.114781 9.456454 79.178006 64.333367 11.98472 79.272608 65.114781 9.456454
2013_01_13_13_10_30_413221905  2601.000 1 16 85.000000 85.000000 0.000000 0.000000 128.437854 78.941294 64.264291 10.284647 77.94438 63.955138 7.468784 78.941294 64.264291 10.284647 77.94438 63.955138 7.468784
2013_01_13_13_12_01_972396364  2601.000 1 14 85.000000 85.000000 0.000000 0.000000 148.651048 72.351603 57.665684 11.212226 72.313907 58.291004 8.995219 72.351603 57.665684 11.212226 72.313907 58.291004 8.995219
2013_01_13_13_12_02_034712073  2601.000 1 12 85.000000 85.000000 0.000000 0.000000 173.617594 64.61967 50.054104 10.826667 61.826914 48.139491 7.485215 64.61967 50.054104 10.826667 61.826914 48.139491 7.485215
2013_01_13_13_12_39_837366314  2601.000 1 14 85.000000 85.000000 0.000000 0.000000 147.239325 72.425025 57.605546 11.121009 70.938452 56.940085 7.437176 72.425025 57.605546 11.121009 70.938452 56.940085 7.437176
2013_01_13_13_14_31_577729603  2601.000 1 12 85.000000 85.000000 0.000000 0.000000 176.376012 65.296674 50.684207 10.904378 65.137205 51.192425 8.722722 65.296674 50.684207 10.904378 65.137205 51.192425 8.722722
2013_01_13_13_14_56_704762120  2601.000 1 10 85.000000 85.000000 0.000000 0.000000 208.308807 57.921478 43.433379 10.691893 55.111944 41.445351 7.432486 57.921478 43.433379 10.691893 55.111944 41.445351 7.432486
2013_01_13_13_15_08_071199646  2601.000 1 12 85.000000 85.000000 0.000000 0.000000 176.563451 65.21376 50.482349 11.025203 63.986997 50.116279 7.297884 65.21376 50.482349 11.025203 63.986997 50.116279 7.297884
2013_01_13_13_17_28_816954025  2601.000 1 10 85.000000 85.000000 0.000000 0.000000 209.257568 58.353055 43.782608 10.79279 58.050705 44.17189 8.569933 58.353055 43.782608 10.79279 58.050705 44.17189 8.569933
2013_01_13_13_18_05_546080070  2601.000 1 10 85.000000 85.000000 0.000000 0.000000 211.568071 58.290244 43.804841 10.051168 56.883195 43.105136 6.977659 58.290244 43.804841 10.051168 56.883195 43.105136 6.977659
2013_01_13_13_18_25_870085108  2601.000 1 8 85.000000 85.000000 0.000000 0.000000 279.180915 50.563005 36.400237 9.585517 48.682472 35.173938 7.062546 50.563005 36.400237 9.585517 48.682472 35.173938 7.062546
2013_01_13_13_20_59_160402228  2601.000 1 8 85.000000 85.000000 0.000000 0.000000 282.284403 51.191967 36.945338 10.309647 51.110425 37.339092 8.340048 51.191967 36.945338 10.309647 51.110425 37.339092 8.340048
2013_01_13_13_21_37_979006171  2601.000 1 8 85.000000 85.000000 0.000000 0.000000 282.020944 51.082565 36.844046 9.180989 50.243522 36.639671 6.215504 51.082565 36.844046 9.180989 50.243522 36.639671 6.215504
2013_01_13_13_23_05_935411864  2601.000 1 6 85.000000 85.000000 0.000000 0.000000 331.815758 43.953914 29.877598 9.866044 42.019285 28.562754 7.027524 43.953914 29.877598 9.866044 42.019285 28.562754 7.027524
2013_01_13_13_25_42_477307780  2601.000 1 6 85.000000 85.000000 0.000000 0.000000 326.97738 44.421196 30.293263 10.098208 44.034068 30.316709 8.233626 44.421196 30.293263 10.098208 44.034068 30.316709 8.233626
2013_01_13_13_26_21_103843718  2601.000 1 6 85.000000 85.000000 0.000000 0.000000 339.65917 44.476627 30.332347 8.979716 43.274177 29.687361 5.929136 44.476627 30.332347 8.979716 43.274177 29.687361 5.929136
2013_01_13_13_28_38_619702635  2601.000 1 4 85.000000 85.000000 0.000000 0.000000 530.388565 37.500885 23.449682 9.859872 36.139798 22.647584 7.000071 37.500885 23.449682 9.859872 36.139798 22.647584 7.000071
2013_01_13_13_31_10_205033807  2601.000 1 4 85.000000 85.000000 0.000000 0.000000 652.352072 37.868248 23.70135 10.048344 37.738443 24.014119 8.179248 37.868248 23.70135 10.048344 37.738443 24.014119 8.179248
2013_01_13_13_32_01_670474185  2601.000 1 4 85.000000 85.000000 0.000000 0.000000 533.179266 37.785285 23.685394 8.945772 37.111926 23.478626 5.99232 37.785285 23.685394 8.945772 37.111926 23.478626 5.99232
2013_01_13_13_37_29_844179504  2601.000 1 16 90.000000 90.000000 0.000000 0.000000 128.121334 77.89907 63.556136 9.571529 74.718659 61.057237 7.3915 77.89907 63.556136 9.571529 74.718659 61.057237 7.3915
2013_01_13_13_39_38_806666589  2601.000 1 14 90.000000 90.000000 0.000000 0.000000 149.042819 71.385033 56.808944 10.372688 68.109115 54.360333 7.625722 71.385033 56.808944 10.372688 68.109115 54.360333 7.625722
2013_01_13_13_40_55_739389681  2601.000 1 16 90.000000 90.000000 0.000000 0.000000 131.353206 78.872043 64.331113 9.665688 77.965614 64.077142 7.191082 78.872043 64.331113 9.665688 77.965614 64.077142 7.191082
2013_01_13_13_42_03_336563668  2601.000 1 16 90.000000 90.000000 0.000000 0.000000 131.53975 78.725558 64.185211 11.044776 79.066072 65.076529 8.923852 78.725558 64.185211 11.044776 79.066072 65.076529 8.923852
2013_01_13_13_42_08_825031855  2601.000 1 12 90.000000 90.000000 0.000000 0.000000 175.741488 64.722652 50.172988 10.75057 61.805399 48.12254 7.444757 64.722652 50.172988 10.75057 61.805399 48.12254 7.444757
2013_01_13_13_43_08_138267304  2601.000 1 14 90.000000 90.000000 0.000000 0.000000 147.240798 72.312519 57.58512 10.716107 70.709914 56.743175 7.219567 72.312519 57.58512 10.716107 70.709914 56.743175 7.219567
2013_01_13_13_44_15_741269375  2601.000 1 14 90.000000 90.000000 0.000000 0.000000 150.335038 72.153478 57.677405 10.824643 72.125025 58.231771 8.847996 72.153478 57.677405 10.824643 72.125025 58.231771 8.847996
2013_01_13_13_45_05_454975697  2601.000 1 10 90.000000 90.000000 0.000000 0.000000 208.560144 57.933223 43.400346 10.736172 55.101047 41.391168 7.519453 57.933223 43.400346 10.736172 55.101047 41.391168 7.519453
2013_01_13_13_45_36_382835192  2601.000 1 12 90.000000 90.000000 0.000000 0.000000 174.530021 65.373988 50.548351 11.240215 64.233924 50.270649 7.577472 65.373988 50.548351 11.240215 64.233924 50.270649 7.577472
2013_01_13_13_46_46_968292301  2601.000 1 12 90.000000 90.000000 0.000000 0.000000 176.565203 65.555256 50.699253 11.535354 65.207642 51.158253 9.031622 65.555256 50.699253 11.535354 65.207642 51.158253 9.031622
2013_01_13_13_48_31_775561774  2601.000 1 10 90.000000 90.000000 0.000000 0.000000 215.330465 58.325663 43.866955 10.093537 56.845906 43.085501 6.9838 58.325663 43.866955 10.093537 56.845906 43.085501 6.9838
2013_01_13_13_48_34_651766299  2601.000 1 8 90.000000 90.000000 0.000000 0.000000 276.775461 50.45322 36.32259 9.739648 48.610005 35.124057 7.00486 50.45322 36.32259 9.739648 48.610005 35.124057 7.00486
2013_01_13_13_49_44_431675624  2601.000 1 10 90.000000 90.000000 0.000000 0.000000 210.851787 58.385048 43.877164 10.70719 58.005165 44.149373 8.495389 58.385048 43.877164 10.70719 58.005165 44.149373 8.495389
2013_01_13_13_52_08_027079277  2601.000 1 8 90.000000 90.000000 0.000000 0.000000 285.760726 51.160175 36.856707 9.540628 50.28219 36.640159 6.427611 51.160175 36.856707 9.540628 50.28219 36.640159 6.427611
2013_01_13_13_53_12_108876490  2601.000 1 6 90.000000 90.000000 0.000000 0.000000 331.845634 43.978146 29.8969 9.920116 42.033487 28.574043 7.035658 43.978146 29.8969 9.920116 42.033487 28.574043 7.035658
2013_01_13_13_53_16_105652209  2601.000 1 8 90.000000 90.000000 0.000000 0.000000 282.552402 51.245839 37.022547 10.247308 51.007066 37.262035 8.341021 51.245839 37.022547 10.247308 51.007066 37.262035 8.341021
2013_01_13_13_56_54_714212295  2601.000 1 6 90.000000 90.000000 0.000000 0.000000 336.3167 44.538424 30.328448 9.23159 43.268944 29.660093 6.08281 44.538424 30.328448 9.23159 43.268944 29.660093 6.08281
2013_01_13_13_57_59_405193793  2601.000 1 6 90.000000 90.000000 0.000000 0.000000 329.71456 44.530039 30.397623 10.045871 43.901691 30.187798 8.192191 44.530039 30.397623 10.045871 43.901691 30.187798 8.192191
2013_01_13_13_58_44_847858472  2601.000 1 4 90.000000 90.000000 0.000000 0.000000 531.098377 37.739327 23.694292 9.775666 36.117874 22.624748 7.001584 37.739327 23.694292 9.775666 36.117874 22.624748 7.001584
2013_01_13_14_02_31_865132068  2601.000 1 4 90.000000 90.000000 0.000000 0.000000 584.787201 37.801364 23.681338 9.193858 37.045635 23.416104 5.971495 37.801364 23.681338 9.193858 37.045635 23.416104 5.971495
2013_01_13_14_03_29_941746045  2601.000 1 4 90.000000 90.000000 0.000000 0.000000 593.33894 37.97479 23.811023 10.056583 37.550835 23.806144 8.168541 37.97479 23.811023 10.056583 37.550835 23.806144 8.168541
2013_01_13_14_07_36_706000260  2601.000 1 16 95.000000 95.000000 0.000000 0.000000 130.750969 78.117478 63.563887 10.078965 74.914973 61.114969 7.727744 78.117478 63.563887 10.078965 74.914973 61.114969 7.727744
2013_01_13_14_09_48_473997809  2601.000 1 14 95.000000 95.000000 0.000000 0.000000 149.078808 71.18172 56.703034 10.03393 68.027732 54.323221 7.524136 71.18172 56.703034 10.03393 68.027732 54.323221 7.524136
2013_01_13_14_12_17_420342409  2601.000 1 16 95.000000 95.000000 0.000000 0.000000 132.955262 78.889893 64.38264 9.988533 78.040833 64.173002 7.189903 78.889893 64.38264 9.988533 78.040833 64.173002 7.189903
2013_01_13_14_12_18_471116654  2601.000 1 12 95.000000 95.000000 0.000000 0.000000 172.717093 64.934159 50.252575 11.047305 61.88589 48.124324 7.626673 64.934159 50.252575 11.047305 61.88589 48.124324 7.626673
2013_01_13_14_13_24_044874759  2601.000 1 16 95.000000 95.000000 0.000000 0.000000 130.706651 78.611598 64.20837 10.716828 78.9677 65.097588 8.669824 78.611598 64.20837 10.716828 78.9677 65.097588 8.669824
2013_01_13_14_14_31_534128441  2601.000 1 14 95.000000 95.000000 0.000000 0.000000 149.248397 72.026245 57.473349 9.726528 70.588658 56.692575 7.02419 72.026245 57.473349 9.726528 70.588658 56.692575 7.02419
2013_01_13_14_15_12_127012747  2601.000 1 10 95.000000 95.000000 0.000000 0.000000 212.023558 58.034635 43.443979 10.858235 55.137549 41.411786 7.581281 58.034635 43.443979 10.858235 55.137549 41.411786 7.581281
2013_01_13_14_15_35_598971662  2601.000 1 14 95.000000 95.000000 0.000000 0.000000 151.387669 72.278039 57.699144 10.966213 72.184994 58.234602 8.906953 72.278039 57.699144 10.966213 72.184994 58.234602 8.906953
2013_01_13_14_17_01_737032595  2601.000 1 12 95.000000 95.000000 0.000000 0.000000 176.326263 65.406383 50.673974 10.890965 64.168235 50.23088 7.395367 65.406383 50.673974 10.890965 64.168235 50.23088 7.395367
2013_01_13_14_18_07_967417302  2601.000 1 12 95.000000 95.000000 0.000000 0.000000 173.2487 65.369897 50.594475 11.209523 65.134714 51.142251 8.923983 65.369897 50.594475 11.209523 65.134714 51.142251 8.923983
2013_01_13_14_18_45_037661210  2601.000 1 8 95.000000 95.000000 0.000000 0.000000 289.869385 50.530182 36.391649 9.439117 48.628009 35.13941 7.082371 50.530182 36.391649 9.439117 48.628009 35.13941 7.082371
2013_01_13_14_19_58_950778501  2601.000 1 10 95.000000 95.000000 0.000000 0.000000 210.467746 58.434335 43.921904 10.40055 56.870483 43.108865 7.000329 58.434335 43.921904 10.40055 56.870483 43.108865 7.000329
2013_01_13_14_21_02_021293772  2601.000 1 10 95.000000 95.000000 0.000000 0.000000 214.526655 58.598266 43.97986 10.994812 58.08162 44.181626 8.720349 58.598266 43.97986 10.994812 58.08162 44.181626 8.720349
2013_01_13_14_23_30_197091394  2601.000 1 8 95.000000 95.000000 0.000000 0.000000 285.91654 51.111095 36.929261 8.953079 50.198806 36.610231 6.155884 51.111095 36.929261 8.953079 50.198806 36.610231 6.155884
2013_01_13_14_23_35_705994628  2601.000 1 6 95.000000 95.000000 0.000000 0.000000 337.362864 44.050968 29.94015 10.012845 41.982722 28.501786 7.071107 44.050968 29.94015 10.012845 41.982722 28.501786 7.071107
2013_01_13_14_24_37_463130964  2601.000 1 8 95.000000 95.000000 0.000000 0.000000 292.667768 51.351461 37.115063 10.225016 51.057336 37.307027 8.316844 51.351461 37.115063 10.225016 51.057336 37.307027 8.316844
2013_01_13_14_28_16_894267268  2601.000 1 6 95.000000 95.000000 0.000000 0.000000 344.394792 44.527874 30.327322 9.318525 43.265669 29.681007 6.037561 44.527874 30.327322 9.318525 43.265669 29.681007 6.037561
2013_01_13_14_29_13_781396734  2601.000 1 4 95.000000 95.000000 0.000000 0.000000 607.450897 37.598558 23.534733 10.034837 35.951034 22.456904 7.027212 37.598558 23.534733 10.034837 35.951034 22.456904 7.027212
2013_01_13_14_29_30_957210993  2601.000 1 6 95.000000 95.000000 0.000000 0.000000 323.603641 44.424334 30.289509 10.044581 43.938673 30.235059 8.203116 44.424334 30.289509 10.044581 43.938673 30.235059 8.203116
2013_01_13_14_34_02_040107146  2601.000 1 4 95.000000 95.000000 0.000000 0.000000 564.187475 37.835418 23.710885 9.032237 37.055607 23.42844 5.967537 37.835418 23.710885 9.032237 37.055607 23.42844 5.967537
2013_01_13_14_34_55_270114538  2601.000 1 4 95.000000 95.000000 0.000000 0.000000 587.377224 38.152701 23.999645 10.063375 37.716015 23.984235 8.17686 38.152701 23.999645 10.063375 37.716015 23.984235 8.17686
2013_01_13_14_39_22_090448838  2601.000 1 16 100.000000 100.000000 0.000000 0.000000 131.419915 77.801896 63.51009 8.869265 74.681765 61.049724 7.355578 77.801896 63.51009 8.869265 74.681765 61.049724 7.355578
2013_01_13_14_41_34_516233578  2601.000 1 14 100.000000 100.000000 0.000000 0.000000 148.286985 71.105983 56.621537 10.194971 68.030905 54.343895 7.472753 71.105983 56.621537 10.194971 68.030905 54.343895 7.472753
2013_01_13_14_43_26_846387047  2601.000 1 16 100.000000 100.000000 0.000000 0.000000 131.129681 79.080241 64.283843 10.692885 78.167761 64.134586 7.550888 79.080241 64.283843 10.692885 78.167761 64.134586 7.550888
2013_01_13_14_44_03_737744090  2601.000 1 12 100.000000 100.000000 0.000000 0.000000 174.103974 64.529209 50.105623 10.330089 61.697995 48.063803 7.311333 64.529209 50.105623 10.330089 61.697995 48.063803 7.311333
2013_01_13_14_44_43_377179581  2601.000 1 16 100.000000 100.000000 0.000000 0.000000 132.370601 79.204092 64.347139 11.889715 79.257196 65.118418 9.595483 79.204092 64.347139 11.889715 79.257196 65.118418 9.595483
2013_01_13_14_45_39_049114188  2601.000 1 14 100.000000 100.000000 0.000000 0.000000 149.549339 71.779964 57.441922 9.076266 70.434872 56.669307 6.579633 71.779964 57.441922 9.076266 70.434872 56.669307 6.579633
2013_01_13_14_46_56_799437155  2601.000 1 14 100.000000 100.000000 0.000000 0.000000 149.020905 72.352819 57.733155 11.145161 72.24473 58.26798 9.042517 72.352819 57.733155 11.145161 72.24473 58.26798 9.042517
2013_01_13_14_46_59_304026085  2601.000 1 10 100.000000 100.000000 0.000000 0.000000 210.661244 57.870503 43.381637 10.59842 55.018217 41.354701 7.312067 57.870503 43.381637 10.59842 55.018217 41.354701 7.312067
2013_01_13_14_48_09_415557507  2601.000 1 12 100.000000 100.000000 0.000000 0.000000 174.565864 65.135344 50.445158 10.80833 64.106066 50.189854 7.36648 65.135344 50.445158 10.80833 64.106066 50.189854 7.36648
2013_01_13_14_49_26_837013735  2601.000 1 12 100.000000 100.000000 0.000000 0.000000 175.289935 65.399706 50.664212 11.196753 65.206488 51.18238 8.933633 65.399706 50.664212 11.196753 65.206488 51.18238 8.933633
2013_01_13_14_50_30_750066097  2601.000 1 8 100.000000 100.000000 0.000000 0.000000 295.115043 50.644949 36.517465 9.664096 48.589122 35.104572 6.962892 50.644949 36.517465 9.664096 48.589122 35.104572 6.962892
2013_01_13_14_51_05_073771444  2601.000 1 10 100.000000 100.000000 0.000000 0.000000 210.396629 58.372627 43.879801 10.368645 56.911585 43.163016 6.956178 58.372627 43.879801 10.368645 56.911585 43.163016 6.956178
2013_01_13_14_52_23_055135199  2601.000 1 10 100.000000 100.000000 0.000000 0.000000 211.242244 58.372796 43.903898 10.558628 58.027144 44.207649 8.402517 58.372796 43.903898 10.558628 58.027144 44.207649 8.402517
2013_01_13_14_54_36_346172800  2601.000 1 8 100.000000 100.000000 0.000000 0.000000 296.482804 51.187846 36.890791 9.275115 50.298725 36.655942 6.396177 51.187846 36.890791 9.275115 50.298725 36.655942 6.396177
2013_01_13_14_55_26_664656149  2601.000 1 6 100.000000 100.000000 0.000000 0.000000 335.534957 44.016108 29.934577 9.894351 41.908418 28.449321 7.038128 44.016108 29.934577 9.894351 41.908418 28.449321 7.038128
2013_01_13_14_55_55_091244914  2601.000 1 8 100.000000 100.000000 0.000000 0.000000 282.882346 51.225292 36.95594 10.321206 51.103216 37.339936 8.389993 51.225292 36.95594 10.321206 51.103216 37.339936 8.389993
2013_01_13_14_59_33_690947619  2601.000 1 6 100.000000 100.000000 0.000000 0.000000 325.192353 44.425446 30.264579 9.093046 43.250717 29.649156 6.00801 44.425446 30.264579 9.093046 43.250717 29.649156 6.00801
2013_01_13_15_00_38_818090518  2601.000 1 6 100.000000 100.000000 0.000000 0.000000 328.303006 44.434266 30.266441 10.150028 44.023502 30.285334 8.248763 44.434266 30.266441 10.150028 44.023502 30.285334 8.248763
2013_01_13_15_01_02_960206287  2601.000 1 4 100.000000 100.000000 0.000000 0.000000 506.906163 37.634514 23.573739 9.998976 35.961379 22.478124 7.006831 37.634514 23.573739 9.998976 35.961379 22.478124 7.006831
2013_01_13_15_04_59_869369408  2601.000 1 4 100.000000 100.000000 0.000000 0.000000 603.863616 37.823322 23.701019 9.620839 37.094576 23.495436 5.918793 37.823322 23.701019 9.620839 37.094576 23.495436 5.918793
2013_01_13_15_06_07_955224768  2601.000 1 4 100.000000 100.000000 0.000000 0.000000 547.354975 37.931175 23.761488 10.092014 37.731056 23.982667 8.204817 37.931175 23.761488 10.092014 37.731056 23.982667 8.204817
