id freq nodes cores pkg-clamp-0 pkg-clamp-1 dram-clamp-0 dram-clamp-1 avg-time avg-pkg-0 avg-pp0-0 avg-dram-0 avg-pkg-1 avg-pp0-1 avg-dram-1 tot-pkg-0 tot-pp0-0 tot-dram-0 tot-pkg-1 tot-pp0-1 tot-dram-1
2013_01_03_00_50_21_281932165  2601.000 8 16 115.000000 115.000000 0.000000 0.000000 20.746133875 77.867652 64.544051625 4.708688375 75.737955125 62.467867625 2.563440625 622.941216 516.352413 37.669507 605.903641 499.742941 20.507525
2013_01_03_00_50_48_240035999  2601.000 8 14 115.000000 115.000000 0.000000 0.000000 21.543456375 77.868484125 64.510424875 4.834671875 74.37933775 61.092637375 2.852542875 622.947873 516.083399 38.677375 595.034702 488.741099 22.820343
2013_01_03_00_51_15_240947840  2601.000 8 12 115.000000 115.000000 0.000000 0.000000 24.517925625 73.3295585 59.95726175 4.8569465 69.706062 56.424170375 2.75676275 586.636468 479.658094 38.855572 557.648496 451.393363 22.054102
2013_01_03_00_51_45_171274200  2601.000 8 10 115.000000 115.000000 0.000000 0.000000 27.914439375 67.780956125 54.41441175 4.873374125 64.0911555 50.816669625 2.6622315 542.247649 435.315294 38.986993 512.729244 406.533357 21.297852
2013_01_03_00_52_18_522113566  2601.000 8 8 115.000000 115.000000 0.000000 0.000000 33.347687625 61.269543 47.897017 4.849103125 60.392164 47.124045 2.5740885 490.156344 383.176136 38.792825 483.137312 376.99236 20.592708
2013_01_03_00_52_57_327960618  2601.000 8 6 115.000000 115.000000 0.000000 0.000000 43.218078 54.366900875 41.01217675 4.845177 51.867231625 38.61149575 2.505235 434.935207 328.097414 38.761416 414.937853 308.891966 20.04188
2013_01_03_00_53_46_637905421  2601.000 8 4 115.000000 115.000000 0.000000 0.000000 62.570466 46.47108975 33.134772875 4.81071225 46.01363825 32.772185375 2.369548625 371.768718 265.078183 38.485698 368.109106 262.177483 18.956389
2013_01_03_00_54_55_892387943  2601.000 16 16 115.000000 115.000000 0.000000 0.000000 18.0251025 63.8460485 50.53286075 4.872719875 57.95639875 44.654145125 3.5323765625 1021.536776 808.525772 77.963518 927.30238 714.466322 56.518025
2013_01_03_00_55_20_834247700  2601.000 16 14 115.000000 115.000000 0.000000 0.000000 18.2284529375 61.196448875 47.8494645625 5.010731125 57.09350075 43.78196725 3.7756623125 979.143182 765.591433 80.171698 913.496012 700.511476 60.410597
2013_01_03_00_55_44_693311788  2601.000 16 12 115.000000 115.000000 0.000000 0.000000 20.4169181875 57.9858180625 44.645918375 5.0874646875 55.3294333125 42.0283664375 3.614797625 927.773089 714.334694 81.399435 885.270933 672.453863 57.836762
2013_01_03_00_56_11_090733129  2601.000 16 10 115.000000 115.000000 0.000000 0.000000 22.0980583125 53.708789875 40.365021625 4.966572625 54.0232856875 40.7296155625 3.514164125 859.340638 645.840346 79.465162 864.372571 651.673849 56.226626
2013_01_03_00_56_38_835568830  2601.000 16 8 115.000000 115.000000 0.000000 0.000000 25.1564925 50.3773766875 37.0377305 5.1336298125 52.3383494375 39.051181125 3.4295225 806.038027 592.603688 82.138077 837.413591 624.818898 54.87236
2013_01_03_00_57_09_533683663  2601.000 16 6 115.000000 115.000000 0.000000 0.000000 29.7713920625 46.085318 32.75156975 5.1163699375 48.571378125 35.2999726875 3.251320125 737.365088 524.025116 81.861919 777.14205 564.799563 52.021122
2013_01_03_00_57_45_313014025  2601.000 16 4 115.000000 115.000000 0.000000 0.000000 38.1598289375 44.589831 31.2894435625 5.0183475625 42.1009696875 28.84688725 2.94759675 713.437296 500.631097 80.293561 673.615515 461.550196 47.161548
2013_01_03_00_58_29_828442022  2601.000 32 16 115.000000 115.000000 0.000000 0.000000 32.550309875 44.1716725 30.88469425 4.43524496875 36.183523125 22.900671125 3.8841805 1413.49352 988.310216 141.927839 1157.87274 732.821476 124.293776
2013_01_03_00_59_10_068840684  2601.000 32 14 115.000000 115.000000 0.000000 0.000000 31.52592665625 42.4062679375 29.11891209375 4.50819959375 36.10850965625 22.8234474375 4.08130996875 1357.000574 931.805187 144.262387 1155.472309 730.350318 130.601919
2013_01_03_00_59_48_382831030  2601.000 32 12 115.000000 115.000000 0.000000 0.000000 35.23845290625 38.189393875 24.90535396875 4.70506203125 39.0181721875 25.7383289375 4.18240965625 1222.060604 796.971327 150.561985 1248.58151 823.626526 133.837109
2013_01_03_01_00_30_336577029  2601.000 32 10 115.000000 115.000000 0.000000 0.000000 36.45223015625 35.65048875 22.35783840625 4.83523890625 41.080456 27.7967755 4.22628421875 1140.81564 715.450829 154.727645 1314.574592 889.496816 135.241095
2013_01_03_01_01_13_627239877  2601.000 32 8 115.000000 115.000000 0.000000 0.000000 40.139852125 34.706006375 21.4061085625 4.783330875 39.47268453125 26.1985324375 4.06059146875 1110.592204 684.995474 153.066588 1263.125905 838.353038 129.938927
2013_01_03_01_02_00_822587834  2601.000 32 6 115.000000 115.000000 0.000000 0.000000 39.508480375 35.35581209375 22.0679965625 4.82466003125 38.78194421875 25.5058920625 4.037453375 1131.385987 706.17589 154.389121 1241.022215 816.188546 129.198508
2013_01_03_01_02_46_734250540  2601.000 32 4 115.000000 115.000000 0.000000 0.000000 45.37375746875 33.815569875 20.5427741875 4.8079485625 37.87408953125 24.6090639375 3.86279534375 1082.098236 657.368774 153.854354 1211.970865 787.490046 123.609451
2013_01_03_01_03_38_665625856  2601.000 8 16 51.000000 51.000000 0.000000 0.000000 27.836710875 48.116300375 34.76627825 5.00799425 48.486816875 35.240761125 2.515762 384.930403 278.130226 40.063954 387.894535 281.926089 20.126096
2013_01_03_01_04_13_072103479  2601.000 8 14 51.000000 51.000000 0.000000 0.000000 30.320838875 48.286965125 34.967376125 4.79217425 48.965394625 35.72352725 2.502367 386.295721 279.739009 38.337394 391.723157 285.788218 20.018936
2013_01_03_01_04_49_517608065  2601.000 8 12 51.000000 51.000000 0.000000 0.000000 31.76224175 48.82927775 35.506481125 4.84291925 48.761723125 35.516317375 2.670558125 390.634222 284.051849 38.743354 390.093785 284.130539 21.364465
2013_01_03_01_05_27_308615291  2601.000 8 10 51.000000 51.000000 0.000000 0.000000 35.547475 48.329202 35.003488875 4.818600625 48.206752 34.962542125 2.6634735 386.633616 280.027911 38.548805 385.654016 279.700337 21.307788
2013_01_03_01_06_08_781044120  2601.000 8 8 51.000000 51.000000 0.000000 0.000000 40.391784 45.18796925 31.863757375 4.844776625 45.4166965 32.177591625 2.51224375 361.503754 254.910059 38.758213 363.333572 257.420733 20.09795
2013_01_03_01_06_55_469797076  2601.000 8 6 51.000000 51.000000 0.000000 0.000000 52.278665 40.30196 26.98427625 4.83030975 39.9574785 26.72839675 2.4230665 322.41568 215.87421 38.642478 319.659828 213.827174 19.384532
2013_01_03_01_07_54_274964127  2601.000 8 4 51.000000 51.000000 0.000000 0.000000 77.643332875 34.59500425 21.28735525 4.831876625 34.6489955 21.4313325 2.277563625 276.760034 170.298842 38.655013 277.191964 171.45066 18.220509
2013_01_03_01_09_18_475289616  2601.000 16 16 51.000000 51.000000 0.000000 0.000000 23.3549151875 39.684043375 26.38007 5.07159125 41.1774695 27.9161224375 3.330897625 634.944694 422.08112 81.14546 658.839512 446.657959 53.294362
2013_01_03_01_09_48_414982430  2601.000 16 14 51.000000 51.000000 0.000000 0.000000 27.230944125 38.9408304375 25.6536326875 4.976581 40.775370125 27.5134769375 3.4884989375 623.053287 410.458123 79.625296 652.405922 440.215631 55.815983
2013_01_03_01_10_21_984656045  2601.000 16 12 51.000000 51.000000 0.000000 0.000000 26.2683208125 39.931715875 26.6228526875 5.0702918125 41.808734875 28.5433143125 3.4876728125 638.907454 425.965643 81.124669 668.939758 456.693029 55.802765
2013_01_03_01_10_54_209796801  2601.000 16 10 51.000000 51.000000 0.000000 0.000000 29.4258583125 38.529038 25.2399485 4.9712215625 41.4194260625 28.1600518125 3.4583029375 616.464608 403.839176 79.539545 662.710817 450.560829 55.332847
2013_01_03_01_11_29_307881095  2601.000 16 8 51.000000 51.000000 0.000000 0.000000 31.61062375 37.9513998125 24.652466875 5.0275351875 39.7427593125 26.4874068125 3.309932375 607.222397 394.43947 80.440563 635.884149 423.798509 52.958918
2013_01_03_01_12_07_171304267  2601.000 16 6 51.000000 51.000000 0.000000 0.000000 36.031533875 35.7103966875 22.416654375 5.0573506875 37.2270253125 23.9795095625 3.0532473125 571.366347 358.66647 80.917611 595.632405 383.672153 48.851957
2013_01_03_01_12_48_822445446  2601.000 16 4 51.000000 51.000000 0.000000 0.000000 50.0004335 31.9856166875 18.701787125 5.1869444375 33.3754129375 20.1538405625 2.9887545 511.769867 299.228594 82.991111 534.006607 322.461449 47.820072
2013_01_03_01_13_45_463639664  2601.000 32 16 51.000000 51.000000 0.000000 0.000000 42.6730381875 27.9050943125 14.643803625 4.77066759375 32.46800128125 19.21630540625 4.23433946875 892.963018 468.601716 152.661363 1038.976041 614.921773 135.498863
2013_01_03_01_14_34_197213817  2601.000 32 14 51.000000 51.000000 0.000000 0.000000 43.022264625 28.1536503125 14.88023175 4.8237896875 32.99737925 19.7445519375 4.25711828125 900.91681 476.167416 154.36127 1055.916136 631.825662 136.227785
2013_01_03_01_15_22_931921813  2601.000 32 12 51.000000 51.000000 0.000000 0.000000 44.95211940625 27.9526925 14.6774574375 4.80832625 32.9756840625 19.724862 4.20770175 894.48616 469.678638 153.86644 1055.22189 631.195584 134.646456
2013_01_03_01_16_14_172075187  2601.000 32 10 51.000000 51.000000 0.000000 0.000000 46.152454625 28.025737625 14.7487319375 4.82983759375 32.8298021875 19.5803925 4.1337643125 896.823604 471.959422 154.554803 1050.55367 626.57256 132.280458
2013_01_03_01_17_06_759336508  2601.000 32 8 51.000000 51.000000 0.000000 0.000000 46.47345196875 27.573223375 14.29498121875 4.8888346875 32.74177825 19.49204540625 4.11765259375 882.343148 457.439399 156.44271 1047.736904 623.745453 131.764883
2013_01_03_01_18_00_148410909  2601.000 32 6 51.000000 51.000000 0.000000 0.000000 47.79450959375 27.22118065625 13.96161634375 4.82825253125 32.1178968125 18.8730338125 4.00532534375 871.077781 446.771723 154.504081 1027.772698 603.937082 128.170411
2013_01_03_01_18_54_828795575  2601.000 32 4 51.000000 51.000000 0.000000 0.000000 53.7068319375 27.06828771875 13.816910875 4.78640153125 30.332961125 17.09795028125 3.77011465625 866.185207 442.141148 153.164849 970.654756 547.134409 120.643669
2013_01_03_01_19_55_204201062  2601.000 8 16 65.000000 65.000000 0.000000 0.000000 23.439524125 60.429346625 47.10720125 4.857061625 60.797401875 47.54181275 2.408031375 483.434773 376.85761 38.856493 486.379215 380.334502 19.264251
2013_01_03_01_20_25_329744867  2601.000 8 14 65.000000 65.000000 0.000000 0.000000 25.729625375 59.07426925 45.733836625 4.8407685 58.485255 45.22405775 2.4840005 472.594154 365.870693 38.726148 467.88204 361.792462 19.872004
2013_01_03_01_20_57_211854385  2601.000 8 12 65.000000 65.000000 0.000000 0.000000 27.5853685 56.409025125 43.07275575 4.844396125 55.79364325 42.532270125 2.583743125 451.272201 344.582046 38.755169 446.349146 340.258161 20.669945
2013_01_03_01_21_30_914774400  2601.000 8 10 65.000000 65.000000 0.000000 0.000000 32.333649 50.975018 37.63847375 4.865607375 50.8477775 37.596913875 2.3835805 407.800144 301.10779 38.924859 406.78222 300.775311 19.068644
2013_01_03_01_22_09_643540830  2601.000 8 8 65.000000 65.000000 0.000000 0.000000 39.825568875 45.32595975 32.000213875 4.85386075 45.85165425 32.609466 2.286455875 362.607678 256.001711 38.830886 366.813234 260.875728 18.291647
2013_01_03_01_22_55_878019512  2601.000 8 6 65.000000 65.000000 0.000000 0.000000 52.096570875 39.824027125 26.5047255 4.842865625 40.500109125 27.267889375 2.257286875 318.592217 212.037804 38.742925 324.000873 218.143115 18.058295
2013_01_03_01_23_54_268438275  2601.000 8 4 65.000000 65.000000 0.000000 0.000000 76.7079925 34.315892625 21.009717625 4.830861625 35.21063375 21.99067175 2.2913435 274.527141 168.077741 38.646893 281.68507 175.925374 18.330748
2013_01_03_01_25_17_424528128  2601.000 16 16 65.000000 65.000000 0.000000 0.000000 21.919739625 44.6535599375 31.3393724375 5.0790523125 46.9580174375 33.6816156875 3.577430875 714.456959 501.429959 81.264837 751.328279 538.905851 57.238894
2013_01_03_01_25_45_844745907  2601.000 16 14 65.000000 65.000000 0.000000 0.000000 22.2494633125 44.672213875 31.3673765625 5.064429 46.8835730625 33.60280775 3.69223375 714.755422 501.878025 81.030864 750.137169 537.644924 59.07574
2013_01_03_01_26_14_560984984  2601.000 16 12 65.000000 65.000000 0.000000 0.000000 24.5010319375 43.839282 30.5305578125 5.0476781875 43.1677099375 29.8999868125 3.5147688125 701.428512 488.488925 80.762851 690.683359 478.399789 56.236301
2013_01_03_01_26_45_688579611  2601.000 16 10 65.000000 65.000000 0.000000 0.000000 26.2198965 41.747900625 28.44773325 5.043618125 41.50084325 28.239307625 3.3377706875 667.96641 455.163732 80.69789 664.013492 451.828922 53.404331
2013_01_03_01_27_18_518570658  2601.000 16 8 65.000000 65.000000 0.000000 0.000000 29.4211486875 38.0375605625 24.73181575 5.1090343125 41.136098625 27.877019375 3.2962515625 608.600969 395.709052 81.744549 658.177578 446.03231 52.740025
2013_01_03_01_27_54_716616021  2601.000 16 6 65.000000 65.000000 0.000000 0.000000 36.269172375 35.6475544375 22.3631676875 5.054452 37.1312676875 23.88578775 3.136189625 570.360871 357.810683 80.871232 594.100283 382.172604 50.179034
2013_01_03_01_28_37_617663410  2601.000 16 4 65.000000 65.000000 0.000000 0.000000 48.16588025 32.7048603125 19.430214625 5.0490055625 33.389974625 20.1617848125 2.875361375 523.277765 310.883434 80.784089 534.239594 322.588557 46.005782
2013_01_03_01_29_32_334852166  2601.000 32 16 65.000000 65.000000 0.000000 0.000000 42.52469325 28.7973236875 15.5263848125 4.83967725 33.9910386875 20.7382808125 4.2985799375 921.514358 496.844314 154.869672 1087.713238 663.624986 137.554558
2013_01_03_01_30_21_393821945  2601.000 32 14 65.000000 65.000000 0.000000 0.000000 43.4278115 29.34247071875 16.0683230625 4.860959 33.7478661875 20.49522034375 4.254361125 938.959063 514.186338 155.550688 1079.931718 655.847051 136.139556
2013_01_03_01_31_11_501584200  2601.000 32 12 65.000000 65.000000 0.000000 0.000000 43.42753671875 28.35601046875 15.075202625 4.909409625 34.25708359375 21.00354690625 4.27453646875 907.392335 482.406484 157.101108 1096.226675 672.113501 136.785167
2013_01_03_01_32_01_537737303  2601.000 32 10 65.000000 65.000000 0.000000 0.000000 43.9079760625 28.01859334375 14.75070296875 4.86467353125 33.1556339375 19.90382259375 4.23702803125 896.594987 472.022495 155.669553 1060.980286 636.922323 135.584897
2013_01_03_01_32_52_069828109  2601.000 32 8 65.000000 65.000000 0.000000 0.000000 45.57007809375 27.21857678125 13.96138421875 4.8638526875 33.1913646875 19.9415795625 4.166092 870.994457 446.764295 155.643286 1062.12367 638.130546 133.314944
2013_01_03_01_33_44_108218626  2601.000 32 6 65.000000 65.000000 0.000000 0.000000 48.54404890625 26.86771828125 13.6112085625 4.84062309375 32.3741660625 19.13079696875 4.05093309375 859.766985 435.558674 154.899939 1035.973314 612.185503 129.629859
2013_01_03_01_34_39_106782682  2601.000 32 4 65.000000 65.000000 0.000000 0.000000 54.891976125 26.90164284375 13.6461964375 4.81251928125 30.42854315625 17.19520271875 3.805721375 860.852571 436.678286 154.000617 973.713381 550.246487 121.783084
2013_01_03_01_35_40_372698185  2601.000 8 16 80.000000 80.000000 0.000000 0.000000 21.555260625 65.7352815 52.405140625 4.866441875 65.7374025 52.473422625 2.50762975 525.882252 419.241125 38.931535 525.89922 419.787381 20.061038
2013_01_03_01_36_07_821685019  2601.000 8 14 80.000000 80.000000 0.000000 0.000000 25.467434625 60.159909875 46.820408 4.85888725 58.467811125 45.20540675 2.7388475 481.279279 374.563264 38.871098 467.742489 361.643254 21.91078
2013_01_03_01_36_38_855012778  2601.000 8 12 80.000000 80.000000 0.000000 0.000000 27.97250575 55.537357 42.16814725 5.058324375 55.430483625 42.172653875 2.76035175 444.298856 337.345178 40.466595 443.443869 337.381231 22.082814
2013_01_03_01_37_12_819715084  2601.000 8 10 80.000000 80.000000 0.000000 0.000000 33.305485 50.94987775 37.615949375 4.877994375 49.595318125 36.34246825 2.655266375 407.599022 300.927595 39.023955 396.762545 290.739746 21.242131
2013_01_03_01_37_52_120885758  2601.000 8 8 80.000000 80.000000 0.000000 0.000000 40.853024125 44.93208925 31.603867 4.8557805 45.10372175 31.862083625 2.511202625 359.456714 252.830936 38.846244 360.829774 254.896669 20.089621
2013_01_03_01_38_38_955452226  2601.000 8 6 80.000000 80.000000 0.000000 0.000000 52.0469485 40.091372625 26.77112725 4.846471125 40.2586625 27.029246375 2.402447875 320.730981 214.169018 38.771769 322.0693 216.233971 19.219583
2013_01_03_01_39_36_929486348  2601.000 8 4 80.000000 80.000000 0.000000 0.000000 77.817995875 34.76073475 21.453372875 4.83064 34.463881125 21.246908625 2.389325125 278.085878 171.626983 38.64512 275.711049 169.975269 19.114601
2013_01_03_01_41_01_291879036  2601.000 16 16 80.000000 80.000000 0.000000 0.000000 22.5649600625 45.2452988125 31.9460671875 5.0025009375 47.6356486875 34.3618165625 3.6780745 723.924781 511.137075 80.040015 762.170379 549.789065 58.849192
2013_01_03_01_41_30_349224016  2601.000 16 14 80.000000 80.000000 0.000000 0.000000 21.5654794375 45.243227875 31.9239126875 5.1041784375 47.7333953125 34.450378 3.632753375 723.891646 510.782603 81.666855 763.734325 551.206048 58.124054
2013_01_03_01_41_58_335537317  2601.000 16 12 80.000000 80.000000 0.000000 0.000000 25.376512 42.7388785 29.443567 4.9537523125 43.142721125 29.878046625 3.640181875 683.822056 471.097072 79.260037 690.283538 478.048746 58.24291
2013_01_03_01_42_30_288803589  2601.000 16 10 80.000000 80.000000 0.000000 0.000000 26.0920959375 41.71076625 28.39788325 5.049892625 42.603946625 29.3443775 3.24876175 667.37226 454.366132 80.798282 681.663146 469.51004 51.980188
2013_01_03_01_43_02_574851110  2601.000 16 8 80.000000 80.000000 0.000000 0.000000 28.55569025 39.399201625 26.09830025 5.094427375 40.6230644375 27.367567125 3.302963 630.387226 417.572804 81.510838 649.969031 437.881074 52.847408
2013_01_03_01_43_37_291042362  2601.000 16 6 80.000000 80.000000 0.000000 0.000000 35.4811118125 35.902524375 22.615648125 5.0505190625 37.1986661875 23.95247575 3.17742825 574.44039 361.85037 80.808305 595.178659 383.239612 50.838852
2013_01_03_01_44_19_280692039  2601.000 16 4 80.000000 80.000000 0.000000 0.000000 47.025378 32.8501293125 19.57484675 5.0485845625 33.1606750625 19.9302645 2.8987829375 525.602069 313.197548 80.777353 530.570801 318.884232 46.380527
2013_01_03_01_45_12_876839869  2601.000 32 16 80.000000 80.000000 0.000000 0.000000 42.118123 28.6293411875 15.35440615625 4.8601588125 34.2299749375 20.975120125 4.3608280625 916.138918 491.340997 155.525082 1095.359198 671.203844 139.546498
2013_01_03_01_46_01_302915033  2601.000 32 14 80.000000 80.000000 0.000000 0.000000 41.657932375 29.08559440625 15.82182021875 4.79629828125 33.709153625 20.45426846875 4.33063634375 930.739021 506.298247 153.481545 1078.692916 654.536591 138.580363
2013_01_03_01_46_49_158331354  2601.000 32 12 80.000000 80.000000 0.000000 0.000000 42.63809134375 28.9850436875 15.7218358125 4.81642975 33.49981153125 20.2458959375 4.33647740625 927.521398 503.098746 154.125752 1071.993969 647.86867 138.767277
2013_01_03_01_47_38_274497938  2601.000 32 10 80.000000 80.000000 0.000000 0.000000 44.06044271875 28.02634096875 14.75786321875 4.8572091875 33.1566356875 19.90464646875 4.28162321875 896.842911 472.251623 155.430694 1061.012342 636.948687 137.011943
2013_01_03_01_48_28_573134521  2601.000 32 8 80.000000 80.000000 0.000000 0.000000 45.89991378125 27.62446765625 14.35383453125 4.864250625 32.68165596875 19.4329168125 4.207087375 883.982965 459.322705 155.65602 1045.812991 621.853338 134.626796
2013_01_03_01_49_20_546553994  2601.000 32 6 80.000000 80.000000 0.000000 0.000000 49.120530875 26.86872125 13.60077546875 4.8813965625 32.06807453125 18.82447890625 4.1078484375 859.79908 435.224815 156.20469 1026.178385 602.383325 131.45115
2013_01_03_01_50_16_293004790  2601.000 32 4 80.000000 80.000000 0.000000 0.000000 54.68263090625 26.52778534375 13.2633496875 4.9009288125 30.821876125 17.587132125 3.8981116875 848.889131 424.42719 156.829722 986.300036 562.788228 124.739574
2013_01_03_01_51_17_143957252  2601.000 8 16 95.000000 95.000000 0.000000 0.000000 21.4612925 65.696302625 52.363370875 4.85631975 65.684942125 52.4213975 2.405047 525.570421 418.906967 38.850558 525.479537 419.37118 19.240376
2013_01_03_01_51_44_154138450  2601.000 8 14 95.000000 95.000000 0.000000 0.000000 23.934306125 61.257527125 47.9122625 4.891803 61.268490625 48.00278825 2.536391625 490.060217 383.2981 39.134424 490.147925 384.022306 20.291133
2013_01_03_01_52_13_453368594  2601.000 8 12 95.000000 95.000000 0.000000 0.000000 27.791968375 55.49957 42.127961375 5.058789 55.634828625 42.376097625 2.896744375 443.99656 337.023691 40.470312 445.078629 339.008781 23.173955
2013_01_03_01_52_46_855108581  2601.000 8 10 95.000000 95.000000 0.000000 0.000000 32.58783475 49.7325345 36.404163625 4.845382 51.634358 38.383513375 2.49513675 397.860276 291.233309 38.763056 413.074864 307.068107 19.961094
2013_01_03_01_53_24_875462581  2601.000 8 8 95.000000 95.000000 0.000000 0.000000 39.711809375 45.22311525 31.89634125 4.86389675 45.989758625 32.753118 2.50078925 361.784922 255.17073 38.911174 367.918069 262.024944 20.006314
2013_01_03_01_54_10_105284698  2601.000 8 6 95.000000 95.000000 0.000000 0.000000 51.964232 39.752714375 26.43273175 4.85990575 40.66430625 27.43614825 2.432718875 318.021715 211.461854 38.879246 325.31445 219.489186 19.461751
2013_01_03_01_55_07_583660263  2601.000 8 4 95.000000 95.000000 0.000000 0.000000 76.5760425 34.61525875 21.31373575 4.83462825 34.9992265 21.7793275 2.32909625 276.92207 170.509886 38.677026 279.993812 174.23462 18.63277
2013_01_03_01_56_30_452405856  2601.000 16 16 95.000000 95.000000 0.000000 0.000000 21.816882375 45.6894235625 32.3776060625 4.992696125 47.7431283125 34.4660908125 3.5778448125 731.030777 518.041697 79.883138 763.890053 551.457453 57.245517
2013_01_03_01_56_58_289947907  2601.000 16 14 95.000000 95.000000 0.000000 0.000000 22.129914375 47.1491398125 33.8481018125 4.983701875 44.49854525 31.222969625 3.4879375625 754.386237 541.569629 79.73923 711.976724 499.567514 55.807001
2013_01_03_01_57_26_608740002  2601.000 16 12 95.000000 95.000000 0.000000 0.000000 23.6010128125 43.61441975 30.3016105625 5.04356975 44.859291 31.5843078125 3.4758430625 697.830716 484.825769 80.697116 717.748656 505.348925 55.613489
2013_01_03_01_57_56_838058874  2601.000 16 10 95.000000 95.000000 0.000000 0.000000 25.7217790625 42.0549065 28.7553774375 4.9974144375 42.1478055 28.8879083125 3.305378875 672.878504 460.086039 79.958631 674.364888 462.206533 52.886062
2013_01_03_01_58_28_608472056  2601.000 16 8 95.000000 95.000000 0.000000 0.000000 29.7132369375 38.445447625 25.142646875 5.0558628125 40.5203785625 27.26258175 3.2075490625 615.127162 402.28235 80.893805 648.326057 436.201308 51.320785
2013_01_03_01_59_04_517000690  2601.000 16 6 95.000000 95.000000 0.000000 0.000000 36.7606429375 35.4852818125 22.1961591875 5.034878875 36.6763686875 23.4315953125 3.1151320625 567.764509 355.138547 80.558062 586.821899 374.905525 49.842113
2013_01_03_01_59_47_389961988  2601.000 16 4 95.000000 95.000000 0.000000 0.000000 48.1489636875 32.5893075 19.31633025 5.0321921875 33.393591125 20.1654035625 2.8209379375 521.42892 309.061284 80.515075 534.297458 322.646457 45.135007
2013_01_03_02_00_41_603251119  2601.000 32 16 95.000000 95.000000 0.000000 0.000000 43.66413 28.7743105 15.51334434375 4.760964875 34.11769225 20.8672659375 4.25085915625 920.777936 496.427019 152.350876 1091.766152 667.75251 136.027493
2013_01_03_02_01_31_556874573  2601.000 32 14 95.000000 95.000000 0.000000 0.000000 41.742413 28.94874434375 15.67530984375 4.806343 34.1319254375 20.876147125 4.30641740625 926.359819 501.609915 153.802976 1092.221614 668.036708 137.805357
2013_01_03_02_02_19_449224210  2601.000 32 12 95.000000 95.000000 0.000000 0.000000 42.01942284375 29.2352115 15.955304625 4.8298428125 33.52741875 20.27463634375 4.18623796875 935.526768 510.569748 154.55497 1072.8774 648.788363 133.959615
2013_01_03_02_03_08_066186173  2601.000 32 10 95.000000 95.000000 0.000000 0.000000 44.79025584375 28.22652540625 14.94889575 4.856513875 32.8129379375 19.56205021875 4.196563875 903.248813 478.364664 155.408444 1050.014014 625.985607 134.290044
2013_01_03_02_03_58_869455587  2601.000 32 8 95.000000 95.000000 0.000000 0.000000 46.53412725 27.72924971875 14.46891178125 4.81200859375 33.030435 19.78417890625 4.13753834375 887.335991 463.005177 153.984275 1056.97392 633.093725 132.401227
2013_01_03_02_04_51_548496108  2601.000 32 6 95.000000 95.000000 0.000000 0.000000 49.7109944375 27.5215504375 14.2591418125 4.805748 31.634575625 18.3921135625 3.99455903125 880.689614 456.292538 153.783936 1012.30642 588.547634 127.825889
2013_01_03_02_05_47_815088151  2601.000 32 4 95.000000 95.000000 0.000000 0.000000 55.96600384375 26.3601298125 13.1092543125 4.82546353125 30.9341735625 17.7020664375 3.791622125 843.524154 419.496138 154.414833 989.893554 566.466126 121.331908
