+ i=16
+ minthreads=4
+ export PKG_MINW_MINS=0x38198
+ PKG_MINW_MINS=0x38198
+ export PP0_MINW_MINS=0x38198
+ PP0_MINW_MINS=0x38198
+ export DRAM_MINW_MINS=0x38078
+ DRAM_MINW_MINS=0x38078
+ export MSR_PKG_POWER_LIMIT=0x0
+ MSR_PKG_POWER_LIMIT=0x0
+ export MSR_PP0_POWER_LIMIT=0x0
+ MSR_PP0_POWER_LIMIT=0x0
+ export MSR_DRAM_POWER_LIMIT=0x0
+ MSR_DRAM_POWER_LIMIT=0x0
+ export MSR_RANK_MOD=1
+ MSR_RANK_MOD=1
+ export SAMPLE=0
+ SAMPLE=0
+ t=0
+ export TURBO_ENABLE=1
+ TURBO_ENABLE=1
+ export FUNC_INTERCEPT=0
+ FUNC_INTERCEPT=0
+ export READ_WRITE=0
+ READ_WRITE=0
+ export READ_ONLY=1
+ READ_ONLY=1
+ i=16
+ '[' 16 -ge 4 ']'
+ export OMP_NUM_THREADS=16
+ OMP_NUM_THREADS=16
+ export KMP_AFFINITY=scatter
+ KMP_AFFINITY=scatter
++ date +%Y_%m_%d_%H_%M_%S_%N
+ name=2013_01_13_09_01_19_868914987
+ mkdir 2013_01_13_09_01_19_868914987
+ cd 2013_01_13_09_01_19_868914987
+ touch out.dat
+ env
+ echo 2013_01_13_09_01_19_868914987
+ uname -a
+ srun --nodes=1 --ntasks=1 -ppbatch cat /proc/cpuinfo
+ grep MHz
+ srun --nodes=1 --ntasks=1 -o host_info hostname
+ echo 'threads/node: 16'
+ echo 'nodes: ' 1
+ echo 'turbo: 1 '
+ srun --nodes=1 --ntasks=1 -e f.err papiex -f dir-papi -e PAPI_L3_TCA -e PAPI_L3_TCM ../bmark2

In READ-ONLY mode.

Each chunk is: 42949672960
Iterations: 3
Nodes: 1
Time is: 19.047778 secs
+ cd ../
+ i=14
+ '[' 14 -ge 4 ']'
+ export OMP_NUM_THREADS=14
+ OMP_NUM_THREADS=14
+ export KMP_AFFINITY=scatter
+ KMP_AFFINITY=scatter
++ date +%Y_%m_%d_%H_%M_%S_%N
+ name=2013_01_13_09_01_39_909006826
+ mkdir 2013_01_13_09_01_39_909006826
+ cd 2013_01_13_09_01_39_909006826
+ touch out.dat
+ env
+ echo 2013_01_13_09_01_39_909006826
+ uname -a
+ srun --nodes=1 --ntasks=1 -ppbatch cat /proc/cpuinfo
+ grep MHz
+ srun --nodes=1 --ntasks=1 -o host_info hostname
+ echo 'threads/node: 14'
+ echo 'nodes: ' 1
+ echo 'turbo: 1 '
+ srun --nodes=1 --ntasks=1 -e f.err papiex -f dir-papi -e PAPI_L3_TCA -e PAPI_L3_TCM ../bmark2

In READ-ONLY mode.

Each chunk is: 42949672960
Iterations: 3
Nodes: 1
Time is: 21.821814 secs
+ cd ../
+ i=12
+ '[' 12 -ge 4 ']'
+ export OMP_NUM_THREADS=12
+ OMP_NUM_THREADS=12
+ export KMP_AFFINITY=scatter
+ KMP_AFFINITY=scatter
++ date +%Y_%m_%d_%H_%M_%S_%N
+ name=2013_01_13_09_02_02_616319597
+ mkdir 2013_01_13_09_02_02_616319597
+ cd 2013_01_13_09_02_02_616319597
+ touch out.dat
+ env
+ echo 2013_01_13_09_02_02_616319597
+ uname -a
+ srun --nodes=1 --ntasks=1 -ppbatch cat /proc/cpuinfo
+ grep MHz
+ srun --nodes=1 --ntasks=1 -o host_info hostname
+ echo 'threads/node: 12'
+ echo 'nodes: ' 1
+ echo 'turbo: 1 '
+ srun --nodes=1 --ntasks=1 -e f.err papiex -f dir-papi -e PAPI_L3_TCA -e PAPI_L3_TCM ../bmark2

In READ-ONLY mode.

Each chunk is: 42949672960
Iterations: 3
Nodes: 1
Time is: 24.674253 secs
+ cd ../
+ i=10
+ '[' 10 -ge 4 ']'
+ export OMP_NUM_THREADS=10
+ OMP_NUM_THREADS=10
+ export KMP_AFFINITY=scatter
+ KMP_AFFINITY=scatter
++ date +%Y_%m_%d_%H_%M_%S_%N
+ name=2013_01_13_09_02_28_107815952
+ mkdir 2013_01_13_09_02_28_107815952
+ cd 2013_01_13_09_02_28_107815952
+ touch out.dat
+ env
+ echo 2013_01_13_09_02_28_107815952
+ uname -a
+ srun --nodes=1 --ntasks=1 -ppbatch cat /proc/cpuinfo
+ grep MHz
+ srun --nodes=1 --ntasks=1 -o host_info hostname
+ echo 'threads/node: 10'
+ echo 'nodes: ' 1
+ echo 'turbo: 1 '
+ srun --nodes=1 --ntasks=1 -e f.err papiex -f dir-papi -e PAPI_L3_TCA -e PAPI_L3_TCM ../bmark2

In READ-ONLY mode.

Each chunk is: 42949672960
Iterations: 3
Nodes: 1
Time is: 29.466248 secs
+ cd ../
+ i=8
+ '[' 8 -ge 4 ']'
+ export OMP_NUM_THREADS=8
+ OMP_NUM_THREADS=8
+ export KMP_AFFINITY=scatter
+ KMP_AFFINITY=scatter
++ date +%Y_%m_%d_%H_%M_%S_%N
+ name=2013_01_13_09_02_58_410030030
+ mkdir 2013_01_13_09_02_58_410030030
+ cd 2013_01_13_09_02_58_410030030
+ touch out.dat
+ env
+ echo 2013_01_13_09_02_58_410030030
+ uname -a
+ srun --nodes=1 --ntasks=1 -ppbatch cat /proc/cpuinfo
+ grep MHz
+ srun --nodes=1 --ntasks=1 -o host_info hostname
+ echo 'threads/node: 8'
+ echo 'nodes: ' 1
+ echo 'turbo: 1 '
+ srun --nodes=1 --ntasks=1 -e f.err papiex -f dir-papi -e PAPI_L3_TCA -e PAPI_L3_TCM ../bmark2

In READ-ONLY mode.

Each chunk is: 42949672960
Iterations: 3
Nodes: 1
Time is: 35.646643 secs
+ cd ../
+ i=6
+ '[' 6 -ge 4 ']'
+ export OMP_NUM_THREADS=6
+ OMP_NUM_THREADS=6
+ export KMP_AFFINITY=scatter
+ KMP_AFFINITY=scatter
++ date +%Y_%m_%d_%H_%M_%S_%N
+ name=2013_01_13_09_03_34_706554067
+ mkdir 2013_01_13_09_03_34_706554067
+ cd 2013_01_13_09_03_34_706554067
+ touch out.dat
+ env
+ echo 2013_01_13_09_03_34_706554067
+ uname -a
+ srun --nodes=1 --ntasks=1 -ppbatch cat /proc/cpuinfo
+ grep MHz
+ srun --nodes=1 --ntasks=1 -o host_info hostname
+ echo 'threads/node: 6'
+ echo 'nodes: ' 1
+ echo 'turbo: 1 '
+ srun --nodes=1 --ntasks=1 -e f.err papiex -f dir-papi -e PAPI_L3_TCA -e PAPI_L3_TCM ../bmark2

In READ-ONLY mode.

Each chunk is: 42949672960
Iterations: 3
Nodes: 1
Time is: 47.547132 secs
+ cd ../
+ i=4
+ '[' 4 -ge 4 ']'
+ export OMP_NUM_THREADS=4
+ OMP_NUM_THREADS=4
+ export KMP_AFFINITY=scatter
+ KMP_AFFINITY=scatter
++ date +%Y_%m_%d_%H_%M_%S_%N
+ name=2013_01_13_09_04_23_012005733
+ mkdir 2013_01_13_09_04_23_012005733
+ cd 2013_01_13_09_04_23_012005733
+ touch out.dat
+ env
+ echo 2013_01_13_09_04_23_012005733
+ uname -a
+ srun --nodes=1 --ntasks=1 -ppbatch cat /proc/cpuinfo
+ grep MHz
+ srun --nodes=1 --ntasks=1 -o host_info hostname
+ echo 'threads/node: 4'
+ echo 'nodes: ' 1
+ echo 'turbo: 1 '
+ srun --nodes=1 --ntasks=1 -e f.err papiex -f dir-papi -e PAPI_L3_TCA -e PAPI_L3_TCM ../bmark2

In READ-ONLY mode.

Each chunk is: 42949672960
Iterations: 3
Nodes: 1
Time is: 69.279651 secs
+ cd ../
+ i=2
+ '[' 2 -ge 4 ']'
+ export TURBO_ENABLE=0
+ TURBO_ENABLE=0
+ export FUNC_INTERCEPT=0
+ FUNC_INTERCEPT=0
+ export READ_WRITE=1
+ READ_WRITE=1
+ export READ_ONLY=0
+ READ_ONLY=0
+ for pkg in 0x38198 0x381B8 0x381E0 0x038208 0x38230 0x38258 0x38280 0x382A8 0x382D0 0x0382f8 0x038320
+ export MSR_PKG_POWER_LIMIT=0x38198
+ MSR_PKG_POWER_LIMIT=0x38198
+ i=16
+ '[' 16 -ge 4 ']'
+ export OMP_NUM_THREADS=16
+ OMP_NUM_THREADS=16
+ export KMP_AFFINITY=scatter
+ KMP_AFFINITY=scatter
++ date +%Y_%m_%d_%H_%M_%S_%N
+ name=2013_01_13_09_05_32_901753197
+ mkdir 2013_01_13_09_05_32_901753197
+ cd 2013_01_13_09_05_32_901753197
+ touch out.dat
+ env
+ echo 2013_01_13_09_05_32_901753197
+ uname -a
+ srun --nodes=1 --ntasks=1 -ppbatch cat /proc/cpuinfo
+ grep MHz
+ srun --nodes=1 --ntasks=1 -o host_info hostname
+ echo 'threads/node: 16'
+ echo 'nodes: ' 1
+ echo 'turbo: 0'
+ srun --nodes=1 --ntasks=1 -e f.err papiex -f dir-papi -e PAPI_L3_TCA -e PAPI_L3_TCM ../bmark2

In READ-WRITE mode.

Each chunk is: 42949672960
Iterations: 3
Nodes: 1
Time is: 29.230699 secs
+ cd ../
+ i=14
+ '[' 14 -ge 4 ']'
+ export OMP_NUM_THREADS=14
+ OMP_NUM_THREADS=14
+ export KMP_AFFINITY=scatter
+ KMP_AFFINITY=scatter
++ date +%Y_%m_%d_%H_%M_%S_%N
+ name=2013_01_13_09_06_02_989624273
+ mkdir 2013_01_13_09_06_02_989624273
+ cd 2013_01_13_09_06_02_989624273
+ touch out.dat
+ env
+ echo 2013_01_13_09_06_02_989624273
+ uname -a
+ srun --nodes=1 --ntasks=1 -ppbatch cat /proc/cpuinfo
+ grep MHz
+ srun --nodes=1 --ntasks=1 -o host_info hostname
+ echo 'threads/node: 14'
+ echo 'nodes: ' 1
+ echo 'turbo: 0'
+ srun --nodes=1 --ntasks=1 -e f.err papiex -f dir-papi -e PAPI_L3_TCA -e PAPI_L3_TCM ../bmark2

In READ-WRITE mode.

Each chunk is: 42949672960
Iterations: 3
Nodes: 1
Time is: 30.982352 secs
+ cd ../
+ i=12
+ '[' 12 -ge 4 ']'
+ export OMP_NUM_THREADS=12
+ OMP_NUM_THREADS=12
+ export KMP_AFFINITY=scatter
+ KMP_AFFINITY=scatter
++ date +%Y_%m_%d_%H_%M_%S_%N
+ name=2013_01_13_09_06_34_698057972
+ mkdir 2013_01_13_09_06_34_698057972
+ cd 2013_01_13_09_06_34_698057972
+ touch out.dat
+ env
+ echo 2013_01_13_09_06_34_698057972
+ uname -a
+ srun --nodes=1 --ntasks=1 -ppbatch cat /proc/cpuinfo
+ grep MHz
+ srun --nodes=1 --ntasks=1 -o host_info hostname
+ echo 'threads/node: 12'
+ echo 'nodes: ' 1
+ echo 'turbo: 0'
+ srun --nodes=1 --ntasks=1 -e f.err papiex -f dir-papi -e PAPI_L3_TCA -e PAPI_L3_TCM ../bmark2

In READ-WRITE mode.

Each chunk is: 42949672960
Iterations: 3
Nodes: 1
Time is: 33.330733 secs
+ cd ../
+ i=10
+ '[' 10 -ge 4 ']'
+ export OMP_NUM_THREADS=10
+ OMP_NUM_THREADS=10
+ export KMP_AFFINITY=scatter
+ KMP_AFFINITY=scatter
++ date +%Y_%m_%d_%H_%M_%S_%N
+ name=2013_01_13_09_07_08_765502621
+ mkdir 2013_01_13_09_07_08_765502621
+ cd 2013_01_13_09_07_08_765502621
+ touch out.dat
+ env
+ echo 2013_01_13_09_07_08_765502621
+ uname -a
+ srun --nodes=1 --ntasks=1 -ppbatch cat /proc/cpuinfo
+ grep MHz
+ srun --nodes=1 --ntasks=1 -o host_info hostname
+ echo 'threads/node: 10'
+ echo 'nodes: ' 1
+ echo 'turbo: 0'
+ srun --nodes=1 --ntasks=1 -e f.err papiex -f dir-papi -e PAPI_L3_TCA -e PAPI_L3_TCM ../bmark2

In READ-WRITE mode.

Each chunk is: 42949672960
Iterations: 3
Nodes: 1
Time is: 36.909505 secs
+ cd ../
+ i=8
+ '[' 8 -ge 4 ']'
+ export OMP_NUM_THREADS=8
+ OMP_NUM_THREADS=8
+ export KMP_AFFINITY=scatter
+ KMP_AFFINITY=scatter
++ date +%Y_%m_%d_%H_%M_%S_%N
+ name=2013_01_13_09_07_46_472304962
+ mkdir 2013_01_13_09_07_46_472304962
+ cd 2013_01_13_09_07_46_472304962
+ touch out.dat
+ env
+ echo 2013_01_13_09_07_46_472304962
+ uname -a
+ srun --nodes=1 --ntasks=1 -ppbatch cat /proc/cpuinfo
+ grep MHz
+ srun --nodes=1 --ntasks=1 -o host_info hostname
+ echo 'threads/node: 8'
+ echo 'nodes: ' 1
+ echo 'turbo: 0'
+ srun --nodes=1 --ntasks=1 -e f.err papiex -f dir-papi -e PAPI_L3_TCA -e PAPI_L3_TCM ../bmark2

In READ-WRITE mode.

Each chunk is: 42949672960
Iterations: 3
Nodes: 1
Time is: 43.935926 secs
+ cd ../
+ i=6
+ '[' 6 -ge 4 ']'
+ export OMP_NUM_THREADS=6
+ OMP_NUM_THREADS=6
+ export KMP_AFFINITY=scatter
+ KMP_AFFINITY=scatter
++ date +%Y_%m_%d_%H_%M_%S_%N
+ name=2013_01_13_09_08_31_170804329
+ mkdir 2013_01_13_09_08_31_170804329
+ cd 2013_01_13_09_08_31_170804329
+ touch out.dat
+ env
+ echo 2013_01_13_09_08_31_170804329
+ uname -a
+ grep MHz
+ srun --nodes=1 --ntasks=1 -ppbatch cat /proc/cpuinfo
+ srun --nodes=1 --ntasks=1 -o host_info hostname
+ echo 'threads/node: 6'
+ echo 'nodes: ' 1
+ echo 'turbo: 0'
+ srun --nodes=1 --ntasks=1 -e f.err papiex -f dir-papi -e PAPI_L3_TCA -e PAPI_L3_TCM ../bmark2

In READ-WRITE mode.

Each chunk is: 42949672960
Iterations: 3
Nodes: 1
Time is: 58.503184 secs
+ cd ../
+ i=4
+ '[' 4 -ge 4 ']'
+ export OMP_NUM_THREADS=4
+ OMP_NUM_THREADS=4
+ export KMP_AFFINITY=scatter
+ KMP_AFFINITY=scatter
++ date +%Y_%m_%d_%H_%M_%S_%N
+ name=2013_01_13_09_09_30_490835077
+ mkdir 2013_01_13_09_09_30_490835077
+ cd 2013_01_13_09_09_30_490835077
+ touch out.dat
+ env
+ echo 2013_01_13_09_09_30_490835077
+ uname -a
+ srun --nodes=1 --ntasks=1 -ppbatch cat /proc/cpuinfo
+ grep MHz
+ srun --nodes=1 --ntasks=1 -o host_info hostname
+ echo 'threads/node: 4'
+ echo 'nodes: ' 1
+ echo 'turbo: 0'
+ srun --nodes=1 --ntasks=1 -e f.err papiex -f dir-papi -e PAPI_L3_TCA -e PAPI_L3_TCM ../bmark2

In READ-WRITE mode.

Each chunk is: 42949672960
Iterations: 3
Nodes: 1
Time is: 87.593153 secs
+ cd ../
+ i=2
+ '[' 2 -ge 4 ']'
+ for pkg in 0x38198 0x381B8 0x381E0 0x038208 0x38230 0x38258 0x38280 0x382A8 0x382D0 0x0382f8 0x038320
+ export MSR_PKG_POWER_LIMIT=0x381B8
+ MSR_PKG_POWER_LIMIT=0x381B8
+ i=16
+ '[' 16 -ge 4 ']'
+ export OMP_NUM_THREADS=16
+ OMP_NUM_THREADS=16
+ export KMP_AFFINITY=scatter
+ KMP_AFFINITY=scatter
++ date +%Y_%m_%d_%H_%M_%S_%N
+ name=2013_01_13_09_10_58_850716692
+ mkdir 2013_01_13_09_10_58_850716692
+ cd 2013_01_13_09_10_58_850716692
+ touch out.dat
+ env
+ echo 2013_01_13_09_10_58_850716692
+ uname -a
+ grep MHz
+ srun --nodes=1 --ntasks=1 -ppbatch cat /proc/cpuinfo
+ srun --nodes=1 --ntasks=1 -o host_info hostname
+ echo 'threads/node: 16'
+ echo 'nodes: ' 1
+ echo 'turbo: 0'
+ srun --nodes=1 --ntasks=1 -e f.err papiex -f dir-papi -e PAPI_L3_TCA -e PAPI_L3_TCM ../bmark2

In READ-WRITE mode.

Each chunk is: 42949672960
Iterations: 3
Nodes: 1
Time is: 27.335241 secs
+ cd ../
+ i=14
+ '[' 14 -ge 4 ']'
+ export OMP_NUM_THREADS=14
+ OMP_NUM_THREADS=14
+ export KMP_AFFINITY=scatter
+ KMP_AFFINITY=scatter
++ date +%Y_%m_%d_%H_%M_%S_%N
+ name=2013_01_13_09_11_27_446031787
+ mkdir 2013_01_13_09_11_27_446031787
+ cd 2013_01_13_09_11_27_446031787
+ touch out.dat
+ env
+ echo 2013_01_13_09_11_27_446031787
+ uname -a
+ srun --nodes=1 --ntasks=1 -ppbatch cat /proc/cpuinfo
+ grep MHz
+ srun --nodes=1 --ntasks=1 -o host_info hostname
+ echo 'threads/node: 14'
+ echo 'nodes: ' 1
+ echo 'turbo: 0'
+ srun --nodes=1 --ntasks=1 -e f.err papiex -f dir-papi -e PAPI_L3_TCA -e PAPI_L3_TCM ../bmark2

In READ-WRITE mode.

Each chunk is: 42949672960
Iterations: 3
Nodes: 1
Time is: 29.121438 secs
+ cd ../
+ i=12
+ '[' 12 -ge 4 ']'
+ export OMP_NUM_THREADS=12
+ OMP_NUM_THREADS=12
+ export KMP_AFFINITY=scatter
+ KMP_AFFINITY=scatter
++ date +%Y_%m_%d_%H_%M_%S_%N
+ name=2013_01_13_09_11_57_370111704
+ mkdir 2013_01_13_09_11_57_370111704
+ cd 2013_01_13_09_11_57_370111704
+ touch out.dat
+ env
+ echo 2013_01_13_09_11_57_370111704
+ uname -a
+ srun --nodes=1 --ntasks=1 -ppbatch cat /proc/cpuinfo
+ grep MHz
+ srun --nodes=1 --ntasks=1 -o host_info hostname
+ echo 'threads/node: 12'
+ echo 'nodes: ' 1
+ echo 'turbo: 0'
+ srun --nodes=1 --ntasks=1 -e f.err papiex -f dir-papi -e PAPI_L3_TCA -e PAPI_L3_TCM ../bmark2

In READ-WRITE mode.

Each chunk is: 42949672960
Iterations: 3
Nodes: 1
Time is: 31.666723 secs
+ cd ../
+ i=10
+ '[' 10 -ge 4 ']'
+ export OMP_NUM_THREADS=10
+ OMP_NUM_THREADS=10
+ export KMP_AFFINITY=scatter
+ KMP_AFFINITY=scatter
++ date +%Y_%m_%d_%H_%M_%S_%N
+ name=2013_01_13_09_12_29_884265264
+ mkdir 2013_01_13_09_12_29_884265264
+ cd 2013_01_13_09_12_29_884265264
+ touch out.dat
+ env
+ echo 2013_01_13_09_12_29_884265264
+ uname -a
+ grep MHz
+ srun --nodes=1 --ntasks=1 -ppbatch cat /proc/cpuinfo
+ srun --nodes=1 --ntasks=1 -o host_info hostname
+ echo 'threads/node: 10'
+ echo 'nodes: ' 1
+ echo 'turbo: 0'
+ srun --nodes=1 --ntasks=1 -e f.err papiex -f dir-papi -e PAPI_L3_TCA -e PAPI_L3_TCM ../bmark2

In READ-WRITE mode.

Each chunk is: 42949672960
Iterations: 3
Nodes: 1
Time is: 35.080873 secs
+ cd ../
+ i=8
+ '[' 8 -ge 4 ']'
+ export OMP_NUM_THREADS=8
+ OMP_NUM_THREADS=8
+ export KMP_AFFINITY=scatter
+ KMP_AFFINITY=scatter
++ date +%Y_%m_%d_%H_%M_%S_%N
+ name=2013_01_13_09_13_05_789887750
+ mkdir 2013_01_13_09_13_05_789887750
+ cd 2013_01_13_09_13_05_789887750
+ touch out.dat
+ env
+ echo 2013_01_13_09_13_05_789887750
+ uname -a
+ srun --nodes=1 --ntasks=1 -ppbatch cat /proc/cpuinfo
+ grep MHz
+ srun --nodes=1 --ntasks=1 -o host_info hostname
+ echo 'threads/node: 8'
+ echo 'nodes: ' 1
+ echo 'turbo: 0'
+ srun --nodes=1 --ntasks=1 -e f.err papiex -f dir-papi -e PAPI_L3_TCA -e PAPI_L3_TCM ../bmark2

In READ-WRITE mode.

Each chunk is: 42949672960
Iterations: 3
Nodes: 1
Time is: 43.951112 secs
+ cd ../
+ i=6
+ '[' 6 -ge 4 ']'
+ export OMP_NUM_THREADS=6
+ OMP_NUM_THREADS=6
+ export KMP_AFFINITY=scatter
+ KMP_AFFINITY=scatter
++ date +%Y_%m_%d_%H_%M_%S_%N
+ name=2013_01_13_09_13_50_512238461
+ mkdir 2013_01_13_09_13_50_512238461
+ cd 2013_01_13_09_13_50_512238461
+ touch out.dat
+ env
+ echo 2013_01_13_09_13_50_512238461
+ uname -a
+ grep MHz
+ srun --nodes=1 --ntasks=1 -ppbatch cat /proc/cpuinfo
+ srun --nodes=1 --ntasks=1 -o host_info hostname
+ echo 'threads/node: 6'
+ echo 'nodes: ' 1
+ echo 'turbo: 0'
+ srun --nodes=1 --ntasks=1 -e f.err papiex -f dir-papi -e PAPI_L3_TCA -e PAPI_L3_TCM ../bmark2

In READ-WRITE mode.

Each chunk is: 42949672960
Iterations: 3
Nodes: 1
Time is: 58.525587 secs
+ cd ../
+ i=4
+ '[' 4 -ge 4 ']'
+ export OMP_NUM_THREADS=4
+ OMP_NUM_THREADS=4
+ export KMP_AFFINITY=scatter
+ KMP_AFFINITY=scatter
++ date +%Y_%m_%d_%H_%M_%S_%N
+ name=2013_01_13_09_14_49_806264739
+ mkdir 2013_01_13_09_14_49_806264739
+ cd 2013_01_13_09_14_49_806264739
+ touch out.dat
+ env
+ echo 2013_01_13_09_14_49_806264739
+ uname -a
+ srun --nodes=1 --ntasks=1 -ppbatch cat /proc/cpuinfo
+ grep MHz
+ srun --nodes=1 --ntasks=1 -o host_info hostname
+ echo 'threads/node: 4'
+ echo 'nodes: ' 1
+ echo 'turbo: 0'
+ srun --nodes=1 --ntasks=1 -e f.err papiex -f dir-papi -e PAPI_L3_TCA -e PAPI_L3_TCM ../bmark2

In READ-WRITE mode.

Each chunk is: 42949672960
Iterations: 3
Nodes: 1
Time is: 87.644005 secs
+ cd ../
+ i=2
+ '[' 2 -ge 4 ']'
+ for pkg in 0x38198 0x381B8 0x381E0 0x038208 0x38230 0x38258 0x38280 0x382A8 0x382D0 0x0382f8 0x038320
+ export MSR_PKG_POWER_LIMIT=0x381E0
+ MSR_PKG_POWER_LIMIT=0x381E0
+ i=16
+ '[' 16 -ge 4 ']'
+ export OMP_NUM_THREADS=16
+ OMP_NUM_THREADS=16
+ export KMP_AFFINITY=scatter
+ KMP_AFFINITY=scatter
++ date +%Y_%m_%d_%H_%M_%S_%N
+ name=2013_01_13_09_16_18_164408988
+ mkdir 2013_01_13_09_16_18_164408988
+ cd 2013_01_13_09_16_18_164408988
+ touch out.dat
+ env
+ echo 2013_01_13_09_16_18_164408988
+ uname -a
+ grep MHz
+ srun --nodes=1 --ntasks=1 -ppbatch cat /proc/cpuinfo
+ srun --nodes=1 --ntasks=1 -o host_info hostname
+ echo 'threads/node: 16'
+ echo 'nodes: ' 1
+ echo 'turbo: 0'
+ srun --nodes=1 --ntasks=1 -e f.err papiex -f dir-papi -e PAPI_L3_TCA -e PAPI_L3_TCM ../bmark2

In READ-WRITE mode.

Each chunk is: 42949672960
Iterations: 3
Nodes: 1
Time is: 25.769799 secs
+ cd ../
+ i=14
+ '[' 14 -ge 4 ']'
+ export OMP_NUM_THREADS=14
+ OMP_NUM_THREADS=14
+ export KMP_AFFINITY=scatter
+ KMP_AFFINITY=scatter
++ date +%Y_%m_%d_%H_%M_%S_%N
+ name=2013_01_13_09_16_44_836970605
+ mkdir 2013_01_13_09_16_44_836970605
+ cd 2013_01_13_09_16_44_836970605
+ touch out.dat
+ env
+ echo 2013_01_13_09_16_44_836970605
+ uname -a
+ grep MHz
+ srun --nodes=1 --ntasks=1 -ppbatch cat /proc/cpuinfo
+ srun --nodes=1 --ntasks=1 -o host_info hostname
+ echo 'threads/node: 14'
+ echo 'nodes: ' 1
+ echo 'turbo: 0'
+ srun --nodes=1 --ntasks=1 -e f.err papiex -f dir-papi -e PAPI_L3_TCA -e PAPI_L3_TCM ../bmark2

In READ-WRITE mode.

Each chunk is: 42949672960
Iterations: 3
Nodes: 1
Time is: 27.173884 secs
+ cd ../
+ i=12
+ '[' 12 -ge 4 ']'
+ export OMP_NUM_THREADS=12
+ OMP_NUM_THREADS=12
+ export KMP_AFFINITY=scatter
+ KMP_AFFINITY=scatter
++ date +%Y_%m_%d_%H_%M_%S_%N
+ name=2013_01_13_09_17_12_743927591
+ mkdir 2013_01_13_09_17_12_743927591
+ cd 2013_01_13_09_17_12_743927591
+ touch out.dat
+ env
+ echo 2013_01_13_09_17_12_743927591
+ uname -a
+ srun --nodes=1 --ntasks=1 -ppbatch cat /proc/cpuinfo
+ grep MHz
+ srun --nodes=1 --ntasks=1 -o host_info hostname
+ echo 'threads/node: 12'
+ echo 'nodes: ' 1
+ echo 'turbo: 0'
+ srun --nodes=1 --ntasks=1 -e f.err papiex -f dir-papi -e PAPI_L3_TCA -e PAPI_L3_TCM ../bmark2

In READ-WRITE mode.

Each chunk is: 42949672960
Iterations: 3
Nodes: 1
Time is: 29.669715 secs
+ cd ../
+ i=10
+ '[' 10 -ge 4 ']'
+ export OMP_NUM_THREADS=10
+ OMP_NUM_THREADS=10
+ export KMP_AFFINITY=scatter
+ KMP_AFFINITY=scatter
++ date +%Y_%m_%d_%H_%M_%S_%N
+ name=2013_01_13_09_17_43_258846882
+ mkdir 2013_01_13_09_17_43_258846882
+ cd 2013_01_13_09_17_43_258846882
+ touch out.dat
+ env
+ echo 2013_01_13_09_17_43_258846882
+ uname -a
+ srun --nodes=1 --ntasks=1 -ppbatch cat /proc/cpuinfo
+ grep MHz
+ srun --nodes=1 --ntasks=1 -o host_info hostname
+ echo 'threads/node: 10'
+ echo 'nodes: ' 1
+ echo 'turbo: 0'
+ srun --nodes=1 --ntasks=1 -e f.err papiex -f dir-papi -e PAPI_L3_TCA -e PAPI_L3_TCM ../bmark2

In READ-WRITE mode.

Each chunk is: 42949672960
Iterations: 3
Nodes: 1
Time is: 35.195248 secs
+ cd ../
+ i=8
+ '[' 8 -ge 4 ']'
+ export OMP_NUM_THREADS=8
+ OMP_NUM_THREADS=8
+ export KMP_AFFINITY=scatter
+ KMP_AFFINITY=scatter
++ date +%Y_%m_%d_%H_%M_%S_%N
+ name=2013_01_13_09_18_19_171967189
+ mkdir 2013_01_13_09_18_19_171967189
+ cd 2013_01_13_09_18_19_171967189
+ touch out.dat
+ env
+ echo 2013_01_13_09_18_19_171967189
+ uname -a
+ srun --nodes=1 --ntasks=1 -ppbatch cat /proc/cpuinfo
+ grep MHz
+ srun --nodes=1 --ntasks=1 -o host_info hostname
+ echo 'threads/node: 8'
+ echo 'nodes: ' 1
+ echo 'turbo: 0'
+ srun --nodes=1 --ntasks=1 -e f.err papiex -f dir-papi -e PAPI_L3_TCA -e PAPI_L3_TCM ../bmark2

In READ-WRITE mode.

Each chunk is: 42949672960
Iterations: 3
Nodes: 1
Time is: 43.797042 secs
+ cd ../
+ i=6
+ '[' 6 -ge 4 ']'
+ export OMP_NUM_THREADS=6
+ OMP_NUM_THREADS=6
+ export KMP_AFFINITY=scatter
+ KMP_AFFINITY=scatter
++ date +%Y_%m_%d_%H_%M_%S_%N
+ name=2013_01_13_09_19_03_905184224
+ mkdir 2013_01_13_09_19_03_905184224
+ cd 2013_01_13_09_19_03_905184224
+ touch out.dat
+ env
+ echo 2013_01_13_09_19_03_905184224
+ uname -a
+ srun --nodes=1 --ntasks=1 -ppbatch cat /proc/cpuinfo
+ grep MHz
+ srun --nodes=1 --ntasks=1 -o host_info hostname
+ echo 'threads/node: 6'
+ echo 'nodes: ' 1
+ echo 'turbo: 0'
+ srun --nodes=1 --ntasks=1 -e f.err papiex -f dir-papi -e PAPI_L3_TCA -e PAPI_L3_TCM ../bmark2

In READ-WRITE mode.

Each chunk is: 42949672960
Iterations: 3
Nodes: 1
Time is: 58.508943 secs
+ cd ../
+ i=4
+ '[' 4 -ge 4 ']'
+ export OMP_NUM_THREADS=4
+ OMP_NUM_THREADS=4
+ export KMP_AFFINITY=scatter
+ KMP_AFFINITY=scatter
++ date +%Y_%m_%d_%H_%M_%S_%N
+ name=2013_01_13_09_20_03_246698926
+ mkdir 2013_01_13_09_20_03_246698926
+ cd 2013_01_13_09_20_03_246698926
+ touch out.dat
+ env
+ echo 2013_01_13_09_20_03_246698926
+ uname -a
+ srun --nodes=1 --ntasks=1 -ppbatch cat /proc/cpuinfo
+ grep MHz
+ srun --nodes=1 --ntasks=1 -o host_info hostname
+ echo 'threads/node: 4'
+ echo 'nodes: ' 1
+ echo 'turbo: 0'
+ srun --nodes=1 --ntasks=1 -e f.err papiex -f dir-papi -e PAPI_L3_TCA -e PAPI_L3_TCM ../bmark2

In READ-WRITE mode.

Each chunk is: 42949672960
Iterations: 3
Nodes: 1
Time is: 87.671471 secs
+ cd ../
+ i=2
+ '[' 2 -ge 4 ']'
+ for pkg in 0x38198 0x381B8 0x381E0 0x038208 0x38230 0x38258 0x38280 0x382A8 0x382D0 0x0382f8 0x038320
+ export MSR_PKG_POWER_LIMIT=0x038208
+ MSR_PKG_POWER_LIMIT=0x038208
+ i=16
+ '[' 16 -ge 4 ']'
+ export OMP_NUM_THREADS=16
+ OMP_NUM_THREADS=16
+ export KMP_AFFINITY=scatter
+ KMP_AFFINITY=scatter
++ date +%Y_%m_%d_%H_%M_%S_%N
+ name=2013_01_13_09_21_31_617327680
+ mkdir 2013_01_13_09_21_31_617327680
+ cd 2013_01_13_09_21_31_617327680
+ touch out.dat
+ env
+ echo 2013_01_13_09_21_31_617327680
+ uname -a
+ srun --nodes=1 --ntasks=1 -ppbatch cat /proc/cpuinfo
+ grep MHz
+ srun --nodes=1 --ntasks=1 -o host_info hostname
+ echo 'threads/node: 16'
+ echo 'nodes: ' 1
+ echo 'turbo: 0'
+ srun --nodes=1 --ntasks=1 -e f.err papiex -f dir-papi -e PAPI_L3_TCA -e PAPI_L3_TCM ../bmark2

In READ-WRITE mode.

Each chunk is: 42949672960
Iterations: 3
Nodes: 1
Time is: 24.064240 secs
+ cd ../
+ i=14
+ '[' 14 -ge 4 ']'
+ export OMP_NUM_THREADS=14
+ OMP_NUM_THREADS=14
+ export KMP_AFFINITY=scatter
+ KMP_AFFINITY=scatter
++ date +%Y_%m_%d_%H_%M_%S_%N
+ name=2013_01_13_09_21_56_538627224
+ mkdir 2013_01_13_09_21_56_538627224
+ cd 2013_01_13_09_21_56_538627224
+ touch out.dat
+ env
+ echo 2013_01_13_09_21_56_538627224
+ uname -a
+ grep MHz
+ srun --nodes=1 --ntasks=1 -ppbatch cat /proc/cpuinfo
+ srun --nodes=1 --ntasks=1 -o host_info hostname
+ echo 'threads/node: 14'
+ echo 'nodes: ' 1
+ echo 'turbo: 0'
+ srun --nodes=1 --ntasks=1 -e f.err papiex -f dir-papi -e PAPI_L3_TCA -e PAPI_L3_TCM ../bmark2

In READ-WRITE mode.

Each chunk is: 42949672960
Iterations: 3
Nodes: 1
Time is: 25.866003 secs
+ cd ../
+ i=12
+ '[' 12 -ge 4 ']'
+ export OMP_NUM_THREADS=12
+ OMP_NUM_THREADS=12
+ export KMP_AFFINITY=scatter
+ KMP_AFFINITY=scatter
++ date +%Y_%m_%d_%H_%M_%S_%N
+ name=2013_01_13_09_22_23_233101848
+ mkdir 2013_01_13_09_22_23_233101848
+ cd 2013_01_13_09_22_23_233101848
+ touch out.dat
+ env
+ echo 2013_01_13_09_22_23_233101848
+ uname -a
+ srun --nodes=1 --ntasks=1 -ppbatch cat /proc/cpuinfo
+ grep MHz
+ srun --nodes=1 --ntasks=1 -o host_info hostname
+ echo 'threads/node: 12'
+ echo 'nodes: ' 1
+ echo 'turbo: 0'
+ srun --nodes=1 --ntasks=1 -e f.err papiex -f dir-papi -e PAPI_L3_TCA -e PAPI_L3_TCM ../bmark2

In READ-WRITE mode.

Each chunk is: 42949672960
Iterations: 3
Nodes: 1
Time is: 29.228456 secs
+ cd ../
+ i=10
+ '[' 10 -ge 4 ']'
+ export OMP_NUM_THREADS=10
+ OMP_NUM_THREADS=10
+ export KMP_AFFINITY=scatter
+ KMP_AFFINITY=scatter
++ date +%Y_%m_%d_%H_%M_%S_%N
+ name=2013_01_13_09_22_53_341014786
+ mkdir 2013_01_13_09_22_53_341014786
+ cd 2013_01_13_09_22_53_341014786
+ touch out.dat
+ env
+ echo 2013_01_13_09_22_53_341014786
+ uname -a
+ grep MHz
+ srun --nodes=1 --ntasks=1 -ppbatch cat /proc/cpuinfo
+ srun --nodes=1 --ntasks=1 -o host_info hostname
+ echo 'threads/node: 10'
+ echo 'nodes: ' 1
+ echo 'turbo: 0'
+ srun --nodes=1 --ntasks=1 -e f.err papiex -f dir-papi -e PAPI_L3_TCA -e PAPI_L3_TCM ../bmark2

In READ-WRITE mode.

Each chunk is: 42949672960
Iterations: 3
Nodes: 1
Time is: 35.064633 secs
+ cd ../
+ i=8
+ '[' 8 -ge 4 ']'
+ export OMP_NUM_THREADS=8
+ OMP_NUM_THREADS=8
+ export KMP_AFFINITY=scatter
+ KMP_AFFINITY=scatter
++ date +%Y_%m_%d_%H_%M_%S_%N
+ name=2013_01_13_09_23_29_255131654
+ mkdir 2013_01_13_09_23_29_255131654
+ cd 2013_01_13_09_23_29_255131654
+ touch out.dat
+ env
+ echo 2013_01_13_09_23_29_255131654
+ uname -a
+ srun --nodes=1 --ntasks=1 -ppbatch cat /proc/cpuinfo
+ grep MHz
+ srun --nodes=1 --ntasks=1 -o host_info hostname
+ echo 'threads/node: 8'
+ echo 'nodes: ' 1
+ echo 'turbo: 0'
+ srun --nodes=1 --ntasks=1 -e f.err papiex -f dir-papi -e PAPI_L3_TCA -e PAPI_L3_TCM ../bmark2

In READ-WRITE mode.

Each chunk is: 42949672960
Iterations: 3
Nodes: 1
Time is: 43.926824 secs
+ cd ../
+ i=6
+ '[' 6 -ge 4 ']'
+ export OMP_NUM_THREADS=6
+ OMP_NUM_THREADS=6
+ export KMP_AFFINITY=scatter
+ KMP_AFFINITY=scatter
++ date +%Y_%m_%d_%H_%M_%S_%N
+ name=2013_01_13_09_24_13_967871409
+ mkdir 2013_01_13_09_24_13_967871409
+ cd 2013_01_13_09_24_13_967871409
+ touch out.dat
+ env
+ echo 2013_01_13_09_24_13_967871409
+ uname -a
+ srun --nodes=1 --ntasks=1 -ppbatch cat /proc/cpuinfo
+ grep MHz
+ srun --nodes=1 --ntasks=1 -o host_info hostname
+ echo 'threads/node: 6'
+ echo 'nodes: ' 1
+ echo 'turbo: 0'
+ srun --nodes=1 --ntasks=1 -e f.err papiex -f dir-papi -e PAPI_L3_TCA -e PAPI_L3_TCM ../bmark2

In READ-WRITE mode.

Each chunk is: 42949672960
Iterations: 3
Nodes: 1
Time is: 58.514761 secs
+ cd ../
+ i=4
+ '[' 4 -ge 4 ']'
+ export OMP_NUM_THREADS=4
+ OMP_NUM_THREADS=4
+ export KMP_AFFINITY=scatter
+ KMP_AFFINITY=scatter
++ date +%Y_%m_%d_%H_%M_%S_%N
+ name=2013_01_13_09_25_13_258851162
+ mkdir 2013_01_13_09_25_13_258851162
+ cd 2013_01_13_09_25_13_258851162
+ touch out.dat
+ env
+ echo 2013_01_13_09_25_13_258851162
+ uname -a
+ srun --nodes=1 --ntasks=1 -ppbatch cat /proc/cpuinfo
+ grep MHz
+ srun --nodes=1 --ntasks=1 -o host_info hostname
+ echo 'threads/node: 4'
+ echo 'nodes: ' 1
+ echo 'turbo: 0'
+ srun --nodes=1 --ntasks=1 -e f.err papiex -f dir-papi -e PAPI_L3_TCA -e PAPI_L3_TCM ../bmark2

In READ-WRITE mode.

Each chunk is: 42949672960
Iterations: 3
Nodes: 1
Time is: 87.640222 secs
+ cd ../
+ i=2
+ '[' 2 -ge 4 ']'
+ for pkg in 0x38198 0x381B8 0x381E0 0x038208 0x38230 0x38258 0x38280 0x382A8 0x382D0 0x0382f8 0x038320
+ export MSR_PKG_POWER_LIMIT=0x38230
+ MSR_PKG_POWER_LIMIT=0x38230
+ i=16
+ '[' 16 -ge 4 ']'
+ export OMP_NUM_THREADS=16
+ OMP_NUM_THREADS=16
+ export KMP_AFFINITY=scatter
+ KMP_AFFINITY=scatter
++ date +%Y_%m_%d_%H_%M_%S_%N
+ name=2013_01_13_09_26_41_685496011
+ mkdir 2013_01_13_09_26_41_685496011
+ cd 2013_01_13_09_26_41_685496011
+ touch out.dat
+ env
+ echo 2013_01_13_09_26_41_685496011
+ uname -a
+ srun --nodes=1 --ntasks=1 -ppbatch cat /proc/cpuinfo
+ grep MHz
+ srun --nodes=1 --ntasks=1 -o host_info hostname
+ echo 'threads/node: 16'
+ echo 'nodes: ' 1
+ echo 'turbo: 0'
+ srun --nodes=1 --ntasks=1 -e f.err papiex -f dir-papi -e PAPI_L3_TCA -e PAPI_L3_TCM ../bmark2

In READ-WRITE mode.

Each chunk is: 42949672960
Iterations: 3
Nodes: 1
Time is: 23.126587 secs
+ cd ../
+ i=14
+ '[' 14 -ge 4 ']'
+ export OMP_NUM_THREADS=14
+ OMP_NUM_THREADS=14
+ export KMP_AFFINITY=scatter
+ KMP_AFFINITY=scatter
++ date +%Y_%m_%d_%H_%M_%S_%N
+ name=2013_01_13_09_27_05_585144640
+ mkdir 2013_01_13_09_27_05_585144640
+ cd 2013_01_13_09_27_05_585144640
+ touch out.dat
+ env
+ echo 2013_01_13_09_27_05_585144640
+ uname -a
+ grep MHz
+ srun --nodes=1 --ntasks=1 -ppbatch cat /proc/cpuinfo
+ srun --nodes=1 --ntasks=1 -o host_info hostname
+ echo 'threads/node: 14'
+ echo 'nodes: ' 1
+ echo 'turbo: 0'
+ srun --nodes=1 --ntasks=1 -e f.err papiex -f dir-papi -e PAPI_L3_TCA -e PAPI_L3_TCM ../bmark2

In READ-WRITE mode.

Each chunk is: 42949672960
Iterations: 3
Nodes: 1
Time is: 25.165730 secs
+ cd ../
+ i=12
+ '[' 12 -ge 4 ']'
+ export OMP_NUM_THREADS=12
+ OMP_NUM_THREADS=12
+ export KMP_AFFINITY=scatter
+ KMP_AFFINITY=scatter
++ date +%Y_%m_%d_%H_%M_%S_%N
+ name=2013_01_13_09_27_31_486019301
+ mkdir 2013_01_13_09_27_31_486019301
+ cd 2013_01_13_09_27_31_486019301
+ touch out.dat
+ env
+ echo 2013_01_13_09_27_31_486019301
+ uname -a
+ srun --nodes=1 --ntasks=1 -ppbatch cat /proc/cpuinfo
+ grep MHz
+ srun --nodes=1 --ntasks=1 -o host_info hostname
+ echo 'threads/node: 12'
+ echo 'nodes: ' 1
+ echo 'turbo: 0'
+ srun --nodes=1 --ntasks=1 -e f.err papiex -f dir-papi -e PAPI_L3_TCA -e PAPI_L3_TCM ../bmark2

In READ-WRITE mode.

Each chunk is: 42949672960
Iterations: 3
Nodes: 1
Time is: 29.259039 secs
+ cd ../
+ i=10
+ '[' 10 -ge 4 ']'
+ export OMP_NUM_THREADS=10
+ OMP_NUM_THREADS=10
+ export KMP_AFFINITY=scatter
+ KMP_AFFINITY=scatter
++ date +%Y_%m_%d_%H_%M_%S_%N
+ name=2013_01_13_09_28_01_590235574
+ mkdir 2013_01_13_09_28_01_590235574
+ cd 2013_01_13_09_28_01_590235574
+ touch out.dat
+ env
+ echo 2013_01_13_09_28_01_590235574
+ uname -a
+ grep MHz
+ srun --nodes=1 --ntasks=1 -ppbatch cat /proc/cpuinfo
+ srun --nodes=1 --ntasks=1 -o host_info hostname
+ echo 'threads/node: 10'
+ echo 'nodes: ' 1
+ echo 'turbo: 0'
+ srun --nodes=1 --ntasks=1 -e f.err papiex -f dir-papi -e PAPI_L3_TCA -e PAPI_L3_TCM ../bmark2

In READ-WRITE mode.

Each chunk is: 42949672960
Iterations: 3
Nodes: 1
Time is: 35.178669 secs
+ cd ../
+ i=8
+ '[' 8 -ge 4 ']'
+ export OMP_NUM_THREADS=8
+ OMP_NUM_THREADS=8
+ export KMP_AFFINITY=scatter
+ KMP_AFFINITY=scatter
++ date +%Y_%m_%d_%H_%M_%S_%N
+ name=2013_01_13_09_28_37_505008079
+ mkdir 2013_01_13_09_28_37_505008079
+ cd 2013_01_13_09_28_37_505008079
+ touch out.dat
+ env
+ echo 2013_01_13_09_28_37_505008079
+ uname -a
+ srun --nodes=1 --ntasks=1 -ppbatch cat /proc/cpuinfo
+ grep MHz
+ srun --nodes=1 --ntasks=1 -o host_info hostname
+ echo 'threads/node: 8'
+ echo 'nodes: ' 1
+ echo 'turbo: 0'
+ srun --nodes=1 --ntasks=1 -e f.err papiex -f dir-papi -e PAPI_L3_TCA -e PAPI_L3_TCM ../bmark2

In READ-WRITE mode.

Each chunk is: 42949672960
Iterations: 3
Nodes: 1
Time is: 43.817253 secs
+ cd ../
+ i=6
+ '[' 6 -ge 4 ']'
+ export OMP_NUM_THREADS=6
+ OMP_NUM_THREADS=6
+ export KMP_AFFINITY=scatter
+ KMP_AFFINITY=scatter
++ date +%Y_%m_%d_%H_%M_%S_%N
+ name=2013_01_13_09_29_22_016456761
+ mkdir 2013_01_13_09_29_22_016456761
+ cd 2013_01_13_09_29_22_016456761
+ touch out.dat
+ env
+ echo 2013_01_13_09_29_22_016456761
+ uname -a
+ grep MHz
+ srun --nodes=1 --ntasks=1 -ppbatch cat /proc/cpuinfo
+ srun --nodes=1 --ntasks=1 -o host_info hostname
+ echo 'threads/node: 6'
+ echo 'nodes: ' 1
+ echo 'turbo: 0'
+ srun --nodes=1 --ntasks=1 -e f.err papiex -f dir-papi -e PAPI_L3_TCA -e PAPI_L3_TCM ../bmark2

In READ-WRITE mode.

Each chunk is: 42949672960
Iterations: 3
Nodes: 1
Time is: 58.550382 secs
+ cd ../
+ i=4
+ '[' 4 -ge 4 ']'
+ export OMP_NUM_THREADS=4
+ OMP_NUM_THREADS=4
+ export KMP_AFFINITY=scatter
+ KMP_AFFINITY=scatter
++ date +%Y_%m_%d_%H_%M_%S_%N
+ name=2013_01_13_09_30_21_335458432
+ mkdir 2013_01_13_09_30_21_335458432
+ cd 2013_01_13_09_30_21_335458432
+ touch out.dat
+ env
+ echo 2013_01_13_09_30_21_335458432
+ uname -a
+ srun --nodes=1 --ntasks=1 -ppbatch cat /proc/cpuinfo
+ grep MHz
+ srun --nodes=1 --ntasks=1 -o host_info hostname
+ echo 'threads/node: 4'
+ echo 'nodes: ' 1
+ echo 'turbo: 0'
+ srun --nodes=1 --ntasks=1 -e f.err papiex -f dir-papi -e PAPI_L3_TCA -e PAPI_L3_TCM ../bmark2

In READ-WRITE mode.

Each chunk is: 42949672960
Iterations: 3
Nodes: 1
Time is: 87.603989 secs
+ cd ../
+ i=2
+ '[' 2 -ge 4 ']'
+ for pkg in 0x38198 0x381B8 0x381E0 0x038208 0x38230 0x38258 0x38280 0x382A8 0x382D0 0x0382f8 0x038320
+ export MSR_PKG_POWER_LIMIT=0x38258
+ MSR_PKG_POWER_LIMIT=0x38258
+ i=16
+ '[' 16 -ge 4 ']'
+ export OMP_NUM_THREADS=16
+ OMP_NUM_THREADS=16
+ export KMP_AFFINITY=scatter
+ KMP_AFFINITY=scatter
++ date +%Y_%m_%d_%H_%M_%S_%N
+ name=2013_01_13_09_31_49_673297622
+ mkdir 2013_01_13_09_31_49_673297622
+ cd 2013_01_13_09_31_49_673297622
+ touch out.dat
+ env
+ echo 2013_01_13_09_31_49_673297622
+ uname -a
+ srun --nodes=1 --ntasks=1 -ppbatch cat /proc/cpuinfo
+ grep MHz
+ srun --nodes=1 --ntasks=1 -o host_info hostname
+ echo 'threads/node: 16'
+ echo 'nodes: ' 1
+ echo 'turbo: 0'
+ srun --nodes=1 --ntasks=1 -e f.err papiex -f dir-papi -e PAPI_L3_TCA -e PAPI_L3_TCM ../bmark2

In READ-WRITE mode.

Each chunk is: 42949672960
Iterations: 3
Nodes: 1
Time is: 22.043961 secs
+ cd ../
+ i=14
+ '[' 14 -ge 4 ']'
+ export OMP_NUM_THREADS=14
+ OMP_NUM_THREADS=14
+ export KMP_AFFINITY=scatter
+ KMP_AFFINITY=scatter
++ date +%Y_%m_%d_%H_%M_%S_%N
+ name=2013_01_13_09_32_12_572291362
+ mkdir 2013_01_13_09_32_12_572291362
+ cd 2013_01_13_09_32_12_572291362
+ touch out.dat
+ env
+ echo 2013_01_13_09_32_12_572291362
+ uname -a
+ srun --nodes=1 --ntasks=1 -ppbatch cat /proc/cpuinfo
+ grep MHz
+ srun --nodes=1 --ntasks=1 -o host_info hostname
+ echo 'threads/node: 14'
+ echo 'nodes: ' 1
+ echo 'turbo: 0'
+ srun --nodes=1 --ntasks=1 -e f.err papiex -f dir-papi -e PAPI_L3_TCA -e PAPI_L3_TCM ../bmark2

In READ-WRITE mode.

Each chunk is: 42949672960
Iterations: 3
Nodes: 1
Time is: 25.127240 secs
+ cd ../
+ i=12
+ '[' 12 -ge 4 ']'
+ export OMP_NUM_THREADS=12
+ OMP_NUM_THREADS=12
+ export KMP_AFFINITY=scatter
+ KMP_AFFINITY=scatter
++ date +%Y_%m_%d_%H_%M_%S_%N
+ name=2013_01_13_09_32_38_482309823
+ mkdir 2013_01_13_09_32_38_482309823
+ cd 2013_01_13_09_32_38_482309823
+ touch out.dat
+ env
+ echo 2013_01_13_09_32_38_482309823
+ uname -a
+ srun --nodes=1 --ntasks=1 -ppbatch cat /proc/cpuinfo
+ grep MHz
+ srun --nodes=1 --ntasks=1 -o host_info hostname
+ echo 'threads/node: 12'
+ echo 'nodes: ' 1
+ echo 'turbo: 0'
+ srun --nodes=1 --ntasks=1 -e f.err papiex -f dir-papi -e PAPI_L3_TCA -e PAPI_L3_TCM ../bmark2

In READ-WRITE mode.

Each chunk is: 42949672960
Iterations: 3
Nodes: 1
Time is: 29.359404 secs
+ cd ../
+ i=10
+ '[' 10 -ge 4 ']'
+ export OMP_NUM_THREADS=10
+ OMP_NUM_THREADS=10
+ export KMP_AFFINITY=scatter
+ KMP_AFFINITY=scatter
++ date +%Y_%m_%d_%H_%M_%S_%N
+ name=2013_01_13_09_33_08_583193481
+ mkdir 2013_01_13_09_33_08_583193481
+ cd 2013_01_13_09_33_08_583193481
+ touch out.dat
+ env
+ echo 2013_01_13_09_33_08_583193481
+ uname -a
+ srun --nodes=1 --ntasks=1 -ppbatch cat /proc/cpuinfo
+ grep MHz
+ srun --nodes=1 --ntasks=1 -o host_info hostname
+ echo 'threads/node: 10'
+ echo 'nodes: ' 1
+ echo 'turbo: 0'
+ srun --nodes=1 --ntasks=1 -e f.err papiex -f dir-papi -e PAPI_L3_TCA -e PAPI_L3_TCM ../bmark2

In READ-WRITE mode.

Each chunk is: 42949672960
Iterations: 3
Nodes: 1
Time is: 35.194687 secs
+ cd ../
+ i=8
+ '[' 8 -ge 4 ']'
+ export OMP_NUM_THREADS=8
+ OMP_NUM_THREADS=8
+ export KMP_AFFINITY=scatter
+ KMP_AFFINITY=scatter
++ date +%Y_%m_%d_%H_%M_%S_%N
+ name=2013_01_13_09_33_44_466117488
+ mkdir 2013_01_13_09_33_44_466117488
+ cd 2013_01_13_09_33_44_466117488
+ touch out.dat
+ env
+ echo 2013_01_13_09_33_44_466117488
+ uname -a
+ srun --nodes=1 --ntasks=1 -ppbatch cat /proc/cpuinfo
+ grep MHz
+ srun --nodes=1 --ntasks=1 -o host_info hostname
+ echo 'threads/node: 8'
+ echo 'nodes: ' 1
+ echo 'turbo: 0'
+ srun --nodes=1 --ntasks=1 -e f.err papiex -f dir-papi -e PAPI_L3_TCA -e PAPI_L3_TCM ../bmark2

In READ-WRITE mode.

Each chunk is: 42949672960
Iterations: 3
Nodes: 1
Time is: 43.777456 secs
+ cd ../
+ i=6
+ '[' 6 -ge 4 ']'
+ export OMP_NUM_THREADS=6
+ OMP_NUM_THREADS=6
+ export KMP_AFFINITY=scatter
+ KMP_AFFINITY=scatter
++ date +%Y_%m_%d_%H_%M_%S_%N
+ name=2013_01_13_09_34_28_981219377
+ mkdir 2013_01_13_09_34_28_981219377
+ cd 2013_01_13_09_34_28_981219377
+ touch out.dat
+ env
+ echo 2013_01_13_09_34_28_981219377
+ uname -a
+ grep MHz
+ srun --nodes=1 --ntasks=1 -ppbatch cat /proc/cpuinfo
+ srun --nodes=1 --ntasks=1 -o host_info hostname
+ echo 'threads/node: 6'
+ echo 'nodes: ' 1
+ echo 'turbo: 0'
+ srun --nodes=1 --ntasks=1 -e f.err papiex -f dir-papi -e PAPI_L3_TCA -e PAPI_L3_TCM ../bmark2

In READ-WRITE mode.

Each chunk is: 42949672960
Iterations: 3
Nodes: 1
Time is: 58.530836 secs
+ cd ../
+ i=4
+ '[' 4 -ge 4 ']'
+ export OMP_NUM_THREADS=4
+ OMP_NUM_THREADS=4
+ export KMP_AFFINITY=scatter
+ KMP_AFFINITY=scatter
++ date +%Y_%m_%d_%H_%M_%S_%N
+ name=2013_01_13_09_35_28_298984639
+ mkdir 2013_01_13_09_35_28_298984639
+ cd 2013_01_13_09_35_28_298984639
+ touch out.dat
+ env
+ echo 2013_01_13_09_35_28_298984639
+ uname -a
+ srun --nodes=1 --ntasks=1 -ppbatch cat /proc/cpuinfo
+ grep MHz
+ srun --nodes=1 --ntasks=1 -o host_info hostname
+ echo 'threads/node: 4'
+ echo 'nodes: ' 1
+ echo 'turbo: 0'
+ srun --nodes=1 --ntasks=1 -e f.err papiex -f dir-papi -e PAPI_L3_TCA -e PAPI_L3_TCM ../bmark2

In READ-WRITE mode.

Each chunk is: 42949672960
Iterations: 3
Nodes: 1
Time is: 87.588696 secs
+ cd ../
+ i=2
+ '[' 2 -ge 4 ']'
+ for pkg in 0x38198 0x381B8 0x381E0 0x038208 0x38230 0x38258 0x38280 0x382A8 0x382D0 0x0382f8 0x038320
+ export MSR_PKG_POWER_LIMIT=0x38280
+ MSR_PKG_POWER_LIMIT=0x38280
+ i=16
+ '[' 16 -ge 4 ']'
+ export OMP_NUM_THREADS=16
+ OMP_NUM_THREADS=16
+ export KMP_AFFINITY=scatter
+ KMP_AFFINITY=scatter
++ date +%Y_%m_%d_%H_%M_%S_%N
+ name=2013_01_13_09_36_56_656181527
+ mkdir 2013_01_13_09_36_56_656181527
+ cd 2013_01_13_09_36_56_656181527
+ touch out.dat
+ env
+ echo 2013_01_13_09_36_56_656181527
+ uname -a
+ srun --nodes=1 --ntasks=1 -ppbatch cat /proc/cpuinfo
+ grep MHz
+ srun --nodes=1 --ntasks=1 -o host_info hostname
+ echo 'threads/node: 16'
+ echo 'nodes: ' 1
+ echo 'turbo: 0'
+ srun --nodes=1 --ntasks=1 -e f.err papiex -f dir-papi -e PAPI_L3_TCA -e PAPI_L3_TCM ../bmark2

In READ-WRITE mode.

Each chunk is: 42949672960
Iterations: 3
Nodes: 1
Time is: 22.063453 secs
+ cd ../
+ i=14
+ '[' 14 -ge 4 ']'
+ export OMP_NUM_THREADS=14
+ OMP_NUM_THREADS=14
+ export KMP_AFFINITY=scatter
+ KMP_AFFINITY=scatter
++ date +%Y_%m_%d_%H_%M_%S_%N
+ name=2013_01_13_09_37_19_561647260
+ mkdir 2013_01_13_09_37_19_561647260
+ cd 2013_01_13_09_37_19_561647260
+ touch out.dat
+ env
+ echo 2013_01_13_09_37_19_561647260
+ uname -a
+ srun --nodes=1 --ntasks=1 -ppbatch cat /proc/cpuinfo
+ grep MHz
+ srun --nodes=1 --ntasks=1 -o host_info hostname
+ echo 'threads/node: 14'
+ echo 'nodes: ' 1
+ echo 'turbo: 0'
+ srun --nodes=1 --ntasks=1 -e f.err papiex -f dir-papi -e PAPI_L3_TCA -e PAPI_L3_TCM ../bmark2

In READ-WRITE mode.

Each chunk is: 42949672960
Iterations: 3
Nodes: 1
Time is: 25.133979 secs
+ cd ../
+ i=12
+ '[' 12 -ge 4 ']'
+ export OMP_NUM_THREADS=12
+ OMP_NUM_THREADS=12
+ export KMP_AFFINITY=scatter
+ KMP_AFFINITY=scatter
++ date +%Y_%m_%d_%H_%M_%S_%N
+ name=2013_01_13_09_37_45_444928930
+ mkdir 2013_01_13_09_37_45_444928930
+ cd 2013_01_13_09_37_45_444928930
+ touch out.dat
+ env
+ echo 2013_01_13_09_37_45_444928930
+ uname -a
+ srun --nodes=1 --ntasks=1 -ppbatch cat /proc/cpuinfo
+ grep MHz
+ srun --nodes=1 --ntasks=1 -o host_info hostname
+ echo 'threads/node: 12'
+ echo 'nodes: ' 1
+ echo 'turbo: 0'
+ srun --nodes=1 --ntasks=1 -e f.err papiex -f dir-papi -e PAPI_L3_TCA -e PAPI_L3_TCM ../bmark2

In READ-WRITE mode.

Each chunk is: 42949672960
Iterations: 3
Nodes: 1
Time is: 29.343757 secs
+ cd ../
+ i=10
+ '[' 10 -ge 4 ']'
+ export OMP_NUM_THREADS=10
+ OMP_NUM_THREADS=10
+ export KMP_AFFINITY=scatter
+ KMP_AFFINITY=scatter
++ date +%Y_%m_%d_%H_%M_%S_%N
+ name=2013_01_13_09_38_15_549998612
+ mkdir 2013_01_13_09_38_15_549998612
+ cd 2013_01_13_09_38_15_549998612
+ touch out.dat
+ env
+ echo 2013_01_13_09_38_15_549998612
+ uname -a
+ srun --nodes=1 --ntasks=1 -ppbatch cat /proc/cpuinfo
+ grep MHz
+ srun --nodes=1 --ntasks=1 -o host_info hostname
+ echo 'threads/node: 10'
+ echo 'nodes: ' 1
+ echo 'turbo: 0'
+ srun --nodes=1 --ntasks=1 -e f.err papiex -f dir-papi -e PAPI_L3_TCA -e PAPI_L3_TCM ../bmark2

In READ-WRITE mode.

Each chunk is: 42949672960
Iterations: 3
Nodes: 1
Time is: 35.188585 secs
+ cd ../
+ i=8
+ '[' 8 -ge 4 ']'
+ export OMP_NUM_THREADS=8
+ OMP_NUM_THREADS=8
+ export KMP_AFFINITY=scatter
+ KMP_AFFINITY=scatter
++ date +%Y_%m_%d_%H_%M_%S_%N
+ name=2013_01_13_09_38_51_464043615
+ mkdir 2013_01_13_09_38_51_464043615
+ cd 2013_01_13_09_38_51_464043615
+ touch out.dat
+ env
+ echo 2013_01_13_09_38_51_464043615
+ uname -a
+ srun --nodes=1 --ntasks=1 -ppbatch cat /proc/cpuinfo
+ grep MHz
+ srun --nodes=1 --ntasks=1 -o host_info hostname
+ echo 'threads/node: 8'
+ echo 'nodes: ' 1
+ echo 'turbo: 0'
+ srun --nodes=1 --ntasks=1 -e f.err papiex -f dir-papi -e PAPI_L3_TCA -e PAPI_L3_TCM ../bmark2

In READ-WRITE mode.

Each chunk is: 42949672960
Iterations: 3
Nodes: 1
Time is: 43.941280 secs
+ cd ../
+ i=6
+ '[' 6 -ge 4 ']'
+ export OMP_NUM_THREADS=6
+ OMP_NUM_THREADS=6
+ export KMP_AFFINITY=scatter
+ KMP_AFFINITY=scatter
++ date +%Y_%m_%d_%H_%M_%S_%N
+ name=2013_01_13_09_39_36_164915288
+ mkdir 2013_01_13_09_39_36_164915288
+ cd 2013_01_13_09_39_36_164915288
+ touch out.dat
+ env
+ echo 2013_01_13_09_39_36_164915288
+ uname -a
+ grep MHz
+ srun --nodes=1 --ntasks=1 -ppbatch cat /proc/cpuinfo
+ srun --nodes=1 --ntasks=1 -o host_info hostname
+ echo 'threads/node: 6'
+ echo 'nodes: ' 1
+ echo 'turbo: 0'
+ srun --nodes=1 --ntasks=1 -e f.err papiex -f dir-papi -e PAPI_L3_TCA -e PAPI_L3_TCM ../bmark2

In READ-WRITE mode.

Each chunk is: 42949672960
Iterations: 3
Nodes: 1
Time is: 58.528229 secs
+ cd ../
+ i=4
+ '[' 4 -ge 4 ']'
+ export OMP_NUM_THREADS=4
+ OMP_NUM_THREADS=4
+ export KMP_AFFINITY=scatter
+ KMP_AFFINITY=scatter
++ date +%Y_%m_%d_%H_%M_%S_%N
+ name=2013_01_13_09_40_35_513851400
+ mkdir 2013_01_13_09_40_35_513851400
+ cd 2013_01_13_09_40_35_513851400
+ touch out.dat
+ env
+ echo 2013_01_13_09_40_35_513851400
+ uname -a
+ srun --nodes=1 --ntasks=1 -ppbatch cat /proc/cpuinfo
+ grep MHz
+ srun --nodes=1 --ntasks=1 -o host_info hostname
+ echo 'threads/node: 4'
+ echo 'nodes: ' 1
+ echo 'turbo: 0'
+ srun --nodes=1 --ntasks=1 -e f.err papiex -f dir-papi -e PAPI_L3_TCA -e PAPI_L3_TCM ../bmark2

In READ-WRITE mode.

Each chunk is: 42949672960
Iterations: 3
Nodes: 1
Time is: 87.677765 secs
+ cd ../
+ i=2
+ '[' 2 -ge 4 ']'
+ for pkg in 0x38198 0x381B8 0x381E0 0x038208 0x38230 0x38258 0x38280 0x382A8 0x382D0 0x0382f8 0x038320
+ export MSR_PKG_POWER_LIMIT=0x382A8
+ MSR_PKG_POWER_LIMIT=0x382A8
+ i=16
+ '[' 16 -ge 4 ']'
+ export OMP_NUM_THREADS=16
+ OMP_NUM_THREADS=16
+ export KMP_AFFINITY=scatter
+ KMP_AFFINITY=scatter
++ date +%Y_%m_%d_%H_%M_%S_%N
+ name=2013_01_13_09_42_03_868065677
+ mkdir 2013_01_13_09_42_03_868065677
+ cd 2013_01_13_09_42_03_868065677
+ touch out.dat
+ env
+ echo 2013_01_13_09_42_03_868065677
+ uname -a
+ srun --nodes=1 --ntasks=1 -ppbatch cat /proc/cpuinfo
+ grep MHz
+ srun --nodes=1 --ntasks=1 -o host_info hostname
+ echo 'threads/node: 16'
+ echo 'nodes: ' 1
+ echo 'turbo: 0'
+ srun --nodes=1 --ntasks=1 -e f.err papiex -f dir-papi -e PAPI_L3_TCA -e PAPI_L3_TCM ../bmark2

In READ-WRITE mode.

Each chunk is: 42949672960
Iterations: 3
Nodes: 1
Time is: 22.040253 secs
+ cd ../
+ i=14
+ '[' 14 -ge 4 ']'
+ export OMP_NUM_THREADS=14
+ OMP_NUM_THREADS=14
+ export KMP_AFFINITY=scatter
+ KMP_AFFINITY=scatter
++ date +%Y_%m_%d_%H_%M_%S_%N
+ name=2013_01_13_09_42_26_758443408
+ mkdir 2013_01_13_09_42_26_758443408
+ cd 2013_01_13_09_42_26_758443408
+ touch out.dat
+ env
+ echo 2013_01_13_09_42_26_758443408
+ uname -a
+ grep MHz
+ srun --nodes=1 --ntasks=1 -ppbatch cat /proc/cpuinfo
+ srun --nodes=1 --ntasks=1 -o host_info hostname
+ echo 'threads/node: 14'
+ echo 'nodes: ' 1
+ echo 'turbo: 0'
+ srun --nodes=1 --ntasks=1 -e f.err papiex -f dir-papi -e PAPI_L3_TCA -e PAPI_L3_TCM ../bmark2

In READ-WRITE mode.

Each chunk is: 42949672960
Iterations: 3
Nodes: 1
Time is: 25.092508 secs
+ cd ../
+ i=12
+ '[' 12 -ge 4 ']'
+ export OMP_NUM_THREADS=12
+ OMP_NUM_THREADS=12
+ export KMP_AFFINITY=scatter
+ KMP_AFFINITY=scatter
++ date +%Y_%m_%d_%H_%M_%S_%N
+ name=2013_01_13_09_42_52_637683924
+ mkdir 2013_01_13_09_42_52_637683924
+ cd 2013_01_13_09_42_52_637683924
+ touch out.dat
+ env
+ echo 2013_01_13_09_42_52_637683924
+ uname -a
+ srun --nodes=1 --ntasks=1 -ppbatch cat /proc/cpuinfo
+ grep MHz
+ srun --nodes=1 --ntasks=1 -o host_info hostname
+ echo 'threads/node: 12'
+ echo 'nodes: ' 1
+ echo 'turbo: 0'
+ srun --nodes=1 --ntasks=1 -e f.err papiex -f dir-papi -e PAPI_L3_TCA -e PAPI_L3_TCM ../bmark2

In READ-WRITE mode.

Each chunk is: 42949672960
Iterations: 3
Nodes: 1
Time is: 29.353981 secs
+ cd ../
+ i=10
+ '[' 10 -ge 4 ']'
+ export OMP_NUM_THREADS=10
+ OMP_NUM_THREADS=10
+ export KMP_AFFINITY=scatter
+ KMP_AFFINITY=scatter
++ date +%Y_%m_%d_%H_%M_%S_%N
+ name=2013_01_13_09_43_22_730363122
+ mkdir 2013_01_13_09_43_22_730363122
+ cd 2013_01_13_09_43_22_730363122
+ touch out.dat
+ env
+ echo 2013_01_13_09_43_22_730363122
+ uname -a
+ grep MHz
+ srun --nodes=1 --ntasks=1 -ppbatch cat /proc/cpuinfo
+ srun --nodes=1 --ntasks=1 -o host_info hostname
+ echo 'threads/node: 10'
+ echo 'nodes: ' 1
+ echo 'turbo: 0'
+ srun --nodes=1 --ntasks=1 -e f.err papiex -f dir-papi -e PAPI_L3_TCA -e PAPI_L3_TCM ../bmark2

In READ-WRITE mode.

Each chunk is: 42949672960
Iterations: 3
Nodes: 1
Time is: 35.192527 secs
+ cd ../
+ i=8
+ '[' 8 -ge 4 ']'
+ export OMP_NUM_THREADS=8
+ OMP_NUM_THREADS=8
+ export KMP_AFFINITY=scatter
+ KMP_AFFINITY=scatter
++ date +%Y_%m_%d_%H_%M_%S_%N
+ name=2013_01_13_09_43_58_640757302
+ mkdir 2013_01_13_09_43_58_640757302
+ cd 2013_01_13_09_43_58_640757302
+ touch out.dat
+ env
+ echo 2013_01_13_09_43_58_640757302
+ uname -a
+ srun --nodes=1 --ntasks=1 -ppbatch cat /proc/cpuinfo
+ grep MHz
+ srun --nodes=1 --ntasks=1 -o host_info hostname
+ echo 'threads/node: 8'
+ echo 'nodes: ' 1
+ echo 'turbo: 0'
+ srun --nodes=1 --ntasks=1 -e f.err papiex -f dir-papi -e PAPI_L3_TCA -e PAPI_L3_TCM ../bmark2

In READ-WRITE mode.

Each chunk is: 42949672960
Iterations: 3
Nodes: 1
Time is: 43.846465 secs
+ cd ../
+ i=6
+ '[' 6 -ge 4 ']'
+ export OMP_NUM_THREADS=6
+ OMP_NUM_THREADS=6
+ export KMP_AFFINITY=scatter
+ KMP_AFFINITY=scatter
++ date +%Y_%m_%d_%H_%M_%S_%N
+ name=2013_01_13_09_44_43_143817513
+ mkdir 2013_01_13_09_44_43_143817513
+ cd 2013_01_13_09_44_43_143817513
+ touch out.dat
+ env
+ echo 2013_01_13_09_44_43_143817513
+ uname -a
+ srun --nodes=1 --ntasks=1 -ppbatch cat /proc/cpuinfo
+ grep MHz
+ srun --nodes=1 --ntasks=1 -o host_info hostname
+ echo 'threads/node: 6'
+ echo 'nodes: ' 1
+ echo 'turbo: 0'
+ srun --nodes=1 --ntasks=1 -e f.err papiex -f dir-papi -e PAPI_L3_TCA -e PAPI_L3_TCM ../bmark2

In READ-WRITE mode.

Each chunk is: 42949672960
Iterations: 3
Nodes: 1
Time is: 58.541249 secs
+ cd ../
+ i=4
+ '[' 4 -ge 4 ']'
+ export OMP_NUM_THREADS=4
+ OMP_NUM_THREADS=4
+ export KMP_AFFINITY=scatter
+ KMP_AFFINITY=scatter
++ date +%Y_%m_%d_%H_%M_%S_%N
+ name=2013_01_13_09_45_42_490577961
+ mkdir 2013_01_13_09_45_42_490577961
+ cd 2013_01_13_09_45_42_490577961
+ touch out.dat
+ env
+ echo 2013_01_13_09_45_42_490577961
+ uname -a
+ srun --nodes=1 --ntasks=1 -ppbatch cat /proc/cpuinfo
+ grep MHz
+ srun --nodes=1 --ntasks=1 -o host_info hostname
+ echo 'threads/node: 4'
+ echo 'nodes: ' 1
+ echo 'turbo: 0'
+ srun --nodes=1 --ntasks=1 -e f.err papiex -f dir-papi -e PAPI_L3_TCA -e PAPI_L3_TCM ../bmark2

In READ-WRITE mode.

Each chunk is: 42949672960
Iterations: 3
Nodes: 1
Time is: 87.666547 secs
+ cd ../
+ i=2
+ '[' 2 -ge 4 ']'
+ for pkg in 0x38198 0x381B8 0x381E0 0x038208 0x38230 0x38258 0x38280 0x382A8 0x382D0 0x0382f8 0x038320
+ export MSR_PKG_POWER_LIMIT=0x382D0
+ MSR_PKG_POWER_LIMIT=0x382D0
+ i=16
+ '[' 16 -ge 4 ']'
+ export OMP_NUM_THREADS=16
+ OMP_NUM_THREADS=16
+ export KMP_AFFINITY=scatter
+ KMP_AFFINITY=scatter
++ date +%Y_%m_%d_%H_%M_%S_%N
+ name=2013_01_13_09_47_10_758015407
+ mkdir 2013_01_13_09_47_10_758015407
+ cd 2013_01_13_09_47_10_758015407
+ touch out.dat
+ env
+ echo 2013_01_13_09_47_10_758015407
+ uname -a
+ srun --nodes=1 --ntasks=1 -ppbatch cat /proc/cpuinfo
+ grep MHz
+ srun --nodes=1 --ntasks=1 -o host_info hostname
+ echo 'threads/node: 16'
+ echo 'nodes: ' 1
+ echo 'turbo: 0'
+ srun --nodes=1 --ntasks=1 -e f.err papiex -f dir-papi -e PAPI_L3_TCA -e PAPI_L3_TCM ../bmark2

In READ-WRITE mode.

Each chunk is: 42949672960
Iterations: 3
Nodes: 1
Time is: 22.046064 secs
+ cd ../
+ i=14
+ '[' 14 -ge 4 ']'
+ export OMP_NUM_THREADS=14
+ OMP_NUM_THREADS=14
+ export KMP_AFFINITY=scatter
+ KMP_AFFINITY=scatter
++ date +%Y_%m_%d_%H_%M_%S_%N
+ name=2013_01_13_09_47_33_681831018
+ mkdir 2013_01_13_09_47_33_681831018
+ cd 2013_01_13_09_47_33_681831018
+ touch out.dat
+ env
+ echo 2013_01_13_09_47_33_681831018
+ uname -a
+ srun --nodes=1 --ntasks=1 -ppbatch cat /proc/cpuinfo
+ grep MHz
+ srun --nodes=1 --ntasks=1 -o host_info hostname
+ echo 'threads/node: 14'
+ echo 'nodes: ' 1
+ echo 'turbo: 0'
+ srun --nodes=1 --ntasks=1 -e f.err papiex -f dir-papi -e PAPI_L3_TCA -e PAPI_L3_TCM ../bmark2

In READ-WRITE mode.

Each chunk is: 42949672960
Iterations: 3
Nodes: 1
Time is: 25.183033 secs
+ cd ../
+ i=12
+ '[' 12 -ge 4 ']'
+ export OMP_NUM_THREADS=12
+ OMP_NUM_THREADS=12
+ export KMP_AFFINITY=scatter
+ KMP_AFFINITY=scatter
++ date +%Y_%m_%d_%H_%M_%S_%N
+ name=2013_01_13_09_47_59_563905756
+ mkdir 2013_01_13_09_47_59_563905756
+ cd 2013_01_13_09_47_59_563905756
+ touch out.dat
+ env
+ echo 2013_01_13_09_47_59_563905756
+ uname -a
+ srun --nodes=1 --ntasks=1 -ppbatch cat /proc/cpuinfo
+ grep MHz
+ srun --nodes=1 --ntasks=1 -o host_info hostname
+ echo 'threads/node: 12'
+ echo 'nodes: ' 1
+ echo 'turbo: 0'
+ srun --nodes=1 --ntasks=1 -e f.err papiex -f dir-papi -e PAPI_L3_TCA -e PAPI_L3_TCM ../bmark2

In READ-WRITE mode.

Each chunk is: 42949672960
Iterations: 3
Nodes: 1
Time is: 29.286946 secs
+ cd ../
+ i=10
+ '[' 10 -ge 4 ']'
+ export OMP_NUM_THREADS=10
+ OMP_NUM_THREADS=10
+ export KMP_AFFINITY=scatter
+ KMP_AFFINITY=scatter
++ date +%Y_%m_%d_%H_%M_%S_%N
+ name=2013_01_13_09_48_29_652739583
+ mkdir 2013_01_13_09_48_29_652739583
+ cd 2013_01_13_09_48_29_652739583
+ touch out.dat
+ env
+ echo 2013_01_13_09_48_29_652739583
+ uname -a
+ grep MHz
+ srun --nodes=1 --ntasks=1 -ppbatch cat /proc/cpuinfo
+ srun --nodes=1 --ntasks=1 -o host_info hostname
+ echo 'threads/node: 10'
+ echo 'nodes: ' 1
+ echo 'turbo: 0'
+ srun --nodes=1 --ntasks=1 -e f.err papiex -f dir-papi -e PAPI_L3_TCA -e PAPI_L3_TCM ../bmark2

In READ-WRITE mode.

Each chunk is: 42949672960
Iterations: 3
Nodes: 1
Time is: 35.203439 secs
+ cd ../
+ i=8
+ '[' 8 -ge 4 ']'
+ export OMP_NUM_THREADS=8
+ OMP_NUM_THREADS=8
+ export KMP_AFFINITY=scatter
+ KMP_AFFINITY=scatter
++ date +%Y_%m_%d_%H_%M_%S_%N
+ name=2013_01_13_09_49_05_552740030
+ mkdir 2013_01_13_09_49_05_552740030
+ cd 2013_01_13_09_49_05_552740030
+ touch out.dat
+ env
+ echo 2013_01_13_09_49_05_552740030
+ uname -a
+ srun --nodes=1 --ntasks=1 -ppbatch cat /proc/cpuinfo
+ grep MHz
+ srun --nodes=1 --ntasks=1 -o host_info hostname
+ echo 'threads/node: 8'
+ echo 'nodes: ' 1
+ echo 'turbo: 0'
+ srun --nodes=1 --ntasks=1 -e f.err papiex -f dir-papi -e PAPI_L3_TCA -e PAPI_L3_TCM ../bmark2

In READ-WRITE mode.

Each chunk is: 42949672960
Iterations: 3
Nodes: 1
Time is: 43.949483 secs
+ cd ../
+ i=6
+ '[' 6 -ge 4 ']'
+ export OMP_NUM_THREADS=6
+ OMP_NUM_THREADS=6
+ export KMP_AFFINITY=scatter
+ KMP_AFFINITY=scatter
++ date +%Y_%m_%d_%H_%M_%S_%N
+ name=2013_01_13_09_49_50_256376651
+ mkdir 2013_01_13_09_49_50_256376651
+ cd 2013_01_13_09_49_50_256376651
+ touch out.dat
+ env
+ echo 2013_01_13_09_49_50_256376651
+ uname -a
+ srun --nodes=1 --ntasks=1 -ppbatch cat /proc/cpuinfo
+ grep MHz
+ srun --nodes=1 --ntasks=1 -o host_info hostname
+ echo 'threads/node: 6'
+ echo 'nodes: ' 1
+ echo 'turbo: 0'
+ srun --nodes=1 --ntasks=1 -e f.err papiex -f dir-papi -e PAPI_L3_TCA -e PAPI_L3_TCM ../bmark2

In READ-WRITE mode.

Each chunk is: 42949672960
Iterations: 3
Nodes: 1
Time is: 58.431239 secs
+ cd ../
+ i=4
+ '[' 4 -ge 4 ']'
+ export OMP_NUM_THREADS=4
+ OMP_NUM_THREADS=4
+ export KMP_AFFINITY=scatter
+ KMP_AFFINITY=scatter
++ date +%Y_%m_%d_%H_%M_%S_%N
+ name=2013_01_13_09_50_49_370717686
+ mkdir 2013_01_13_09_50_49_370717686
+ cd 2013_01_13_09_50_49_370717686
+ touch out.dat
+ env
+ echo 2013_01_13_09_50_49_370717686
+ uname -a
+ srun --nodes=1 --ntasks=1 -ppbatch cat /proc/cpuinfo
+ grep MHz
+ srun --nodes=1 --ntasks=1 -o host_info hostname
+ echo 'threads/node: 4'
+ echo 'nodes: ' 1
+ echo 'turbo: 0'
+ srun --nodes=1 --ntasks=1 -e f.err papiex -f dir-papi -e PAPI_L3_TCA -e PAPI_L3_TCM ../bmark2

In READ-WRITE mode.

Each chunk is: 42949672960
Iterations: 3
Nodes: 1
Time is: 87.644750 secs
+ cd ../
+ i=2
+ '[' 2 -ge 4 ']'
+ for pkg in 0x38198 0x381B8 0x381E0 0x038208 0x38230 0x38258 0x38280 0x382A8 0x382D0 0x0382f8 0x038320
+ export MSR_PKG_POWER_LIMIT=0x0382f8
+ MSR_PKG_POWER_LIMIT=0x0382f8
+ i=16
+ '[' 16 -ge 4 ']'
+ export OMP_NUM_THREADS=16
+ OMP_NUM_THREADS=16
+ export KMP_AFFINITY=scatter
+ KMP_AFFINITY=scatter
++ date +%Y_%m_%d_%H_%M_%S_%N
+ name=2013_01_13_09_52_17_728453833
+ mkdir 2013_01_13_09_52_17_728453833
+ cd 2013_01_13_09_52_17_728453833
+ touch out.dat
+ env
+ echo 2013_01_13_09_52_17_728453833
+ uname -a
+ srun --nodes=1 --ntasks=1 -ppbatch cat /proc/cpuinfo
+ grep MHz
+ srun --nodes=1 --ntasks=1 -o host_info hostname
+ echo 'threads/node: 16'
+ echo 'nodes: ' 1
+ echo 'turbo: 0'
+ srun --nodes=1 --ntasks=1 -e f.err papiex -f dir-papi -e PAPI_L3_TCA -e PAPI_L3_TCM ../bmark2

In READ-WRITE mode.

Each chunk is: 42949672960
Iterations: 3
Nodes: 1
Time is: 22.044992 secs
+ cd ../
+ i=14
+ '[' 14 -ge 4 ']'
+ export OMP_NUM_THREADS=14
+ OMP_NUM_THREADS=14
+ export KMP_AFFINITY=scatter
+ KMP_AFFINITY=scatter
++ date +%Y_%m_%d_%H_%M_%S_%N
+ name=2013_01_13_09_52_40_565819826
+ mkdir 2013_01_13_09_52_40_565819826
+ cd 2013_01_13_09_52_40_565819826
+ touch out.dat
+ env
+ echo 2013_01_13_09_52_40_565819826
+ uname -a
+ srun --nodes=1 --ntasks=1 -ppbatch cat /proc/cpuinfo
+ grep MHz
+ srun --nodes=1 --ntasks=1 -o host_info hostname
+ echo 'threads/node: 14'
+ echo 'nodes: ' 1
+ echo 'turbo: 0'
+ srun --nodes=1 --ntasks=1 -e f.err papiex -f dir-papi -e PAPI_L3_TCA -e PAPI_L3_TCM ../bmark2

In READ-WRITE mode.

Each chunk is: 42949672960
Iterations: 3
Nodes: 1
Time is: 25.185271 secs
+ cd ../
+ i=12
+ '[' 12 -ge 4 ']'
+ export OMP_NUM_THREADS=12
+ OMP_NUM_THREADS=12
+ export KMP_AFFINITY=scatter
+ KMP_AFFINITY=scatter
++ date +%Y_%m_%d_%H_%M_%S_%N
+ name=2013_01_13_09_53_06_486597821
+ mkdir 2013_01_13_09_53_06_486597821
+ cd 2013_01_13_09_53_06_486597821
+ touch out.dat
+ env
+ echo 2013_01_13_09_53_06_486597821
+ uname -a
+ srun --nodes=1 --ntasks=1 -ppbatch cat /proc/cpuinfo
+ grep MHz
+ srun --nodes=1 --ntasks=1 -o host_info hostname
+ echo 'threads/node: 12'
+ echo 'nodes: ' 1
+ echo 'turbo: 0'
+ srun --nodes=1 --ntasks=1 -e f.err papiex -f dir-papi -e PAPI_L3_TCA -e PAPI_L3_TCM ../bmark2

In READ-WRITE mode.

Each chunk is: 42949672960
Iterations: 3
Nodes: 1
Time is: 29.276094 secs
+ cd ../
+ i=10
+ '[' 10 -ge 4 ']'
+ export OMP_NUM_THREADS=10
+ OMP_NUM_THREADS=10
+ export KMP_AFFINITY=scatter
+ KMP_AFFINITY=scatter
++ date +%Y_%m_%d_%H_%M_%S_%N
+ name=2013_01_13_09_53_36_602272497
+ mkdir 2013_01_13_09_53_36_602272497
+ cd 2013_01_13_09_53_36_602272497
+ touch out.dat
+ env
+ echo 2013_01_13_09_53_36_602272497
+ uname -a
+ grep MHz
+ srun --nodes=1 --ntasks=1 -ppbatch cat /proc/cpuinfo
+ srun --nodes=1 --ntasks=1 -o host_info hostname
+ echo 'threads/node: 10'
+ echo 'nodes: ' 1
+ echo 'turbo: 0'
+ srun --nodes=1 --ntasks=1 -e f.err papiex -f dir-papi -e PAPI_L3_TCA -e PAPI_L3_TCM ../bmark2

In READ-WRITE mode.

Each chunk is: 42949672960
Iterations: 3
Nodes: 1
Time is: 35.038761 secs
+ cd ../
+ i=8
+ '[' 8 -ge 4 ']'
+ export OMP_NUM_THREADS=8
+ OMP_NUM_THREADS=8
+ export KMP_AFFINITY=scatter
+ KMP_AFFINITY=scatter
++ date +%Y_%m_%d_%H_%M_%S_%N
+ name=2013_01_13_09_54_12_651918169
+ mkdir 2013_01_13_09_54_12_651918169
+ cd 2013_01_13_09_54_12_651918169
+ touch out.dat
+ env
+ echo 2013_01_13_09_54_12_651918169
+ uname -a
+ srun --nodes=1 --ntasks=1 -ppbatch cat /proc/cpuinfo
+ grep MHz
+ srun --nodes=1 --ntasks=1 -o host_info hostname
+ echo 'threads/node: 8'
+ echo 'nodes: ' 1
+ echo 'turbo: 0'
+ srun --nodes=1 --ntasks=1 -e f.err papiex -f dir-papi -e PAPI_L3_TCA -e PAPI_L3_TCM ../bmark2

In READ-WRITE mode.

Each chunk is: 42949672960
Iterations: 3
Nodes: 1
Time is: 43.952336 secs
+ cd ../
+ i=6
+ '[' 6 -ge 4 ']'
+ export OMP_NUM_THREADS=6
+ OMP_NUM_THREADS=6
+ export KMP_AFFINITY=scatter
+ KMP_AFFINITY=scatter
++ date +%Y_%m_%d_%H_%M_%S_%N
+ name=2013_01_13_09_54_57_370857672
+ mkdir 2013_01_13_09_54_57_370857672
+ cd 2013_01_13_09_54_57_370857672
+ touch out.dat
+ env
+ echo 2013_01_13_09_54_57_370857672
+ uname -a
+ srun --nodes=1 --ntasks=1 -ppbatch cat /proc/cpuinfo
+ grep MHz
+ srun --nodes=1 --ntasks=1 -o host_info hostname
+ echo 'threads/node: 6'
+ echo 'nodes: ' 1
+ echo 'turbo: 0'
+ srun --nodes=1 --ntasks=1 -e f.err papiex -f dir-papi -e PAPI_L3_TCA -e PAPI_L3_TCM ../bmark2

In READ-WRITE mode.

Each chunk is: 42949672960
Iterations: 3
Nodes: 1
Time is: 58.529977 secs
+ cd ../
+ i=4
+ '[' 4 -ge 4 ']'
+ export OMP_NUM_THREADS=4
+ OMP_NUM_THREADS=4
+ export KMP_AFFINITY=scatter
+ KMP_AFFINITY=scatter
++ date +%Y_%m_%d_%H_%M_%S_%N
+ name=2013_01_13_09_55_56_693783972
+ mkdir 2013_01_13_09_55_56_693783972
+ cd 2013_01_13_09_55_56_693783972
+ touch out.dat
+ env
+ echo 2013_01_13_09_55_56_693783972
+ uname -a
+ srun --nodes=1 --ntasks=1 -ppbatch cat /proc/cpuinfo
+ grep MHz
+ srun --nodes=1 --ntasks=1 -o host_info hostname
+ echo 'threads/node: 4'
+ echo 'nodes: ' 1
+ echo 'turbo: 0'
+ srun --nodes=1 --ntasks=1 -e f.err papiex -f dir-papi -e PAPI_L3_TCA -e PAPI_L3_TCM ../bmark2

In READ-WRITE mode.

Each chunk is: 42949672960
Iterations: 3
Nodes: 1
Time is: 87.669783 secs
+ cd ../
+ i=2
+ '[' 2 -ge 4 ']'
+ for pkg in 0x38198 0x381B8 0x381E0 0x038208 0x38230 0x38258 0x38280 0x382A8 0x382D0 0x0382f8 0x038320
+ export MSR_PKG_POWER_LIMIT=0x038320
+ MSR_PKG_POWER_LIMIT=0x038320
+ i=16
+ '[' 16 -ge 4 ']'
+ export OMP_NUM_THREADS=16
+ OMP_NUM_THREADS=16
+ export KMP_AFFINITY=scatter
+ KMP_AFFINITY=scatter
++ date +%Y_%m_%d_%H_%M_%S_%N
+ name=2013_01_13_09_57_25_049200397
+ mkdir 2013_01_13_09_57_25_049200397
+ cd 2013_01_13_09_57_25_049200397
+ touch out.dat
+ env
+ echo 2013_01_13_09_57_25_049200397
+ uname -a
+ srun --nodes=1 --ntasks=1 -ppbatch cat /proc/cpuinfo
+ grep MHz
+ srun --nodes=1 --ntasks=1 -o host_info hostname
+ echo 'threads/node: 16'
+ echo 'nodes: ' 1
+ echo 'turbo: 0'
+ srun --nodes=1 --ntasks=1 -e f.err papiex -f dir-papi -e PAPI_L3_TCA -e PAPI_L3_TCM ../bmark2

In READ-WRITE mode.

Each chunk is: 42949672960
Iterations: 3
Nodes: 1
Time is: 21.983867 secs
+ cd ../
+ i=14
+ '[' 14 -ge 4 ']'
+ export OMP_NUM_THREADS=14
+ OMP_NUM_THREADS=14
+ export KMP_AFFINITY=scatter
+ KMP_AFFINITY=scatter
++ date +%Y_%m_%d_%H_%M_%S_%N
+ name=2013_01_13_09_57_47_801900119
+ mkdir 2013_01_13_09_57_47_801900119
+ cd 2013_01_13_09_57_47_801900119
+ touch out.dat
+ env
+ echo 2013_01_13_09_57_47_801900119
+ uname -a
+ srun --nodes=1 --ntasks=1 -ppbatch cat /proc/cpuinfo
+ grep MHz
+ srun --nodes=1 --ntasks=1 -o host_info hostname
+ echo 'threads/node: 14'
+ echo 'nodes: ' 1
+ echo 'turbo: 0'
+ srun --nodes=1 --ntasks=1 -e f.err papiex -f dir-papi -e PAPI_L3_TCA -e PAPI_L3_TCM ../bmark2

In READ-WRITE mode.

Each chunk is: 42949672960
Iterations: 3
Nodes: 1
Time is: 25.127059 secs
+ cd ../
+ i=12
+ '[' 12 -ge 4 ']'
+ export OMP_NUM_THREADS=12
+ OMP_NUM_THREADS=12
+ export KMP_AFFINITY=scatter
+ KMP_AFFINITY=scatter
++ date +%Y_%m_%d_%H_%M_%S_%N
+ name=2013_01_13_09_58_13_690399687
+ mkdir 2013_01_13_09_58_13_690399687
+ cd 2013_01_13_09_58_13_690399687
+ touch out.dat
+ env
+ echo 2013_01_13_09_58_13_690399687
+ uname -a
+ srun --nodes=1 --ntasks=1 -ppbatch cat /proc/cpuinfo
+ grep MHz
+ srun --nodes=1 --ntasks=1 -o host_info hostname
+ echo 'threads/node: 12'
+ echo 'nodes: ' 1
+ echo 'turbo: 0'
+ srun --nodes=1 --ntasks=1 -e f.err papiex -f dir-papi -e PAPI_L3_TCA -e PAPI_L3_TCM ../bmark2

In READ-WRITE mode.

Each chunk is: 42949672960
Iterations: 3
Nodes: 1
Time is: 29.341967 secs
+ cd ../
+ i=10
+ '[' 10 -ge 4 ']'
+ export OMP_NUM_THREADS=10
+ OMP_NUM_THREADS=10
+ export KMP_AFFINITY=scatter
+ KMP_AFFINITY=scatter
++ date +%Y_%m_%d_%H_%M_%S_%N
+ name=2013_01_13_09_58_43_794387601
+ mkdir 2013_01_13_09_58_43_794387601
+ cd 2013_01_13_09_58_43_794387601
+ touch out.dat
+ env
+ echo 2013_01_13_09_58_43_794387601
+ uname -a
+ grep MHz
+ srun --nodes=1 --ntasks=1 -ppbatch cat /proc/cpuinfo
+ srun --nodes=1 --ntasks=1 -o host_info hostname
+ echo 'threads/node: 10'
+ echo 'nodes: ' 1
+ echo 'turbo: 0'
+ srun --nodes=1 --ntasks=1 -e f.err papiex -f dir-papi -e PAPI_L3_TCA -e PAPI_L3_TCM ../bmark2

In READ-WRITE mode.

Each chunk is: 42949672960
Iterations: 3
Nodes: 1
Time is: 35.128012 secs
+ cd ../
+ i=8
+ '[' 8 -ge 4 ']'
+ export OMP_NUM_THREADS=8
+ OMP_NUM_THREADS=8
+ export KMP_AFFINITY=scatter
+ KMP_AFFINITY=scatter
++ date +%Y_%m_%d_%H_%M_%S_%N
+ name=2013_01_13_09_59_19_708892065
+ mkdir 2013_01_13_09_59_19_708892065
+ cd 2013_01_13_09_59_19_708892065
+ touch out.dat
+ env
+ echo 2013_01_13_09_59_19_708892065
+ uname -a
+ srun --nodes=1 --ntasks=1 -ppbatch cat /proc/cpuinfo
+ grep MHz
+ srun --nodes=1 --ntasks=1 -o host_info hostname
+ echo 'threads/node: 8'
+ echo 'nodes: ' 1
+ echo 'turbo: 0'
+ srun --nodes=1 --ntasks=1 -e f.err papiex -f dir-papi -e PAPI_L3_TCA -e PAPI_L3_TCM ../bmark2

In READ-WRITE mode.

Each chunk is: 42949672960
Iterations: 3
Nodes: 1
Time is: 43.953310 secs
+ cd ../
+ i=6
+ '[' 6 -ge 4 ']'
+ export OMP_NUM_THREADS=6
+ OMP_NUM_THREADS=6
+ export KMP_AFFINITY=scatter
+ KMP_AFFINITY=scatter
++ date +%Y_%m_%d_%H_%M_%S_%N
+ name=2013_01_13_10_00_04_439520176
+ mkdir 2013_01_13_10_00_04_439520176
+ cd 2013_01_13_10_00_04_439520176
+ touch out.dat
+ env
+ echo 2013_01_13_10_00_04_439520176
+ uname -a
+ srun --nodes=1 --ntasks=1 -ppbatch cat /proc/cpuinfo
+ grep MHz
+ srun --nodes=1 --ntasks=1 -o host_info hostname
+ echo 'threads/node: 6'
+ echo 'nodes: ' 1
+ echo 'turbo: 0'
+ srun --nodes=1 --ntasks=1 -e f.err papiex -f dir-papi -e PAPI_L3_TCA -e PAPI_L3_TCM ../bmark2

In READ-WRITE mode.

Each chunk is: 42949672960
Iterations: 3
Nodes: 1
Time is: 58.545890 secs
+ cd ../
+ i=4
+ '[' 4 -ge 4 ']'
+ export OMP_NUM_THREADS=4
+ OMP_NUM_THREADS=4
+ export KMP_AFFINITY=scatter
+ KMP_AFFINITY=scatter
++ date +%Y_%m_%d_%H_%M_%S_%N
+ name=2013_01_13_10_01_03_761696530
+ mkdir 2013_01_13_10_01_03_761696530
+ cd 2013_01_13_10_01_03_761696530
+ touch out.dat
+ env
+ echo 2013_01_13_10_01_03_761696530
+ uname -a
+ srun --nodes=1 --ntasks=1 -ppbatch cat /proc/cpuinfo
+ grep MHz
+ srun --nodes=1 --ntasks=1 -o host_info hostname
+ echo 'threads/node: 4'
+ echo 'nodes: ' 1
+ echo 'turbo: 0'
+ srun --nodes=1 --ntasks=1 -e f.err papiex -f dir-papi -e PAPI_L3_TCA -e PAPI_L3_TCM ../bmark2

In READ-WRITE mode.

Each chunk is: 42949672960
Iterations: 3
Nodes: 1
Time is: 87.686030 secs
+ cd ../
+ i=2
+ '[' 2 -ge 4 ']'
