id freq nodes cores pkg-clamp-0 pkg-clamp-1 dram-clamp-0 dram-clamp-1 avg-time avg-pkg-0 avg-pp0-0 avg-dram-0 avg-pkg-1 avg-pp0-1 avg-dram-1 tot-pkg-0 tot-pp0-0 tot-dram-0 tot-pkg-1 tot-pp0-1 tot-dram-1
2013_01_13_09_01_15_429205675  2601.000 1 16 115.000000 115.000000 0.000000 0.000000 19.035849 88.632879 75.423248 3.807085 90.422252 77.305322 1.59717 88.632879 75.423248 3.807085 90.422252 77.305322 1.59717
2013_01_13_09_01_19_868914987  2601.000 1 16 115.000000 115.000000 0.000000 0.000000 19.049806 90.681481 77.489659 3.80881 89.751808 76.477505 1.613378 90.681481 77.489659 3.80881 89.751808 76.477505 1.613378
2013_01_13_09_01_20_032448279  2601.000 1 16 115.000000 115.000000 0.000000 0.000000 19.050609 87.92442 74.790818 6.124551 88.983672 75.858589 2.113251 87.92442 74.790818 6.124551 88.983672 75.858589 2.113251
2013_01_13_09_01_35_670259308  2601.000 1 14 115.000000 115.000000 0.000000 0.000000 21.835417 81.189852 67.935527 3.804937 82.925665 69.776308 1.748067 81.189852 67.935527 3.804937 82.925665 69.776308 1.748067
2013_01_13_09_01_39_909006826  2601.000 1 14 115.000000 115.000000 0.000000 0.000000 21.823822 82.809238 69.588189 3.798221 81.657126 68.338881 1.620886 82.809238 69.588189 3.798221 81.657126 68.338881 1.620886
2013_01_13_09_01_40_070268571  2601.000 1 14 115.000000 115.000000 0.000000 0.000000 21.752994 80.368595 67.179973 6.11622 81.223611 68.084695 2.16735 80.368595 67.179973 6.11622 81.223611 68.084695 2.16735
2013_01_13_09_01_58_300985357  2601.000 1 12 115.000000 115.000000 0.000000 0.000000 24.612459 76.923584 63.67721 3.803836 77.716678 64.561684 1.614612 76.923584 63.67721 3.803836 77.716678 64.561684 1.614612
2013_01_13_09_02_02_563877331  2601.000 1 12 115.000000 115.000000 0.000000 0.000000 24.669769 76.752189 63.549578 6.122818 77.196372 64.041017 2.195404 76.752189 63.549578 6.122818 77.196372 64.041017 2.195404
2013_01_13_09_02_02_616319597  2601.000 1 12 115.000000 115.000000 0.000000 0.000000 24.676322 78.597096 65.352698 3.798489 77.650293 64.320876 2.157673 78.597096 65.352698 3.798489 77.650293 64.320876 2.157673
2013_01_13_09_02_23_548432574  2601.000 1 10 115.000000 115.000000 0.000000 0.000000 29.491888 68.709943 55.467914 3.799841 69.129669 55.981852 1.716977 68.709943 55.467914 3.799841 69.129669 55.981852 1.716977
2013_01_13_09_02_28_069097666  2601.000 1 10 115.000000 115.000000 0.000000 0.000000 29.418425 68.525145 55.332281 6.117371 68.199992 55.056118 2.380068 68.525145 55.332281 6.117371 68.199992 55.056118 2.380068
2013_01_13_09_02_28_107815952  2601.000 1 10 115.000000 115.000000 0.000000 0.000000 29.468269 70.406132 57.159766 3.786749 69.242315 55.920783 1.865452 70.406132 57.159766 3.786749 69.242315 55.920783 1.865452
2013_01_13_09_02_53_811792748  2601.000 1 8 115.000000 115.000000 0.000000 0.000000 35.630037 62.768494 49.505156 3.792299 63.232666 50.095635 1.623653 62.768494 49.505156 3.792299 63.232666 50.095635 1.623653
2013_01_13_09_02_58_173303663  2601.000 1 8 115.000000 115.000000 0.000000 0.000000 35.595759 62.857427 49.646933 6.110743 63.059533 49.921023 2.374274 62.857427 49.646933 6.110743 63.059533 49.921023 2.374274
2013_01_13_09_02_58_410030030  2601.000 1 8 115.000000 115.000000 0.000000 0.000000 35.648615 64.18507 50.948833 3.800551 63.461914 50.155951 1.907794 64.18507 50.948833 3.800551 63.461914 50.155951 1.907794
2013_01_13_09_03_30_111396219  2601.000 1 6 115.000000 115.000000 0.000000 0.000000 47.599122 54.066857 40.82281 3.786878 54.067255 40.960144 1.709913 54.066857 40.82281 3.786878 54.067255 40.960144 1.709913
2013_01_13_09_03_34_470400741  2601.000 1 6 115.000000 115.000000 0.000000 0.000000 47.522898 53.88504 40.694069 6.115365 54.040184 40.918225 2.332881 53.88504 40.694069 6.115365 54.040184 40.918225 2.332881
2013_01_13_09_03_34_706554067  2601.000 1 6 115.000000 115.000000 0.000000 0.000000 47.548902 55.166145 41.942448 3.799309 54.37848 41.100204 1.972894 55.166145 41.942448 3.799309 54.37848 41.100204 1.972894
2013_01_13_09_04_18_394232440  2601.000 1 4 115.000000 115.000000 0.000000 0.000000 69.264376 46.876798 33.652494 3.792442 47.169305 34.037574 1.709877 46.876798 33.652494 3.792442 47.169305 34.037574 1.709877
2013_01_13_09_04_22_787777883  2601.000 1 4 115.000000 115.000000 0.000000 0.000000 69.141104 46.663543 33.498398 6.117707 47.076533 33.933211 2.577101 46.663543 33.498398 6.117707 47.076533 33.933211 2.577101
2013_01_13_09_04_23_012005733  2601.000 1 4 115.000000 115.000000 0.000000 0.000000 69.28165 47.94098 34.74018 3.801789 47.132326 33.881667 2.007216 47.94098 34.74018 3.801789 47.132326 33.881667 2.007216
2013_01_13_09_05_28_515445939  2601.000 1 16 51.000000 51.000000 0.000000 0.000000 28.810779 50.739987 37.541053 3.795628 50.844534 37.740491 1.607563 50.739987 37.541053 3.795628 50.844534 37.740491 1.607563
2013_01_13_09_05_32_777164829  2601.000 1 16 51.000000 51.000000 0.000000 0.000000 28.574865 50.748037 37.617005 6.100241 50.834283 37.715113 2.629026 50.748037 37.617005 6.100241 50.834283 37.715113 2.629026
2013_01_13_09_05_32_901753197  2601.000 1 16 51.000000 51.000000 0.000000 0.000000 29.26847 50.654715 37.476103 3.791936 50.802957 37.532959 1.62663 50.654715 37.476103 3.791936 50.802957 37.532959 1.62663
2013_01_13_09_05_58_166208499  2601.000 1 14 51.000000 51.000000 0.000000 0.000000 30.794808 50.72296 37.524021 3.79672 50.814792 37.709494 1.651158 50.72296 37.524021 3.79672 50.814792 37.709494 1.651158
2013_01_13_09_06_02_088921698  2601.000 1 14 51.000000 51.000000 0.000000 0.000000 30.330933 50.447212 37.312352 6.081614 50.723742 37.602498 2.530351 50.447212 37.312352 6.081614 50.723742 37.602498 2.530351
2013_01_13_09_06_02_989624273  2601.000 1 14 51.000000 51.000000 0.000000 0.000000 30.984661 50.808774 37.631746 3.795438 50.816211 37.540456 1.661011 50.808774 37.631746 3.795438 50.816211 37.540456 1.661011
2013_01_13_09_06_29_681253666  2601.000 1 12 51.000000 51.000000 0.000000 0.000000 33.074318 50.74939 37.54542 3.796026 50.747921 37.637687 2.005522 50.74939 37.54542 3.796026 50.747921 37.637687 2.005522
2013_01_13_09_06_33_183123454  2601.000 1 12 51.000000 51.000000 0.000000 0.000000 32.855873 50.568827 37.424844 6.09898 50.744353 37.618231 2.448582 50.568827 37.424844 6.09898 50.744353 37.618231 2.448582
2013_01_13_09_06_34_698057972  2601.000 1 12 51.000000 51.000000 0.000000 0.000000 33.332941 50.726416 37.547151 3.791728 50.670245 37.389037 1.752031 50.726416 37.547151 3.791728 50.670245 37.389037 1.752031
2013_01_13_09_07_03_569350769  2601.000 1 10 51.000000 51.000000 0.000000 0.000000 36.8067 50.733876 37.528637 3.78812 50.533524 37.419184 1.663979 50.733876 37.528637 3.78812 50.533524 37.419184 1.663979
2013_01_13_09_07_06_905382296  2601.000 1 10 51.000000 51.000000 0.000000 0.000000 36.740606 50.390323 37.245691 6.099092 50.656098 37.528934 2.493827 50.390323 37.245691 6.099092 50.656098 37.528934 2.493827
2013_01_13_09_07_08_765502621  2601.000 1 10 51.000000 51.000000 0.000000 0.000000 36.911786 50.696114 37.51139 3.787203 50.561973 37.281506 1.811238 50.696114 37.51139 3.787203 50.561973 37.281506 1.811238
2013_01_13_09_07_41_057234151  2601.000 1 8 51.000000 51.000000 0.000000 0.000000 43.963163 46.649847 33.448127 3.802241 47.337291 34.224945 1.823705 46.649847 33.448127 3.802241 47.337291 34.224945 1.823705
2013_01_13_09_07_44_581866089  2601.000 1 8 51.000000 51.000000 0.000000 0.000000 43.948057 45.925928 32.790309 6.101561 46.469562 33.342948 2.562243 45.925928 32.790309 6.101561 46.469562 33.342948 2.562243
2013_01_13_09_07_46_472304962  2601.000 1 8 51.000000 51.000000 0.000000 0.000000 43.938175 47.764492 34.583724 3.79358 47.181344 33.8997 1.8232 47.764492 34.583724 3.79358 47.181344 33.8997 1.8232
2013_01_13_09_08_25_755695126  2601.000 1 6 51.000000 51.000000 0.000000 0.000000 58.365953 40.970872 27.780701 3.800032 41.204058 28.101331 2.197359 40.970872 27.780701 3.800032 41.204058 28.101331 2.197359
2013_01_13_09_08_29_298326250  2601.000 1 6 51.000000 51.000000 0.000000 0.000000 58.337205 40.01338 26.89345 6.103878 40.788284 27.67085 2.584847 40.01338 26.89345 6.103878 40.788284 27.67085 2.584847
2013_01_13_09_08_31_170804329  2601.000 1 6 51.000000 51.000000 0.000000 0.000000 58.505397 41.546066 28.345093 3.797413 40.956322 27.700157 1.941257 41.546066 28.345093 3.797413 40.956322 27.700157 1.941257
2013_01_13_09_09_24_878879320  2601.000 1 4 51.000000 51.000000 0.000000 0.000000 87.680177 35.048861 21.852695 3.802409 35.382671 22.299307 1.861964 35.048861 21.852695 3.802409 35.382671 22.299307 1.861964
2013_01_13_09_09_28_455803641  2601.000 1 4 51.000000 51.000000 0.000000 0.000000 87.644609 34.400305 21.273631 6.109379 34.78026 21.681036 2.587702 34.400305 21.273631 6.109379 34.78026 21.681036 2.587702
2013_01_13_09_09_30_490835077  2601.000 1 4 51.000000 51.000000 0.000000 0.000000 87.595445 35.788399 22.594096 3.789153 35.226539 21.987158 1.720584 35.788399 22.594096 3.789153 35.226539 21.987158 1.720584
2013_01_13_09_10_53_220916959  2601.000 1 16 55.000000 55.000000 0.000000 0.000000 27.121273 54.689819 41.501748 3.79815 54.696891 41.601514 1.597121 54.689819 41.501748 3.79815 54.696891 41.601514 1.597121
2013_01_13_09_10_57_017612664  2601.000 1 16 55.000000 55.000000 0.000000 0.000000 26.86884 54.578202 41.45527 6.095467 54.759619 41.645858 2.48321 54.578202 41.45527 6.095467 54.759619 41.645858 2.48321
2013_01_13_09_10_58_850716692  2601.000 1 16 55.000000 55.000000 0.000000 0.000000 27.337559 54.680461 41.478734 3.800291 54.614552 41.355434 1.627938 54.680461 41.478734 3.800291 54.614552 41.355434 1.627938
2013_01_13_09_11_21_129392610  2601.000 1 14 55.000000 55.000000 0.000000 0.000000 28.965398 54.697322 41.498436 3.792133 54.768029 41.659133 1.602414 54.697322 41.498436 3.792133 54.768029 41.659133 1.602414
2013_01_13_09_11_24_736814378  2601.000 1 14 55.000000 55.000000 0.000000 0.000000 28.503136 54.64923 41.512887 6.110824 54.686109 41.559771 2.509515 54.64923 41.512887 6.110824 54.686109 41.559771 2.509515
2013_01_13_09_11_27_446031787  2601.000 1 14 55.000000 55.000000 0.000000 0.000000 29.123632 54.689777 41.506791 3.795552 54.666792 41.391229 1.631795 54.689777 41.506791 3.795552 54.666792 41.391229 1.631795
2013_01_13_09_11_50_878961107  2601.000 1 12 55.000000 55.000000 0.000000 0.000000 31.426253 54.519458 41.304733 3.791859 54.726874 41.607709 1.6913 54.519458 41.304733 3.791859 54.726874 41.607709 1.6913
2013_01_13_09_11_54_061282381  2601.000 1 12 55.000000 55.000000 0.000000 0.000000 30.935871 54.495795 41.341398 6.101131 54.630436 41.503971 2.165284 54.495795 41.341398 6.101131 54.630436 41.503971 2.165284
2013_01_13_09_11_57_370111704  2601.000 1 12 55.000000 55.000000 0.000000 0.000000 31.669088 54.71134 41.525586 3.79201 54.416014 41.14645 2.218322 54.71134 41.525586 3.79201 54.416014 41.14645 2.218322
2013_01_13_09_12_23_115128832  2601.000 1 10 55.000000 55.000000 0.000000 0.000000 35.115255 52.781753 39.559456 3.801543 53.613915 40.490714 2.054302 52.781753 39.559456 3.801543 53.613915 40.490714 2.054302
2013_01_13_09_12_25_770786341  2601.000 1 10 55.000000 55.000000 0.000000 0.000000 35.200209 51.582951 38.427886 6.095195 52.501003 39.37337 2.142737 51.582951 38.427886 6.095195 52.501003 39.37337 2.142737
2013_01_13_09_12_29_884265264  2601.000 1 10 55.000000 55.000000 0.000000 0.000000 35.08315 54.134281 40.941155 3.797293 53.288632 40.032698 2.178949 54.134281 40.941155 3.797293 53.288632 40.032698 2.178949
2013_01_13_09_12_59_107924726  2601.000 1 8 55.000000 55.000000 0.000000 0.000000 43.828175 46.810641 33.606093 3.801678 47.450312 34.334034 1.840483 46.810641 33.606093 3.801678 47.450312 34.334034 1.840483
2013_01_13_09_13_01_679293033  2601.000 1 8 55.000000 55.000000 0.000000 0.000000 43.963776 46.002383 32.857594 6.104811 46.492823 33.367007 2.177178 46.002383 32.857594 6.104811 46.492823 33.367007 2.177178
2013_01_13_09_13_05_789887750  2601.000 1 8 55.000000 55.000000 0.000000 0.000000 43.953358 47.741486 34.558066 3.792606 47.115505 33.833232 1.912448 47.741486 34.558066 3.792606 47.115505 33.833232 1.912448
2013_01_13_09_13_43_607148102  2601.000 1 6 55.000000 55.000000 0.000000 0.000000 58.543962 40.726171 27.5396 3.801318 41.179743 28.079859 1.818432 40.726171 27.5396 3.801318 41.179743 28.079859 1.818432
2013_01_13_09_13_46_616114419  2601.000 1 6 55.000000 55.000000 0.000000 0.000000 58.541066 39.992954 26.870252 6.103057 40.599537 27.487276 2.21553 39.992954 26.870252 6.103057 40.599537 27.487276 2.21553
2013_01_13_09_13_50_512238461  2601.000 1 6 55.000000 55.000000 0.000000 0.000000 58.527833 41.443544 28.249243 3.797866 41.018352 27.75963 1.838377 41.443544 28.249243 3.797866 41.018352 27.75963 1.838377
2013_01_13_09_14_42_955490498  2601.000 1 4 55.000000 55.000000 0.000000 0.000000 87.688278 34.998773 21.798499 3.797007 35.470481 22.393112 1.916461 34.998773 21.798499 3.797007 35.470481 22.393112 1.916461
2013_01_13_09_14_45_944158828  2601.000 1 4 55.000000 55.000000 0.000000 0.000000 87.401004 34.43444 21.306701 6.115564 34.738583 21.647118 2.256426 34.43444 21.306701 6.115564 34.738583 21.647118 2.256426
2013_01_13_09_14_49_806264739  2601.000 1 4 55.000000 55.000000 0.000000 0.000000 87.646281 35.649341 22.45482 3.789954 35.114606 21.87963 1.793627 35.649341 22.45482 3.789954 35.114606 21.87963 1.793627
2013_01_13_09_16_11_282219431  2601.000 1 16 60.000000 60.000000 0.000000 0.000000 25.39362 59.35574 46.16157 3.791365 59.739935 46.635159 1.609252 59.35574 46.16157 3.791365 59.739935 46.635159 1.609252
2013_01_13_09_16_14_178565147  2601.000 1 16 60.000000 60.000000 0.000000 0.000000 25.083993 59.596782 46.473226 6.103626 59.643108 46.524937 2.168985 59.596782 46.473226 6.103626 59.643108 46.524937 2.168985
2013_01_13_09_16_18_164408988  2601.000 1 16 60.000000 60.000000 0.000000 0.000000 25.772127 59.654621 46.458305 3.780908 59.408951 46.144099 1.651101 59.654621 46.458305 3.780908 59.408951 46.144099 1.651101
2013_01_13_09_16_37_594678524  2601.000 1 14 60.000000 60.000000 0.000000 0.000000 27.109338 59.608534 46.392419 3.799507 59.601196 46.479935 1.665944 59.608534 46.392419 3.799507 59.601196 46.479935 1.665944
2013_01_13_09_16_40_079709060  2601.000 1 14 60.000000 60.000000 0.000000 0.000000 26.79684 59.473194 46.325644 6.105165 59.69724 46.566586 2.097675 59.473194 46.325644 6.105165 59.69724 46.566586 2.097675
2013_01_13_09_16_44_836970605  2601.000 1 14 60.000000 60.000000 0.000000 0.000000 27.176177 59.664656 46.478944 3.797376 59.463356 46.196037 1.661875 59.664656 46.478944 3.797376 59.463356 46.196037 1.661875
2013_01_13_09_17_05_472761759  2601.000 1 12 60.000000 60.000000 0.000000 0.000000 29.242009 58.657448 45.434399 3.802737 59.539459 46.409642 1.873464 58.657448 45.434399 3.802737 59.539459 46.409642 1.873464
2013_01_13_09_17_07_770514337  2601.000 1 12 60.000000 60.000000 0.000000 0.000000 29.251269 57.753809 44.589515 6.104027 58.478347 45.341633 2.10976 57.753809 44.589515 6.104027 58.478347 45.341633 2.10976
2013_01_13_09_17_12_743927591  2601.000 1 12 60.000000 60.000000 0.000000 0.000000 29.672002 59.624108 46.425801 3.7834 58.719094 45.468462 1.685249 59.624108 46.425801 3.7834 58.719094 45.468462 1.685249
2013_01_13_09_17_35_576665774  2601.000 1 10 60.000000 60.000000 0.000000 0.000000 35.086667 52.982858 39.761727 3.801245 53.646756 40.52239 1.864915 52.982858 39.761727 3.801245 53.646756 40.52239 1.864915
2013_01_13_09_17_37_875869486  2601.000 1 10 60.000000 60.000000 0.000000 0.000000 35.079438 51.736362 38.574308 6.10002 52.556773 39.426069 2.075324 51.736362 38.574308 6.10002 52.556773 39.426069 2.075324
2013_01_13_09_17_43_258846882  2601.000 1 10 60.000000 60.000000 0.000000 0.000000 35.197494 54.171109 40.974804 3.791632 53.216735 39.955156 1.859067 54.171109 40.974804 3.791632 53.216735 39.955156 1.859067
2013_01_13_09_18_11_579505254  2601.000 1 8 60.000000 60.000000 0.000000 0.000000 43.948838 46.739209 33.536868 3.80274 47.394677 34.279174 1.79149 46.739209 33.536868 3.80274 47.394677 34.279174 1.79149
2013_01_13_09_18_13_773220987  2601.000 1 8 60.000000 60.000000 0.000000 0.000000 43.771065 45.869543 32.720885 6.108803 46.473602 33.348587 2.065053 45.869543 32.720885 6.108803 46.473602 33.348587 2.065053
2013_01_13_09_18_19_171967189  2601.000 1 8 60.000000 60.000000 0.000000 0.000000 43.799275 47.896453 34.711017 3.795361 47.196904 33.918291 2.099125 47.896453 34.711017 3.795361 47.196904 33.918291 2.099125
2013_01_13_09_18_56_260344667  2601.000 1 6 60.000000 60.000000 0.000000 0.000000 58.334802 40.868017 27.680744 3.800853 41.196177 28.09744 1.867092 40.868017 27.680744 3.800853 41.196177 28.09744 1.867092
2013_01_13_09_18_58_275713416  2601.000 1 6 60.000000 60.000000 0.000000 0.000000 58.516802 40.021943 26.895305 6.09571 40.583475 27.470801 2.228998 40.021943 26.895305 6.09571 40.583475 27.470801 2.228998
2013_01_13_09_19_03_905184224  2601.000 1 6 60.000000 60.000000 0.000000 0.000000 58.51136 41.588655 28.394778 3.799656 41.077103 27.825065 2.016442 41.588655 28.394778 3.799656 41.077103 27.825065 2.016442
2013_01_13_09_19_55_409562815  2601.000 1 4 60.000000 60.000000 0.000000 0.000000 87.722198 35.078775 21.877204 3.801944 35.334435 22.259078 1.783556 35.078775 21.877204 3.801944 35.334435 22.259078 1.783556
2013_01_13_09_19_57_595854932  2601.000 1 4 60.000000 60.000000 0.000000 0.000000 87.613246 34.280529 21.1583 6.111649 34.685294 21.592012 2.250743 34.280529 21.1583 6.111649 34.685294 21.592012 2.250743
2013_01_13_09_20_03_246698926  2601.000 1 4 60.000000 60.000000 0.000000 0.000000 87.673796 35.727197 22.531914 3.78864 35.075047 21.840798 2.12301 35.727197 22.531914 3.78864 35.075047 21.840798 2.12301
2013_01_13_09_21_23_939584341  2601.000 1 16 65.000000 65.000000 0.000000 0.000000 23.932187 64.390877 51.188028 3.799555 64.483566 51.372167 1.629341 64.390877 51.188028 3.799555 64.483566 51.372167 1.629341
2013_01_13_09_21_25_935145133  2601.000 1 16 65.000000 65.000000 0.000000 0.000000 23.643785 64.462704 51.330061 6.107004 64.638172 51.513612 2.176647 64.462704 51.330061 6.107004 64.638172 51.513612 2.176647
2013_01_13_09_21_31_617327680  2601.000 1 16 65.000000 65.000000 0.000000 0.000000 24.066502 64.532825 51.342591 3.786823 64.466408 51.202512 1.625444 64.532825 51.342591 3.786823 64.466408 51.202512 1.625444
2013_01_13_09_21_48_638357652  2601.000 1 14 65.000000 65.000000 0.000000 0.000000 25.822294 63.971981 50.746892 3.774095 64.628886 51.507819 1.608244 63.971981 50.746892 3.774095 64.628886 51.507819 1.608244
2013_01_13_09_21_50_436879033  2601.000 1 14 65.000000 65.000000 0.000000 0.000000 25.189049 63.407297 50.2427 6.108625 64.508011 51.369778 2.019461 63.407297 50.2427 6.108625 64.508011 51.369778 2.019461
2013_01_13_09_21_56_538627224  2601.000 1 14 65.000000 65.000000 0.000000 0.000000 25.868321 64.597063 51.398906 3.795069 64.417513 51.159877 1.624665 64.597063 51.398906 3.795069 64.417513 51.159877 1.624665
2013_01_13_09_22_15_126700752  2601.000 1 12 65.000000 65.000000 0.000000 0.000000 29.298971 58.787242 45.561564 3.802804 59.793182 46.667641 1.687007 58.787242 45.561564 3.802804 59.793182 46.667641 1.687007
2013_01_13_09_22_16_454704041  2601.000 1 12 65.000000 65.000000 0.000000 0.000000 29.348947 57.756039 44.588541 6.107295 58.414167 45.267968 2.219305 57.756039 44.588541 6.107295 58.414167 45.267968 2.219305
2013_01_13_09_22_23_233101848  2601.000 1 12 65.000000 65.000000 0.000000 0.000000 29.230671 60.370781 47.165779 3.794979 59.21625 45.964114 1.596207 60.370781 47.165779 3.794979 59.21625 45.964114 1.596207
2013_01_13_09_22_45_210291192  2601.000 1 10 65.000000 65.000000 0.000000 0.000000 35.192489 52.977245 39.753341 3.800741 53.441923 40.312145 1.829361 52.977245 39.753341 3.800741 53.441923 40.312145 1.829361
2013_01_13_09_22_46_559751836  2601.000 1 10 65.000000 65.000000 0.000000 0.000000 35.065734 51.841557 38.679529 6.107508 52.654132 39.516836 2.714925 51.841557 38.679529 6.107508 52.654132 39.516836 2.714925
2013_01_13_09_22_53_341014786  2601.000 1 10 65.000000 65.000000 0.000000 0.000000 35.066868 54.198193 41.000281 3.796198 53.346886 40.086359 1.599731 54.198193 41.000281 3.796198 53.346886 40.086359 1.599731
2013_01_13_09_23_21_099536963  2601.000 1 8 65.000000 65.000000 0.000000 0.000000 43.947136 46.730776 33.522456 3.800627 47.305618 34.187767 1.784308 46.730776 33.522456 3.800627 47.305618 34.187767 1.784308
2013_01_13_09_23_22_478887508  2601.000 1 8 65.000000 65.000000 0.000000 0.000000 43.968672 45.846972 32.697253 6.110439 46.444146 33.318179 2.715655 45.846972 32.697253 6.110439 46.444146 33.318179 2.715655
2013_01_13_09_23_29_255131654  2601.000 1 8 65.000000 65.000000 0.000000 0.000000 43.92916 47.848484 34.664218 3.791275 47.151806 33.87374 1.788321 47.848484 34.664218 3.791275 47.151806 33.87374 1.788321
2013_01_13_09_24_05_806319392  2601.000 1 6 65.000000 65.000000 0.000000 0.000000 58.508647 40.735074 27.545374 3.800014 41.306503 28.204544 1.670405 40.735074 27.545374 3.800014 41.306503 28.204544 1.670405
2013_01_13_09_24_07_170647590  2601.000 1 6 65.000000 65.000000 0.000000 0.000000 58.516491 39.920108 26.798029 6.101657 40.581802 27.465469 2.720247 39.920108 26.798029 6.101657 40.581802 27.465469 2.720247
2013_01_13_09_24_13_967871409  2601.000 1 6 65.000000 65.000000 0.000000 0.000000 58.517108 41.648286 28.447723 3.796697 41.034978 27.778774 1.859372 41.648286 28.447723 3.796697 41.034978 27.778774 1.859372
2013_01_13_09_25_05_089698088  2601.000 1 4 65.000000 65.000000 0.000000 0.000000 87.680751 35.505223 22.312423 3.801168 35.299399 22.217256 1.751992 35.505223 22.312423 3.801168 35.299399 22.217256 1.751992
2013_01_13_09_25_06_458381797  2601.000 1 4 65.000000 65.000000 0.000000 0.000000 87.631745 34.526453 21.400334 6.110765 34.797769 21.697873 2.716203 34.526453 21.400334 6.110765 34.797769 21.697873 2.716203
2013_01_13_09_25_13_258851162  2601.000 1 4 65.000000 65.000000 0.000000 0.000000 87.642566 35.782764 22.588875 3.789531 35.145761 21.906507 2.100558 35.782764 22.588875 3.789531 35.145761 21.906507 2.100558
2013_01_13_09_26_33_388575202  2601.000 1 16 70.000000 70.000000 0.000000 0.000000 23.049359 68.438513 55.229967 3.764931 69.367128 56.245603 1.619177 68.438513 55.229967 3.764931 69.367128 56.245603 1.619177
2013_01_13_09_26_34_797463786  2601.000 1 16 70.000000 70.000000 0.000000 0.000000 22.495236 68.982551 55.839591 6.107958 69.272307 56.138414 2.720733 68.982551 55.839591 6.107958 69.272307 56.138414 2.720733
2013_01_13_09_26_41_685496011  2601.000 1 16 70.000000 70.000000 0.000000 0.000000 23.128875 69.131664 55.940685 3.779498 68.950576 55.690792 1.597847 69.131664 55.940685 3.779498 68.950576 55.690792 1.597847
2013_01_13_09_26_57_313823629  2601.000 1 14 70.000000 70.000000 0.000000 0.000000 25.111462 65.000518 51.772359 3.806609 66.44824 53.339957 1.74755 65.000518 51.772359 3.806609 66.44824 53.339957 1.74755
2013_01_13_09_26_58_095877229  2601.000 1 14 70.000000 70.000000 0.000000 0.000000 25.093739 63.473925 50.307273 6.111398 64.582463 51.453834 2.714814 63.473925 50.307273 6.111398 64.582463 51.453834 2.714814
2013_01_13_09_27_05_585144640  2601.000 1 14 70.000000 70.000000 0.000000 0.000000 25.16804 66.510859 53.306645 3.793131 65.50061 52.235449 1.59696 66.510859 53.306645 3.793131 65.50061 52.235449 1.59696
2013_01_13_09_27_23_171402493  2601.000 1 12 70.000000 70.000000 0.000000 0.000000 29.372202 58.675174 45.444613 3.801484 59.846795 46.735584 1.895835 58.675174 45.444613 3.801484 59.846795 46.735584 1.895835
2013_01_13_09_27_23_950692773  2601.000 1 12 70.000000 70.000000 0.000000 0.000000 29.23462 57.991595 44.825172 6.103362 58.398486 45.255694 2.71601 57.991595 44.825172 6.103362 58.398486 45.255694 2.71601
2013_01_13_09_27_31_486019301  2601.000 1 12 70.000000 70.000000 0.000000 0.000000 29.26139 60.277108 47.06974 3.799822 59.201548 45.94216 1.598085 60.277108 47.06974 3.799822 59.201548 45.94216 1.598085
2013_01_13_09_27_53_255445258  2601.000 1 10 70.000000 70.000000 0.000000 0.000000 35.194563 52.875939 39.651202 3.802419 53.423525 40.293146 1.809237 52.875939 39.651202 3.802419 53.423525 40.293146 1.809237
2013_01_13_09_27_53_866205959  2601.000 1 10 70.000000 70.000000 0.000000 0.000000 35.204755 51.632635 38.470999 6.096709 52.437317 39.296637 2.71456 51.632635 38.470999 6.096709 52.437317 39.296637 2.71456
2013_01_13_09_28_01_590235574  2601.000 1 10 70.000000 70.000000 0.000000 0.000000 35.18094 54.025299 40.825833 3.793775 53.423163 40.170308 1.605075 54.025299 40.825833 3.793775 53.423163 40.170308 1.605075
2013_01_13_09_28_29_157630907  2601.000 1 8 70.000000 70.000000 0.000000 0.000000 43.949862 46.727835 33.512575 3.801584 47.454078 34.334994 1.790263 46.727835 33.512575 3.801584 47.454078 34.334994 1.790263
2013_01_13_09_28_29_802353829  2601.000 1 8 70.000000 70.000000 0.000000 0.000000 43.774773 45.87499 32.727693 6.107761 46.412935 33.285319 2.713953 45.87499 32.727693 6.107761 46.412935 33.285319 2.713953
2013_01_13_09_28_37_505008079  2601.000 1 8 70.000000 70.000000 0.000000 0.000000 43.81957 47.869768 34.683419 3.793479 47.238509 33.956136 1.777839 47.869768 34.683419 3.793479 47.238509 33.956136 1.777839
2013_01_13_09_29_13_832856011  2601.000 1 6 70.000000 70.000000 0.000000 0.000000 58.483579 40.76974 27.579422 3.799265 41.30567 28.20574 2.02048 40.76974 27.579422 3.799265 41.30567 28.20574 2.02048
2013_01_13_09_29_14_329001365  2601.000 1 6 70.000000 70.000000 0.000000 0.000000 58.513737 39.994149 26.871728 6.101054 40.522318 27.403794 2.721113 39.994149 26.871728 6.101054 40.522318 27.403794 2.721113
2013_01_13_09_29_22_016456761  2601.000 1 6 70.000000 70.000000 0.000000 0.000000 58.552607 41.599177 28.397324 3.798677 41.042646 27.782336 1.664854 41.599177 28.397324 3.798677 41.042646 27.782336 1.664854
2013_01_13_09_30_13_187327287  2601.000 1 4 70.000000 70.000000 0.000000 0.000000 87.590756 34.951303 21.753035 3.801247 35.444323 22.359611 1.883233 34.951303 21.753035 3.801247 35.444323 22.359611 1.883233
2013_01_13_09_30_13_677649387  2601.000 1 4 70.000000 70.000000 0.000000 0.000000 87.722721 34.401417 21.273176 6.102306 34.659315 21.563408 2.71798 34.401417 21.273176 6.102306 34.659315 21.563408 2.71798
2013_01_13_09_30_21_335458432  2601.000 1 4 70.000000 70.000000 0.000000 0.000000 87.606267 35.7708 22.57751 3.791665 35.090471 21.848599 2.080841 35.7708 22.57751 3.791665 35.090471 21.848599 2.080841
2013_01_13_09_31_41_544485179  2601.000 1 16 75.000000 75.000000 0.000000 0.000000 21.95396 71.140082 57.926879 3.805214 72.776398 59.663364 1.607666 71.140082 57.926879 3.805214 72.776398 59.663364 1.607666
2013_01_13_09_31_42_232992434  2601.000 1 16 75.000000 75.000000 0.000000 0.000000 22.064701 69.555346 56.412832 6.109492 70.883655 57.749387 2.72778 69.555346 56.412832 6.109492 70.883655 57.749387 2.72778
2013_01_13_09_31_49_673297622  2601.000 1 16 75.000000 75.000000 0.000000 0.000000 22.046225 72.905099 59.712089 3.796303 71.802166 58.536521 1.59529 72.905099 59.712089 3.796303 71.802166 58.536521 1.59529
2013_01_13_09_32_04_217877801  2601.000 1 14 75.000000 75.000000 0.000000 0.000000 25.08807 65.009581 51.779481 3.80527 66.48481 53.379713 1.606116 65.009581 51.779481 3.80527 66.48481 53.379713 1.606116
2013_01_13_09_32_05_129625660  2601.000 1 14 75.000000 75.000000 0.000000 0.000000 25.17569 63.508302 50.340718 6.10943 64.58093 51.447079 2.715046 63.508302 50.340718 6.10943 64.58093 51.447079 2.715046
2013_01_13_09_32_12_572291362  2601.000 1 14 75.000000 75.000000 0.000000 0.000000 25.129513 66.63754 53.433472 3.797808 65.640044 52.367236 1.640474 66.63754 53.433472 3.797808 65.640044 52.367236 1.640474
2013_01_13_09_32_30_102896481  2601.000 1 12 75.000000 75.000000 0.000000 0.000000 29.352014 58.780251 45.550787 3.804018 59.60595 46.496014 1.620627 58.780251 45.550787 3.804018 59.60595 46.496014 1.620627
2013_01_13_09_32_31_221772822  2601.000 1 12 75.000000 75.000000 0.000000 0.000000 29.237711 57.929647 44.760654 6.108142 58.472231 45.322936 2.71343 57.929647 44.760654 6.108142 58.472231 45.322936 2.71343
2013_01_13_09_32_38_482309823  2601.000 1 12 75.000000 75.000000 0.000000 0.000000 29.361749 60.215578 47.009 3.797343 59.364556 46.095757 1.728378 60.215578 47.009 3.797343 59.364556 46.095757 1.728378
2013_01_13_09_33_00_215235623  2601.000 1 10 75.000000 75.000000 0.000000 0.000000 35.124955 52.943175 39.719262 3.801311 53.464494 40.331687 1.662486 52.943175 39.719262 3.801311 53.464494 40.331687 1.662486
2013_01_13_09_33_01_132287113  2601.000 1 10 75.000000 75.000000 0.000000 0.000000 35.189743 51.770609 38.606019 6.101152 52.574822 39.435877 2.712255 51.770609 38.606019 6.101152 52.574822 39.435877 2.712255
2013_01_13_09_33_08_583193481  2601.000 1 10 75.000000 75.000000 0.000000 0.000000 35.197137 54.097059 40.896957 3.792036 53.276329 40.026854 1.608577 54.097059 40.896957 3.792036 53.276329 40.026854 1.608577
2013_01_13_09_33_36_145992885  2601.000 1 8 75.000000 75.000000 0.000000 0.000000 43.963429 46.804712 33.597943 3.802719 47.446501 34.328388 1.610966 46.804712 33.597943 3.802719 47.446501 34.328388 1.610966
2013_01_13_09_33_37_047732565  2601.000 1 8 75.000000 75.000000 0.000000 0.000000 43.773235 45.938203 32.78804 6.102099 46.399172 33.272396 2.714142 45.938203 32.78804 6.102099 46.399172 33.272396 2.714142
2013_01_13_09_33_44_466117488  2601.000 1 8 75.000000 75.000000 0.000000 0.000000 43.779707 47.998016 34.811126 3.791934 47.19791 33.922932 1.829739 47.998016 34.811126 3.791934 47.19791 33.922932 1.829739
2013_01_13_09_34_20_846454663  2601.000 1 6 75.000000 75.000000 0.000000 0.000000 58.555422 40.767271 27.578684 3.800498 41.210155 28.105112 1.610723 40.767271 27.578684 3.800498 41.210155 28.105112 1.610723
2013_01_13_09_34_21_550205276  2601.000 1 6 75.000000 75.000000 0.000000 0.000000 58.494571 40.130288 27.001351 6.10445 40.649599 27.532418 2.721247 40.130288 27.001351 6.10445 40.649599 27.532418 2.721247
2013_01_13_09_34_28_981219377  2601.000 1 6 75.000000 75.000000 0.000000 0.000000 58.533168 41.586018 28.385389 3.79639 40.971898 27.708977 1.600419 41.586018 28.385389 3.79639 40.971898 27.708977 1.600419
2013_01_13_09_35_20_185411509  2601.000 1 4 75.000000 75.000000 0.000000 0.000000 87.695621 34.982165 21.782598 3.801369 35.440191 22.350957 1.613898 34.982165 21.782598 3.801369 35.440191 22.350957 1.613898
2013_01_13_09_35_20_869948526  2601.000 1 4 75.000000 75.000000 0.000000 0.000000 87.622749 34.505001 21.381914 6.11226 34.742919 21.648272 2.715705 34.505001 21.381914 6.11226 34.742919 21.648272 2.715705
2013_01_13_09_35_28_298984639  2601.000 1 4 75.000000 75.000000 0.000000 0.000000 87.590937 35.715318 22.521891 3.792936 35.124017 21.885353 1.616508 35.715318 22.521891 3.792936 35.124017 21.885353 1.616508
2013_01_13_09_36_48_505427015  2601.000 1 16 80.000000 80.000000 0.000000 0.000000 22.065163 71.004945 57.791844 3.804 72.710775 59.598997 1.606 71.004945 57.791844 3.804 72.710775 59.598997 1.606
2013_01_13_09_36_49_193056773  2601.000 1 16 80.000000 80.000000 0.000000 0.000000 22.050122 69.659592 56.512304 6.109041 70.976697 57.844146 2.711819 69.659592 56.512304 6.109041 70.976697 57.844146 2.711819
2013_01_13_09_36_56_656181527  2601.000 1 16 80.000000 80.000000 0.000000 0.000000 22.065747 72.808871 59.615523 3.794876 71.755861 58.491843 1.594876 72.808871 59.615523 3.794876 71.755861 58.491843 1.594876
2013_01_13_09_37_11_410972256  2601.000 1 14 80.000000 80.000000 0.000000 0.000000 25.174413 64.989508 51.759279 3.804675 66.450765 53.341579 1.607269 64.989508 51.759279 3.804675 66.450765 53.341579 1.607269
2013_01_13_09_37_12_086752927  2601.000 1 14 80.000000 80.000000 0.000000 0.000000 25.086675 63.6842 50.514976 6.114695 64.793925 51.665398 2.713509 63.6842 50.514976 6.114695 64.793925 51.665398 2.713509
2013_01_13_09_37_19_561647260  2601.000 1 14 80.000000 80.000000 0.000000 0.000000 25.136242 66.609484 53.402969 3.796945 65.588009 52.319223 1.595275 66.609484 53.402969 3.796945 65.588009 52.319223 1.595275
2013_01_13_09_37_37_519898989  2601.000 1 12 80.000000 80.000000 0.000000 0.000000 29.221666 58.733373 45.503104 3.805926 59.905384 46.798238 1.603289 58.733373 45.503104 3.805926 59.905384 46.798238 1.603289
2013_01_13_09_37_37_974864558  2601.000 1 12 80.000000 80.000000 0.000000 0.000000 29.340211 57.924082 44.753023 6.111679 58.375079 45.226624 2.713925 57.924082 44.753023 6.111679 58.375079 45.226624 2.713925
2013_01_13_09_37_45_444928930  2601.000 1 12 80.000000 80.000000 0.000000 0.000000 29.346064 60.18646 46.978867 3.798007 59.192068 45.926896 1.597417 60.18646 46.978867 3.798007 59.192068 45.926896 1.597417
2013_01_13_09_38_07_417316046  2601.000 1 10 80.000000 80.000000 0.000000 0.000000 35.05959 52.966164 39.741866 3.80194 53.322309 40.189112 1.615423 52.966164 39.741866 3.80194 53.322309 40.189112 1.615423
2013_01_13_09_38_08_237843670  2601.000 1 10 80.000000 80.000000 0.000000 0.000000 35.193057 51.640409 38.477019 6.096169 52.492671 39.357435 2.724908 51.640409 38.477019 6.096169 52.492671 39.357435 2.724908
2013_01_13_09_38_15_549998612  2601.000 1 10 80.000000 80.000000 0.000000 0.000000 35.190809 54.011499 40.812927 3.791364 53.177643 39.923822 1.601971 54.011499 40.812927 3.791364 53.177643 39.923822 1.601971
2013_01_13_09_38_43_327664944  2601.000 1 8 80.000000 80.000000 0.000000 0.000000 43.777423 46.736274 33.527097 3.804629 47.483696 34.363575 1.609131 46.736274 33.527097 3.804629 47.483696 34.363575 1.609131
2013_01_13_09_38_44_185622414  2601.000 1 8 80.000000 80.000000 0.000000 0.000000 43.956298 46.127486 32.98243 6.108771 46.469567 33.342702 2.715704 46.127486 32.98243 6.108771 46.469567 33.342702 2.715704
2013_01_13_09_38_51_464043615  2601.000 1 8 80.000000 80.000000 0.000000 0.000000 43.94361 47.800583 34.615422 3.793543 47.30885 34.028331 1.68237 47.800583 34.615422 3.793543 47.30885 34.028331 1.68237
2013_01_13_09_39_27_806372848  2601.000 1 6 80.000000 80.000000 0.000000 0.000000 58.487173 40.766816 27.580467 3.800181 41.329919 28.226288 1.627803 40.766816 27.580467 3.800181 41.329919 28.226288 1.627803
2013_01_13_09_39_28_888041529  2601.000 1 6 80.000000 80.000000 0.000000 0.000000 58.504833 39.973316 26.847136 6.101678 40.563854 27.449112 2.724054 39.973316 26.847136 6.101678 40.563854 27.449112 2.724054
2013_01_13_09_39_36_164915288  2601.000 1 6 80.000000 80.000000 0.000000 0.000000 58.530545 41.608819 28.409568 3.800182 41.088175 27.826516 1.732757 41.608819 28.409568 3.800182 41.088175 27.826516 1.732757
2013_01_13_09_40_27_129495110  2601.000 1 4 80.000000 80.000000 0.000000 0.000000 87.66539 34.941453 21.739356 3.801984 35.396626 22.31292 1.619696 34.941453 21.739356 3.801984 35.396626 22.31292 1.619696
2013_01_13_09_40_28_228404479  2601.000 1 4 80.000000 80.000000 0.000000 0.000000 87.672855 34.489512 21.364321 6.103911 34.75559 21.659007 2.716258 34.489512 21.364321 6.103911 34.75559 21.659007 2.716258
2013_01_13_09_40_35_513851400  2601.000 1 4 80.000000 80.000000 0.000000 0.000000 87.680108 35.691287 22.497441 3.79498 35.154881 21.912399 1.604688 35.691287 22.497441 3.79498 35.154881 21.912399 1.604688
2013_01_13_09_41_55_426091328  2601.000 1 16 85.000000 85.000000 0.000000 0.000000 22.050236 71.049633 57.837679 3.804177 72.623988 59.511758 1.611754 71.049633 57.837679 3.804177 72.623988 59.511758 1.611754
2013_01_13_09_41_56_805493110  2601.000 1 16 85.000000 85.000000 0.000000 0.000000 22.062635 69.485467 56.340897 6.104508 70.825666 57.690725 2.730156 69.485467 56.340897 6.104508 70.825666 57.690725 2.730156
2013_01_13_09_42_03_868065677  2601.000 1 16 85.000000 85.000000 0.000000 0.000000 22.042519 72.955832 59.764069 3.798714 71.830579 58.565649 1.592053 72.955832 59.764069 3.798714 71.830579 58.565649 1.592053
2013_01_13_09_42_18_305654801  2601.000 1 14 85.000000 85.000000 0.000000 0.000000 25.100212 65.005047 51.775253 3.801752 66.439711 53.329543 1.606968 65.005047 51.775253 3.801752 66.439711 53.329543 1.606968
2013_01_13_09_42_19_698862586  2601.000 1 14 85.000000 85.000000 0.000000 0.000000 25.18697 63.450047 50.282358 6.104797 64.56326 51.419258 2.713308 63.450047 50.282358 6.104797 64.56326 51.419258 2.713308
2013_01_13_09_42_26_758443408  2601.000 1 14 85.000000 85.000000 0.000000 0.000000 25.094787 66.624428 53.419599 3.79313 65.685512 52.410348 1.594901 66.624428 53.419599 3.79313 65.685512 52.410348 1.594901
2013_01_13_09_42_44_194941558  2601.000 1 12 85.000000 85.000000 0.000000 0.000000 29.353458 58.686554 45.456403 3.801427 59.709177 46.602292 1.629014 58.686554 45.456403 3.801427 59.709177 46.602292 1.629014
2013_01_13_09_42_45_580468936  2601.000 1 12 85.000000 85.000000 0.000000 0.000000 29.231069 57.880749 44.71151 6.110519 58.579766 45.433585 2.713167 57.880749 44.71151 6.110519 58.579766 45.433585 2.713167
2013_01_13_09_42_52_637683924  2601.000 1 12 85.000000 85.000000 0.000000 0.000000 29.35625 60.237351 47.029626 3.797502 59.183954 45.916972 1.596303 60.237351 47.029626 3.797502 59.183954 45.916972 1.596303
2013_01_13_09_43_14_264199523  2601.000 1 10 85.000000 85.000000 0.000000 0.000000 35.11398 52.807451 39.583137 3.800645 53.423118 40.293592 1.626136 52.807451 39.583137 3.800645 53.423118 40.293592 1.626136
2013_01_13_09_43_15_481065791  2601.000 1 10 85.000000 85.000000 0.000000 0.000000 35.238206 51.684915 38.521305 6.104546 52.508198 39.375957 2.723473 51.684915 38.521305 6.104546 52.508198 39.375957 2.723473
2013_01_13_09_43_22_730363122  2601.000 1 10 85.000000 85.000000 0.000000 0.000000 35.194785 54.107462 40.910275 3.792346 53.18196 39.932814 1.671141 54.107462 40.910275 3.792346 53.18196 39.932814 1.671141
2013_01_13_09_43_50_181422998  2601.000 1 8 85.000000 85.000000 0.000000 0.000000 43.946234 46.770274 33.563531 3.800427 47.577981 34.460427 1.885441 46.770274 33.563531 3.800427 47.577981 34.460427 1.885441
2013_01_13_09_43_51_376357241  2601.000 1 8 85.000000 85.000000 0.000000 0.000000 43.800988 46.025444 32.880845 6.109241 46.445673 33.320788 2.626292 46.025444 32.880845 6.109241 46.445673 33.320788 2.626292
2013_01_13_09_43_58_640757302  2601.000 1 8 85.000000 85.000000 0.000000 0.000000 43.848746 47.885197 34.700796 3.790499 47.176835 33.897292 1.761965 47.885197 34.700796 3.790499 47.176835 33.897292 1.761965
2013_01_13_09_44_34_882248934  2601.000 1 6 85.000000 85.000000 0.000000 0.000000 58.534235 40.675879 27.486225 3.799493 41.297887 28.19417 1.752054 40.675879 27.486225 3.799493 41.297887 28.19417 1.752054
2013_01_13_09_44_35_890511449  2601.000 1 6 85.000000 85.000000 0.000000 0.000000 58.348806 39.988258 26.865141 6.102188 40.646091 27.533956 2.472648 39.988258 26.865141 6.102188 40.646091 27.533956 2.472648
2013_01_13_09_44_43_143817513  2601.000 1 6 85.000000 85.000000 0.000000 0.000000 58.543528 41.582711 28.379905 3.796523 41.039892 27.774021 2.23576 41.582711 28.379905 3.796523 41.039892 27.774021 2.23576
2013_01_13_09_45_34_196634857  2601.000 1 4 85.000000 85.000000 0.000000 0.000000 87.681418 34.938143 21.739201 3.800313 35.405938 22.316983 1.832485 34.938143 21.739201 3.800313 35.405938 22.316983 1.832485
2013_01_13_09_45_35_007579006  2601.000 1 4 85.000000 85.000000 0.000000 0.000000 87.622198 34.397702 21.269571 6.108943 34.741748 21.647973 2.58004 34.397702 21.269571 6.108943 34.741748 21.647973 2.58004
2013_01_13_09_45_42_490577961  2601.000 1 4 85.000000 85.000000 0.000000 0.000000 87.668747 35.678921 22.485305 3.79049 35.184893 21.941963 1.803012 35.678921 22.485305 3.79049 35.184893 21.941963 1.803012
2013_01_13_09_47_02_521747388  2601.000 1 16 90.000000 90.000000 0.000000 0.000000 22.054974 71.029507 57.816142 3.805654 72.649368 59.536435 1.600346 71.029507 57.816142 3.805654 72.649368 59.536435 1.600346
2013_01_13_09_47_03_331186921  2601.000 1 16 90.000000 90.000000 0.000000 0.000000 22.057747 69.62994 56.487233 6.109497 70.985588 57.852461 2.329602 69.62994 56.487233 6.109497 70.985588 57.852461 2.329602
2013_01_13_09_47_10_758015407  2601.000 1 16 90.000000 90.000000 0.000000 0.000000 22.048276 72.98563 59.793927 3.799155 71.919811 58.656041 1.612298 72.98563 59.793927 3.799155 71.919811 58.656041 1.612298
2013_01_13_09_47_25_423816209  2601.000 1 14 90.000000 90.000000 0.000000 0.000000 25.110638 64.927008 51.69616 3.806325 66.468397 53.358993 1.618629 64.927008 51.69616 3.806325 66.468397 53.358993 1.618629
2013_01_13_09_47_26_239337246  2601.000 1 14 90.000000 90.000000 0.000000 0.000000 25.17791 63.428335 50.260031 6.108155 64.646087 51.503477 2.35909 63.428335 50.260031 6.108155 64.646087 51.503477 2.35909
2013_01_13_09_47_33_681831018  2601.000 1 14 90.000000 90.000000 0.000000 0.000000 25.185386 66.773894 53.566524 3.798714 65.729971 52.463335 1.771672 66.773894 53.566524 3.798714 65.729971 52.463335 1.771672
2013_01_13_09_47_51_278476157  2601.000 1 12 90.000000 90.000000 0.000000 0.000000 29.271778 58.737192 45.508884 3.804582 59.879443 46.770204 1.607828 58.737192 45.508884 3.804582 59.879443 46.770204 1.607828
2013_01_13_09_47_52_115557861  2601.000 1 12 90.000000 90.000000 0.000000 0.000000 29.241819 57.836535 44.664757 6.108394 58.56722 45.424091 2.418928 57.836535 44.664757 6.108394 58.56722 45.424091 2.418928
2013_01_13_09_47_59_563905756  2601.000 1 12 90.000000 90.000000 0.000000 0.000000 29.289211 60.409445 47.202251 3.79796 59.251452 45.989111 1.951596 60.409445 47.202251 3.79796 59.251452 45.989111 1.951596
2013_01_13_09_48_21_372691282  2601.000 1 10 90.000000 90.000000 0.000000 0.000000 35.2028 52.979563 39.75529 3.798466 53.381307 40.24892 1.705784 52.979563 39.75529 3.798466 53.381307 40.24892 1.705784
2013_01_13_09_48_22_017948042  2601.000 1 10 90.000000 90.000000 0.000000 0.000000 35.209101 51.672432 38.503996 6.100159 52.549447 39.416585 2.466423 51.672432 38.503996 6.100159 52.549447 39.416585 2.466423
2013_01_13_09_48_29_652739583  2601.000 1 10 90.000000 90.000000 0.000000 0.000000 35.205793 54.085385 40.884651 3.793572 53.428282 40.176758 2.202222 54.085385 40.884651 3.793572 53.428282 40.176758 2.202222
2013_01_13_09_48_57_268400409  2601.000 1 8 90.000000 90.000000 0.000000 0.000000 43.831794 46.972101 33.763484 3.802155 47.460719 34.340826 2.143588 46.972101 33.763484 3.802155 47.460719 34.340826 2.143588
2013_01_13_09_48_57_933335316  2601.000 1 8 90.000000 90.000000 0.000000 0.000000 43.782626 45.882897 32.730125 6.107864 46.42991 33.303824 2.503919 45.882897 32.730125 6.107864 46.42991 33.303824 2.503919
2013_01_13_09_49_05_552740030  2601.000 1 8 90.000000 90.000000 0.000000 0.000000 43.95172 47.846072 34.659316 3.79516 47.164334 33.881782 1.991953 47.846072 34.659316 3.79516 47.164334 33.881782 1.991953
2013_01_13_09_49_41_738082941  2601.000 1 6 90.000000 90.000000 0.000000 0.000000 58.521706 40.772237 27.582853 3.799974 41.232424 28.12869 1.629671 40.772237 27.582853 3.799974 41.232424 28.12869 1.629671
2013_01_13_09_49_42_422449635  2601.000 1 6 90.000000 90.000000 0.000000 0.000000 58.500168 40.002738 26.87315 6.101264 40.595417 27.485924 2.580543 40.002738 26.87315 6.101264 40.595417 27.485924 2.580543
2013_01_13_09_49_50_256376651  2601.000 1 6 90.000000 90.000000 0.000000 0.000000 58.433468 41.587572 28.386686 3.796402 41.001177 27.743592 1.944211 41.587572 28.386686 3.796402 41.001177 27.743592 1.944211
2013_01_13_09_50_41_032564409  2601.000 1 4 90.000000 90.000000 0.000000 0.000000 87.681523 35.009222 21.809471 3.800408 35.462595 22.376903 1.787292 35.009222 21.809471 3.800408 35.462595 22.376903 1.787292
2013_01_13_09_50_41_748554206  2601.000 1 4 90.000000 90.000000 0.000000 0.000000 87.635214 34.371626 21.252194 6.112142 34.78955 21.696323 2.57828 34.371626 21.252194 6.112142 34.78955 21.696323 2.57828
2013_01_13_09_50_49_370717686  2601.000 1 4 90.000000 90.000000 0.000000 0.000000 87.647086 35.659534 22.465603 3.792172 35.106887 21.86632 1.942184 35.659534 22.465603 3.792172 35.106887 21.86632 1.942184
2013_01_13_09_52_09_324368073  2601.000 1 16 95.000000 95.000000 0.000000 0.000000 21.963748 71.199665 57.98769 3.803283 72.851984 59.737879 1.598836 71.199665 57.98769 3.803283 72.851984 59.737879 1.598836
2013_01_13_09_52_10_045678394  2601.000 1 16 95.000000 95.000000 0.000000 0.000000 21.995621 69.553829 56.40804 6.100584 70.906713 57.77391 2.246205 69.553829 56.40804 6.100584 70.906713 57.77391 2.246205
2013_01_13_09_52_17_728453833  2601.000 1 16 95.000000 95.000000 0.000000 0.000000 22.047347 72.898647 59.705225 3.797271 71.950469 58.688783 1.613268 72.898647 59.705225 3.797271 71.950469 58.688783 1.613268
2013_01_13_09_52_32_030376686  2601.000 1 14 95.000000 95.000000 0.000000 0.000000 25.182254 65.089668 51.858498 3.80391 66.514515 53.403064 1.617038 65.089668 51.858498 3.80391 66.514515 53.403064 1.617038
2013_01_13_09_52_32_929234350  2601.000 1 14 95.000000 95.000000 0.000000 0.000000 25.177573 63.409209 50.239381 6.101301 64.503295 51.358165 2.42285 63.409209 50.239381 6.101301 64.503295 51.358165 2.42285
2013_01_13_09_52_40_565819826  2601.000 1 14 95.000000 95.000000 0.000000 0.000000 25.187657 66.860861 53.653982 3.798666 65.778314 52.511261 1.973037 66.860861 53.653982 3.798666 65.778314 52.511261 1.973037
2013_01_13_09_52_58_095534666  2601.000 1 12 95.000000 95.000000 0.000000 0.000000 29.273838 58.785097 45.555826 3.801214 59.869004 46.763983 1.604597 58.785097 45.555826 3.801214 59.869004 46.763983 1.604597
2013_01_13_09_52_58_998456394  2601.000 1 12 95.000000 95.000000 0.000000 0.000000 29.238989 57.899125 44.726971 6.109198 58.470924 45.325048 2.374137 57.899125 44.726971 6.109198 58.470924 45.325048 2.374137
2013_01_13_09_53_06_486597821  2601.000 1 12 95.000000 95.000000 0.000000 0.000000 29.278491 60.442579 47.233468 3.796439 59.307548 46.047426 2.403934 60.442579 47.233468 3.796439 59.307548 46.047426 2.403934
2013_01_13_09_53_28_187572354  2601.000 1 10 95.000000 95.000000 0.000000 0.000000 35.182273 52.790856 39.566189 3.801148 53.253457 40.121407 1.602081 52.790856 39.566189 3.801148 53.253457 40.121407 1.602081
2013_01_13_09_53_29_100241989  2601.000 1 10 95.000000 95.000000 0.000000 0.000000 35.183772 51.784662 38.619254 6.096913 52.591415 39.460546 2.540869 51.784662 38.619254 6.096913 52.591415 39.460546 2.540869
2013_01_13_09_53_36_602272497  2601.000 1 10 95.000000 95.000000 0.000000 0.000000 35.041144 54.329685 41.130157 3.792027 53.428096 40.172784 1.757388 54.329685 41.130157 3.792027 53.428096 40.172784 1.757388
2013_01_13_09_54_04_093187849  2601.000 1 8 95.000000 95.000000 0.000000 0.000000 43.802946 46.62128 33.410994 3.802203 47.436815 34.317862 1.625717 46.62128 33.410994 3.802203 47.436815 34.317862 1.625717
2013_01_13_09_54_05_000602870  2601.000 1 8 95.000000 95.000000 0.000000 0.000000 43.936188 45.993276 32.844554 6.107831 46.411071 33.286323 2.550366 45.993276 32.844554 6.107831 46.411071 33.286323 2.550366
2013_01_13_09_54_12_651918169  2601.000 1 8 95.000000 95.000000 0.000000 0.000000 43.95461 47.875579 34.690792 3.794753 47.151904 33.870606 1.988526 47.875579 34.690792 3.794753 47.151904 33.870606 1.988526
2013_01_13_09_54_48_563580356  2601.000 1 6 95.000000 95.000000 0.000000 0.000000 58.421213 40.581121 27.392336 3.800654 41.255208 28.148923 1.655266 40.581121 27.392336 3.800654 41.255208 28.148923 1.655266
2013_01_13_09_54_49_887373179  2601.000 1 6 95.000000 95.000000 0.000000 0.000000 58.516944 40.085807 26.958636 6.096111 40.606444 27.495105 2.214632 40.085807 26.958636 6.096111 40.606444 27.495105 2.214632
2013_01_13_09_54_57_370857672  2601.000 1 6 95.000000 95.000000 0.000000 0.000000 58.532394 41.46033 28.259253 3.795663 40.942638 27.687987 2.053855 41.46033 28.259253 3.795663 40.942638 27.687987 2.053855
2013_01_13_09_55_47_671494632  2601.000 1 4 95.000000 95.000000 0.000000 0.000000 87.677686 34.914946 21.71635 3.799969 35.346032 22.259903 2.064785 34.914946 21.71635 3.799969 35.346032 22.259903 2.064785
2013_01_13_09_55_49_213765107  2601.000 1 4 95.000000 95.000000 0.000000 0.000000 87.617118 34.357017 21.238613 6.109693 34.774098 21.680304 2.180526 34.357017 21.238613 6.109693 34.774098 21.680304 2.180526
2013_01_13_09_55_56_693783972  2601.000 1 4 95.000000 95.000000 0.000000 0.000000 87.672175 35.559647 22.365673 3.789731 35.071221 21.833209 1.81433 35.559647 22.365673 3.789731 35.071221 21.833209 1.81433
2013_01_13_09_57_16_456983891  2601.000 1 16 100.000000 100.000000 0.000000 0.000000 22.045104 71.13736 57.924094 3.808194 72.855651 59.743233 1.594477 71.13736 57.924094 3.808194 72.855651 59.743233 1.594477
2013_01_13_09_57_17_537140082  2601.000 1 16 100.000000 100.000000 0.000000 0.000000 21.968311 69.667269 56.520004 6.10782 71.082923 57.950654 2.212647 69.667269 56.520004 6.10782 71.082923 57.950654 2.212647
2013_01_13_09_57_25_049200397  2601.000 1 16 100.000000 100.000000 0.000000 0.000000 21.986283 72.955583 59.761919 3.801268 72.001553 58.738464 1.612536 72.955583 59.761919 3.801268 72.001553 58.738464 1.612536
2013_01_13_09_57_39_350793796  2601.000 1 14 100.000000 100.000000 0.000000 0.000000 25.182593 65.047617 51.816488 3.803782 66.616689 53.509881 1.646302 65.047617 51.816488 3.803782 66.616689 53.509881 1.646302
2013_01_13_09_57_40_410529226  2601.000 1 14 100.000000 100.000000 0.000000 0.000000 25.183603 63.349837 50.179768 6.10784 64.440338 51.310168 2.085922 63.349837 50.179768 6.10784 64.440338 51.310168 2.085922
2013_01_13_09_57_47_801900119  2601.000 1 14 100.000000 100.000000 0.000000 0.000000 25.129503 66.54966 53.341861 3.802183 65.59159 52.325817 1.637704 66.54966 53.341861 3.802183 65.59159 52.325817 1.637704
2013_01_13_09_58_05_192476856  2601.000 1 12 100.000000 100.000000 0.000000 0.000000 29.342735 58.693187 45.464021 3.804878 59.770394 46.664038 1.788185 58.693187 45.464021 3.804878 59.770394 46.664038 1.788185
2013_01_13_09_58_06_263878414  2601.000 1 12 100.000000 100.000000 0.000000 0.000000 29.348433 57.793012 44.622392 6.106725 58.276458 45.127226 2.1364 57.793012 44.622392 6.106725 58.276458 45.127226 2.1364
2013_01_13_09_58_13_690399687  2601.000 1 12 100.000000 100.000000 0.000000 0.000000 29.344379 60.117543 46.909487 3.798981 59.206909 45.957088 1.817079 60.117543 46.909487 3.798981 59.206909 45.957088 1.817079
2013_01_13_09_58_35_289590052  2601.000 1 10 100.000000 100.000000 0.000000 0.000000 35.072374 52.81833 39.593267 3.802736 53.471916 40.337659 1.708427 52.81833 39.593267 3.802736 53.471916 40.337659 1.708427
2013_01_13_09_58_36_372861527  2601.000 1 10 100.000000 100.000000 0.000000 0.000000 35.062026 51.814255 38.647614 6.103974 52.661736 39.525696 2.066205 51.814255 38.647614 6.103974 52.661736 39.525696 2.066205
2013_01_13_09_58_43_794387601  2601.000 1 10 100.000000 100.000000 0.000000 0.000000 35.130346 54.04939 40.850539 3.794625 53.30356 40.047709 2.208296 54.04939 40.850539 3.794625 53.30356 40.047709 2.208296
2013_01_13_09_59_11_164696430  2601.000 1 8 100.000000 100.000000 0.000000 0.000000 43.78196 46.684227 33.474633 3.800406 47.458315 34.336888 1.772758 46.684227 33.474633 3.800406 47.458315 34.336888 1.772758
2013_01_13_09_59_12_303143111  2601.000 1 8 100.000000 100.000000 0.000000 0.000000 43.793525 45.796079 32.642266 6.106975 46.338846 33.212555 2.039308 45.796079 32.642266 6.106975 46.338846 33.212555 2.039308
2013_01_13_09_59_19_708892065  2601.000 1 8 100.000000 100.000000 0.000000 0.000000 43.95574 47.84632 34.663294 3.79167 47.170654 33.891241 2.141816 47.84632 34.663294 3.79167 47.170654 33.891241 2.141816
2013_01_13_09_59_55_655162159  2601.000 1 6 100.000000 100.000000 0.000000 0.000000 58.533147 40.679031 27.491065 3.797947 41.131753 28.02874 1.715582 40.679031 27.491065 3.797947 41.131753 28.02874 1.715582
2013_01_13_09_59_56_972077019  2601.000 1 6 100.000000 100.000000 0.000000 0.000000 58.309519 40.119402 26.9927 6.102638 40.735873 27.61863 2.054849 40.119402 26.9927 6.102638 40.735873 27.61863 2.054849
2013_01_13_10_00_04_439520176  2601.000 1 6 100.000000 100.000000 0.000000 0.000000 58.548325 41.59046 28.386893 3.797184 41.041538 27.787371 2.040556 41.59046 28.386893 3.797184 41.041538 27.787371 2.040556
2013_01_13_10_00_54_974819326  2601.000 1 4 100.000000 100.000000 0.000000 0.000000 87.685818 34.987684 21.793346 3.798819 35.375453 22.289226 1.862459 34.987684 21.793346 3.798819 35.375453 22.289226 1.862459
2013_01_13_10_00_56_090891859  2601.000 1 4 100.000000 100.000000 0.000000 0.000000 87.771307 34.42536 21.301065 6.116032 34.708002 21.614183 2.180754 34.42536 21.301065 6.116032 34.708002 21.614183 2.180754
2013_01_13_10_01_03_761696530  2601.000 1 4 100.000000 100.000000 0.000000 0.000000 87.688403 35.657055 22.462118 3.792094 35.082232 21.848076 1.916793 35.657055 22.462118 3.792094 35.082232 21.848076 1.916793
