id freq nodes cores pkg-clamp-0 pkg-clamp-1 dram-clamp-0 dram-clamp-1 avg-time avg-pkg-0 avg-pp0-0 avg-dram-0 avg-pkg-1 avg-pp0-1 avg-dram-1 tot-pkg-0 tot-pp0-0 tot-dram-0 tot-pkg-1 tot-pp0-1 tot-dram-1
2013_01_03_00_50_14_660305235  2601.000 8 16 115.000000 115.000000 0.000000 0.000000 44.76907025 90.694204875 76.83789475 7.1893805 89.115860875 75.081730125 7.590026375 725.553639 614.703158 57.515044 712.926887 600.653841 60.720211
2013_01_03_00_51_11_723325985  2601.000 8 14 115.000000 115.000000 0.000000 0.000000 48.6152725 88.020069875 74.248941125 6.864909125 84.315056375 70.443367 7.31019175 704.160559 593.991529 54.919273 674.520451 563.546936 58.481534
2013_01_03_00_52_06_721569350  2601.000 8 12 115.000000 115.000000 0.000000 0.000000 54.822607125 80.256654625 66.4617935 7.3951785 78.504759 64.833633875 6.5822515 642.053237 531.694348 59.161428 628.038072 518.669071 52.658012
2013_01_03_00_53_08_142894685  2601.000 8 10 115.000000 115.000000 0.000000 0.000000 65.3836295 75.301358125 61.593513625 6.976946125 69.427209875 55.79035875 6.590548375 602.410865 492.748109 55.815569 555.417679 446.32287 52.724387
2013_01_03_00_54_20_030362827  2601.000 8 8 115.000000 115.000000 0.000000 0.000000 84.866394125 66.296048625 52.65399325 6.8464425 64.433007125 50.85496 6.382129125 530.368389 421.231946 54.77154 515.464057 406.83968 51.057033
2013_01_03_00_55_51_642142688  2601.000 8 6 115.000000 115.000000 0.000000 0.000000 99.290435375 56.433730875 42.98140275 6.19586725 55.59594225 41.97204 6.678960125 451.469847 343.851222 49.566938 444.767538 335.77632 53.431681
2013_01_03_00_57_36_709117464  2601.000 8 4 115.000000 115.000000 0.000000 0.000000 160.55299875 46.794726625 33.3688515 5.6619935 46.266949125 32.697526875 6.11229625 374.357813 266.950812 45.295948 370.135593 261.580215 48.89837
2013_01_03_01_00_24_289272081  2601.000 16 16 115.000000 115.000000 0.000000 0.000000 32.8614214375 70.6374646875 56.767185375 6.69970675 70.6492603125 56.868008625 6.21658825 1130.199435 908.274966 107.195308 1130.388165 909.888138 99.465412
2013_01_03_01_01_04_536347968  2601.000 16 14 115.000000 115.000000 0.000000 0.000000 34.9954753125 68.332371125 54.684865125 6.1099259375 68.205895875 54.551560375 6.1052343125 1093.317938 874.957842 97.758815 1091.294334 872.824966 97.683749
2013_01_03_01_01_46_319573479  2601.000 16 12 115.000000 115.000000 0.000000 0.000000 38.3048585625 64.357514625 50.7378826875 5.999811 66.1615856875 52.460922125 6.2925196875 1029.720234 811.806123 95.996976 1058.585371 839.374754 100.680315
2013_01_03_01_02_31_272535129  2601.000 16 10 115.000000 115.000000 0.000000 0.000000 42.7639251875 60.241865125 46.6865935 5.886902625 61.5457668125 47.9166208125 6.189123875 963.869842 746.985496 94.190442 984.732269 766.665933 99.025982
2013_01_03_01_03_20_397181285  2601.000 16 8 115.000000 115.000000 0.000000 0.000000 49.8269448125 56.824539375 43.2962030625 5.844017125 58.156978875 44.5393903125 6.186908875 909.19263 692.739249 93.504274 930.511662 712.630245 98.990542
2013_01_03_01_04_17_670496283  2601.000 16 6 115.000000 115.000000 0.000000 0.000000 57.9045164375 51.32154725 37.8563295 5.61752575 52.7639509375 39.17012275 6.3447005625 821.144756 605.701272 89.880412 844.223215 626.721964 101.515209
2013_01_03_01_05_21_958299584  2601.000 16 4 115.000000 115.000000 0.000000 0.000000 86.457157125 45.1007686875 31.6839650625 5.3951335625 46.427233 32.85795775 6.1659469375 721.612299 506.943441 86.322137 742.835728 525.727324 98.655151
2013_01_03_01_06_55_060977214  2601.000 32 16 115.000000 115.000000 0.000000 0.000000 47.16942996875 42.9317976875 29.4962409375 5.12711675 47.47585078125 33.98314825 5.02331209375 1373.817526 943.87971 164.067736 1519.227225 1087.460744 160.745987
2013_01_03_01_07_49_640891624  2601.000 32 14 115.000000 115.000000 0.000000 0.000000 44.098232125 43.88831409375 30.46858190625 5.248146625 47.94373384375 34.48629228125 5.16278528125 1404.426051 974.994621 167.940692 1534.199483 1103.561353 165.209129
2013_01_03_01_08_40_733018298  2601.000 32 12 115.000000 115.000000 0.000000 0.000000 45.8397451875 41.49974359375 28.0884699375 5.3549066875 49.8472751875 36.3892844375 5.2753238125 1327.991795 898.831038 171.357014 1595.112806 1164.457102 168.810362
2013_01_03_01_09_33_614383137  2601.000 32 10 115.000000 115.000000 0.000000 0.000000 48.0123916875 41.87984103125 28.4948793125 5.2736435 47.24286615625 33.7787855625 5.36579690625 1340.154913 911.836138 168.756592 1511.771717 1080.921138 171.705501
2013_01_03_01_10_28_610869845  2601.000 32 8 115.000000 115.000000 0.000000 0.000000 51.5486691875 40.9795355 27.6036833125 5.27923703125 47.063166375 33.60820371875 5.41956428125 1311.345136 883.317866 168.935585 1506.021324 1075.462519 173.426057
2013_01_03_01_11_26_954102520  2601.000 32 6 115.000000 115.000000 0.000000 0.000000 57.24702178125 38.84406884375 25.4742916875 5.23884459375 44.967935625 31.540953875 5.34047515625 1243.010203 815.177334 167.643027 1438.97394 1009.310524 170.895205
2013_01_03_01_12_30_975206910  2601.000 32 4 115.000000 115.000000 0.000000 0.000000 69.3727340625 37.7386285625 24.39935453125 5.194629875 41.5751150625 28.1340851875 5.38925771875 1207.636114 780.779345 166.228156 1330.403682 900.290726 172.456247
2013_01_03_01_13_46_831523813  2601.000 8 16 51.000000 51.000000 0.000000 0.000000 64.929446375 47.879688 34.401653 6.4886775 48.47854275 34.795629875 7.1652465 383.037504 275.213224 51.90942 387.828342 278.365039 57.321972
2013_01_03_01_14_57_422310196  2601.000 8 14 51.000000 51.000000 0.000000 0.000000 68.229063375 48.07707925 34.622545125 6.60204025 48.66831775 35.042728375 6.958788375 384.616634 276.980361 52.816322 389.346542 280.341827 55.670307
2013_01_03_01_16_11_099631043  2601.000 8 12 51.000000 51.000000 0.000000 0.000000 73.778161125 47.69047275 34.171766625 6.838786125 48.50596275 34.997086125 6.263006625 381.523782 273.374133 54.710289 388.047702 279.976689 50.104053
2013_01_03_01_17_30_279976436  2601.000 8 10 51.000000 51.000000 0.000000 0.000000 80.17551325 47.89104225 34.383011875 6.723887 48.7167345 35.243527375 6.167016375 383.128338 275.064095 53.791096 389.733876 281.948219 49.336131
2013_01_03_01_18_55_924742319  2601.000 8 8 51.000000 51.000000 0.000000 0.000000 103.8581585 47.7020285 34.229318375 6.388766875 47.504882125 33.9844185 6.5014045 381.616228 273.834547 51.110135 380.039057 271.875348 52.011236
2013_01_03_01_20_46_326110584  2601.000 8 6 51.000000 51.000000 0.000000 0.000000 121.48706875 42.18875575 28.873898125 5.58659525 42.654291875 29.04541 6.935225875 337.510046 230.991185 44.692762 341.234335 232.36328 55.481807
2013_01_03_01_22_54_235268610  2601.000 8 4 51.000000 51.000000 0.000000 0.000000 230.61991675 34.46582775 21.167613875 6.0094125 34.920358375 21.435018875 5.969039875 275.726622 169.340911 48.0753 279.362867 171.480151 47.752319
2013_01_03_01_26_51_514982172  2601.000 16 16 51.000000 51.000000 0.000000 0.000000 43.047381625 42.9796116875 29.4949800625 6.0024996875 44.51742475 30.900362 6.3955095 687.673787 471.919681 96.039995 712.278796 494.405792 102.328152
2013_01_03_01_27_41_398805986  2601.000 16 14 51.000000 51.000000 0.000000 0.000000 45.7228258125 42.6504556875 29.1792801875 6.0557945 44.215280125 30.69050925 6.0026971875 682.407291 466.868483 96.892712 707.444482 491.048148 96.043155
2013_01_03_01_28_33_143004587  2601.000 16 12 51.000000 51.000000 0.000000 0.000000 47.3994113125 42.81483825 29.386896875 5.751186 44.48869875 30.943412375 6.0851675625 685.037412 470.19035 92.018976 711.81918 495.094598 97.362681
2013_01_03_01_29_27_054011918  2601.000 16 10 51.000000 51.000000 0.000000 0.000000 51.57925 43.5235955625 30.0752955625 5.8477558125 44.822937125 31.319151375 5.963588125 696.377529 481.204729 93.564093 717.166994 501.106422 95.41741
2013_01_03_01_30_24_124532032  2601.000 16 8 51.000000 51.000000 0.000000 0.000000 59.929168875 43.4217701875 29.995107125 5.734340875 44.2551393125 30.707270125 6.2154783125 694.748323 479.921714 91.749454 708.082229 491.316322 99.447653
2013_01_03_01_31_29_662922357  2601.000 16 6 51.000000 51.000000 0.000000 0.000000 72.9431436875 38.5417530625 25.1790096875 5.3162874375 39.85157925 26.3390718125 6.019559375 616.668049 402.864155 85.060599 637.625268 421.425149 96.31295
2013_01_03_01_32_48_285006117  2601.000 16 4 51.000000 51.000000 0.000000 0.000000 121.2785115 32.781318625 19.4561770625 5.203902375 34.3662634375 20.898797375 5.693562875 524.501098 311.298833 83.262438 549.860215 334.380758 91.097006
2013_01_03_01_34_56_281640847  2601.000 32 16 51.000000 51.000000 0.000000 0.000000 55.81121959375 30.84043046875 17.49139015625 5.2723490625 35.17859615625 21.79271784375 5.166559625 986.893775 559.724485 168.71517 1125.715077 697.366971 165.329908
2013_01_03_01_35_58_921369618  2601.000 32 14 51.000000 51.000000 0.000000 0.000000 55.7484873125 31.15074071875 17.8166265625 5.2228124375 34.87886225 21.5217130625 5.04599484375 996.823703 570.13205 167.129998 1116.123592 688.694818 161.471835
2013_01_03_01_37_01_032178982  2601.000 32 12 51.000000 51.000000 0.000000 0.000000 55.96217178125 31.52217615625 18.18908346875 5.23919921875 35.5707754375 22.2014578125 5.13978040625 1008.709637 582.050671 167.654375 1138.264814 710.44665 164.472973
2013_01_03_01_38_03_781687206  2601.000 32 10 51.000000 51.000000 0.000000 0.000000 57.66684703125 31.90138125 18.5653165625 5.2889461875 35.78168009375 22.4197766875 5.0941171875 1020.8442 594.09013 169.246278 1145.013763 717.432854 163.01175
2013_01_03_01_39_08_318839002  2601.000 32 8 51.000000 51.000000 0.000000 0.000000 60.85930028125 32.21505375 18.87048296875 5.305942375 35.75624940625 22.37774175 5.18959203125 1030.88172 603.855455 169.790156 1144.199981 716.087736 166.066945
2013_01_03_01_40_15_688200871  2601.000 32 6 51.000000 51.000000 0.000000 0.000000 65.88669559375 31.22830075 17.92125459375 5.170149625 34.510487625 21.128709375 5.27122459375 999.305624 573.480147 165.444788 1104.335604 676.1187 168.679187
2013_01_03_01_41_28_309817543  2601.000 32 4 51.000000 51.000000 0.000000 0.000000 82.45018421875 29.48321053125 16.21306446875 4.91271340625 31.9530458125 18.54734646875 5.38359328125 943.462737 518.818063 157.206829 1022.497466 593.515087 172.274985
2013_01_03_01_42_57_579053169  2601.000 8 16 65.000000 65.000000 0.000000 0.000000 55.053456 60.7194875 47.05874325 7.035040625 61.18518225 47.470998875 6.95046725 485.7559 376.469946 56.280325 489.481458 379.767991 55.603738
2013_01_03_01_43_59_127547828  2601.000 8 14 65.000000 65.000000 0.000000 0.000000 58.628008125 61.405443125 47.8389745 6.754954 61.429036875 47.729205875 6.977297625 491.243545 382.711796 54.039632 491.432295 381.833647 55.818381
2013_01_03_01_45_04_329520781  2601.000 8 12 65.000000 65.000000 0.000000 0.000000 64.09507475 58.401483375 44.8827345 6.756254625 59.594194375 45.910811125 6.909615 467.211867 359.061876 54.050037 476.753555 367.286489 55.27692
2013_01_03_01_46_14_823973520  2601.000 8 10 65.000000 65.000000 0.000000 0.000000 75.755759625 54.591691375 41.082799375 6.377515 54.201378 40.576486125 6.85018525 436.733531 328.662395 51.02012 433.611024 324.611889 54.801482
2013_01_03_01_47_36_905272995  2601.000 8 8 65.000000 65.000000 0.000000 0.000000 97.848822625 47.59457025 34.051758125 6.819991 46.983963125 33.512440375 6.117897375 380.756562 272.414065 54.559928 375.871705 268.099523 48.943179
2013_01_03_01_49_21_187302817  2601.000 8 6 65.000000 65.000000 0.000000 0.000000 122.239156625 41.916336375 28.507159 6.356170625 41.916162125 28.42410475 6.256067875 335.330691 228.057272 50.849365 335.329297 227.392838 50.048543
2013_01_03_01_51_29_263088155  2601.000 8 4 65.000000 65.000000 0.000000 0.000000 217.442031 35.27410675 21.927244875 6.3604165 36.0223535 22.54181425 6.226429125 282.192854 175.417959 50.883332 288.178828 180.334514 49.811433
2013_01_03_01_55_12_735839034  2601.000 16 16 65.000000 65.000000 0.000000 0.000000 39.183362875 50.9907453125 37.3512880625 6.3524804375 52.3806369375 38.77930375 5.942309875 815.851925 597.620609 101.639687 838.090191 620.46886 95.076958
2013_01_03_01_55_59_198816091  2601.000 16 14 65.000000 65.000000 0.000000 0.000000 40.0735630625 50.77339375 37.27817 5.758579875 52.018918125 38.4338001875 6.0814043125 812.3743 596.45072 92.137278 832.30269 614.940803 97.302469
2013_01_03_01_56_46_000738380  2601.000 16 12 65.000000 65.000000 0.000000 0.000000 43.3097618125 50.869514 37.3264171875 6.0932341875 50.7309749375 37.1701881875 6.0090465 813.912224 597.222675 97.491747 811.695599 594.723011 96.144744
2013_01_03_01_57_36_356610004  2601.000 16 10 65.000000 65.000000 0.000000 0.000000 48.812002625 47.629712125 34.177714375 5.6048193125 47.7566585 34.1481165 6.3338855625 762.075394 546.84343 89.677109 764.106536 546.369864 101.342169
2013_01_03_01_58_31_572841272  2601.000 16 8 65.000000 65.000000 0.000000 0.000000 61.4632764375 41.404679875 27.9795205 5.4670431875 43.28009225 29.7504878125 5.8851025 662.474878 447.672328 87.472691 692.481476 476.007805 94.16164
2013_01_03_01_59_39_556992873  2601.000 16 6 65.000000 65.000000 0.000000 0.000000 72.1837478125 38.633338625 25.2241648125 5.6982923125 40.0813895625 26.60970075 5.7694055625 618.133418 403.586637 91.172677 641.302233 425.755212 92.310489
2013_01_03_02_00_57_271080093  2601.000 16 4 65.000000 65.000000 0.000000 0.000000 128.54406175 32.3623875625 19.0233439375 5.231150375 33.9537970625 20.51945525 5.4224815625 517.798201 304.373503 83.698406 543.260753 328.311284 86.759705
2013_01_03_02_03_11_633603983  2601.000 32 16 65.000000 65.000000 0.000000 0.000000 54.02188021875 33.4274565 20.0630748125 5.21086890625 37.89351246875 24.4977295625 5.0052416875 1069.678608 642.018394 166.747805 1212.592399 783.927346 160.167734
2013_01_03_02_04_13_022748288  2601.000 32 14 65.000000 65.000000 0.000000 0.000000 52.7782449375 33.8293014375 20.5035550625 5.11272921875 37.82588084375 24.4424409375 5.08223325 1082.537646 656.113762 163.607335 1210.428187 782.15811 162.631464
2013_01_03_02_05_12_774749956  2601.000 32 12 65.000000 65.000000 0.000000 0.000000 53.8487870625 33.80800778125 20.46489821875 5.20264515625 38.03643234375 24.649061 5.087142875 1081.856249 654.876743 166.484645 1217.165835 788.769952 162.788572
2013_01_03_02_06_13_707827601  2601.000 32 10 65.000000 65.000000 0.000000 0.000000 56.54198978125 33.67545015625 20.33718353125 5.18872353125 36.00878809375 22.61977290625 5.12473790625 1077.614405 650.789873 166.039153 1152.281219 723.832733 163.991613
2013_01_03_02_07_17_027532035  2601.000 32 8 65.000000 65.000000 0.000000 0.000000 59.951518875 31.96724734375 18.63419534375 5.244003 36.48755759375 23.09962303125 5.22606128125 1022.951915 596.294251 167.808096 1167.601843 739.187937 167.233961
2013_01_03_02_08_23_605789785  2601.000 32 6 65.000000 65.000000 0.000000 0.000000 65.91228053125 31.31491325 17.9915759375 5.18830478125 34.26653459375 20.90326134375 5.13809975 1002.077224 575.73043 166.025753 1096.529107 668.904363 164.419192
2013_01_03_02_09_36_255717081  2601.000 32 4 65.000000 65.000000 0.000000 0.000000 78.8405490625 29.88132728125 16.58503 5.1812334375 32.231604125 18.83240390625 5.35271090625 956.202473 530.72096 165.79947 1031.411332 602.636925 171.286749
2013_01_03_02_11_01_736642902  2601.000 8 16 80.000000 80.000000 0.000000 0.000000 49.350715125 74.202557125 60.28430475 7.86841425 73.34164825 59.459213 7.25722325 593.620457 482.274438 62.947314 586.733186 475.673704 58.057786
2013_01_03_02_11_57_576446697  2601.000 8 14 80.000000 80.000000 0.000000 0.000000 55.30976675 71.036958125 57.320209 7.19499 65.383331625 51.538182875 7.454128125 568.295665 458.561672 57.55992 523.066653 412.305463 59.633025
2013_01_03_02_12_59_364776794  2601.000 8 12 80.000000 80.000000 0.000000 0.000000 63.361438875 61.4335285 47.775871625 6.976504875 61.476874 47.7727675 7.02466225 491.468228 382.206973 55.812039 491.814992 382.18214 56.197298
2013_01_03_02_14_09_216995109  2601.000 8 10 80.000000 80.000000 0.000000 0.000000 74.683251 56.2443965 42.724462625 6.789394 53.868490625 40.216987 7.03847625 449.955172 341.795701 54.315152 430.947925 321.735896 56.30781
2013_01_03_02_15_30_428774298  2601.000 8 8 80.000000 80.000000 0.000000 0.000000 97.553020625 47.58643 34.145535625 6.1656715 47.3559015 33.769594625 6.543695625 380.69144 273.164285 49.325372 378.847212 270.156757 52.349565
2013_01_03_02_17_14_405775403  2601.000 8 6 80.000000 80.000000 0.000000 0.000000 120.40403225 41.333906375 28.0047595 5.731760125 41.912433875 28.332904 6.761308875 330.671251 224.038076 45.854081 335.299471 226.663232 54.090471
2013_01_03_02_19_21_296464295  2601.000 8 4 80.000000 80.000000 0.000000 0.000000 219.96758975 35.3778225 22.03228 6.157119875 34.935661375 21.490905375 6.0072935 283.02258 176.25824 49.256959 279.485291 171.927243 48.058348
2013_01_03_02_23_07_733146845  2601.000 16 16 80.000000 80.000000 0.000000 0.000000 37.2812338125 55.7692919375 42.1409245625 5.95498075 57.7136803125 43.8953286875 6.630003375 892.308671 674.254793 95.279692 923.418885 702.325259 106.080054
2013_01_03_02_23_52_109891952  2601.000 16 14 80.000000 80.000000 0.000000 0.000000 38.5109895625 55.1676471875 41.534831 6.2647205 55.7306716875 42.0085449375 6.4519586875 882.682355 664.557296 100.235528 891.690747 672.136719 103.231339
2013_01_03_02_24_37_310702107  2601.000 16 12 80.000000 80.000000 0.000000 0.000000 42.7047818125 50.8918529375 37.3558145625 5.913841 51.5130466875 37.86755575 6.3294160625 814.269647 597.693033 94.621456 824.208747 605.880892 101.270657
2013_01_03_02_25_27_293038249  2601.000 16 10 80.000000 80.000000 0.000000 0.000000 49.26099275 47.4854003125 33.947707125 6.164335625 47.3788688125 33.844650625 5.9970164375 759.766405 543.163314 98.62937 758.061901 541.51441 95.952263
2013_01_03_02_26_23_339017394  2601.000 16 8 80.000000 80.000000 0.000000 0.000000 59.5749625 43.422513 29.9503548125 5.796986625 44.04675525 30.5390269375 5.882784875 694.760208 479.205677 92.751786 704.748084 488.624431 94.124558
2013_01_03_02_27_29_470435689  2601.000 16 6 80.000000 80.000000 0.000000 0.000000 70.87084925 39.254616 25.833524625 5.870664875 39.593886625 26.130366375 5.82159375 628.073856 413.336394 93.930638 633.502186 418.085862 93.1455
2013_01_03_02_28_46_989192805  2601.000 16 4 80.000000 80.000000 0.000000 0.000000 120.232962875 32.55746125 19.219005125 5.3300436875 34.4263785625 20.9724554375 5.642545125 520.91938 307.504082 85.280699 550.822057 335.559287 90.280722
2013_01_03_02_30_53_947583846  2601.000 32 16 80.000000 80.000000 0.000000 0.000000 51.24274984375 35.2212481875 21.81919015625 5.32132153125 39.47744534375 26.03959853125 5.13872946875 1127.079942 698.214085 170.282289 1263.278251 833.267153 164.439343
2013_01_03_02_31_52_338440121  2601.000 32 14 80.000000 80.000000 0.000000 0.000000 51.77651934375 35.02478221875 21.638394125 5.3322975 38.7217408125 25.31955090625 5.10547709375 1120.793031 692.428612 170.63352 1239.095706 810.225629 163.375267
2013_01_03_02_32_50_836642305  2601.000 32 12 80.000000 80.000000 0.000000 0.000000 53.49749140625 34.00545509375 20.6404425 5.2884225625 38.07316453125 24.6574344375 5.24746921875 1088.174563 660.49416 169.229522 1218.341265 789.037902 167.919015
2013_01_03_02_33_51_102271910  2601.000 32 10 80.000000 80.000000 0.000000 0.000000 55.1041066875 33.29501590625 19.9489929375 5.26759971875 37.1465061875 23.744356375 5.2280385 1065.440509 638.367774 168.563191 1188.688198 759.819404 167.297232
2013_01_03_02_34_53_297294711  2601.000 32 8 80.000000 80.000000 0.000000 0.000000 59.81515390625 32.60345328125 19.27847428125 5.204702 35.76544775 22.3646795625 5.3646553125 1043.310505 616.911177 166.550464 1144.494328 715.669746 171.66897
2013_01_03_02_36_00_099251082  2601.000 32 6 80.000000 80.000000 0.000000 0.000000 66.817121875 30.77910103125 17.46055109375 5.23907240625 34.6468578125 21.27230509375 5.3187243125 984.931233 558.737635 167.650317 1108.69945 680.713763 170.199178
2013_01_03_02_37_13_707763539  2601.000 32 4 80.000000 80.000000 0.000000 0.000000 81.60031690625 29.0406026875 15.753182375 5.09583296875 32.37638040625 18.9828848125 5.43861709375 929.299286 504.101836 163.066655 1036.044173 607.452314 174.035747
2013_01_03_02_38_41_826040372  2601.000 8 16 95.000000 95.000000 0.000000 0.000000 49.152776125 74.249001 60.439252375 7.16457625 73.524263125 59.48935725 7.9099525 593.992008 483.514019 57.31661 588.194105 475.914858 63.27962
2013_01_03_02_39_37_381110113  2601.000 8 14 95.000000 95.000000 0.000000 0.000000 55.132340625 66.214200625 52.4376565 7.311680125 67.438964875 53.631359875 7.193868375 529.713605 419.501252 58.493441 539.511719 429.050879 57.550947
2013_01_03_02_40_38_922800428  2601.000 8 12 95.000000 95.000000 0.000000 0.000000 63.667145375 58.543214 44.982645375 6.637262 61.056581625 47.292345375 7.197523625 468.345712 359.861163 53.098096 488.452653 378.338763 57.580189
2013_01_03_02_41_48_995758888  2601.000 8 10 95.000000 95.000000 0.000000 0.000000 74.604273875 55.668680125 42.09727425 6.903461625 54.43993625 40.855840625 6.703995125 445.349441 336.778194 55.227693 435.51949 326.846725 53.631961
2013_01_03_02_43_09_979728392  2601.000 8 8 95.000000 95.000000 0.000000 0.000000 100.181447125 48.4857445 35.02467025 6.020405875 48.033031125 34.404644125 6.731809875 387.885956 280.197362 48.163247 384.264249 275.237153 53.854479
2013_01_03_02_44_56_482047672  2601.000 8 6 95.000000 95.000000 0.000000 0.000000 120.730327625 42.706165625 29.303663375 6.515314125 42.240148875 28.734287625 6.574141625 341.649325 234.429307 52.122513 337.921191 229.874301 52.593133
2013_01_03_02_47_03_648171721  2601.000 8 4 95.000000 95.000000 0.000000 0.000000 219.55783275 35.31453225 21.975148125 5.92050625 34.8004725 21.347391125 5.815278875 282.516258 175.801185 47.36405 278.40378 170.779129 46.522231
2013_01_03_02_50_49_454923738  2601.000 16 16 95.000000 95.000000 0.000000 0.000000 37.012874875 56.6732969375 42.9935323125 6.168133 58.0804145625 44.257606875 6.55280525 906.772751 687.896517 98.690128 929.286633 708.12171 104.844884
2013_01_03_02_51_33_272362763  2601.000 16 14 95.000000 95.000000 0.000000 0.000000 37.1357659375 56.508418375 42.908574875 6.0883136875 56.6903848125 42.92630525 6.679705875 904.134694 686.537198 97.413019 907.046157 686.820884 106.875294
2013_01_03_02_52_17_241512533  2601.000 16 12 95.000000 95.000000 0.000000 0.000000 42.557937875 50.1519765625 36.6267245625 5.87514 52.5707151875 38.918900625 6.3181230625 802.431625 586.027593 94.00224 841.131443 622.70241 101.089969
2013_01_03_02_53_06_552473740  2601.000 16 10 95.000000 95.000000 0.000000 0.000000 48.9628316875 46.2789104375 32.760817375 5.95657075 47.6264120625 34.0755454375 5.9789413125 740.462567 524.173078 95.305132 762.022593 545.208727 95.663061
2013_01_03_02_54_02_583858261  2601.000 16 8 95.000000 95.000000 0.000000 0.000000 59.16005925 42.82772925 29.352379875 5.7116938125 43.275114125 29.776706875 5.7710351875 685.243668 469.638078 91.387101 692.401826 476.42731 92.336563
2013_01_03_02_55_08_373038909  2601.000 16 6 95.000000 95.000000 0.000000 0.000000 69.950850875 38.8389430625 25.4744690625 5.3467225 40.1923283125 26.670406625 6.1278580625 621.423089 407.591505 85.54756 643.077253 426.726506 98.045729
2013_01_03_02_56_24_253874214  2601.000 16 4 95.000000 95.000000 0.000000 0.000000 118.1168798125 33.3719364375 20.034973125 5.1553860625 34.201669625 20.739585375 5.6768233125 533.950983 320.55957 82.486177 547.226714 331.833366 90.829173
2013_01_03_02_58_28_762572812  2601.000 32 16 95.000000 95.000000 0.000000 0.000000 50.4574269375 35.61888596875 22.2273008125 5.2768225625 39.5823966875 26.14011159375 5.15124234375 1139.804351 711.273626 168.858322 1266.636694 836.483571 164.839755
2013_01_03_02_59_26_434995101  2601.000 32 14 95.000000 95.000000 0.000000 0.000000 51.744421875 35.1560198125 21.786691125 5.30830709375 38.6721304375 25.2634604375 5.13970928125 1124.992634 697.174116 169.865827 1237.508174 808.430734 164.470697
2013_01_03_03_00_24_848652226  2601.000 32 12 95.000000 95.000000 0.000000 0.000000 52.58254115625 34.3753555 21.03406490625 5.19255309375 37.712039 24.29106684375 5.21789421875 1100.011376 673.090077 166.161699 1206.785248 777.314139 166.972615
2013_01_03_03_01_24_376691954  2601.000 32 10 95.000000 95.000000 0.000000 0.000000 55.53776071875 33.02598025 19.68845925 5.23341496875 37.55489103125 24.15857225 5.2507631875 1056.831368 630.030696 167.469279 1201.756513 773.074312 168.024422
2013_01_03_03_02_27_187334716  2601.000 32 8 95.000000 95.000000 0.000000 0.000000 60.77275590625 31.83134565625 18.49986971875 5.2776298125 36.381716125 23.00073596875 5.23255228125 1018.603061 591.995831 168.884154 1164.214916 736.023551 167.441673
2013_01_03_03_03_34_653781615  2601.000 32 6 95.000000 95.000000 0.000000 0.000000 65.98436075 31.09858090625 17.79256078125 5.16628825 34.40858671875 21.0266951875 5.24481684375 995.154589 569.361945 165.321224 1101.074775 672.854246 167.834139
2013_01_03_03_04_47_330988593  2601.000 32 4 95.000000 95.000000 0.000000 0.000000 79.94531446875 29.63192103125 16.3216105 5.2806645 32.270147625 18.88932953125 5.27340509375 948.221473 522.291536 168.981264 1032.644724 604.458545 168.748963
