+ i=16
+ minthreads=4
+ export PKG_MINW_MINS=0x38198
+ PKG_MINW_MINS=0x38198
+ export PP0_MINW_MINS=0x38198
+ PP0_MINW_MINS=0x38198
+ export DRAM_MINW_MINS=0x38078
+ DRAM_MINW_MINS=0x38078
+ export MSR_PKG_POWER_LIMIT=0x0
+ MSR_PKG_POWER_LIMIT=0x0
+ export MSR_PP0_POWER_LIMIT=0x0
+ MSR_PP0_POWER_LIMIT=0x0
+ export MSR_DRAM_POWER_LIMIT=0x0
+ MSR_DRAM_POWER_LIMIT=0x0
+ export MSR_RANK_MOD=1
+ MSR_RANK_MOD=1
+ export SAMPLE=0
+ SAMPLE=0
+ t=0
+ export TURBO_ENABLE=1
+ TURBO_ENABLE=1
+ export FUNC_INTERCEPT=0
+ FUNC_INTERCEPT=0
+ export READ_WRITE=0
+ READ_WRITE=0
+ export READ_ONLY=1
+ READ_ONLY=1
+ i=16
+ '[' 16 -ge 4 ']'
+ export OMP_NUM_THREADS=16
+ OMP_NUM_THREADS=16
+ export KMP_AFFINITY=scatter
+ KMP_AFFINITY=scatter
++ date +%Y_%m_%d_%H_%M_%S_%N
+ name=2013_01_13_09_01_20_501582083
+ mkdir 2013_01_13_09_01_20_501582083
+ cd 2013_01_13_09_01_20_501582083
+ touch out.dat
+ env
+ echo 2013_01_13_09_01_20_501582083
+ uname -a
+ srun --nodes=1 --ntasks=1 -ppbatch cat /proc/cpuinfo
+ grep MHz
+ srun --nodes=1 --ntasks=1 -o host_info hostname
+ echo 'threads/node: 16'
+ echo 'nodes: ' 1
+ echo 'turbo: 1 '
+ srun --nodes=1 --ntasks=1 -e f.err papiex -f dir-papi -e PAPI_L3_TCA -e PAPI_L3_TCM ../bmark4

In READ-ONLY mode.

Each chunk is: 4096
Iterations: 2
Nodes: 1
Threads: 16
 Rank 0 is done initializing
Time is: 118.502381 secs
+ cd ../
+ i=14
+ '[' 14 -ge 4 ']'
+ export OMP_NUM_THREADS=14
+ OMP_NUM_THREADS=14
+ export KMP_AFFINITY=scatter
+ KMP_AFFINITY=scatter
++ date +%Y_%m_%d_%H_%M_%S_%N
+ name=2013_01_13_09_03_20_199722692
+ mkdir 2013_01_13_09_03_20_199722692
+ cd 2013_01_13_09_03_20_199722692
+ touch out.dat
+ env
+ echo 2013_01_13_09_03_20_199722692
+ uname -a
+ grep MHz
+ srun --nodes=1 --ntasks=1 -ppbatch cat /proc/cpuinfo
+ srun --nodes=1 --ntasks=1 -o host_info hostname
+ echo 'threads/node: 14'
+ echo 'nodes: ' 1
+ echo 'turbo: 1 '
+ srun --nodes=1 --ntasks=1 -e f.err papiex -f dir-papi -e PAPI_L3_TCA -e PAPI_L3_TCM ../bmark4

In READ-ONLY mode.

Each chunk is: 4096
Iterations: 2
Nodes: 1
Threads: 14
 Rank 0 is done initializing
Time is: 135.173933 secs
+ cd ../
+ i=12
+ '[' 12 -ge 4 ']'
+ export OMP_NUM_THREADS=12
+ OMP_NUM_THREADS=12
+ export KMP_AFFINITY=scatter
+ KMP_AFFINITY=scatter
++ date +%Y_%m_%d_%H_%M_%S_%N
+ name=2013_01_13_09_05_36_579143454
+ mkdir 2013_01_13_09_05_36_579143454
+ cd 2013_01_13_09_05_36_579143454
+ touch out.dat
+ env
+ echo 2013_01_13_09_05_36_579143454
+ uname -a
+ grep MHz
+ srun --nodes=1 --ntasks=1 -ppbatch cat /proc/cpuinfo
+ srun --nodes=1 --ntasks=1 -o host_info hostname
+ echo 'threads/node: 12'
+ echo 'nodes: ' 1
+ echo 'turbo: 1 '
+ srun --nodes=1 --ntasks=1 -e f.err papiex -f dir-papi -e PAPI_L3_TCA -e PAPI_L3_TCM ../bmark4

In READ-ONLY mode.

Each chunk is: 4096
Iterations: 2
Nodes: 1
Threads: 12
 Rank 0 is done initializing
Time is: 159.190030 secs
+ cd ../
+ i=10
+ '[' 10 -ge 4 ']'
+ export OMP_NUM_THREADS=10
+ OMP_NUM_THREADS=10
+ export KMP_AFFINITY=scatter
+ KMP_AFFINITY=scatter
++ date +%Y_%m_%d_%H_%M_%S_%N
+ name=2013_01_13_09_08_16_805764951
+ mkdir 2013_01_13_09_08_16_805764951
+ cd 2013_01_13_09_08_16_805764951
+ touch out.dat
+ env
+ echo 2013_01_13_09_08_16_805764951
+ uname -a
+ grep MHz
+ srun --nodes=1 --ntasks=1 -ppbatch cat /proc/cpuinfo
+ srun --nodes=1 --ntasks=1 -o host_info hostname
+ echo 'threads/node: 10'
+ echo 'nodes: ' 1
+ echo 'turbo: 1 '
+ srun --nodes=1 --ntasks=1 -e f.err papiex -f dir-papi -e PAPI_L3_TCA -e PAPI_L3_TCM ../bmark4

In READ-ONLY mode.

Each chunk is: 4096
Iterations: 2
Nodes: 1
Threads: 10
 Rank 0 is done initializing
Time is: 188.616726 secs
+ cd ../
+ i=8
+ '[' 8 -ge 4 ']'
+ export OMP_NUM_THREADS=8
+ OMP_NUM_THREADS=8
+ export KMP_AFFINITY=scatter
+ KMP_AFFINITY=scatter
++ date +%Y_%m_%d_%H_%M_%S_%N
+ name=2013_01_13_09_11_26_435746027
+ mkdir 2013_01_13_09_11_26_435746027
+ cd 2013_01_13_09_11_26_435746027
+ touch out.dat
+ env
+ echo 2013_01_13_09_11_26_435746027
+ uname -a
+ srun --nodes=1 --ntasks=1 -ppbatch cat /proc/cpuinfo
+ grep MHz
+ srun --nodes=1 --ntasks=1 -o host_info hostname
+ echo 'threads/node: 8'
+ echo 'nodes: ' 1
+ echo 'turbo: 1 '
+ srun --nodes=1 --ntasks=1 -e f.err papiex -f dir-papi -e PAPI_L3_TCA -e PAPI_L3_TCM ../bmark4

In READ-ONLY mode.

Each chunk is: 4096
Iterations: 2
Nodes: 1
Threads: 8
 Rank 0 is done initializing
Time is: 231.935027 secs
+ cd ../
+ i=6
+ '[' 6 -ge 4 ']'
+ export OMP_NUM_THREADS=6
+ OMP_NUM_THREADS=6
+ export KMP_AFFINITY=scatter
+ KMP_AFFINITY=scatter
++ date +%Y_%m_%d_%H_%M_%S_%N
+ name=2013_01_13_09_15_19_521432050
+ mkdir 2013_01_13_09_15_19_521432050
+ cd 2013_01_13_09_15_19_521432050
+ touch out.dat
+ env
+ echo 2013_01_13_09_15_19_521432050
+ uname -a
+ srun --nodes=1 --ntasks=1 -ppbatch cat /proc/cpuinfo
+ grep MHz
+ srun --nodes=1 --ntasks=1 -o host_info hostname
+ echo 'threads/node: 6'
+ echo 'nodes: ' 1
+ echo 'turbo: 1 '
+ srun --nodes=1 --ntasks=1 -e f.err papiex -f dir-papi -e PAPI_L3_TCA -e PAPI_L3_TCM ../bmark4

In READ-ONLY mode.

Each chunk is: 4096
Iterations: 2
Nodes: 1
Threads: 6
 Rank 0 is done initializing
Time is: 273.047060 secs
+ cd ../
+ i=4
+ '[' 4 -ge 4 ']'
+ export OMP_NUM_THREADS=4
+ OMP_NUM_THREADS=4
+ export KMP_AFFINITY=scatter
+ KMP_AFFINITY=scatter
++ date +%Y_%m_%d_%H_%M_%S_%N
+ name=2013_01_13_09_19_53_611622484
+ mkdir 2013_01_13_09_19_53_611622484
+ cd 2013_01_13_09_19_53_611622484
+ touch out.dat
+ env
+ echo 2013_01_13_09_19_53_611622484
+ uname -a
+ srun --nodes=1 --ntasks=1 -ppbatch cat /proc/cpuinfo
+ grep MHz
+ srun --nodes=1 --ntasks=1 -o host_info hostname
+ echo 'threads/node: 4'
+ echo 'nodes: ' 1
+ echo 'turbo: 1 '
+ srun --nodes=1 --ntasks=1 -e f.err papiex -f dir-papi -e PAPI_L3_TCA -e PAPI_L3_TCM ../bmark4

In READ-ONLY mode.

Each chunk is: 4096
Iterations: 2
Nodes: 1
Threads: 4
 Rank 0 is done initializing
Time is: 475.090776 secs
+ cd ../
+ i=2
+ '[' 2 -ge 4 ']'
+ export TURBO_ENABLE=0
+ TURBO_ENABLE=0
+ export FUNC_INTERCEPT=0
+ FUNC_INTERCEPT=0
+ export READ_WRITE=1
+ READ_WRITE=1
+ export READ_ONLY=0
+ READ_ONLY=0
+ for pkg in 0x38198 0x381B8 0x381E0 0x038208 0x38230 0x38258 0x38280 0x382A8 0x382D0 0x0382f8 0x038320
+ export MSR_PKG_POWER_LIMIT=0x38198
+ MSR_PKG_POWER_LIMIT=0x38198
+ i=16
+ '[' 16 -ge 4 ']'
+ export OMP_NUM_THREADS=16
+ OMP_NUM_THREADS=16
+ export KMP_AFFINITY=scatter
+ KMP_AFFINITY=scatter
++ date +%Y_%m_%d_%H_%M_%S_%N
+ name=2013_01_13_09_27_49_836234093
+ mkdir 2013_01_13_09_27_49_836234093
+ cd 2013_01_13_09_27_49_836234093
+ touch out.dat
+ env
+ echo 2013_01_13_09_27_49_836234093
+ uname -a
+ srun --nodes=1 --ntasks=1 -ppbatch cat /proc/cpuinfo
+ grep MHz
+ srun --nodes=1 --ntasks=1 -o host_info hostname
+ echo 'threads/node: 16'
+ echo 'nodes: ' 1
+ echo 'turbo: 0'
+ srun --nodes=1 --ntasks=1 -e f.err papiex -f dir-papi -e PAPI_L3_TCA -e PAPI_L3_TCM ../bmark4

In READ-WRITE mode.

Each chunk is: 4096
Iterations: 2
Nodes: 1
Threads: 16
 Rank 0 is done initializing
Time is: 169.410922 secs
+ cd ../
+ i=14
+ '[' 14 -ge 4 ']'
+ export OMP_NUM_THREADS=14
+ OMP_NUM_THREADS=14
+ export KMP_AFFINITY=scatter
+ KMP_AFFINITY=scatter
++ date +%Y_%m_%d_%H_%M_%S_%N
+ name=2013_01_13_09_30_40_799422983
+ mkdir 2013_01_13_09_30_40_799422983
+ cd 2013_01_13_09_30_40_799422983
+ touch out.dat
+ env
+ echo 2013_01_13_09_30_40_799422983
+ uname -a
+ srun --nodes=1 --ntasks=1 -ppbatch cat /proc/cpuinfo
+ grep MHz
+ srun --nodes=1 --ntasks=1 -o host_info hostname
+ echo 'threads/node: 14'
+ echo 'nodes: ' 1
+ echo 'turbo: 0'
+ srun --nodes=1 --ntasks=1 -e f.err papiex -f dir-papi -e PAPI_L3_TCA -e PAPI_L3_TCM ../bmark4

In READ-WRITE mode.

Each chunk is: 4096
Iterations: 2
Nodes: 1
Threads: 14
 Rank 0 is done initializing
Time is: 183.428942 secs
+ cd ../
+ i=12
+ '[' 12 -ge 4 ']'
+ export OMP_NUM_THREADS=12
+ OMP_NUM_THREADS=12
+ export KMP_AFFINITY=scatter
+ KMP_AFFINITY=scatter
++ date +%Y_%m_%d_%H_%M_%S_%N
+ name=2013_01_13_09_33_45_421275203
+ mkdir 2013_01_13_09_33_45_421275203
+ cd 2013_01_13_09_33_45_421275203
+ touch out.dat
+ env
+ echo 2013_01_13_09_33_45_421275203
+ uname -a
+ srun --nodes=1 --ntasks=1 -ppbatch cat /proc/cpuinfo
+ grep MHz
+ srun --nodes=1 --ntasks=1 -o host_info hostname
+ echo 'threads/node: 12'
+ echo 'nodes: ' 1
+ echo 'turbo: 0'
+ srun --nodes=1 --ntasks=1 -e f.err papiex -f dir-papi -e PAPI_L3_TCA -e PAPI_L3_TCM ../bmark4

In READ-WRITE mode.

Each chunk is: 4096
Iterations: 2
Nodes: 1
Threads: 12
 Rank 0 is done initializing
Time is: 200.221687 secs
+ cd ../
+ i=10
+ '[' 10 -ge 4 ']'
+ export OMP_NUM_THREADS=10
+ OMP_NUM_THREADS=10
+ export KMP_AFFINITY=scatter
+ KMP_AFFINITY=scatter
++ date +%Y_%m_%d_%H_%M_%S_%N
+ name=2013_01_13_09_37_06_876884578
+ mkdir 2013_01_13_09_37_06_876884578
+ cd 2013_01_13_09_37_06_876884578
+ touch out.dat
+ env
+ echo 2013_01_13_09_37_06_876884578
+ uname -a
+ srun --nodes=1 --ntasks=1 -ppbatch cat /proc/cpuinfo
+ grep MHz
+ srun --nodes=1 --ntasks=1 -o host_info hostname
+ echo 'threads/node: 10'
+ echo 'nodes: ' 1
+ echo 'turbo: 0'
+ srun --nodes=1 --ntasks=1 -e f.err papiex -f dir-papi -e PAPI_L3_TCA -e PAPI_L3_TCM ../bmark4

In READ-WRITE mode.

Each chunk is: 4096
Iterations: 2
Nodes: 1
Threads: 10
 Rank 0 is done initializing
Time is: 237.559330 secs
+ cd ../
+ i=8
+ '[' 8 -ge 4 ']'
+ export OMP_NUM_THREADS=8
+ OMP_NUM_THREADS=8
+ export KMP_AFFINITY=scatter
+ KMP_AFFINITY=scatter
++ date +%Y_%m_%d_%H_%M_%S_%N
+ name=2013_01_13_09_41_05_535098561
+ mkdir 2013_01_13_09_41_05_535098561
+ cd 2013_01_13_09_41_05_535098561
+ touch out.dat
+ env
+ echo 2013_01_13_09_41_05_535098561
+ uname -a
+ srun --nodes=1 --ntasks=1 -ppbatch cat /proc/cpuinfo
+ grep MHz
+ srun --nodes=1 --ntasks=1 -o host_info hostname
+ echo 'threads/node: 8'
+ echo 'nodes: ' 1
+ echo 'turbo: 0'
+ srun --nodes=1 --ntasks=1 -e f.err papiex -f dir-papi -e PAPI_L3_TCA -e PAPI_L3_TCM ../bmark4

In READ-WRITE mode.

Each chunk is: 4096
Iterations: 2
Nodes: 1
Threads: 8
 Rank 0 is done initializing
Time is: 280.907465 secs
+ cd ../
+ i=6
+ '[' 6 -ge 4 ']'
+ export OMP_NUM_THREADS=6
+ OMP_NUM_THREADS=6
+ export KMP_AFFINITY=scatter
+ KMP_AFFINITY=scatter
++ date +%Y_%m_%d_%H_%M_%S_%N
+ name=2013_01_13_09_45_47_577597485
+ mkdir 2013_01_13_09_45_47_577597485
+ cd 2013_01_13_09_45_47_577597485
+ touch out.dat
+ env
+ echo 2013_01_13_09_45_47_577597485
+ uname -a
+ srun --nodes=1 --ntasks=1 -ppbatch cat /proc/cpuinfo
+ grep MHz
+ srun --nodes=1 --ntasks=1 -o host_info hostname
+ echo 'threads/node: 6'
+ echo 'nodes: ' 1
+ echo 'turbo: 0'
+ srun --nodes=1 --ntasks=1 -e f.err papiex -f dir-papi -e PAPI_L3_TCA -e PAPI_L3_TCM ../bmark4

In READ-WRITE mode.

Each chunk is: 4096
Iterations: 2
Nodes: 1
Threads: 6
 Rank 0 is done initializing
Time is: 323.902082 secs
+ cd ../
+ i=4
+ '[' 4 -ge 4 ']'
+ export OMP_NUM_THREADS=4
+ OMP_NUM_THREADS=4
+ export KMP_AFFINITY=scatter
+ KMP_AFFINITY=scatter
++ date +%Y_%m_%d_%H_%M_%S_%N
+ name=2013_01_13_09_51_12_686996104
+ mkdir 2013_01_13_09_51_12_686996104
+ cd 2013_01_13_09_51_12_686996104
+ touch out.dat
+ env
+ echo 2013_01_13_09_51_12_686996104
+ uname -a
+ srun --nodes=1 --ntasks=1 -ppbatch cat /proc/cpuinfo
+ grep MHz
+ srun --nodes=1 --ntasks=1 -o host_info hostname
+ echo 'threads/node: 4'
+ echo 'nodes: ' 1
+ echo 'turbo: 0'
+ srun --nodes=1 --ntasks=1 -e f.err papiex -f dir-papi -e PAPI_L3_TCA -e PAPI_L3_TCM ../bmark4

In READ-WRITE mode.

Each chunk is: 4096
Iterations: 2
Nodes: 1
Threads: 4
 Rank 0 is done initializing
Time is: 519.553794 secs
+ cd ../
+ i=2
+ '[' 2 -ge 4 ']'
+ for pkg in 0x38198 0x381B8 0x381E0 0x038208 0x38230 0x38258 0x38280 0x382A8 0x382D0 0x0382f8 0x038320
+ export MSR_PKG_POWER_LIMIT=0x381B8
+ MSR_PKG_POWER_LIMIT=0x381B8
+ i=16
+ '[' 16 -ge 4 ']'
+ export OMP_NUM_THREADS=16
+ OMP_NUM_THREADS=16
+ export KMP_AFFINITY=scatter
+ KMP_AFFINITY=scatter
++ date +%Y_%m_%d_%H_%M_%S_%N
+ name=2013_01_13_09_59_53_357470259
+ mkdir 2013_01_13_09_59_53_357470259
+ cd 2013_01_13_09_59_53_357470259
+ touch out.dat
+ env
+ echo 2013_01_13_09_59_53_357470259
+ uname -a
+ srun --nodes=1 --ntasks=1 -ppbatch cat /proc/cpuinfo
+ grep MHz
+ srun --nodes=1 --ntasks=1 -o host_info hostname
+ echo 'threads/node: 16'
+ echo 'nodes: ' 1
+ echo 'turbo: 0'
+ srun --nodes=1 --ntasks=1 -e f.err papiex -f dir-papi -e PAPI_L3_TCA -e PAPI_L3_TCM ../bmark4

In READ-WRITE mode.

Each chunk is: 4096
Iterations: 2
Nodes: 1
Threads: 16
 Rank 0 is done initializing
Time is: 160.545782 secs
+ cd ../
+ i=14
+ '[' 14 -ge 4 ']'
+ export OMP_NUM_THREADS=14
+ OMP_NUM_THREADS=14
+ export KMP_AFFINITY=scatter
+ KMP_AFFINITY=scatter
++ date +%Y_%m_%d_%H_%M_%S_%N
+ name=2013_01_13_10_02_35_120348699
+ mkdir 2013_01_13_10_02_35_120348699
+ cd 2013_01_13_10_02_35_120348699
+ touch out.dat
+ env
+ echo 2013_01_13_10_02_35_120348699
+ uname -a
+ srun --nodes=1 --ntasks=1 -ppbatch cat /proc/cpuinfo
+ grep MHz
+ srun --nodes=1 --ntasks=1 -o host_info hostname
+ echo 'threads/node: 14'
+ echo 'nodes: ' 1
+ echo 'turbo: 0'
+ srun --nodes=1 --ntasks=1 -e f.err papiex -f dir-papi -e PAPI_L3_TCA -e PAPI_L3_TCM ../bmark4

In READ-WRITE mode.

Each chunk is: 4096
Iterations: 2
Nodes: 1
Threads: 14
 Rank 0 is done initializing
Time is: 174.430993 secs
+ cd ../
+ i=12
+ '[' 12 -ge 4 ']'
+ export OMP_NUM_THREADS=12
+ OMP_NUM_THREADS=12
+ export KMP_AFFINITY=scatter
+ KMP_AFFINITY=scatter
++ date +%Y_%m_%d_%H_%M_%S_%N
+ name=2013_01_13_10_05_30_740955540
+ mkdir 2013_01_13_10_05_30_740955540
+ cd 2013_01_13_10_05_30_740955540
+ touch out.dat
+ env
+ echo 2013_01_13_10_05_30_740955540
+ uname -a
+ srun --nodes=1 --ntasks=1 -ppbatch cat /proc/cpuinfo
+ grep MHz
+ srun --nodes=1 --ntasks=1 -o host_info hostname
+ echo 'threads/node: 12'
+ echo 'nodes: ' 1
+ echo 'turbo: 0'
+ srun --nodes=1 --ntasks=1 -e f.err papiex -f dir-papi -e PAPI_L3_TCA -e PAPI_L3_TCM ../bmark4

In READ-WRITE mode.

Each chunk is: 4096
Iterations: 2
Nodes: 1
Threads: 12
 Rank 0 is done initializing
Time is: 198.057176 secs
+ cd ../
+ i=10
+ '[' 10 -ge 4 ']'
+ export OMP_NUM_THREADS=10
+ OMP_NUM_THREADS=10
+ export KMP_AFFINITY=scatter
+ KMP_AFFINITY=scatter
++ date +%Y_%m_%d_%H_%M_%S_%N
+ name=2013_01_13_10_08_50_003067127
+ mkdir 2013_01_13_10_08_50_003067127
+ cd 2013_01_13_10_08_50_003067127
+ touch out.dat
+ env
+ echo 2013_01_13_10_08_50_003067127
+ uname -a
+ srun --nodes=1 --ntasks=1 -ppbatch cat /proc/cpuinfo
+ grep MHz
+ srun --nodes=1 --ntasks=1 -o host_info hostname
+ echo 'threads/node: 10'
+ echo 'nodes: ' 1
+ echo 'turbo: 0'
+ srun --nodes=1 --ntasks=1 -e f.err papiex -f dir-papi -e PAPI_L3_TCA -e PAPI_L3_TCM ../bmark4

In READ-WRITE mode.

Each chunk is: 4096
Iterations: 2
Nodes: 1
Threads: 10
 Rank 0 is done initializing
Time is: 226.209779 secs
+ cd ../
+ i=8
+ '[' 8 -ge 4 ']'
+ export OMP_NUM_THREADS=8
+ OMP_NUM_THREADS=8
+ export KMP_AFFINITY=scatter
+ KMP_AFFINITY=scatter
++ date +%Y_%m_%d_%H_%M_%S_%N
+ name=2013_01_13_10_12_37_495110038
+ mkdir 2013_01_13_10_12_37_495110038
+ cd 2013_01_13_10_12_37_495110038
+ touch out.dat
+ env
+ echo 2013_01_13_10_12_37_495110038
+ uname -a
+ srun --nodes=1 --ntasks=1 -ppbatch cat /proc/cpuinfo
+ grep MHz
+ srun --nodes=1 --ntasks=1 -o host_info hostname
+ echo 'threads/node: 8'
+ echo 'nodes: ' 1
+ echo 'turbo: 0'
+ srun --nodes=1 --ntasks=1 -e f.err papiex -f dir-papi -e PAPI_L3_TCA -e PAPI_L3_TCM ../bmark4

In READ-WRITE mode.

Each chunk is: 4096
Iterations: 2
Nodes: 1
Threads: 8
 Rank 0 is done initializing
Time is: 274.278560 secs
+ cd ../
+ i=6
+ '[' 6 -ge 4 ']'
+ export OMP_NUM_THREADS=6
+ OMP_NUM_THREADS=6
+ export KMP_AFFINITY=scatter
+ KMP_AFFINITY=scatter
++ date +%Y_%m_%d_%H_%M_%S_%N
+ name=2013_01_13_10_17_13_009139686
+ mkdir 2013_01_13_10_17_13_009139686
+ cd 2013_01_13_10_17_13_009139686
+ touch out.dat
+ env
+ echo 2013_01_13_10_17_13_009139686
+ uname -a
+ srun --nodes=1 --ntasks=1 -ppbatch cat /proc/cpuinfo
+ grep MHz
+ srun --nodes=1 --ntasks=1 -o host_info hostname
+ echo 'threads/node: 6'
+ echo 'nodes: ' 1
+ echo 'turbo: 0'
+ srun --nodes=1 --ntasks=1 -e f.err papiex -f dir-papi -e PAPI_L3_TCA -e PAPI_L3_TCM ../bmark4

In READ-WRITE mode.

Each chunk is: 4096
Iterations: 2
Nodes: 1
Threads: 6
 Rank 0 is done initializing
Time is: 330.508913 secs
+ cd ../
+ i=4
+ '[' 4 -ge 4 ']'
+ export OMP_NUM_THREADS=4
+ OMP_NUM_THREADS=4
+ export KMP_AFFINITY=scatter
+ KMP_AFFINITY=scatter
++ date +%Y_%m_%d_%H_%M_%S_%N
+ name=2013_01_13_10_22_44_708327531
+ mkdir 2013_01_13_10_22_44_708327531
+ cd 2013_01_13_10_22_44_708327531
+ touch out.dat
+ env
+ echo 2013_01_13_10_22_44_708327531
+ uname -a
+ srun --nodes=1 --ntasks=1 -ppbatch cat /proc/cpuinfo
+ grep MHz
+ srun --nodes=1 --ntasks=1 -o host_info hostname
+ echo 'threads/node: 4'
+ echo 'nodes: ' 1
+ echo 'turbo: 0'
+ srun --nodes=1 --ntasks=1 -e f.err papiex -f dir-papi -e PAPI_L3_TCA -e PAPI_L3_TCM ../bmark4

In READ-WRITE mode.

Each chunk is: 4096
Iterations: 2
Nodes: 1
Threads: 4
 Rank 0 is done initializing
Time is: 553.959401 secs
+ cd ../
+ i=2
+ '[' 2 -ge 4 ']'
+ for pkg in 0x38198 0x381B8 0x381E0 0x038208 0x38230 0x38258 0x38280 0x382A8 0x382D0 0x0382f8 0x038320
+ export MSR_PKG_POWER_LIMIT=0x381E0
+ MSR_PKG_POWER_LIMIT=0x381E0
+ i=16
+ '[' 16 -ge 4 ']'
+ export OMP_NUM_THREADS=16
+ OMP_NUM_THREADS=16
+ export KMP_AFFINITY=scatter
+ KMP_AFFINITY=scatter
++ date +%Y_%m_%d_%H_%M_%S_%N
+ name=2013_01_13_10_31_59_803726970
+ mkdir 2013_01_13_10_31_59_803726970
+ cd 2013_01_13_10_31_59_803726970
+ touch out.dat
+ env
+ echo 2013_01_13_10_31_59_803726970
+ uname -a
+ srun --nodes=1 --ntasks=1 -ppbatch cat /proc/cpuinfo
+ grep MHz
+ srun --nodes=1 --ntasks=1 -o host_info hostname
+ echo 'threads/node: 16'
+ echo 'nodes: ' 1
+ echo 'turbo: 0'
+ srun --nodes=1 --ntasks=1 -e f.err papiex -f dir-papi -e PAPI_L3_TCA -e PAPI_L3_TCM ../bmark4

In READ-WRITE mode.

Each chunk is: 4096
Iterations: 2
Nodes: 1
Threads: 16
 Rank 0 is done initializing
Time is: 152.451168 secs
+ cd ../
+ i=14
+ '[' 14 -ge 4 ']'
+ export OMP_NUM_THREADS=14
+ OMP_NUM_THREADS=14
+ export KMP_AFFINITY=scatter
+ KMP_AFFINITY=scatter
++ date +%Y_%m_%d_%H_%M_%S_%N
+ name=2013_01_13_10_34_33_631596674
+ mkdir 2013_01_13_10_34_33_631596674
+ cd 2013_01_13_10_34_33_631596674
+ touch out.dat
+ env
+ echo 2013_01_13_10_34_33_631596674
+ uname -a
+ srun --nodes=1 --ntasks=1 -ppbatch cat /proc/cpuinfo
+ grep MHz
+ srun --nodes=1 --ntasks=1 -o host_info hostname
+ echo 'threads/node: 14'
+ echo 'nodes: ' 1
+ echo 'turbo: 0'
+ srun --nodes=1 --ntasks=1 -e f.err papiex -f dir-papi -e PAPI_L3_TCA -e PAPI_L3_TCM ../bmark4

In READ-WRITE mode.

Each chunk is: 4096
Iterations: 2
Nodes: 1
Threads: 14
 Rank 0 is done initializing
Time is: 161.428200 secs
+ cd ../
+ i=12
+ '[' 12 -ge 4 ']'
+ export OMP_NUM_THREADS=12
+ OMP_NUM_THREADS=12
+ export KMP_AFFINITY=scatter
+ KMP_AFFINITY=scatter
++ date +%Y_%m_%d_%H_%M_%S_%N
+ name=2013_01_13_10_37_16_239739636
+ mkdir 2013_01_13_10_37_16_239739636
+ cd 2013_01_13_10_37_16_239739636
+ touch out.dat
+ env
+ echo 2013_01_13_10_37_16_239739636
+ uname -a
+ srun --nodes=1 --ntasks=1 -ppbatch cat /proc/cpuinfo
+ grep MHz
+ srun --nodes=1 --ntasks=1 -o host_info hostname
+ echo 'threads/node: 12'
+ echo 'nodes: ' 1
+ echo 'turbo: 0'
+ srun --nodes=1 --ntasks=1 -e f.err papiex -f dir-papi -e PAPI_L3_TCA -e PAPI_L3_TCM ../bmark4

In READ-WRITE mode.

Each chunk is: 4096
Iterations: 2
Nodes: 1
Threads: 12
 Rank 0 is done initializing
Time is: 193.811374 secs
+ cd ../
+ i=10
+ '[' 10 -ge 4 ']'
+ export OMP_NUM_THREADS=10
+ OMP_NUM_THREADS=10
+ export KMP_AFFINITY=scatter
+ KMP_AFFINITY=scatter
++ date +%Y_%m_%d_%H_%M_%S_%N
+ name=2013_01_13_10_40_31_280403671
+ mkdir 2013_01_13_10_40_31_280403671
+ cd 2013_01_13_10_40_31_280403671
+ touch out.dat
+ env
+ echo 2013_01_13_10_40_31_280403671
+ uname -a
+ srun --nodes=1 --ntasks=1 -ppbatch cat /proc/cpuinfo
+ grep MHz
+ srun --nodes=1 --ntasks=1 -o host_info hostname
+ echo 'threads/node: 10'
+ echo 'nodes: ' 1
+ echo 'turbo: 0'
+ srun --nodes=1 --ntasks=1 -e f.err papiex -f dir-papi -e PAPI_L3_TCA -e PAPI_L3_TCM ../bmark4

In READ-WRITE mode.

Each chunk is: 4096
Iterations: 2
Nodes: 1
Threads: 10
 Rank 0 is done initializing
Time is: 211.872427 secs
+ cd ../
+ i=8
+ '[' 8 -ge 4 ']'
+ export OMP_NUM_THREADS=8
+ OMP_NUM_THREADS=8
+ export KMP_AFFINITY=scatter
+ KMP_AFFINITY=scatter
++ date +%Y_%m_%d_%H_%M_%S_%N
+ name=2013_01_13_10_44_04_334852031
+ mkdir 2013_01_13_10_44_04_334852031
+ cd 2013_01_13_10_44_04_334852031
+ touch out.dat
+ env
+ echo 2013_01_13_10_44_04_334852031
+ uname -a
+ srun --nodes=1 --ntasks=1 -ppbatch cat /proc/cpuinfo
+ grep MHz
+ srun --nodes=1 --ntasks=1 -o host_info hostname
+ echo 'threads/node: 8'
+ echo 'nodes: ' 1
+ echo 'turbo: 0'
+ srun --nodes=1 --ntasks=1 -e f.err papiex -f dir-papi -e PAPI_L3_TCA -e PAPI_L3_TCM ../bmark4

In READ-WRITE mode.

Each chunk is: 4096
Iterations: 2
Nodes: 1
Threads: 8
 Rank 0 is done initializing
Time is: 287.735980 secs
+ cd ../
+ i=6
+ '[' 6 -ge 4 ']'
+ export OMP_NUM_THREADS=6
+ OMP_NUM_THREADS=6
+ export KMP_AFFINITY=scatter
+ KMP_AFFINITY=scatter
++ date +%Y_%m_%d_%H_%M_%S_%N
+ name=2013_01_13_10_48_53_278174981
+ mkdir 2013_01_13_10_48_53_278174981
+ cd 2013_01_13_10_48_53_278174981
+ touch out.dat
+ env
+ echo 2013_01_13_10_48_53_278174981
+ uname -a
+ srun --nodes=1 --ntasks=1 -ppbatch cat /proc/cpuinfo
+ grep MHz
+ srun --nodes=1 --ntasks=1 -o host_info hostname
+ echo 'threads/node: 6'
+ echo 'nodes: ' 1
+ echo 'turbo: 0'
+ srun --nodes=1 --ntasks=1 -e f.err papiex -f dir-papi -e PAPI_L3_TCA -e PAPI_L3_TCM ../bmark4

In READ-WRITE mode.

Each chunk is: 4096
Iterations: 2
Nodes: 1
Threads: 6
 Rank 0 is done initializing
Time is: 332.247090 secs
+ cd ../
+ i=4
+ '[' 4 -ge 4 ']'
+ export OMP_NUM_THREADS=4
+ OMP_NUM_THREADS=4
+ export KMP_AFFINITY=scatter
+ KMP_AFFINITY=scatter
++ date +%Y_%m_%d_%H_%M_%S_%N
+ name=2013_01_13_10_54_26_603898999
+ mkdir 2013_01_13_10_54_26_603898999
+ cd 2013_01_13_10_54_26_603898999
+ touch out.dat
+ env
+ echo 2013_01_13_10_54_26_603898999
+ uname -a
+ srun --nodes=1 --ntasks=1 -ppbatch cat /proc/cpuinfo
+ grep MHz
+ srun --nodes=1 --ntasks=1 -o host_info hostname
+ echo 'threads/node: 4'
+ echo 'nodes: ' 1
+ echo 'turbo: 0'
+ srun --nodes=1 --ntasks=1 -e f.err papiex -f dir-papi -e PAPI_L3_TCA -e PAPI_L3_TCM ../bmark4

In READ-WRITE mode.

Each chunk is: 4096
Iterations: 2
Nodes: 1
Threads: 4
 Rank 0 is done initializing
Time is: 586.228572 secs
+ cd ../
+ i=2
+ '[' 2 -ge 4 ']'
+ for pkg in 0x38198 0x381B8 0x381E0 0x038208 0x38230 0x38258 0x38280 0x382A8 0x382D0 0x0382f8 0x038320
+ export MSR_PKG_POWER_LIMIT=0x038208
+ MSR_PKG_POWER_LIMIT=0x038208
+ i=16
+ '[' 16 -ge 4 ']'
+ export OMP_NUM_THREADS=16
+ OMP_NUM_THREADS=16
+ export KMP_AFFINITY=scatter
+ KMP_AFFINITY=scatter
++ date +%Y_%m_%d_%H_%M_%S_%N
+ name=2013_01_13_11_04_14_155636764
+ mkdir 2013_01_13_11_04_14_155636764
+ cd 2013_01_13_11_04_14_155636764
+ touch out.dat
+ env
+ echo 2013_01_13_11_04_14_155636764
+ uname -a
+ srun --nodes=1 --ntasks=1 -ppbatch cat /proc/cpuinfo
+ grep MHz
+ srun --nodes=1 --ntasks=1 -o host_info hostname
+ echo 'threads/node: 16'
+ echo 'nodes: ' 1
+ echo 'turbo: 0'
+ srun --nodes=1 --ntasks=1 -e f.err papiex -f dir-papi -e PAPI_L3_TCA -e PAPI_L3_TCM ../bmark4

In READ-WRITE mode.

Each chunk is: 4096
Iterations: 2
Nodes: 1
Threads: 16
 Rank 0 is done initializing
Time is: 146.219486 secs
+ cd ../
+ i=14
+ '[' 14 -ge 4 ']'
+ export OMP_NUM_THREADS=14
+ OMP_NUM_THREADS=14
+ export KMP_AFFINITY=scatter
+ KMP_AFFINITY=scatter
++ date +%Y_%m_%d_%H_%M_%S_%N
+ name=2013_01_13_11_06_41_872820815
+ mkdir 2013_01_13_11_06_41_872820815
+ cd 2013_01_13_11_06_41_872820815
+ touch out.dat
+ env
+ echo 2013_01_13_11_06_41_872820815
+ uname -a
+ srun --nodes=1 --ntasks=1 -ppbatch cat /proc/cpuinfo
+ grep MHz
+ srun --nodes=1 --ntasks=1 -o host_info hostname
+ echo 'threads/node: 14'
+ echo 'nodes: ' 1
+ echo 'turbo: 0'
+ srun --nodes=1 --ntasks=1 -e f.err papiex -f dir-papi -e PAPI_L3_TCA -e PAPI_L3_TCM ../bmark4

In READ-WRITE mode.

Each chunk is: 4096
Iterations: 2
Nodes: 1
Threads: 14
 Rank 0 is done initializing
Time is: 155.684678 secs
+ cd ../
+ i=12
+ '[' 12 -ge 4 ']'
+ export OMP_NUM_THREADS=12
+ OMP_NUM_THREADS=12
+ export KMP_AFFINITY=scatter
+ KMP_AFFINITY=scatter
++ date +%Y_%m_%d_%H_%M_%S_%N
+ name=2013_01_13_11_09_18_899944859
+ mkdir 2013_01_13_11_09_18_899944859
+ cd 2013_01_13_11_09_18_899944859
+ touch out.dat
+ env
+ echo 2013_01_13_11_09_18_899944859
+ uname -a
+ srun --nodes=1 --ntasks=1 -ppbatch cat /proc/cpuinfo
+ grep MHz
+ srun --nodes=1 --ntasks=1 -o host_info hostname
+ echo 'threads/node: 12'
+ echo 'nodes: ' 1
+ echo 'turbo: 0'
+ srun --nodes=1 --ntasks=1 -e f.err papiex -f dir-papi -e PAPI_L3_TCA -e PAPI_L3_TCM ../bmark4

In READ-WRITE mode.

Each chunk is: 4096
Iterations: 2
Nodes: 1
Threads: 12
 Rank 0 is done initializing
Time is: 186.959886 secs
+ cd ../
+ i=10
+ '[' 10 -ge 4 ']'
+ export OMP_NUM_THREADS=10
+ OMP_NUM_THREADS=10
+ export KMP_AFFINITY=scatter
+ KMP_AFFINITY=scatter
++ date +%Y_%m_%d_%H_%M_%S_%N
+ name=2013_01_13_11_12_27_131338612
+ mkdir 2013_01_13_11_12_27_131338612
+ cd 2013_01_13_11_12_27_131338612
+ touch out.dat
+ env
+ echo 2013_01_13_11_12_27_131338612
+ uname -a
+ srun --nodes=1 --ntasks=1 -ppbatch cat /proc/cpuinfo
+ grep MHz
+ srun --nodes=1 --ntasks=1 -o host_info hostname
+ echo 'threads/node: 10'
+ echo 'nodes: ' 1
+ echo 'turbo: 0'
+ srun --nodes=1 --ntasks=1 -e f.err papiex -f dir-papi -e PAPI_L3_TCA -e PAPI_L3_TCM ../bmark4

In READ-WRITE mode.

Each chunk is: 4096
Iterations: 2
Nodes: 1
Threads: 10
 Rank 0 is done initializing
Time is: 213.766437 secs
+ cd ../
+ i=8
+ '[' 8 -ge 4 ']'
+ export OMP_NUM_THREADS=8
+ OMP_NUM_THREADS=8
+ export KMP_AFFINITY=scatter
+ KMP_AFFINITY=scatter
++ date +%Y_%m_%d_%H_%M_%S_%N
+ name=2013_01_13_11_16_02_184775779
+ mkdir 2013_01_13_11_16_02_184775779
+ cd 2013_01_13_11_16_02_184775779
+ touch out.dat
+ env
+ echo 2013_01_13_11_16_02_184775779
+ uname -a
+ srun --nodes=1 --ntasks=1 -ppbatch cat /proc/cpuinfo
+ grep MHz
+ srun --nodes=1 --ntasks=1 -o host_info hostname
+ echo 'threads/node: 8'
+ echo 'nodes: ' 1
+ echo 'turbo: 0'
+ srun --nodes=1 --ntasks=1 -e f.err papiex -f dir-papi -e PAPI_L3_TCA -e PAPI_L3_TCM ../bmark4

In READ-WRITE mode.

Each chunk is: 4096
Iterations: 2
Nodes: 1
Threads: 8
 Rank 0 is done initializing
Time is: 294.889988 secs
+ cd ../
+ i=6
+ '[' 6 -ge 4 ']'
+ export OMP_NUM_THREADS=6
+ OMP_NUM_THREADS=6
+ export KMP_AFFINITY=scatter
+ KMP_AFFINITY=scatter
++ date +%Y_%m_%d_%H_%M_%S_%N
+ name=2013_01_13_11_20_58_311377831
+ mkdir 2013_01_13_11_20_58_311377831
+ cd 2013_01_13_11_20_58_311377831
+ touch out.dat
+ env
+ echo 2013_01_13_11_20_58_311377831
+ uname -a
+ srun --nodes=1 --ntasks=1 -ppbatch cat /proc/cpuinfo
+ grep MHz
+ srun --nodes=1 --ntasks=1 -o host_info hostname
+ echo 'threads/node: 6'
+ echo 'nodes: ' 1
+ echo 'turbo: 0'
+ srun --nodes=1 --ntasks=1 -e f.err papiex -f dir-papi -e PAPI_L3_TCA -e PAPI_L3_TCM ../bmark4

In READ-WRITE mode.

Each chunk is: 4096
Iterations: 2
Nodes: 1
Threads: 6
 Rank 0 is done initializing
Time is: 334.320215 secs
+ cd ../
+ i=4
+ '[' 4 -ge 4 ']'
+ export OMP_NUM_THREADS=4
+ OMP_NUM_THREADS=4
+ export KMP_AFFINITY=scatter
+ KMP_AFFINITY=scatter
++ date +%Y_%m_%d_%H_%M_%S_%N
+ name=2013_01_13_11_26_33_835512086
+ mkdir 2013_01_13_11_26_33_835512086
+ cd 2013_01_13_11_26_33_835512086
+ touch out.dat
+ env
+ echo 2013_01_13_11_26_33_835512086
+ uname -a
+ srun --nodes=1 --ntasks=1 -ppbatch cat /proc/cpuinfo
+ grep MHz
+ srun --nodes=1 --ntasks=1 -o host_info hostname
+ echo 'threads/node: 4'
+ echo 'nodes: ' 1
+ echo 'turbo: 0'
+ srun --nodes=1 --ntasks=1 -e f.err papiex -f dir-papi -e PAPI_L3_TCA -e PAPI_L3_TCM ../bmark4

In READ-WRITE mode.

Each chunk is: 4096
Iterations: 2
Nodes: 1
Threads: 4
 Rank 0 is done initializing
Time is: 602.067338 secs
+ cd ../
+ i=2
+ '[' 2 -ge 4 ']'
+ for pkg in 0x38198 0x381B8 0x381E0 0x038208 0x38230 0x38258 0x38280 0x382A8 0x382D0 0x0382f8 0x038320
+ export MSR_PKG_POWER_LIMIT=0x38230
+ MSR_PKG_POWER_LIMIT=0x38230
+ i=16
+ '[' 16 -ge 4 ']'
+ export OMP_NUM_THREADS=16
+ OMP_NUM_THREADS=16
+ export KMP_AFFINITY=scatter
+ KMP_AFFINITY=scatter
++ date +%Y_%m_%d_%H_%M_%S_%N
+ name=2013_01_13_11_36_37_216810639
+ mkdir 2013_01_13_11_36_37_216810639
+ cd 2013_01_13_11_36_37_216810639
+ touch out.dat
+ env
+ echo 2013_01_13_11_36_37_216810639
+ uname -a
+ srun --nodes=1 --ntasks=1 -ppbatch cat /proc/cpuinfo
+ grep MHz
+ srun --nodes=1 --ntasks=1 -o host_info hostname
+ echo 'threads/node: 16'
+ echo 'nodes: ' 1
+ echo 'turbo: 0'
+ srun --nodes=1 --ntasks=1 -e f.err papiex -f dir-papi -e PAPI_L3_TCA -e PAPI_L3_TCM ../bmark4

In READ-WRITE mode.

Each chunk is: 4096
Iterations: 2
Nodes: 1
Threads: 16
 Rank 0 is done initializing
Time is: 140.876158 secs
+ cd ../
+ i=14
+ '[' 14 -ge 4 ']'
+ export OMP_NUM_THREADS=14
+ OMP_NUM_THREADS=14
+ export KMP_AFFINITY=scatter
+ KMP_AFFINITY=scatter
++ date +%Y_%m_%d_%H_%M_%S_%N
+ name=2013_01_13_11_38_59_436578049
+ mkdir 2013_01_13_11_38_59_436578049
+ cd 2013_01_13_11_38_59_436578049
+ touch out.dat
+ env
+ echo 2013_01_13_11_38_59_436578049
+ uname -a
+ srun --nodes=1 --ntasks=1 -ppbatch cat /proc/cpuinfo
+ grep MHz
+ srun --nodes=1 --ntasks=1 -o host_info hostname
+ echo 'threads/node: 14'
+ echo 'nodes: ' 1
+ echo 'turbo: 0'
+ srun --nodes=1 --ntasks=1 -e f.err papiex -f dir-papi -e PAPI_L3_TCA -e PAPI_L3_TCM ../bmark4

In READ-WRITE mode.

Each chunk is: 4096
Iterations: 2
Nodes: 1
Threads: 14
 Rank 0 is done initializing
Time is: 152.092033 secs
+ cd ../
+ i=12
+ '[' 12 -ge 4 ']'
+ export OMP_NUM_THREADS=12
+ OMP_NUM_THREADS=12
+ export KMP_AFFINITY=scatter
+ KMP_AFFINITY=scatter
++ date +%Y_%m_%d_%H_%M_%S_%N
+ name=2013_01_13_11_41_32_843783663
+ mkdir 2013_01_13_11_41_32_843783663
+ cd 2013_01_13_11_41_32_843783663
+ touch out.dat
+ env
+ echo 2013_01_13_11_41_32_843783663
+ uname -a
+ srun --nodes=1 --ntasks=1 -ppbatch cat /proc/cpuinfo
+ grep MHz
+ srun --nodes=1 --ntasks=1 -o host_info hostname
+ echo 'threads/node: 12'
+ echo 'nodes: ' 1
+ echo 'turbo: 0'
+ srun --nodes=1 --ntasks=1 -e f.err papiex -f dir-papi -e PAPI_L3_TCA -e PAPI_L3_TCM ../bmark4

In READ-WRITE mode.

Each chunk is: 4096
Iterations: 2
Nodes: 1
Threads: 12
 Rank 0 is done initializing
Time is: 181.178877 secs
+ cd ../
+ i=10
+ '[' 10 -ge 4 ']'
+ export OMP_NUM_THREADS=10
+ OMP_NUM_THREADS=10
+ export KMP_AFFINITY=scatter
+ KMP_AFFINITY=scatter
++ date +%Y_%m_%d_%H_%M_%S_%N
+ name=2013_01_13_11_44_35_282651025
+ mkdir 2013_01_13_11_44_35_282651025
+ cd 2013_01_13_11_44_35_282651025
+ touch out.dat
+ env
+ echo 2013_01_13_11_44_35_282651025
+ uname -a
+ srun --nodes=1 --ntasks=1 -ppbatch cat /proc/cpuinfo
+ grep MHz
+ srun --nodes=1 --ntasks=1 -o host_info hostname
+ echo 'threads/node: 10'
+ echo 'nodes: ' 1
+ echo 'turbo: 0'
+ srun --nodes=1 --ntasks=1 -e f.err papiex -f dir-papi -e PAPI_L3_TCA -e PAPI_L3_TCM ../bmark4

In READ-WRITE mode.

Each chunk is: 4096
Iterations: 2
Nodes: 1
Threads: 10
 Rank 0 is done initializing
Time is: 213.123605 secs
+ cd ../
+ i=8
+ '[' 8 -ge 4 ']'
+ export OMP_NUM_THREADS=8
+ OMP_NUM_THREADS=8
+ export KMP_AFFINITY=scatter
+ KMP_AFFINITY=scatter
++ date +%Y_%m_%d_%H_%M_%S_%N
+ name=2013_01_13_11_48_09_580884844
+ mkdir 2013_01_13_11_48_09_580884844
+ cd 2013_01_13_11_48_09_580884844
+ touch out.dat
+ env
+ echo 2013_01_13_11_48_09_580884844
+ uname -a
+ srun --nodes=1 --ntasks=1 -ppbatch cat /proc/cpuinfo
+ grep MHz
+ srun --nodes=1 --ntasks=1 -o host_info hostname
+ echo 'threads/node: 8'
+ echo 'nodes: ' 1
+ echo 'turbo: 0'
+ srun --nodes=1 --ntasks=1 -e f.err papiex -f dir-papi -e PAPI_L3_TCA -e PAPI_L3_TCM ../bmark4

In READ-WRITE mode.

Each chunk is: 4096
Iterations: 2
Nodes: 1
Threads: 8
 Rank 0 is done initializing
Time is: 279.203498 secs
+ cd ../
+ i=6
+ '[' 6 -ge 4 ']'
+ export OMP_NUM_THREADS=6
+ OMP_NUM_THREADS=6
+ export KMP_AFFINITY=scatter
+ KMP_AFFINITY=scatter
++ date +%Y_%m_%d_%H_%M_%S_%N
+ name=2013_01_13_11_52_50_099630864
+ mkdir 2013_01_13_11_52_50_099630864
+ cd 2013_01_13_11_52_50_099630864
+ touch out.dat
+ env
+ echo 2013_01_13_11_52_50_099630864
+ uname -a
+ srun --nodes=1 --ntasks=1 -ppbatch cat /proc/cpuinfo
+ grep MHz
+ srun --nodes=1 --ntasks=1 -o host_info hostname
+ echo 'threads/node: 6'
+ echo 'nodes: ' 1
+ echo 'turbo: 0'
+ srun --nodes=1 --ntasks=1 -e f.err papiex -f dir-papi -e PAPI_L3_TCA -e PAPI_L3_TCM ../bmark4

In READ-WRITE mode.

Each chunk is: 4096
Iterations: 2
Nodes: 1
Threads: 6
 Rank 0 is done initializing
Time is: 339.403507 secs
+ cd ../
+ i=4
+ '[' 4 -ge 4 ']'
+ export OMP_NUM_THREADS=4
+ OMP_NUM_THREADS=4
+ export KMP_AFFINITY=scatter
+ KMP_AFFINITY=scatter
++ date +%Y_%m_%d_%H_%M_%S_%N
+ name=2013_01_13_11_58_30_663678386
+ mkdir 2013_01_13_11_58_30_663678386
+ cd 2013_01_13_11_58_30_663678386
+ touch out.dat
+ env
+ echo 2013_01_13_11_58_30_663678386
+ uname -a
+ srun --nodes=1 --ntasks=1 -ppbatch cat /proc/cpuinfo
+ grep MHz
+ srun --nodes=1 --ntasks=1 -o host_info hostname
+ echo 'threads/node: 4'
+ echo 'nodes: ' 1
+ echo 'turbo: 0'
+ srun --nodes=1 --ntasks=1 -e f.err papiex -f dir-papi -e PAPI_L3_TCA -e PAPI_L3_TCM ../bmark4

In READ-WRITE mode.

Each chunk is: 4096
Iterations: 2
Nodes: 1
Threads: 4
 Rank 0 is done initializing
Time is: 567.044438 secs
+ cd ../
+ i=2
+ '[' 2 -ge 4 ']'
+ for pkg in 0x38198 0x381B8 0x381E0 0x038208 0x38230 0x38258 0x38280 0x382A8 0x382D0 0x0382f8 0x038320
+ export MSR_PKG_POWER_LIMIT=0x38258
+ MSR_PKG_POWER_LIMIT=0x38258
+ i=16
+ '[' 16 -ge 4 ']'
+ export OMP_NUM_THREADS=16
+ OMP_NUM_THREADS=16
+ export KMP_AFFINITY=scatter
+ KMP_AFFINITY=scatter
++ date +%Y_%m_%d_%H_%M_%S_%N
+ name=2013_01_13_12_07_58_880096234
+ mkdir 2013_01_13_12_07_58_880096234
+ cd 2013_01_13_12_07_58_880096234
+ touch out.dat
+ env
+ echo 2013_01_13_12_07_58_880096234
+ uname -a
+ srun --nodes=1 --ntasks=1 -ppbatch cat /proc/cpuinfo
+ grep MHz
+ srun --nodes=1 --ntasks=1 -o host_info hostname
+ echo 'threads/node: 16'
+ echo 'nodes: ' 1
+ echo 'turbo: 0'
+ srun --nodes=1 --ntasks=1 -e f.err papiex -f dir-papi -e PAPI_L3_TCA -e PAPI_L3_TCM ../bmark4

In READ-WRITE mode.

Each chunk is: 4096
Iterations: 2
Nodes: 1
Threads: 16
 Rank 0 is done initializing
Time is: 133.989026 secs
+ cd ../
+ i=14
+ '[' 14 -ge 4 ']'
+ export OMP_NUM_THREADS=14
+ OMP_NUM_THREADS=14
+ export KMP_AFFINITY=scatter
+ KMP_AFFINITY=scatter
++ date +%Y_%m_%d_%H_%M_%S_%N
+ name=2013_01_13_12_10_14_332621066
+ mkdir 2013_01_13_12_10_14_332621066
+ cd 2013_01_13_12_10_14_332621066
+ touch out.dat
+ env
+ echo 2013_01_13_12_10_14_332621066
+ uname -a
+ srun --nodes=1 --ntasks=1 -ppbatch cat /proc/cpuinfo
+ grep MHz
+ srun --nodes=1 --ntasks=1 -o host_info hostname
+ echo 'threads/node: 14'
+ echo 'nodes: ' 1
+ echo 'turbo: 0'
+ srun --nodes=1 --ntasks=1 -e f.err papiex -f dir-papi -e PAPI_L3_TCA -e PAPI_L3_TCM ../bmark4

In READ-WRITE mode.

Each chunk is: 4096
Iterations: 2
Nodes: 1
Threads: 14
 Rank 0 is done initializing
Time is: 148.633730 secs
+ cd ../
+ i=12
+ '[' 12 -ge 4 ']'
+ export OMP_NUM_THREADS=12
+ OMP_NUM_THREADS=12
+ export KMP_AFFINITY=scatter
+ KMP_AFFINITY=scatter
++ date +%Y_%m_%d_%H_%M_%S_%N
+ name=2013_01_13_12_12_44_379276957
+ mkdir 2013_01_13_12_12_44_379276957
+ cd 2013_01_13_12_12_44_379276957
+ touch out.dat
+ env
+ echo 2013_01_13_12_12_44_379276957
+ uname -a
+ srun --nodes=1 --ntasks=1 -ppbatch cat /proc/cpuinfo
+ grep MHz
+ srun --nodes=1 --ntasks=1 -o host_info hostname
+ echo 'threads/node: 12'
+ echo 'nodes: ' 1
+ echo 'turbo: 0'
+ srun --nodes=1 --ntasks=1 -e f.err papiex -f dir-papi -e PAPI_L3_TCA -e PAPI_L3_TCM ../bmark4

In READ-WRITE mode.

Each chunk is: 4096
Iterations: 2
Nodes: 1
Threads: 12
 Rank 0 is done initializing
Time is: 178.271502 secs
+ cd ../
+ i=10
+ '[' 10 -ge 4 ']'
+ export OMP_NUM_THREADS=10
+ OMP_NUM_THREADS=10
+ export KMP_AFFINITY=scatter
+ KMP_AFFINITY=scatter
++ date +%Y_%m_%d_%H_%M_%S_%N
+ name=2013_01_13_12_15_43_842796703
+ mkdir 2013_01_13_12_15_43_842796703
+ cd 2013_01_13_12_15_43_842796703
+ touch out.dat
+ env
+ echo 2013_01_13_12_15_43_842796703
+ uname -a
+ srun --nodes=1 --ntasks=1 -ppbatch cat /proc/cpuinfo
+ grep MHz
+ srun --nodes=1 --ntasks=1 -o host_info hostname
+ echo 'threads/node: 10'
+ echo 'nodes: ' 1
+ echo 'turbo: 0'
+ srun --nodes=1 --ntasks=1 -e f.err papiex -f dir-papi -e PAPI_L3_TCA -e PAPI_L3_TCM ../bmark4

In READ-WRITE mode.

Each chunk is: 4096
Iterations: 2
Nodes: 1
Threads: 10
 Rank 0 is done initializing
Time is: 208.838499 secs
+ cd ../
+ i=8
+ '[' 8 -ge 4 ']'
+ export OMP_NUM_THREADS=8
+ OMP_NUM_THREADS=8
+ export KMP_AFFINITY=scatter
+ KMP_AFFINITY=scatter
++ date +%Y_%m_%d_%H_%M_%S_%N
+ name=2013_01_13_12_19_13_964673175
+ mkdir 2013_01_13_12_19_13_964673175
+ cd 2013_01_13_12_19_13_964673175
+ touch out.dat
+ env
+ echo 2013_01_13_12_19_13_964673175
+ uname -a
+ srun --nodes=1 --ntasks=1 -ppbatch cat /proc/cpuinfo
+ grep MHz
+ srun --nodes=1 --ntasks=1 -o host_info hostname
+ echo 'threads/node: 8'
+ echo 'nodes: ' 1
+ echo 'turbo: 0'
+ srun --nodes=1 --ntasks=1 -e f.err papiex -f dir-papi -e PAPI_L3_TCA -e PAPI_L3_TCM ../bmark4

In READ-WRITE mode.

Each chunk is: 4096
Iterations: 2
Nodes: 1
Threads: 8
 Rank 0 is done initializing
Time is: 287.552395 secs
+ cd ../
+ i=6
+ '[' 6 -ge 4 ']'
+ export OMP_NUM_THREADS=6
+ OMP_NUM_THREADS=6
+ export KMP_AFFINITY=scatter
+ KMP_AFFINITY=scatter
++ date +%Y_%m_%d_%H_%M_%S_%N
+ name=2013_01_13_12_24_02_701501069
+ mkdir 2013_01_13_12_24_02_701501069
+ cd 2013_01_13_12_24_02_701501069
+ touch out.dat
+ env
+ echo 2013_01_13_12_24_02_701501069
+ uname -a
+ srun --nodes=1 --ntasks=1 -ppbatch cat /proc/cpuinfo
+ grep MHz
+ srun --nodes=1 --ntasks=1 -o host_info hostname
+ echo 'threads/node: 6'
+ echo 'nodes: ' 1
+ echo 'turbo: 0'
+ srun --nodes=1 --ntasks=1 -e f.err papiex -f dir-papi -e PAPI_L3_TCA -e PAPI_L3_TCM ../bmark4

In READ-WRITE mode.

Each chunk is: 4096
Iterations: 2
Nodes: 1
Threads: 6
 Rank 0 is done initializing
Time is: 342.515749 secs
+ cd ../
+ i=4
+ '[' 4 -ge 4 ']'
+ export OMP_NUM_THREADS=4
+ OMP_NUM_THREADS=4
+ export KMP_AFFINITY=scatter
+ KMP_AFFINITY=scatter
++ date +%Y_%m_%d_%H_%M_%S_%N
+ name=2013_01_13_12_29_46_478299349
+ mkdir 2013_01_13_12_29_46_478299349
+ cd 2013_01_13_12_29_46_478299349
+ touch out.dat
+ env
+ echo 2013_01_13_12_29_46_478299349
+ uname -a
+ srun --nodes=1 --ntasks=1 -ppbatch cat /proc/cpuinfo
+ grep MHz
+ srun --nodes=1 --ntasks=1 -o host_info hostname
+ echo 'threads/node: 4'
+ echo 'nodes: ' 1
+ echo 'turbo: 0'
+ srun --nodes=1 --ntasks=1 -e f.err papiex -f dir-papi -e PAPI_L3_TCA -e PAPI_L3_TCM ../bmark4

In READ-WRITE mode.

Each chunk is: 4096
Iterations: 2
Nodes: 1
Threads: 4
 Rank 0 is done initializing
Time is: 523.870794 secs
+ cd ../
+ i=2
+ '[' 2 -ge 4 ']'
+ for pkg in 0x38198 0x381B8 0x381E0 0x038208 0x38230 0x38258 0x38280 0x382A8 0x382D0 0x0382f8 0x038320
+ export MSR_PKG_POWER_LIMIT=0x38280
+ MSR_PKG_POWER_LIMIT=0x38280
+ i=16
+ '[' 16 -ge 4 ']'
+ export OMP_NUM_THREADS=16
+ OMP_NUM_THREADS=16
+ export KMP_AFFINITY=scatter
+ KMP_AFFINITY=scatter
++ date +%Y_%m_%d_%H_%M_%S_%N
+ name=2013_01_13_12_38_31_574235514
+ mkdir 2013_01_13_12_38_31_574235514
+ cd 2013_01_13_12_38_31_574235514
+ touch out.dat
+ env
+ echo 2013_01_13_12_38_31_574235514
+ uname -a
+ grep MHz
+ srun --nodes=1 --ntasks=1 -ppbatch cat /proc/cpuinfo
+ srun --nodes=1 --ntasks=1 -o host_info hostname
+ echo 'threads/node: 16'
+ echo 'nodes: ' 1
+ echo 'turbo: 0'
+ srun --nodes=1 --ntasks=1 -e f.err papiex -f dir-papi -e PAPI_L3_TCA -e PAPI_L3_TCM ../bmark4

In READ-WRITE mode.

Each chunk is: 4096
Iterations: 2
Nodes: 1
Threads: 16
 Rank 0 is done initializing
Time is: 131.992731 secs
+ cd ../
+ i=14
+ '[' 14 -ge 4 ']'
+ export OMP_NUM_THREADS=14
+ OMP_NUM_THREADS=14
+ export KMP_AFFINITY=scatter
+ KMP_AFFINITY=scatter
++ date +%Y_%m_%d_%H_%M_%S_%N
+ name=2013_01_13_12_40_44_810731177
+ mkdir 2013_01_13_12_40_44_810731177
+ cd 2013_01_13_12_40_44_810731177
+ touch out.dat
+ env
+ echo 2013_01_13_12_40_44_810731177
+ uname -a
+ srun --nodes=1 --ntasks=1 -ppbatch cat /proc/cpuinfo
+ grep MHz
+ srun --nodes=1 --ntasks=1 -o host_info hostname
+ echo 'threads/node: 14'
+ echo 'nodes: ' 1
+ echo 'turbo: 0'
+ srun --nodes=1 --ntasks=1 -e f.err papiex -f dir-papi -e PAPI_L3_TCA -e PAPI_L3_TCM ../bmark4

In READ-WRITE mode.

Each chunk is: 4096
Iterations: 2
Nodes: 1
Threads: 14
 Rank 0 is done initializing
Time is: 149.296604 secs
+ cd ../
+ i=12
+ '[' 12 -ge 4 ']'
+ export OMP_NUM_THREADS=12
+ OMP_NUM_THREADS=12
+ export KMP_AFFINITY=scatter
+ KMP_AFFINITY=scatter
++ date +%Y_%m_%d_%H_%M_%S_%N
+ name=2013_01_13_12_43_15_442799430
+ mkdir 2013_01_13_12_43_15_442799430
+ cd 2013_01_13_12_43_15_442799430
+ touch out.dat
+ env
+ echo 2013_01_13_12_43_15_442799430
+ uname -a
+ srun --nodes=1 --ntasks=1 -ppbatch cat /proc/cpuinfo
+ grep MHz
+ srun --nodes=1 --ntasks=1 -o host_info hostname
+ echo 'threads/node: 12'
+ echo 'nodes: ' 1
+ echo 'turbo: 0'
+ srun --nodes=1 --ntasks=1 -e f.err papiex -f dir-papi -e PAPI_L3_TCA -e PAPI_L3_TCM ../bmark4

In READ-WRITE mode.

Each chunk is: 4096
Iterations: 2
Nodes: 1
Threads: 12
 Rank 0 is done initializing
Time is: 178.269604 secs
+ cd ../
+ i=10
+ '[' 10 -ge 4 ']'
+ export OMP_NUM_THREADS=10
+ OMP_NUM_THREADS=10
+ export KMP_AFFINITY=scatter
+ KMP_AFFINITY=scatter
++ date +%Y_%m_%d_%H_%M_%S_%N
+ name=2013_01_13_12_46_14_935700660
+ mkdir 2013_01_13_12_46_14_935700660
+ cd 2013_01_13_12_46_14_935700660
+ touch out.dat
+ env
+ echo 2013_01_13_12_46_14_935700660
+ uname -a
+ srun --nodes=1 --ntasks=1 -ppbatch cat /proc/cpuinfo
+ grep MHz
+ srun --nodes=1 --ntasks=1 -o host_info hostname
+ echo 'threads/node: 10'
+ echo 'nodes: ' 1
+ echo 'turbo: 0'
+ srun --nodes=1 --ntasks=1 -e f.err papiex -f dir-papi -e PAPI_L3_TCA -e PAPI_L3_TCM ../bmark4

In READ-WRITE mode.

Each chunk is: 4096
Iterations: 2
Nodes: 1
Threads: 10
 Rank 0 is done initializing
Time is: 214.169717 secs
+ cd ../
+ i=8
+ '[' 8 -ge 4 ']'
+ export OMP_NUM_THREADS=8
+ OMP_NUM_THREADS=8
+ export KMP_AFFINITY=scatter
+ KMP_AFFINITY=scatter
++ date +%Y_%m_%d_%H_%M_%S_%N
+ name=2013_01_13_12_49_50_425549302
+ mkdir 2013_01_13_12_49_50_425549302
+ cd 2013_01_13_12_49_50_425549302
+ touch out.dat
+ env
+ echo 2013_01_13_12_49_50_425549302
+ uname -a
+ srun --nodes=1 --ntasks=1 -ppbatch cat /proc/cpuinfo
+ grep MHz
+ srun --nodes=1 --ntasks=1 -o host_info hostname
+ echo 'threads/node: 8'
+ echo 'nodes: ' 1
+ echo 'turbo: 0'
+ srun --nodes=1 --ntasks=1 -e f.err papiex -f dir-papi -e PAPI_L3_TCA -e PAPI_L3_TCM ../bmark4

In READ-WRITE mode.

Each chunk is: 4096
Iterations: 2
Nodes: 1
Threads: 8
 Rank 0 is done initializing
Time is: 273.406795 secs
+ cd ../
+ i=6
+ '[' 6 -ge 4 ']'
+ export OMP_NUM_THREADS=6
+ OMP_NUM_THREADS=6
+ export KMP_AFFINITY=scatter
+ KMP_AFFINITY=scatter
++ date +%Y_%m_%d_%H_%M_%S_%N
+ name=2013_01_13_12_54_25_122488714
+ mkdir 2013_01_13_12_54_25_122488714
+ cd 2013_01_13_12_54_25_122488714
+ touch out.dat
+ env
+ echo 2013_01_13_12_54_25_122488714
+ uname -a
+ srun --nodes=1 --ntasks=1 -ppbatch cat /proc/cpuinfo
+ grep MHz
+ srun --nodes=1 --ntasks=1 -o host_info hostname
+ echo 'threads/node: 6'
+ echo 'nodes: ' 1
+ echo 'turbo: 0'
+ srun --nodes=1 --ntasks=1 -e f.err papiex -f dir-papi -e PAPI_L3_TCA -e PAPI_L3_TCM ../bmark4

In READ-WRITE mode.

Each chunk is: 4096
Iterations: 2
Nodes: 1
Threads: 6
 Rank 0 is done initializing
Time is: 334.186993 secs
+ cd ../
+ i=4
+ '[' 4 -ge 4 ']'
+ export OMP_NUM_THREADS=4
+ OMP_NUM_THREADS=4
+ export KMP_AFFINITY=scatter
+ KMP_AFFINITY=scatter
++ date +%Y_%m_%d_%H_%M_%S_%N
+ name=2013_01_13_13_00_00_455537376
+ mkdir 2013_01_13_13_00_00_455537376
+ cd 2013_01_13_13_00_00_455537376
+ touch out.dat
+ env
+ echo 2013_01_13_13_00_00_455537376
+ uname -a
+ srun --nodes=1 --ntasks=1 -ppbatch cat /proc/cpuinfo
+ grep MHz
+ srun --nodes=1 --ntasks=1 -o host_info hostname
+ echo 'threads/node: 4'
+ echo 'nodes: ' 1
+ echo 'turbo: 0'
+ srun --nodes=1 --ntasks=1 -e f.err papiex -f dir-papi -e PAPI_L3_TCA -e PAPI_L3_TCM ../bmark4

In READ-WRITE mode.

Each chunk is: 4096
Iterations: 2
Nodes: 1
Threads: 4
 Rank 0 is done initializing
Time is: 593.377100 secs
+ cd ../
+ i=2
+ '[' 2 -ge 4 ']'
+ for pkg in 0x38198 0x381B8 0x381E0 0x038208 0x38230 0x38258 0x38280 0x382A8 0x382D0 0x0382f8 0x038320
+ export MSR_PKG_POWER_LIMIT=0x382A8
+ MSR_PKG_POWER_LIMIT=0x382A8
+ i=16
+ '[' 16 -ge 4 ']'
+ export OMP_NUM_THREADS=16
+ OMP_NUM_THREADS=16
+ export KMP_AFFINITY=scatter
+ KMP_AFFINITY=scatter
++ date +%Y_%m_%d_%H_%M_%S_%N
+ name=2013_01_13_13_09_55_011411512
+ mkdir 2013_01_13_13_09_55_011411512
+ cd 2013_01_13_13_09_55_011411512
+ touch out.dat
+ env
+ echo 2013_01_13_13_09_55_011411512
+ uname -a
+ srun --nodes=1 --ntasks=1 -ppbatch cat /proc/cpuinfo
+ grep MHz
+ srun --nodes=1 --ntasks=1 -o host_info hostname
+ echo 'threads/node: 16'
+ echo 'nodes: ' 1
+ echo 'turbo: 0'
+ srun --nodes=1 --ntasks=1 -e f.err papiex -f dir-papi -e PAPI_L3_TCA -e PAPI_L3_TCM ../bmark4

In READ-WRITE mode.

Each chunk is: 4096
Iterations: 2
Nodes: 1
Threads: 16
 Rank 0 is done initializing
Time is: 130.636362 secs
+ cd ../
+ i=14
+ '[' 14 -ge 4 ']'
+ export OMP_NUM_THREADS=14
+ OMP_NUM_THREADS=14
+ export KMP_AFFINITY=scatter
+ KMP_AFFINITY=scatter
++ date +%Y_%m_%d_%H_%M_%S_%N
+ name=2013_01_13_13_12_07_021924342
+ mkdir 2013_01_13_13_12_07_021924342
+ cd 2013_01_13_13_12_07_021924342
+ touch out.dat
+ env
+ echo 2013_01_13_13_12_07_021924342
+ uname -a
+ srun --nodes=1 --ntasks=1 -ppbatch cat /proc/cpuinfo
+ grep MHz
+ srun --nodes=1 --ntasks=1 -o host_info hostname
+ echo 'threads/node: 14'
+ echo 'nodes: ' 1
+ echo 'turbo: 0'
+ srun --nodes=1 --ntasks=1 -e f.err papiex -f dir-papi -e PAPI_L3_TCA -e PAPI_L3_TCM ../bmark4

In READ-WRITE mode.

Each chunk is: 4096
Iterations: 2
Nodes: 1
Threads: 14
 Rank 0 is done initializing
Time is: 149.883202 secs
+ cd ../
+ i=12
+ '[' 12 -ge 4 ']'
+ export OMP_NUM_THREADS=12
+ OMP_NUM_THREADS=12
+ export KMP_AFFINITY=scatter
+ KMP_AFFINITY=scatter
++ date +%Y_%m_%d_%H_%M_%S_%N
+ name=2013_01_13_13_14_38_254243912
+ mkdir 2013_01_13_13_14_38_254243912
+ cd 2013_01_13_13_14_38_254243912
+ touch out.dat
+ env
+ echo 2013_01_13_13_14_38_254243912
+ uname -a
+ srun --nodes=1 --ntasks=1 -ppbatch cat /proc/cpuinfo
+ grep MHz
+ srun --nodes=1 --ntasks=1 -o host_info hostname
+ echo 'threads/node: 12'
+ echo 'nodes: ' 1
+ echo 'turbo: 0'
+ srun --nodes=1 --ntasks=1 -e f.err papiex -f dir-papi -e PAPI_L3_TCA -e PAPI_L3_TCM ../bmark4

In READ-WRITE mode.

Each chunk is: 4096
Iterations: 2
Nodes: 1
Threads: 12
 Rank 0 is done initializing
Time is: 175.034459 secs
+ cd ../
+ i=10
+ '[' 10 -ge 4 ']'
+ export OMP_NUM_THREADS=10
+ OMP_NUM_THREADS=10
+ export KMP_AFFINITY=scatter
+ KMP_AFFINITY=scatter
++ date +%Y_%m_%d_%H_%M_%S_%N
+ name=2013_01_13_13_17_34_725238009
+ mkdir 2013_01_13_13_17_34_725238009
+ cd 2013_01_13_13_17_34_725238009
+ touch out.dat
+ env
+ echo 2013_01_13_13_17_34_725238009
+ uname -a
+ srun --nodes=1 --ntasks=1 -ppbatch cat /proc/cpuinfo
+ grep MHz
+ srun --nodes=1 --ntasks=1 -o host_info hostname
+ echo 'threads/node: 10'
+ echo 'nodes: ' 1
+ echo 'turbo: 0'
+ srun --nodes=1 --ntasks=1 -e f.err papiex -f dir-papi -e PAPI_L3_TCA -e PAPI_L3_TCM ../bmark4

In READ-WRITE mode.

Each chunk is: 4096
Iterations: 2
Nodes: 1
Threads: 10
 Rank 0 is done initializing
Time is: 215.854625 secs
+ cd ../
+ i=8
+ '[' 8 -ge 4 ']'
+ export OMP_NUM_THREADS=8
+ OMP_NUM_THREADS=8
+ export KMP_AFFINITY=scatter
+ KMP_AFFINITY=scatter
++ date +%Y_%m_%d_%H_%M_%S_%N
+ name=2013_01_13_13_21_12_033051544
+ mkdir 2013_01_13_13_21_12_033051544
+ cd 2013_01_13_13_21_12_033051544
+ touch out.dat
+ env
+ echo 2013_01_13_13_21_12_033051544
+ uname -a
+ srun --nodes=1 --ntasks=1 -ppbatch cat /proc/cpuinfo
+ grep MHz
+ srun --nodes=1 --ntasks=1 -o host_info hostname
+ echo 'threads/node: 8'
+ echo 'nodes: ' 1
+ echo 'turbo: 0'
+ srun --nodes=1 --ntasks=1 -e f.err papiex -f dir-papi -e PAPI_L3_TCA -e PAPI_L3_TCM ../bmark4

In READ-WRITE mode.

Each chunk is: 4096
Iterations: 2
Nodes: 1
Threads: 8
 Rank 0 is done initializing
Time is: 288.356939 secs
+ cd ../
+ i=6
+ '[' 6 -ge 4 ']'
+ export OMP_NUM_THREADS=6
+ OMP_NUM_THREADS=6
+ export KMP_AFFINITY=scatter
+ KMP_AFFINITY=scatter
++ date +%Y_%m_%d_%H_%M_%S_%N
+ name=2013_01_13_13_26_01_525141463
+ mkdir 2013_01_13_13_26_01_525141463
+ cd 2013_01_13_13_26_01_525141463
+ touch out.dat
+ env
+ echo 2013_01_13_13_26_01_525141463
+ uname -a
+ srun --nodes=1 --ntasks=1 -ppbatch cat /proc/cpuinfo
+ grep MHz
+ srun --nodes=1 --ntasks=1 -o host_info hostname
+ echo 'threads/node: 6'
+ echo 'nodes: ' 1
+ echo 'turbo: 0'
+ srun --nodes=1 --ntasks=1 -e f.err papiex -f dir-papi -e PAPI_L3_TCA -e PAPI_L3_TCM ../bmark4

In READ-WRITE mode.

Each chunk is: 4096
Iterations: 2
Nodes: 1
Threads: 6
 Rank 0 is done initializing
Time is: 327.593280 secs
+ cd ../
+ i=4
+ '[' 4 -ge 4 ']'
+ export OMP_NUM_THREADS=4
+ OMP_NUM_THREADS=4
+ export KMP_AFFINITY=scatter
+ KMP_AFFINITY=scatter
++ date +%Y_%m_%d_%H_%M_%S_%N
+ name=2013_01_13_13_31_30_243075304
+ mkdir 2013_01_13_13_31_30_243075304
+ cd 2013_01_13_13_31_30_243075304
+ touch out.dat
+ env
+ echo 2013_01_13_13_31_30_243075304
+ uname -a
+ srun --nodes=1 --ntasks=1 -ppbatch cat /proc/cpuinfo
+ grep MHz
+ srun --nodes=1 --ntasks=1 -o host_info hostname
+ echo 'threads/node: 4'
+ echo 'nodes: ' 1
+ echo 'turbo: 0'
+ srun --nodes=1 --ntasks=1 -e f.err papiex -f dir-papi -e PAPI_L3_TCA -e PAPI_L3_TCM ../bmark4

In READ-WRITE mode.

Each chunk is: 4096
Iterations: 2
Nodes: 1
Threads: 4
 Rank 0 is done initializing
Time is: 499.520548 secs
+ cd ../
+ i=2
+ '[' 2 -ge 4 ']'
+ for pkg in 0x38198 0x381B8 0x381E0 0x038208 0x38230 0x38258 0x38280 0x382A8 0x382D0 0x0382f8 0x038320
+ export MSR_PKG_POWER_LIMIT=0x382D0
+ MSR_PKG_POWER_LIMIT=0x382D0
+ i=16
+ '[' 16 -ge 4 ']'
+ export OMP_NUM_THREADS=16
+ OMP_NUM_THREADS=16
+ export KMP_AFFINITY=scatter
+ KMP_AFFINITY=scatter
++ date +%Y_%m_%d_%H_%M_%S_%N
+ name=2013_01_13_13_39_50_839308940
+ mkdir 2013_01_13_13_39_50_839308940
+ cd 2013_01_13_13_39_50_839308940
+ touch out.dat
+ env
+ echo 2013_01_13_13_39_50_839308940
+ uname -a
+ srun --nodes=1 --ntasks=1 -ppbatch cat /proc/cpuinfo
+ grep MHz
+ srun --nodes=1 --ntasks=1 -o host_info hostname
+ echo 'threads/node: 16'
+ echo 'nodes: ' 1
+ echo 'turbo: 0'
+ srun --nodes=1 --ntasks=1 -e f.err papiex -f dir-papi -e PAPI_L3_TCA -e PAPI_L3_TCM ../bmark4

In READ-WRITE mode.

Each chunk is: 4096
Iterations: 2
Nodes: 1
Threads: 16
 Rank 0 is done initializing
Time is: 129.768386 secs
+ cd ../
+ i=14
+ '[' 14 -ge 4 ']'
+ export OMP_NUM_THREADS=14
+ OMP_NUM_THREADS=14
+ export KMP_AFFINITY=scatter
+ KMP_AFFINITY=scatter
++ date +%Y_%m_%d_%H_%M_%S_%N
+ name=2013_01_13_13_42_02_006359234
+ mkdir 2013_01_13_13_42_02_006359234
+ cd 2013_01_13_13_42_02_006359234
+ touch out.dat
+ env
+ echo 2013_01_13_13_42_02_006359234
+ uname -a
+ srun --nodes=1 --ntasks=1 -ppbatch cat /proc/cpuinfo
+ grep MHz
+ srun --nodes=1 --ntasks=1 -o host_info hostname
+ echo 'threads/node: 14'
+ echo 'nodes: ' 1
+ echo 'turbo: 0'
+ srun --nodes=1 --ntasks=1 -e f.err papiex -f dir-papi -e PAPI_L3_TCA -e PAPI_L3_TCM ../bmark4

In READ-WRITE mode.

Each chunk is: 4096
Iterations: 2
Nodes: 1
Threads: 14
 Rank 0 is done initializing
Time is: 148.856708 secs
+ cd ../
+ i=12
+ '[' 12 -ge 4 ']'
+ export OMP_NUM_THREADS=12
+ OMP_NUM_THREADS=12
+ export KMP_AFFINITY=scatter
+ KMP_AFFINITY=scatter
++ date +%Y_%m_%d_%H_%M_%S_%N
+ name=2013_01_13_13_44_32_206136586
+ mkdir 2013_01_13_13_44_32_206136586
+ cd 2013_01_13_13_44_32_206136586
+ touch out.dat
+ env
+ echo 2013_01_13_13_44_32_206136586
+ uname -a
+ srun --nodes=1 --ntasks=1 -ppbatch cat /proc/cpuinfo
+ grep MHz
+ srun --nodes=1 --ntasks=1 -o host_info hostname
+ echo 'threads/node: 12'
+ echo 'nodes: ' 1
+ echo 'turbo: 0'
+ srun --nodes=1 --ntasks=1 -e f.err papiex -f dir-papi -e PAPI_L3_TCA -e PAPI_L3_TCM ../bmark4

In READ-WRITE mode.

Each chunk is: 4096
Iterations: 2
Nodes: 1
Threads: 12
 Rank 0 is done initializing
Time is: 175.493098 secs
+ cd ../
+ i=10
+ '[' 10 -ge 4 ']'
+ export OMP_NUM_THREADS=10
+ OMP_NUM_THREADS=10
+ export KMP_AFFINITY=scatter
+ KMP_AFFINITY=scatter
++ date +%Y_%m_%d_%H_%M_%S_%N
+ name=2013_01_13_13_47_29_055163720
+ mkdir 2013_01_13_13_47_29_055163720
+ cd 2013_01_13_13_47_29_055163720
+ touch out.dat
+ env
+ echo 2013_01_13_13_47_29_055163720
+ uname -a
+ srun --nodes=1 --ntasks=1 -ppbatch cat /proc/cpuinfo
+ grep MHz
+ srun --nodes=1 --ntasks=1 -o host_info hostname
+ echo 'threads/node: 10'
+ echo 'nodes: ' 1
+ echo 'turbo: 0'
+ srun --nodes=1 --ntasks=1 -e f.err papiex -f dir-papi -e PAPI_L3_TCA -e PAPI_L3_TCM ../bmark4

In READ-WRITE mode.

Each chunk is: 4096
Iterations: 2
Nodes: 1
Threads: 10
 Rank 0 is done initializing
Time is: 209.933411 secs
+ cd ../
+ i=8
+ '[' 8 -ge 4 ']'
+ export OMP_NUM_THREADS=8
+ OMP_NUM_THREADS=8
+ export KMP_AFFINITY=scatter
+ KMP_AFFINITY=scatter
++ date +%Y_%m_%d_%H_%M_%S_%N
+ name=2013_01_13_13_51_00_338640159
+ mkdir 2013_01_13_13_51_00_338640159
+ cd 2013_01_13_13_51_00_338640159
+ touch out.dat
+ env
+ echo 2013_01_13_13_51_00_338640159
+ uname -a
+ srun --nodes=1 --ntasks=1 -ppbatch cat /proc/cpuinfo
+ grep MHz
+ srun --nodes=1 --ntasks=1 -o host_info hostname
+ echo 'threads/node: 8'
+ echo 'nodes: ' 1
+ echo 'turbo: 0'
+ srun --nodes=1 --ntasks=1 -e f.err papiex -f dir-papi -e PAPI_L3_TCA -e PAPI_L3_TCM ../bmark4

In READ-WRITE mode.

Each chunk is: 4096
Iterations: 2
Nodes: 1
Threads: 8
 Rank 0 is done initializing
Time is: 271.600530 secs
+ cd ../
+ i=6
+ '[' 6 -ge 4 ']'
+ export OMP_NUM_THREADS=6
+ OMP_NUM_THREADS=6
+ export KMP_AFFINITY=scatter
+ KMP_AFFINITY=scatter
++ date +%Y_%m_%d_%H_%M_%S_%N
+ name=2013_01_13_13_55_33_259279659
+ mkdir 2013_01_13_13_55_33_259279659
+ cd 2013_01_13_13_55_33_259279659
+ touch out.dat
+ env
+ echo 2013_01_13_13_55_33_259279659
+ uname -a
+ srun --nodes=1 --ntasks=1 -ppbatch cat /proc/cpuinfo
+ grep MHz
+ srun --nodes=1 --ntasks=1 -o host_info hostname
+ echo 'threads/node: 6'
+ echo 'nodes: ' 1
+ echo 'turbo: 0'
+ srun --nodes=1 --ntasks=1 -e f.err papiex -f dir-papi -e PAPI_L3_TCA -e PAPI_L3_TCM ../bmark4

In READ-WRITE mode.

Each chunk is: 4096
Iterations: 2
Nodes: 1
Threads: 6
 Rank 0 is done initializing
Time is: 334.699142 secs
+ cd ../
+ i=4
+ '[' 4 -ge 4 ']'
+ export OMP_NUM_THREADS=4
+ OMP_NUM_THREADS=4
+ export KMP_AFFINITY=scatter
+ KMP_AFFINITY=scatter
++ date +%Y_%m_%d_%H_%M_%S_%N
+ name=2013_01_13_14_01_09_186971246
+ mkdir 2013_01_13_14_01_09_186971246
+ cd 2013_01_13_14_01_09_186971246
+ touch out.dat
+ env
+ echo 2013_01_13_14_01_09_186971246
+ uname -a
+ srun --nodes=1 --ntasks=1 -ppbatch cat /proc/cpuinfo
+ grep MHz
+ srun --nodes=1 --ntasks=1 -o host_info hostname
+ echo 'threads/node: 4'
+ echo 'nodes: ' 1
+ echo 'turbo: 0'
+ srun --nodes=1 --ntasks=1 -e f.err papiex -f dir-papi -e PAPI_L3_TCA -e PAPI_L3_TCM ../bmark4

In READ-WRITE mode.

Each chunk is: 4096
Iterations: 2
Nodes: 1
Threads: 4
 Rank 0 is done initializing
Time is: 601.092225 secs
+ cd ../
+ i=2
+ '[' 2 -ge 4 ']'
+ for pkg in 0x38198 0x381B8 0x381E0 0x038208 0x38230 0x38258 0x38280 0x382A8 0x382D0 0x0382f8 0x038320
+ export MSR_PKG_POWER_LIMIT=0x0382f8
+ MSR_PKG_POWER_LIMIT=0x0382f8
+ i=16
+ '[' 16 -ge 4 ']'
+ export OMP_NUM_THREADS=16
+ OMP_NUM_THREADS=16
+ export KMP_AFFINITY=scatter
+ KMP_AFFINITY=scatter
++ date +%Y_%m_%d_%H_%M_%S_%N
+ name=2013_01_13_14_11_11_589575508
+ mkdir 2013_01_13_14_11_11_589575508
+ cd 2013_01_13_14_11_11_589575508
+ touch out.dat
+ env
+ echo 2013_01_13_14_11_11_589575508
+ uname -a
+ srun --nodes=1 --ntasks=1 -ppbatch cat /proc/cpuinfo
+ grep MHz
+ srun --nodes=1 --ntasks=1 -o host_info hostname
+ echo 'threads/node: 16'
+ echo 'nodes: ' 1
+ echo 'turbo: 0'
+ srun --nodes=1 --ntasks=1 -e f.err papiex -f dir-papi -e PAPI_L3_TCA -e PAPI_L3_TCM ../bmark4

In READ-WRITE mode.

Each chunk is: 4096
Iterations: 2
Nodes: 1
Threads: 16
 Rank 0 is done initializing
Time is: 131.266347 secs
+ cd ../
+ i=14
+ '[' 14 -ge 4 ']'
+ export OMP_NUM_THREADS=14
+ OMP_NUM_THREADS=14
+ export KMP_AFFINITY=scatter
+ KMP_AFFINITY=scatter
++ date +%Y_%m_%d_%H_%M_%S_%N
+ name=2013_01_13_14_13_24_211788288
+ mkdir 2013_01_13_14_13_24_211788288
+ cd 2013_01_13_14_13_24_211788288
+ touch out.dat
+ env
+ echo 2013_01_13_14_13_24_211788288
+ uname -a
+ srun --nodes=1 --ntasks=1 -ppbatch cat /proc/cpuinfo
+ grep MHz
+ srun --nodes=1 --ntasks=1 -o host_info hostname
+ echo 'threads/node: 14'
+ echo 'nodes: ' 1
+ echo 'turbo: 0'
+ srun --nodes=1 --ntasks=1 -e f.err papiex -f dir-papi -e PAPI_L3_TCA -e PAPI_L3_TCM ../bmark4

In READ-WRITE mode.

Each chunk is: 4096
Iterations: 2
Nodes: 1
Threads: 14
 Rank 0 is done initializing
Time is: 149.260691 secs
+ cd ../
+ i=12
+ '[' 12 -ge 4 ']'
+ export OMP_NUM_THREADS=12
+ OMP_NUM_THREADS=12
+ export KMP_AFFINITY=scatter
+ KMP_AFFINITY=scatter
++ date +%Y_%m_%d_%H_%M_%S_%N
+ name=2013_01_13_14_15_54_788619452
+ mkdir 2013_01_13_14_15_54_788619452
+ cd 2013_01_13_14_15_54_788619452
+ touch out.dat
+ env
+ echo 2013_01_13_14_15_54_788619452
+ uname -a
+ srun --nodes=1 --ntasks=1 -ppbatch cat /proc/cpuinfo
+ grep MHz
+ srun --nodes=1 --ntasks=1 -o host_info hostname
+ echo 'threads/node: 12'
+ echo 'nodes: ' 1
+ echo 'turbo: 0'
+ srun --nodes=1 --ntasks=1 -e f.err papiex -f dir-papi -e PAPI_L3_TCA -e PAPI_L3_TCM ../bmark4

In READ-WRITE mode.

Each chunk is: 4096
Iterations: 2
Nodes: 1
Threads: 12
 Rank 0 is done initializing
Time is: 178.968266 secs
+ cd ../
+ i=10
+ '[' 10 -ge 4 ']'
+ export OMP_NUM_THREADS=10
+ OMP_NUM_THREADS=10
+ export KMP_AFFINITY=scatter
+ KMP_AFFINITY=scatter
++ date +%Y_%m_%d_%H_%M_%S_%N
+ name=2013_01_13_14_18_55_021410771
+ mkdir 2013_01_13_14_18_55_021410771
+ cd 2013_01_13_14_18_55_021410771
+ touch out.dat
+ env
+ echo 2013_01_13_14_18_55_021410771
+ uname -a
+ srun --nodes=1 --ntasks=1 -ppbatch cat /proc/cpuinfo
+ grep MHz
+ srun --nodes=1 --ntasks=1 -o host_info hostname
+ echo 'threads/node: 10'
+ echo 'nodes: ' 1
+ echo 'turbo: 0'
+ srun --nodes=1 --ntasks=1 -e f.err papiex -f dir-papi -e PAPI_L3_TCA -e PAPI_L3_TCM ../bmark4

In READ-WRITE mode.

Each chunk is: 4096
Iterations: 2
Nodes: 1
Threads: 10
 Rank 0 is done initializing
Time is: 213.273473 secs
+ cd ../
+ i=8
+ '[' 8 -ge 4 ']'
+ export OMP_NUM_THREADS=8
+ OMP_NUM_THREADS=8
+ export KMP_AFFINITY=scatter
+ KMP_AFFINITY=scatter
++ date +%Y_%m_%d_%H_%M_%S_%N
+ name=2013_01_13_14_22_29_464830960
+ mkdir 2013_01_13_14_22_29_464830960
+ cd 2013_01_13_14_22_29_464830960
+ touch out.dat
+ env
+ echo 2013_01_13_14_22_29_464830960
+ uname -a
+ srun --nodes=1 --ntasks=1 -ppbatch cat /proc/cpuinfo
+ grep MHz
+ srun --nodes=1 --ntasks=1 -o host_info hostname
+ echo 'threads/node: 8'
+ echo 'nodes: ' 1
+ echo 'turbo: 0'
+ srun --nodes=1 --ntasks=1 -e f.err papiex -f dir-papi -e PAPI_L3_TCA -e PAPI_L3_TCM ../bmark4

In READ-WRITE mode.

Each chunk is: 4096
Iterations: 2
Nodes: 1
Threads: 8
 Rank 0 is done initializing
Time is: 289.685122 secs
+ cd ../
+ i=6
+ '[' 6 -ge 4 ']'
+ export OMP_NUM_THREADS=6
+ OMP_NUM_THREADS=6
+ export KMP_AFFINITY=scatter
+ KMP_AFFINITY=scatter
++ date +%Y_%m_%d_%H_%M_%S_%N
+ name=2013_01_13_14_27_20_366555643
+ mkdir 2013_01_13_14_27_20_366555643
+ cd 2013_01_13_14_27_20_366555643
+ touch out.dat
+ env
+ echo 2013_01_13_14_27_20_366555643
+ uname -a
+ srun --nodes=1 --ntasks=1 -ppbatch cat /proc/cpuinfo
+ grep MHz
+ srun --nodes=1 --ntasks=1 -o host_info hostname
+ echo 'threads/node: 6'
+ echo 'nodes: ' 1
+ echo 'turbo: 0'
+ srun --nodes=1 --ntasks=1 -e f.err papiex -f dir-papi -e PAPI_L3_TCA -e PAPI_L3_TCM ../bmark4

In READ-WRITE mode.

Each chunk is: 4096
Iterations: 2
Nodes: 1
Threads: 6
 Rank 0 is done initializing
Time is: 330.462723 secs
+ cd ../
+ i=4
+ '[' 4 -ge 4 ']'
+ export OMP_NUM_THREADS=4
+ OMP_NUM_THREADS=4
+ export KMP_AFFINITY=scatter
+ KMP_AFFINITY=scatter
++ date +%Y_%m_%d_%H_%M_%S_%N
+ name=2013_01_13_14_32_52_085707913
+ mkdir 2013_01_13_14_32_52_085707913
+ cd 2013_01_13_14_32_52_085707913
+ touch out.dat
+ env
+ echo 2013_01_13_14_32_52_085707913
+ uname -a
+ srun --nodes=1 --ntasks=1 -ppbatch cat /proc/cpuinfo
+ grep MHz
+ srun --nodes=1 --ntasks=1 -o host_info hostname
+ echo 'threads/node: 4'
+ echo 'nodes: ' 1
+ echo 'turbo: 0'
+ srun --nodes=1 --ntasks=1 -e f.err papiex -f dir-papi -e PAPI_L3_TCA -e PAPI_L3_TCM ../bmark4

In READ-WRITE mode.

Each chunk is: 4096
Iterations: 2
Nodes: 1
Threads: 4
 Rank 0 is done initializing
Time is: 569.269910 secs
+ cd ../
+ i=2
+ '[' 2 -ge 4 ']'
+ for pkg in 0x38198 0x381B8 0x381E0 0x038208 0x38230 0x38258 0x38280 0x382A8 0x382D0 0x0382f8 0x038320
+ export MSR_PKG_POWER_LIMIT=0x038320
+ MSR_PKG_POWER_LIMIT=0x038320
+ i=16
+ '[' 16 -ge 4 ']'
+ export OMP_NUM_THREADS=16
+ OMP_NUM_THREADS=16
+ export KMP_AFFINITY=scatter
+ KMP_AFFINITY=scatter
++ date +%Y_%m_%d_%H_%M_%S_%N
+ name=2013_01_13_14_42_22_580148061
+ mkdir 2013_01_13_14_42_22_580148061
+ cd 2013_01_13_14_42_22_580148061
+ touch out.dat
+ env
+ echo 2013_01_13_14_42_22_580148061
+ uname -a
+ srun --nodes=1 --ntasks=1 -ppbatch cat /proc/cpuinfo
+ grep MHz
+ srun --nodes=1 --ntasks=1 -o host_info hostname
+ echo 'threads/node: 16'
+ echo 'nodes: ' 1
+ echo 'turbo: 0'
+ srun --nodes=1 --ntasks=1 -e f.err papiex -f dir-papi -e PAPI_L3_TCA -e PAPI_L3_TCM ../bmark4

In READ-WRITE mode.

Each chunk is: 4096
Iterations: 2
Nodes: 1
Threads: 16
 Rank 0 is done initializing
Time is: 131.204758 secs
+ cd ../
+ i=14
+ '[' 14 -ge 4 ']'
+ export OMP_NUM_THREADS=14
+ OMP_NUM_THREADS=14
+ export KMP_AFFINITY=scatter
+ KMP_AFFINITY=scatter
++ date +%Y_%m_%d_%H_%M_%S_%N
+ name=2013_01_13_14_44_35_176156430
+ mkdir 2013_01_13_14_44_35_176156430
+ cd 2013_01_13_14_44_35_176156430
+ touch out.dat
+ env
+ echo 2013_01_13_14_44_35_176156430
+ uname -a
+ srun --nodes=1 --ntasks=1 -ppbatch cat /proc/cpuinfo
+ grep MHz
+ srun --nodes=1 --ntasks=1 -o host_info hostname
+ echo 'threads/node: 14'
+ echo 'nodes: ' 1
+ echo 'turbo: 0'
+ srun --nodes=1 --ntasks=1 -e f.err papiex -f dir-papi -e PAPI_L3_TCA -e PAPI_L3_TCM ../bmark4

In READ-WRITE mode.

Each chunk is: 4096
Iterations: 2
Nodes: 1
Threads: 14
 Rank 0 is done initializing
Time is: 151.118558 secs
+ cd ../
+ i=12
+ '[' 12 -ge 4 ']'
+ export OMP_NUM_THREADS=12
+ OMP_NUM_THREADS=12
+ export KMP_AFFINITY=scatter
+ KMP_AFFINITY=scatter
++ date +%Y_%m_%d_%H_%M_%S_%N
+ name=2013_01_13_14_47_07_625484463
+ mkdir 2013_01_13_14_47_07_625484463
+ cd 2013_01_13_14_47_07_625484463
+ touch out.dat
+ env
+ echo 2013_01_13_14_47_07_625484463
+ uname -a
+ srun --nodes=1 --ntasks=1 -ppbatch cat /proc/cpuinfo
+ grep MHz
+ srun --nodes=1 --ntasks=1 -o host_info hostname
+ echo 'threads/node: 12'
+ echo 'nodes: ' 1
+ echo 'turbo: 0'
+ srun --nodes=1 --ntasks=1 -e f.err papiex -f dir-papi -e PAPI_L3_TCA -e PAPI_L3_TCM ../bmark4

In READ-WRITE mode.

Each chunk is: 4096
Iterations: 2
Nodes: 1
Threads: 12
 Rank 0 is done initializing
Time is: 176.171255 secs
+ cd ../
+ i=10
+ '[' 10 -ge 4 ']'
+ export OMP_NUM_THREADS=10
+ OMP_NUM_THREADS=10
+ export KMP_AFFINITY=scatter
+ KMP_AFFINITY=scatter
++ date +%Y_%m_%d_%H_%M_%S_%N
+ name=2013_01_13_14_50_05_047370158
+ mkdir 2013_01_13_14_50_05_047370158
+ cd 2013_01_13_14_50_05_047370158
+ touch out.dat
+ env
+ echo 2013_01_13_14_50_05_047370158
+ uname -a
+ srun --nodes=1 --ntasks=1 -ppbatch cat /proc/cpuinfo
+ grep MHz
+ srun --nodes=1 --ntasks=1 -o host_info hostname
+ echo 'threads/node: 10'
+ echo 'nodes: ' 1
+ echo 'turbo: 0'
+ srun --nodes=1 --ntasks=1 -e f.err papiex -f dir-papi -e PAPI_L3_TCA -e PAPI_L3_TCM ../bmark4

In READ-WRITE mode.

Each chunk is: 4096
Iterations: 2
Nodes: 1
Threads: 10
 Rank 0 is done initializing
Time is: 210.742121 secs
+ cd ../
+ i=8
+ '[' 8 -ge 4 ']'
+ export OMP_NUM_THREADS=8
+ OMP_NUM_THREADS=8
+ export KMP_AFFINITY=scatter
+ KMP_AFFINITY=scatter
++ date +%Y_%m_%d_%H_%M_%S_%N
+ name=2013_01_13_14_53_36_950517759
+ mkdir 2013_01_13_14_53_36_950517759
+ cd 2013_01_13_14_53_36_950517759
+ touch out.dat
+ env
+ echo 2013_01_13_14_53_36_950517759
+ uname -a
+ srun --nodes=1 --ntasks=1 -ppbatch cat /proc/cpuinfo
+ grep MHz
+ srun --nodes=1 --ntasks=1 -o host_info hostname
+ echo 'threads/node: 8'
+ echo 'nodes: ' 1
+ echo 'turbo: 0'
+ srun --nodes=1 --ntasks=1 -e f.err papiex -f dir-papi -e PAPI_L3_TCA -e PAPI_L3_TCM ../bmark4

In READ-WRITE mode.

Each chunk is: 4096
Iterations: 2
Nodes: 1
Threads: 8
 Rank 0 is done initializing
Time is: 285.920885 secs
+ cd ../
+ i=6
+ '[' 6 -ge 4 ']'
+ export OMP_NUM_THREADS=6
+ OMP_NUM_THREADS=6
+ export KMP_AFFINITY=scatter
+ KMP_AFFINITY=scatter
++ date +%Y_%m_%d_%H_%M_%S_%N
+ name=2013_01_13_14_58_24_051586166
+ mkdir 2013_01_13_14_58_24_051586166
+ cd 2013_01_13_14_58_24_051586166
+ touch out.dat
+ env
+ echo 2013_01_13_14_58_24_051586166
+ uname -a
+ srun --nodes=1 --ntasks=1 -ppbatch cat /proc/cpuinfo
+ grep MHz
+ srun --nodes=1 --ntasks=1 -o host_info hostname
+ echo 'threads/node: 6'
+ echo 'nodes: ' 1
+ echo 'turbo: 0'
+ srun --nodes=1 --ntasks=1 -e f.err papiex -f dir-papi -e PAPI_L3_TCA -e PAPI_L3_TCM ../bmark4

In READ-WRITE mode.

Each chunk is: 4096
Iterations: 2
Nodes: 1
Threads: 6
 Rank 0 is done initializing
Time is: 336.032974 secs
+ cd ../
+ i=4
+ '[' 4 -ge 4 ']'
+ export OMP_NUM_THREADS=4
+ OMP_NUM_THREADS=4
+ export KMP_AFFINITY=scatter
+ KMP_AFFINITY=scatter
++ date +%Y_%m_%d_%H_%M_%S_%N
+ name=2013_01_13_15_04_01_178512253
+ mkdir 2013_01_13_15_04_01_178512253
+ cd 2013_01_13_15_04_01_178512253
+ touch out.dat
+ env
+ echo 2013_01_13_15_04_01_178512253
+ uname -a
+ srun --nodes=1 --ntasks=1 -ppbatch cat /proc/cpuinfo
+ grep MHz
+ srun --nodes=1 --ntasks=1 -o host_info hostname
+ echo 'threads/node: 4'
+ echo 'nodes: ' 1
+ echo 'turbo: 0'
+ srun --nodes=1 --ntasks=1 -e f.err papiex -f dir-papi -e PAPI_L3_TCA -e PAPI_L3_TCM ../bmark4

In READ-WRITE mode.

Each chunk is: 4096
Iterations: 2
Nodes: 1
Threads: 4
 Rank 0 is done initializing
Time is: 603.744573 secs
+ cd ../
+ i=2
+ '[' 2 -ge 4 ']'
