+ i=16
+ minthreads=4
+ j=8
+ maxnodes=32
+ export PKG_MINW_MINS=0x38198
+ PKG_MINW_MINS=0x38198
+ export PP0_MINW_MINS=0x38198
+ PP0_MINW_MINS=0x38198
+ export DRAM_MINW_MINS=0x38078
+ DRAM_MINW_MINS=0x38078
+ export MSR_PKG_POWER_LIMIT=0x0
+ MSR_PKG_POWER_LIMIT=0x0
+ export MSR_PP0_POWER_LIMIT=0x0
+ MSR_PP0_POWER_LIMIT=0x0
+ export MSR_DRAM_POWER_LIMIT=0x0
+ MSR_DRAM_POWER_LIMIT=0x0
+ export MSR_RANK_MOD=1
+ MSR_RANK_MOD=1
+ export SAMPLE=1
+ SAMPLE=1
+ t=0
+ export TURBO_ENABLE=1
+ TURBO_ENABLE=1
+ export FUNC_INTERCEPT=1
+ FUNC_INTERCEPT=1
+ export READ_WRITE=0
+ READ_WRITE=0
+ export READ_ONLY=1
+ READ_ONLY=1
+ i=16
+ j=8
+ '[' 8 -le 32 ']'
+ i=16
+ '[' 16 -ge 4 ']'
+ export OMP_NUM_THREADS=16
+ OMP_NUM_THREADS=16
++ date +%Y_%m_%d_%H_%M_%S_%N
+ name=2013_01_03_00_50_14_660305235
+ mkdir 2013_01_03_00_50_14_660305235
+ cd 2013_01_03_00_50_14_660305235
+ touch out.dat
+ env
+ echo 2013_01_03_00_50_14_660305235
+ uname -a
+ srun --nodes=1 --ntasks=1 -ppbatch cat /proc/cpuinfo
+ grep MHz
+ srun --nodes=1 --ntasks=1 -o host_info hostname
+ echo 'threads/node: 16'
+ echo 'nodes: ' 8
+ echo 'turbo: 0'
+ srun --nodes=8 --ntasks=8 -o out.dat -e f.err ../bmark4
+ cd ../
+ i=14
+ '[' 14 -ge 4 ']'
+ export OMP_NUM_THREADS=14
+ OMP_NUM_THREADS=14
++ date +%Y_%m_%d_%H_%M_%S_%N
+ name=2013_01_03_00_51_11_723325985
+ mkdir 2013_01_03_00_51_11_723325985
+ cd 2013_01_03_00_51_11_723325985
+ touch out.dat
+ env
+ echo 2013_01_03_00_51_11_723325985
+ uname -a
+ grep MHz
+ srun --nodes=1 --ntasks=1 -ppbatch cat /proc/cpuinfo
+ srun --nodes=1 --ntasks=1 -o host_info hostname
+ echo 'threads/node: 14'
+ echo 'nodes: ' 8
+ echo 'turbo: 0'
+ srun --nodes=8 --ntasks=8 -o out.dat -e f.err ../bmark4
+ cd ../
+ i=12
+ '[' 12 -ge 4 ']'
+ export OMP_NUM_THREADS=12
+ OMP_NUM_THREADS=12
++ date +%Y_%m_%d_%H_%M_%S_%N
+ name=2013_01_03_00_52_06_721569350
+ mkdir 2013_01_03_00_52_06_721569350
+ cd 2013_01_03_00_52_06_721569350
+ touch out.dat
+ env
+ echo 2013_01_03_00_52_06_721569350
+ uname -a
+ srun --nodes=1 --ntasks=1 -ppbatch cat /proc/cpuinfo
+ grep MHz
+ srun --nodes=1 --ntasks=1 -o host_info hostname
+ echo 'threads/node: 12'
+ echo 'nodes: ' 8
+ echo 'turbo: 0'
+ srun --nodes=8 --ntasks=8 -o out.dat -e f.err ../bmark4
+ cd ../
+ i=10
+ '[' 10 -ge 4 ']'
+ export OMP_NUM_THREADS=10
+ OMP_NUM_THREADS=10
++ date +%Y_%m_%d_%H_%M_%S_%N
+ name=2013_01_03_00_53_08_142894685
+ mkdir 2013_01_03_00_53_08_142894685
+ cd 2013_01_03_00_53_08_142894685
+ touch out.dat
+ env
+ echo 2013_01_03_00_53_08_142894685
+ uname -a
+ srun --nodes=1 --ntasks=1 -ppbatch cat /proc/cpuinfo
+ grep MHz
+ srun --nodes=1 --ntasks=1 -o host_info hostname
+ echo 'threads/node: 10'
+ echo 'nodes: ' 8
+ echo 'turbo: 0'
+ srun --nodes=8 --ntasks=8 -o out.dat -e f.err ../bmark4
+ cd ../
+ i=8
+ '[' 8 -ge 4 ']'
+ export OMP_NUM_THREADS=8
+ OMP_NUM_THREADS=8
++ date +%Y_%m_%d_%H_%M_%S_%N
+ name=2013_01_03_00_54_20_030362827
+ mkdir 2013_01_03_00_54_20_030362827
+ cd 2013_01_03_00_54_20_030362827
+ touch out.dat
+ env
+ echo 2013_01_03_00_54_20_030362827
+ uname -a
+ srun --nodes=1 --ntasks=1 -ppbatch cat /proc/cpuinfo
+ grep MHz
+ srun --nodes=1 --ntasks=1 -o host_info hostname
+ echo 'threads/node: 8'
+ echo 'nodes: ' 8
+ echo 'turbo: 0'
+ srun --nodes=8 --ntasks=8 -o out.dat -e f.err ../bmark4
+ cd ../
+ i=6
+ '[' 6 -ge 4 ']'
+ export OMP_NUM_THREADS=6
+ OMP_NUM_THREADS=6
++ date +%Y_%m_%d_%H_%M_%S_%N
+ name=2013_01_03_00_55_51_642142688
+ mkdir 2013_01_03_00_55_51_642142688
+ cd 2013_01_03_00_55_51_642142688
+ touch out.dat
+ env
+ echo 2013_01_03_00_55_51_642142688
+ uname -a
+ srun --nodes=1 --ntasks=1 -ppbatch cat /proc/cpuinfo
+ grep MHz
+ srun --nodes=1 --ntasks=1 -o host_info hostname
+ echo 'threads/node: 6'
+ echo 'nodes: ' 8
+ echo 'turbo: 0'
+ srun --nodes=8 --ntasks=8 -o out.dat -e f.err ../bmark4
+ cd ../
+ i=4
+ '[' 4 -ge 4 ']'
+ export OMP_NUM_THREADS=4
+ OMP_NUM_THREADS=4
++ date +%Y_%m_%d_%H_%M_%S_%N
+ name=2013_01_03_00_57_36_709117464
+ mkdir 2013_01_03_00_57_36_709117464
+ cd 2013_01_03_00_57_36_709117464
+ touch out.dat
+ env
+ echo 2013_01_03_00_57_36_709117464
+ uname -a
+ srun --nodes=1 --ntasks=1 -ppbatch cat /proc/cpuinfo
+ grep MHz
+ srun --nodes=1 --ntasks=1 -o host_info hostname
+ echo 'threads/node: 4'
+ echo 'nodes: ' 8
+ echo 'turbo: 0'
+ srun --nodes=8 --ntasks=8 -o out.dat -e f.err ../bmark4
+ cd ../
+ i=2
+ '[' 2 -ge 4 ']'
+ j=16
+ '[' 16 -le 32 ']'
+ i=16
+ '[' 16 -ge 4 ']'
+ export OMP_NUM_THREADS=16
+ OMP_NUM_THREADS=16
++ date +%Y_%m_%d_%H_%M_%S_%N
+ name=2013_01_03_01_00_24_289272081
+ mkdir 2013_01_03_01_00_24_289272081
+ cd 2013_01_03_01_00_24_289272081
+ touch out.dat
+ env
+ echo 2013_01_03_01_00_24_289272081
+ uname -a
+ srun --nodes=1 --ntasks=1 -ppbatch cat /proc/cpuinfo
+ grep MHz
+ srun --nodes=1 --ntasks=1 -o host_info hostname
+ echo 'threads/node: 16'
+ echo 'nodes: ' 16
+ echo 'turbo: 0'
+ srun --nodes=16 --ntasks=16 -o out.dat -e f.err ../bmark4
+ cd ../
+ i=14
+ '[' 14 -ge 4 ']'
+ export OMP_NUM_THREADS=14
+ OMP_NUM_THREADS=14
++ date +%Y_%m_%d_%H_%M_%S_%N
+ name=2013_01_03_01_01_04_536347968
+ mkdir 2013_01_03_01_01_04_536347968
+ cd 2013_01_03_01_01_04_536347968
+ touch out.dat
+ env
+ echo 2013_01_03_01_01_04_536347968
+ uname -a
+ srun --nodes=1 --ntasks=1 -ppbatch cat /proc/cpuinfo
+ grep MHz
+ srun --nodes=1 --ntasks=1 -o host_info hostname
+ echo 'threads/node: 14'
+ echo 'nodes: ' 16
+ echo 'turbo: 0'
+ srun --nodes=16 --ntasks=16 -o out.dat -e f.err ../bmark4
+ cd ../
+ i=12
+ '[' 12 -ge 4 ']'
+ export OMP_NUM_THREADS=12
+ OMP_NUM_THREADS=12
++ date +%Y_%m_%d_%H_%M_%S_%N
+ name=2013_01_03_01_01_46_319573479
+ mkdir 2013_01_03_01_01_46_319573479
+ cd 2013_01_03_01_01_46_319573479
+ touch out.dat
+ env
+ echo 2013_01_03_01_01_46_319573479
+ uname -a
+ srun --nodes=1 --ntasks=1 -ppbatch cat /proc/cpuinfo
+ grep MHz
+ srun --nodes=1 --ntasks=1 -o host_info hostname
+ echo 'threads/node: 12'
+ echo 'nodes: ' 16
+ echo 'turbo: 0'
+ srun --nodes=16 --ntasks=16 -o out.dat -e f.err ../bmark4
+ cd ../
+ i=10
+ '[' 10 -ge 4 ']'
+ export OMP_NUM_THREADS=10
+ OMP_NUM_THREADS=10
++ date +%Y_%m_%d_%H_%M_%S_%N
+ name=2013_01_03_01_02_31_272535129
+ mkdir 2013_01_03_01_02_31_272535129
+ cd 2013_01_03_01_02_31_272535129
+ touch out.dat
+ env
+ echo 2013_01_03_01_02_31_272535129
+ uname -a
+ srun --nodes=1 --ntasks=1 -ppbatch cat /proc/cpuinfo
+ grep MHz
+ srun --nodes=1 --ntasks=1 -o host_info hostname
+ echo 'threads/node: 10'
+ echo 'nodes: ' 16
+ echo 'turbo: 0'
+ srun --nodes=16 --ntasks=16 -o out.dat -e f.err ../bmark4
+ cd ../
+ i=8
+ '[' 8 -ge 4 ']'
+ export OMP_NUM_THREADS=8
+ OMP_NUM_THREADS=8
++ date +%Y_%m_%d_%H_%M_%S_%N
+ name=2013_01_03_01_03_20_397181285
+ mkdir 2013_01_03_01_03_20_397181285
+ cd 2013_01_03_01_03_20_397181285
+ touch out.dat
+ env
+ echo 2013_01_03_01_03_20_397181285
+ uname -a
+ srun --nodes=1 --ntasks=1 -ppbatch cat /proc/cpuinfo
+ grep MHz
+ srun --nodes=1 --ntasks=1 -o host_info hostname
+ echo 'threads/node: 8'
+ echo 'nodes: ' 16
+ echo 'turbo: 0'
+ srun --nodes=16 --ntasks=16 -o out.dat -e f.err ../bmark4
+ cd ../
+ i=6
+ '[' 6 -ge 4 ']'
+ export OMP_NUM_THREADS=6
+ OMP_NUM_THREADS=6
++ date +%Y_%m_%d_%H_%M_%S_%N
+ name=2013_01_03_01_04_17_670496283
+ mkdir 2013_01_03_01_04_17_670496283
+ cd 2013_01_03_01_04_17_670496283
+ touch out.dat
+ env
+ echo 2013_01_03_01_04_17_670496283
+ uname -a
+ srun --nodes=1 --ntasks=1 -ppbatch cat /proc/cpuinfo
+ grep MHz
+ srun --nodes=1 --ntasks=1 -o host_info hostname
+ echo 'threads/node: 6'
+ echo 'nodes: ' 16
+ echo 'turbo: 0'
+ srun --nodes=16 --ntasks=16 -o out.dat -e f.err ../bmark4
+ cd ../
+ i=4
+ '[' 4 -ge 4 ']'
+ export OMP_NUM_THREADS=4
+ OMP_NUM_THREADS=4
++ date +%Y_%m_%d_%H_%M_%S_%N
+ name=2013_01_03_01_05_21_958299584
+ mkdir 2013_01_03_01_05_21_958299584
+ cd 2013_01_03_01_05_21_958299584
+ touch out.dat
+ env
+ echo 2013_01_03_01_05_21_958299584
+ uname -a
+ srun --nodes=1 --ntasks=1 -ppbatch cat /proc/cpuinfo
+ grep MHz
+ srun --nodes=1 --ntasks=1 -o host_info hostname
+ echo 'threads/node: 4'
+ echo 'nodes: ' 16
+ echo 'turbo: 0'
+ srun --nodes=16 --ntasks=16 -o out.dat -e f.err ../bmark4
+ cd ../
+ i=2
+ '[' 2 -ge 4 ']'
+ j=32
+ '[' 32 -le 32 ']'
+ i=16
+ '[' 16 -ge 4 ']'
+ export OMP_NUM_THREADS=16
+ OMP_NUM_THREADS=16
++ date +%Y_%m_%d_%H_%M_%S_%N
+ name=2013_01_03_01_06_55_060977214
+ mkdir 2013_01_03_01_06_55_060977214
+ cd 2013_01_03_01_06_55_060977214
+ touch out.dat
+ env
+ echo 2013_01_03_01_06_55_060977214
+ uname -a
+ srun --nodes=1 --ntasks=1 -ppbatch cat /proc/cpuinfo
+ grep MHz
+ srun --nodes=1 --ntasks=1 -o host_info hostname
+ echo 'threads/node: 16'
+ echo 'nodes: ' 32
+ echo 'turbo: 0'
+ srun --nodes=32 --ntasks=32 -o out.dat -e f.err ../bmark4
+ cd ../
+ i=14
+ '[' 14 -ge 4 ']'
+ export OMP_NUM_THREADS=14
+ OMP_NUM_THREADS=14
++ date +%Y_%m_%d_%H_%M_%S_%N
+ name=2013_01_03_01_07_49_640891624
+ mkdir 2013_01_03_01_07_49_640891624
+ cd 2013_01_03_01_07_49_640891624
+ touch out.dat
+ env
+ echo 2013_01_03_01_07_49_640891624
+ uname -a
+ srun --nodes=1 --ntasks=1 -ppbatch cat /proc/cpuinfo
+ grep MHz
+ srun --nodes=1 --ntasks=1 -o host_info hostname
+ echo 'threads/node: 14'
+ echo 'nodes: ' 32
+ echo 'turbo: 0'
+ srun --nodes=32 --ntasks=32 -o out.dat -e f.err ../bmark4
+ cd ../
+ i=12
+ '[' 12 -ge 4 ']'
+ export OMP_NUM_THREADS=12
+ OMP_NUM_THREADS=12
++ date +%Y_%m_%d_%H_%M_%S_%N
+ name=2013_01_03_01_08_40_733018298
+ mkdir 2013_01_03_01_08_40_733018298
+ cd 2013_01_03_01_08_40_733018298
+ touch out.dat
+ env
+ echo 2013_01_03_01_08_40_733018298
+ uname -a
+ srun --nodes=1 --ntasks=1 -ppbatch cat /proc/cpuinfo
+ grep MHz
+ srun --nodes=1 --ntasks=1 -o host_info hostname
+ echo 'threads/node: 12'
+ echo 'nodes: ' 32
+ echo 'turbo: 0'
+ srun --nodes=32 --ntasks=32 -o out.dat -e f.err ../bmark4
+ cd ../
+ i=10
+ '[' 10 -ge 4 ']'
+ export OMP_NUM_THREADS=10
+ OMP_NUM_THREADS=10
++ date +%Y_%m_%d_%H_%M_%S_%N
+ name=2013_01_03_01_09_33_614383137
+ mkdir 2013_01_03_01_09_33_614383137
+ cd 2013_01_03_01_09_33_614383137
+ touch out.dat
+ env
+ echo 2013_01_03_01_09_33_614383137
+ uname -a
+ srun --nodes=1 --ntasks=1 -ppbatch cat /proc/cpuinfo
+ grep MHz
+ srun --nodes=1 --ntasks=1 -o host_info hostname
+ echo 'threads/node: 10'
+ echo 'nodes: ' 32
+ echo 'turbo: 0'
+ srun --nodes=32 --ntasks=32 -o out.dat -e f.err ../bmark4
+ cd ../
+ i=8
+ '[' 8 -ge 4 ']'
+ export OMP_NUM_THREADS=8
+ OMP_NUM_THREADS=8
++ date +%Y_%m_%d_%H_%M_%S_%N
+ name=2013_01_03_01_10_28_610869845
+ mkdir 2013_01_03_01_10_28_610869845
+ cd 2013_01_03_01_10_28_610869845
+ touch out.dat
+ env
+ echo 2013_01_03_01_10_28_610869845
+ uname -a
+ srun --nodes=1 --ntasks=1 -ppbatch cat /proc/cpuinfo
+ grep MHz
+ srun --nodes=1 --ntasks=1 -o host_info hostname
+ echo 'threads/node: 8'
+ echo 'nodes: ' 32
+ echo 'turbo: 0'
+ srun --nodes=32 --ntasks=32 -o out.dat -e f.err ../bmark4
+ cd ../
+ i=6
+ '[' 6 -ge 4 ']'
+ export OMP_NUM_THREADS=6
+ OMP_NUM_THREADS=6
++ date +%Y_%m_%d_%H_%M_%S_%N
+ name=2013_01_03_01_11_26_954102520
+ mkdir 2013_01_03_01_11_26_954102520
+ cd 2013_01_03_01_11_26_954102520
+ touch out.dat
+ env
+ echo 2013_01_03_01_11_26_954102520
+ uname -a
+ srun --nodes=1 --ntasks=1 -ppbatch cat /proc/cpuinfo
+ grep MHz
+ srun --nodes=1 --ntasks=1 -o host_info hostname
+ echo 'threads/node: 6'
+ echo 'nodes: ' 32
+ echo 'turbo: 0'
+ srun --nodes=32 --ntasks=32 -o out.dat -e f.err ../bmark4
+ cd ../
+ i=4
+ '[' 4 -ge 4 ']'
+ export OMP_NUM_THREADS=4
+ OMP_NUM_THREADS=4
++ date +%Y_%m_%d_%H_%M_%S_%N
+ name=2013_01_03_01_12_30_975206910
+ mkdir 2013_01_03_01_12_30_975206910
+ cd 2013_01_03_01_12_30_975206910
+ touch out.dat
+ env
+ echo 2013_01_03_01_12_30_975206910
+ uname -a
+ srun --nodes=1 --ntasks=1 -ppbatch cat /proc/cpuinfo
+ grep MHz
+ srun --nodes=1 --ntasks=1 -o host_info hostname
+ echo 'threads/node: 4'
+ echo 'nodes: ' 32
+ echo 'turbo: 0'
+ srun --nodes=32 --ntasks=32 -o out.dat -e f.err ../bmark4
+ cd ../
+ i=2
+ '[' 2 -ge 4 ']'
+ j=64
+ '[' 64 -le 32 ']'
+ export TURBO_ENABLE=0
+ TURBO_ENABLE=0
+ export FUNC_INTERCEPT=0
+ FUNC_INTERCEPT=0
+ export READ_WRITE=1
+ READ_WRITE=1
+ export READ_ONLY=0
+ READ_ONLY=0
+ for pkg in 0x38198 0x038208 0x038280 0x0382f8
+ i=16
+ j=8
+ export MSR_PKG_POWER_LIMIT=0x38198
+ MSR_PKG_POWER_LIMIT=0x38198
+ '[' 8 -le 32 ']'
+ i=16
+ '[' 16 -ge 4 ']'
+ export OMP_NUM_THREADS=16
+ OMP_NUM_THREADS=16
++ date +%Y_%m_%d_%H_%M_%S_%N
+ name=2013_01_03_01_13_46_831523813
+ mkdir 2013_01_03_01_13_46_831523813
+ cd 2013_01_03_01_13_46_831523813
+ touch out.dat
+ env
+ echo 2013_01_03_01_13_46_831523813
+ uname -a
+ srun --nodes=1 --ntasks=1 -ppbatch cat /proc/cpuinfo
+ grep MHz
+ srun --nodes=1 --ntasks=1 -o host_info hostname
+ echo 'threads/node: 16'
+ echo 'nodes: ' 8
+ echo 'turbo: 0'
+ srun --nodes=8 --ntasks=8 -o out.dat -e f.err ../bmark4
+ cd ../
+ i=14
+ '[' 14 -ge 4 ']'
+ export OMP_NUM_THREADS=14
+ OMP_NUM_THREADS=14
++ date +%Y_%m_%d_%H_%M_%S_%N
+ name=2013_01_03_01_14_57_422310196
+ mkdir 2013_01_03_01_14_57_422310196
+ cd 2013_01_03_01_14_57_422310196
+ touch out.dat
+ env
+ echo 2013_01_03_01_14_57_422310196
+ uname -a
+ srun --nodes=1 --ntasks=1 -ppbatch cat /proc/cpuinfo
+ grep MHz
+ srun --nodes=1 --ntasks=1 -o host_info hostname
+ echo 'threads/node: 14'
+ echo 'nodes: ' 8
+ echo 'turbo: 0'
+ srun --nodes=8 --ntasks=8 -o out.dat -e f.err ../bmark4
+ cd ../
+ i=12
+ '[' 12 -ge 4 ']'
+ export OMP_NUM_THREADS=12
+ OMP_NUM_THREADS=12
++ date +%Y_%m_%d_%H_%M_%S_%N
+ name=2013_01_03_01_16_11_099631043
+ mkdir 2013_01_03_01_16_11_099631043
+ cd 2013_01_03_01_16_11_099631043
+ touch out.dat
+ env
+ echo 2013_01_03_01_16_11_099631043
+ uname -a
+ srun --nodes=1 --ntasks=1 -ppbatch cat /proc/cpuinfo
+ grep MHz
+ srun --nodes=1 --ntasks=1 -o host_info hostname
+ echo 'threads/node: 12'
+ echo 'nodes: ' 8
+ echo 'turbo: 0'
+ srun --nodes=8 --ntasks=8 -o out.dat -e f.err ../bmark4
+ cd ../
+ i=10
+ '[' 10 -ge 4 ']'
+ export OMP_NUM_THREADS=10
+ OMP_NUM_THREADS=10
++ date +%Y_%m_%d_%H_%M_%S_%N
+ name=2013_01_03_01_17_30_279976436
+ mkdir 2013_01_03_01_17_30_279976436
+ cd 2013_01_03_01_17_30_279976436
+ touch out.dat
+ env
+ echo 2013_01_03_01_17_30_279976436
+ uname -a
+ srun --nodes=1 --ntasks=1 -ppbatch cat /proc/cpuinfo
+ grep MHz
+ srun --nodes=1 --ntasks=1 -o host_info hostname
+ echo 'threads/node: 10'
+ echo 'nodes: ' 8
+ echo 'turbo: 0'
+ srun --nodes=8 --ntasks=8 -o out.dat -e f.err ../bmark4
+ cd ../
+ i=8
+ '[' 8 -ge 4 ']'
+ export OMP_NUM_THREADS=8
+ OMP_NUM_THREADS=8
++ date +%Y_%m_%d_%H_%M_%S_%N
+ name=2013_01_03_01_18_55_924742319
+ mkdir 2013_01_03_01_18_55_924742319
+ cd 2013_01_03_01_18_55_924742319
+ touch out.dat
+ env
+ echo 2013_01_03_01_18_55_924742319
+ uname -a
+ srun --nodes=1 --ntasks=1 -ppbatch cat /proc/cpuinfo
+ grep MHz
+ srun --nodes=1 --ntasks=1 -o host_info hostname
+ echo 'threads/node: 8'
+ echo 'nodes: ' 8
+ echo 'turbo: 0'
+ srun --nodes=8 --ntasks=8 -o out.dat -e f.err ../bmark4
+ cd ../
+ i=6
+ '[' 6 -ge 4 ']'
+ export OMP_NUM_THREADS=6
+ OMP_NUM_THREADS=6
++ date +%Y_%m_%d_%H_%M_%S_%N
+ name=2013_01_03_01_20_46_326110584
+ mkdir 2013_01_03_01_20_46_326110584
+ cd 2013_01_03_01_20_46_326110584
+ touch out.dat
+ env
+ echo 2013_01_03_01_20_46_326110584
+ uname -a
+ srun --nodes=1 --ntasks=1 -ppbatch cat /proc/cpuinfo
+ grep MHz
+ srun --nodes=1 --ntasks=1 -o host_info hostname
+ echo 'threads/node: 6'
+ echo 'nodes: ' 8
+ echo 'turbo: 0'
+ srun --nodes=8 --ntasks=8 -o out.dat -e f.err ../bmark4
+ cd ../
+ i=4
+ '[' 4 -ge 4 ']'
+ export OMP_NUM_THREADS=4
+ OMP_NUM_THREADS=4
++ date +%Y_%m_%d_%H_%M_%S_%N
+ name=2013_01_03_01_22_54_235268610
+ mkdir 2013_01_03_01_22_54_235268610
+ cd 2013_01_03_01_22_54_235268610
+ touch out.dat
+ env
+ echo 2013_01_03_01_22_54_235268610
+ uname -a
+ srun --nodes=1 --ntasks=1 -ppbatch cat /proc/cpuinfo
+ grep MHz
+ srun --nodes=1 --ntasks=1 -o host_info hostname
+ echo 'threads/node: 4'
+ echo 'nodes: ' 8
+ echo 'turbo: 0'
+ srun --nodes=8 --ntasks=8 -o out.dat -e f.err ../bmark4
+ cd ../
+ i=2
+ '[' 2 -ge 4 ']'
+ j=16
+ '[' 16 -le 32 ']'
+ i=16
+ '[' 16 -ge 4 ']'
+ export OMP_NUM_THREADS=16
+ OMP_NUM_THREADS=16
++ date +%Y_%m_%d_%H_%M_%S_%N
+ name=2013_01_03_01_26_51_514982172
+ mkdir 2013_01_03_01_26_51_514982172
+ cd 2013_01_03_01_26_51_514982172
+ touch out.dat
+ env
+ echo 2013_01_03_01_26_51_514982172
+ uname -a
+ srun --nodes=1 --ntasks=1 -ppbatch cat /proc/cpuinfo
+ grep MHz
+ srun --nodes=1 --ntasks=1 -o host_info hostname
+ echo 'threads/node: 16'
+ echo 'nodes: ' 16
+ echo 'turbo: 0'
+ srun --nodes=16 --ntasks=16 -o out.dat -e f.err ../bmark4
+ cd ../
+ i=14
+ '[' 14 -ge 4 ']'
+ export OMP_NUM_THREADS=14
+ OMP_NUM_THREADS=14
++ date +%Y_%m_%d_%H_%M_%S_%N
+ name=2013_01_03_01_27_41_398805986
+ mkdir 2013_01_03_01_27_41_398805986
+ cd 2013_01_03_01_27_41_398805986
+ touch out.dat
+ env
+ echo 2013_01_03_01_27_41_398805986
+ uname -a
+ srun --nodes=1 --ntasks=1 -ppbatch cat /proc/cpuinfo
+ grep MHz
+ srun --nodes=1 --ntasks=1 -o host_info hostname
+ echo 'threads/node: 14'
+ echo 'nodes: ' 16
+ echo 'turbo: 0'
+ srun --nodes=16 --ntasks=16 -o out.dat -e f.err ../bmark4
+ cd ../
+ i=12
+ '[' 12 -ge 4 ']'
+ export OMP_NUM_THREADS=12
+ OMP_NUM_THREADS=12
++ date +%Y_%m_%d_%H_%M_%S_%N
+ name=2013_01_03_01_28_33_143004587
+ mkdir 2013_01_03_01_28_33_143004587
+ cd 2013_01_03_01_28_33_143004587
+ touch out.dat
+ env
+ echo 2013_01_03_01_28_33_143004587
+ uname -a
+ srun --nodes=1 --ntasks=1 -ppbatch cat /proc/cpuinfo
+ grep MHz
+ srun --nodes=1 --ntasks=1 -o host_info hostname
+ echo 'threads/node: 12'
+ echo 'nodes: ' 16
+ echo 'turbo: 0'
+ srun --nodes=16 --ntasks=16 -o out.dat -e f.err ../bmark4
+ cd ../
+ i=10
+ '[' 10 -ge 4 ']'
+ export OMP_NUM_THREADS=10
+ OMP_NUM_THREADS=10
++ date +%Y_%m_%d_%H_%M_%S_%N
+ name=2013_01_03_01_29_27_054011918
+ mkdir 2013_01_03_01_29_27_054011918
+ cd 2013_01_03_01_29_27_054011918
+ touch out.dat
+ env
+ echo 2013_01_03_01_29_27_054011918
+ uname -a
+ srun --nodes=1 --ntasks=1 -ppbatch cat /proc/cpuinfo
+ grep MHz
+ srun --nodes=1 --ntasks=1 -o host_info hostname
+ echo 'threads/node: 10'
+ echo 'nodes: ' 16
+ echo 'turbo: 0'
+ srun --nodes=16 --ntasks=16 -o out.dat -e f.err ../bmark4
+ cd ../
+ i=8
+ '[' 8 -ge 4 ']'
+ export OMP_NUM_THREADS=8
+ OMP_NUM_THREADS=8
++ date +%Y_%m_%d_%H_%M_%S_%N
+ name=2013_01_03_01_30_24_124532032
+ mkdir 2013_01_03_01_30_24_124532032
+ cd 2013_01_03_01_30_24_124532032
+ touch out.dat
+ env
+ echo 2013_01_03_01_30_24_124532032
+ uname -a
+ srun --nodes=1 --ntasks=1 -ppbatch cat /proc/cpuinfo
+ grep MHz
+ srun --nodes=1 --ntasks=1 -o host_info hostname
+ echo 'threads/node: 8'
+ echo 'nodes: ' 16
+ echo 'turbo: 0'
+ srun --nodes=16 --ntasks=16 -o out.dat -e f.err ../bmark4
+ cd ../
+ i=6
+ '[' 6 -ge 4 ']'
+ export OMP_NUM_THREADS=6
+ OMP_NUM_THREADS=6
++ date +%Y_%m_%d_%H_%M_%S_%N
+ name=2013_01_03_01_31_29_662922357
+ mkdir 2013_01_03_01_31_29_662922357
+ cd 2013_01_03_01_31_29_662922357
+ touch out.dat
+ env
+ echo 2013_01_03_01_31_29_662922357
+ uname -a
+ srun --nodes=1 --ntasks=1 -ppbatch cat /proc/cpuinfo
+ grep MHz
+ srun --nodes=1 --ntasks=1 -o host_info hostname
+ echo 'threads/node: 6'
+ echo 'nodes: ' 16
+ echo 'turbo: 0'
+ srun --nodes=16 --ntasks=16 -o out.dat -e f.err ../bmark4
+ cd ../
+ i=4
+ '[' 4 -ge 4 ']'
+ export OMP_NUM_THREADS=4
+ OMP_NUM_THREADS=4
++ date +%Y_%m_%d_%H_%M_%S_%N
+ name=2013_01_03_01_32_48_285006117
+ mkdir 2013_01_03_01_32_48_285006117
+ cd 2013_01_03_01_32_48_285006117
+ touch out.dat
+ env
+ echo 2013_01_03_01_32_48_285006117
+ uname -a
+ srun --nodes=1 --ntasks=1 -ppbatch cat /proc/cpuinfo
+ grep MHz
+ srun --nodes=1 --ntasks=1 -o host_info hostname
+ echo 'threads/node: 4'
+ echo 'nodes: ' 16
+ echo 'turbo: 0'
+ srun --nodes=16 --ntasks=16 -o out.dat -e f.err ../bmark4
+ cd ../
+ i=2
+ '[' 2 -ge 4 ']'
+ j=32
+ '[' 32 -le 32 ']'
+ i=16
+ '[' 16 -ge 4 ']'
+ export OMP_NUM_THREADS=16
+ OMP_NUM_THREADS=16
++ date +%Y_%m_%d_%H_%M_%S_%N
+ name=2013_01_03_01_34_56_281640847
+ mkdir 2013_01_03_01_34_56_281640847
+ cd 2013_01_03_01_34_56_281640847
+ touch out.dat
+ env
+ echo 2013_01_03_01_34_56_281640847
+ uname -a
+ srun --nodes=1 --ntasks=1 -ppbatch cat /proc/cpuinfo
+ grep MHz
+ srun --nodes=1 --ntasks=1 -o host_info hostname
+ echo 'threads/node: 16'
+ echo 'nodes: ' 32
+ echo 'turbo: 0'
+ srun --nodes=32 --ntasks=32 -o out.dat -e f.err ../bmark4
+ cd ../
+ i=14
+ '[' 14 -ge 4 ']'
+ export OMP_NUM_THREADS=14
+ OMP_NUM_THREADS=14
++ date +%Y_%m_%d_%H_%M_%S_%N
+ name=2013_01_03_01_35_58_921369618
+ mkdir 2013_01_03_01_35_58_921369618
+ cd 2013_01_03_01_35_58_921369618
+ touch out.dat
+ env
+ echo 2013_01_03_01_35_58_921369618
+ uname -a
+ srun --nodes=1 --ntasks=1 -ppbatch cat /proc/cpuinfo
+ grep MHz
+ srun --nodes=1 --ntasks=1 -o host_info hostname
+ echo 'threads/node: 14'
+ echo 'nodes: ' 32
+ echo 'turbo: 0'
+ srun --nodes=32 --ntasks=32 -o out.dat -e f.err ../bmark4
+ cd ../
+ i=12
+ '[' 12 -ge 4 ']'
+ export OMP_NUM_THREADS=12
+ OMP_NUM_THREADS=12
++ date +%Y_%m_%d_%H_%M_%S_%N
+ name=2013_01_03_01_37_01_032178982
+ mkdir 2013_01_03_01_37_01_032178982
+ cd 2013_01_03_01_37_01_032178982
+ touch out.dat
+ env
+ echo 2013_01_03_01_37_01_032178982
+ uname -a
+ srun --nodes=1 --ntasks=1 -ppbatch cat /proc/cpuinfo
+ grep MHz
+ srun --nodes=1 --ntasks=1 -o host_info hostname
+ echo 'threads/node: 12'
+ echo 'nodes: ' 32
+ echo 'turbo: 0'
+ srun --nodes=32 --ntasks=32 -o out.dat -e f.err ../bmark4
+ cd ../
+ i=10
+ '[' 10 -ge 4 ']'
+ export OMP_NUM_THREADS=10
+ OMP_NUM_THREADS=10
++ date +%Y_%m_%d_%H_%M_%S_%N
+ name=2013_01_03_01_38_03_781687206
+ mkdir 2013_01_03_01_38_03_781687206
+ cd 2013_01_03_01_38_03_781687206
+ touch out.dat
+ env
+ echo 2013_01_03_01_38_03_781687206
+ uname -a
+ srun --nodes=1 --ntasks=1 -ppbatch cat /proc/cpuinfo
+ grep MHz
+ srun --nodes=1 --ntasks=1 -o host_info hostname
+ echo 'threads/node: 10'
+ echo 'nodes: ' 32
+ echo 'turbo: 0'
+ srun --nodes=32 --ntasks=32 -o out.dat -e f.err ../bmark4
+ cd ../
+ i=8
+ '[' 8 -ge 4 ']'
+ export OMP_NUM_THREADS=8
+ OMP_NUM_THREADS=8
++ date +%Y_%m_%d_%H_%M_%S_%N
+ name=2013_01_03_01_39_08_318839002
+ mkdir 2013_01_03_01_39_08_318839002
+ cd 2013_01_03_01_39_08_318839002
+ touch out.dat
+ env
+ echo 2013_01_03_01_39_08_318839002
+ uname -a
+ srun --nodes=1 --ntasks=1 -ppbatch cat /proc/cpuinfo
+ grep MHz
+ srun --nodes=1 --ntasks=1 -o host_info hostname
+ echo 'threads/node: 8'
+ echo 'nodes: ' 32
+ echo 'turbo: 0'
+ srun --nodes=32 --ntasks=32 -o out.dat -e f.err ../bmark4
+ cd ../
+ i=6
+ '[' 6 -ge 4 ']'
+ export OMP_NUM_THREADS=6
+ OMP_NUM_THREADS=6
++ date +%Y_%m_%d_%H_%M_%S_%N
+ name=2013_01_03_01_40_15_688200871
+ mkdir 2013_01_03_01_40_15_688200871
+ cd 2013_01_03_01_40_15_688200871
+ touch out.dat
+ env
+ echo 2013_01_03_01_40_15_688200871
+ uname -a
+ srun --nodes=1 --ntasks=1 -ppbatch cat /proc/cpuinfo
+ grep MHz
+ srun --nodes=1 --ntasks=1 -o host_info hostname
+ echo 'threads/node: 6'
+ echo 'nodes: ' 32
+ echo 'turbo: 0'
+ srun --nodes=32 --ntasks=32 -o out.dat -e f.err ../bmark4
+ cd ../
+ i=4
+ '[' 4 -ge 4 ']'
+ export OMP_NUM_THREADS=4
+ OMP_NUM_THREADS=4
++ date +%Y_%m_%d_%H_%M_%S_%N
+ name=2013_01_03_01_41_28_309817543
+ mkdir 2013_01_03_01_41_28_309817543
+ cd 2013_01_03_01_41_28_309817543
+ touch out.dat
+ env
+ echo 2013_01_03_01_41_28_309817543
+ uname -a
+ srun --nodes=1 --ntasks=1 -ppbatch cat /proc/cpuinfo
+ grep MHz
+ srun --nodes=1 --ntasks=1 -o host_info hostname
+ echo 'threads/node: 4'
+ echo 'nodes: ' 32
+ echo 'turbo: 0'
+ srun --nodes=32 --ntasks=32 -o out.dat -e f.err ../bmark4
+ cd ../
+ i=2
+ '[' 2 -ge 4 ']'
+ j=64
+ '[' 64 -le 32 ']'
+ for pkg in 0x38198 0x038208 0x038280 0x0382f8
+ i=16
+ j=8
+ export MSR_PKG_POWER_LIMIT=0x038208
+ MSR_PKG_POWER_LIMIT=0x038208
+ '[' 8 -le 32 ']'
+ i=16
+ '[' 16 -ge 4 ']'
+ export OMP_NUM_THREADS=16
+ OMP_NUM_THREADS=16
++ date +%Y_%m_%d_%H_%M_%S_%N
+ name=2013_01_03_01_42_57_579053169
+ mkdir 2013_01_03_01_42_57_579053169
+ cd 2013_01_03_01_42_57_579053169
+ touch out.dat
+ env
+ echo 2013_01_03_01_42_57_579053169
+ uname -a
+ srun --nodes=1 --ntasks=1 -ppbatch cat /proc/cpuinfo
+ grep MHz
+ srun --nodes=1 --ntasks=1 -o host_info hostname
+ echo 'threads/node: 16'
+ echo 'nodes: ' 8
+ echo 'turbo: 0'
+ srun --nodes=8 --ntasks=8 -o out.dat -e f.err ../bmark4
+ cd ../
+ i=14
+ '[' 14 -ge 4 ']'
+ export OMP_NUM_THREADS=14
+ OMP_NUM_THREADS=14
++ date +%Y_%m_%d_%H_%M_%S_%N
+ name=2013_01_03_01_43_59_127547828
+ mkdir 2013_01_03_01_43_59_127547828
+ cd 2013_01_03_01_43_59_127547828
+ touch out.dat
+ env
+ echo 2013_01_03_01_43_59_127547828
+ uname -a
+ srun --nodes=1 --ntasks=1 -ppbatch cat /proc/cpuinfo
+ grep MHz
+ srun --nodes=1 --ntasks=1 -o host_info hostname
+ echo 'threads/node: 14'
+ echo 'nodes: ' 8
+ echo 'turbo: 0'
+ srun --nodes=8 --ntasks=8 -o out.dat -e f.err ../bmark4
+ cd ../
+ i=12
+ '[' 12 -ge 4 ']'
+ export OMP_NUM_THREADS=12
+ OMP_NUM_THREADS=12
++ date +%Y_%m_%d_%H_%M_%S_%N
+ name=2013_01_03_01_45_04_329520781
+ mkdir 2013_01_03_01_45_04_329520781
+ cd 2013_01_03_01_45_04_329520781
+ touch out.dat
+ env
+ echo 2013_01_03_01_45_04_329520781
+ uname -a
+ srun --nodes=1 --ntasks=1 -ppbatch cat /proc/cpuinfo
+ grep MHz
+ srun --nodes=1 --ntasks=1 -o host_info hostname
+ echo 'threads/node: 12'
+ echo 'nodes: ' 8
+ echo 'turbo: 0'
+ srun --nodes=8 --ntasks=8 -o out.dat -e f.err ../bmark4
+ cd ../
+ i=10
+ '[' 10 -ge 4 ']'
+ export OMP_NUM_THREADS=10
+ OMP_NUM_THREADS=10
++ date +%Y_%m_%d_%H_%M_%S_%N
+ name=2013_01_03_01_46_14_823973520
+ mkdir 2013_01_03_01_46_14_823973520
+ cd 2013_01_03_01_46_14_823973520
+ touch out.dat
+ env
+ echo 2013_01_03_01_46_14_823973520
+ uname -a
+ srun --nodes=1 --ntasks=1 -ppbatch cat /proc/cpuinfo
+ grep MHz
+ srun --nodes=1 --ntasks=1 -o host_info hostname
+ echo 'threads/node: 10'
+ echo 'nodes: ' 8
+ echo 'turbo: 0'
+ srun --nodes=8 --ntasks=8 -o out.dat -e f.err ../bmark4
+ cd ../
+ i=8
+ '[' 8 -ge 4 ']'
+ export OMP_NUM_THREADS=8
+ OMP_NUM_THREADS=8
++ date +%Y_%m_%d_%H_%M_%S_%N
+ name=2013_01_03_01_47_36_905272995
+ mkdir 2013_01_03_01_47_36_905272995
+ cd 2013_01_03_01_47_36_905272995
+ touch out.dat
+ env
+ echo 2013_01_03_01_47_36_905272995
+ uname -a
+ srun --nodes=1 --ntasks=1 -ppbatch cat /proc/cpuinfo
+ grep MHz
+ srun --nodes=1 --ntasks=1 -o host_info hostname
+ echo 'threads/node: 8'
+ echo 'nodes: ' 8
+ echo 'turbo: 0'
+ srun --nodes=8 --ntasks=8 -o out.dat -e f.err ../bmark4
+ cd ../
+ i=6
+ '[' 6 -ge 4 ']'
+ export OMP_NUM_THREADS=6
+ OMP_NUM_THREADS=6
++ date +%Y_%m_%d_%H_%M_%S_%N
+ name=2013_01_03_01_49_21_187302817
+ mkdir 2013_01_03_01_49_21_187302817
+ cd 2013_01_03_01_49_21_187302817
+ touch out.dat
+ env
+ echo 2013_01_03_01_49_21_187302817
+ uname -a
+ srun --nodes=1 --ntasks=1 -ppbatch cat /proc/cpuinfo
+ grep MHz
+ srun --nodes=1 --ntasks=1 -o host_info hostname
+ echo 'threads/node: 6'
+ echo 'nodes: ' 8
+ echo 'turbo: 0'
+ srun --nodes=8 --ntasks=8 -o out.dat -e f.err ../bmark4
+ cd ../
+ i=4
+ '[' 4 -ge 4 ']'
+ export OMP_NUM_THREADS=4
+ OMP_NUM_THREADS=4
++ date +%Y_%m_%d_%H_%M_%S_%N
+ name=2013_01_03_01_51_29_263088155
+ mkdir 2013_01_03_01_51_29_263088155
+ cd 2013_01_03_01_51_29_263088155
+ touch out.dat
+ env
+ echo 2013_01_03_01_51_29_263088155
+ uname -a
+ srun --nodes=1 --ntasks=1 -ppbatch cat /proc/cpuinfo
+ grep MHz
+ srun --nodes=1 --ntasks=1 -o host_info hostname
+ echo 'threads/node: 4'
+ echo 'nodes: ' 8
+ echo 'turbo: 0'
+ srun --nodes=8 --ntasks=8 -o out.dat -e f.err ../bmark4
+ cd ../
+ i=2
+ '[' 2 -ge 4 ']'
+ j=16
+ '[' 16 -le 32 ']'
+ i=16
+ '[' 16 -ge 4 ']'
+ export OMP_NUM_THREADS=16
+ OMP_NUM_THREADS=16
++ date +%Y_%m_%d_%H_%M_%S_%N
+ name=2013_01_03_01_55_12_735839034
+ mkdir 2013_01_03_01_55_12_735839034
+ cd 2013_01_03_01_55_12_735839034
+ touch out.dat
+ env
+ echo 2013_01_03_01_55_12_735839034
+ uname -a
+ srun --nodes=1 --ntasks=1 -ppbatch cat /proc/cpuinfo
+ grep MHz
+ srun --nodes=1 --ntasks=1 -o host_info hostname
+ echo 'threads/node: 16'
+ echo 'nodes: ' 16
+ echo 'turbo: 0'
+ srun --nodes=16 --ntasks=16 -o out.dat -e f.err ../bmark4
+ cd ../
+ i=14
+ '[' 14 -ge 4 ']'
+ export OMP_NUM_THREADS=14
+ OMP_NUM_THREADS=14
++ date +%Y_%m_%d_%H_%M_%S_%N
+ name=2013_01_03_01_55_59_198816091
+ mkdir 2013_01_03_01_55_59_198816091
+ cd 2013_01_03_01_55_59_198816091
+ touch out.dat
+ env
+ echo 2013_01_03_01_55_59_198816091
+ uname -a
+ srun --nodes=1 --ntasks=1 -ppbatch cat /proc/cpuinfo
+ grep MHz
+ srun --nodes=1 --ntasks=1 -o host_info hostname
+ echo 'threads/node: 14'
+ echo 'nodes: ' 16
+ echo 'turbo: 0'
+ srun --nodes=16 --ntasks=16 -o out.dat -e f.err ../bmark4
+ cd ../
+ i=12
+ '[' 12 -ge 4 ']'
+ export OMP_NUM_THREADS=12
+ OMP_NUM_THREADS=12
++ date +%Y_%m_%d_%H_%M_%S_%N
+ name=2013_01_03_01_56_46_000738380
+ mkdir 2013_01_03_01_56_46_000738380
+ cd 2013_01_03_01_56_46_000738380
+ touch out.dat
+ env
+ echo 2013_01_03_01_56_46_000738380
+ uname -a
+ srun --nodes=1 --ntasks=1 -ppbatch cat /proc/cpuinfo
+ grep MHz
+ srun --nodes=1 --ntasks=1 -o host_info hostname
+ echo 'threads/node: 12'
+ echo 'nodes: ' 16
+ echo 'turbo: 0'
+ srun --nodes=16 --ntasks=16 -o out.dat -e f.err ../bmark4
+ cd ../
+ i=10
+ '[' 10 -ge 4 ']'
+ export OMP_NUM_THREADS=10
+ OMP_NUM_THREADS=10
++ date +%Y_%m_%d_%H_%M_%S_%N
+ name=2013_01_03_01_57_36_356610004
+ mkdir 2013_01_03_01_57_36_356610004
+ cd 2013_01_03_01_57_36_356610004
+ touch out.dat
+ env
+ echo 2013_01_03_01_57_36_356610004
+ uname -a
+ srun --nodes=1 --ntasks=1 -ppbatch cat /proc/cpuinfo
+ grep MHz
+ srun --nodes=1 --ntasks=1 -o host_info hostname
+ echo 'threads/node: 10'
+ echo 'nodes: ' 16
+ echo 'turbo: 0'
+ srun --nodes=16 --ntasks=16 -o out.dat -e f.err ../bmark4
+ cd ../
+ i=8
+ '[' 8 -ge 4 ']'
+ export OMP_NUM_THREADS=8
+ OMP_NUM_THREADS=8
++ date +%Y_%m_%d_%H_%M_%S_%N
+ name=2013_01_03_01_58_31_572841272
+ mkdir 2013_01_03_01_58_31_572841272
+ cd 2013_01_03_01_58_31_572841272
+ touch out.dat
+ env
+ echo 2013_01_03_01_58_31_572841272
+ uname -a
+ srun --nodes=1 --ntasks=1 -ppbatch cat /proc/cpuinfo
+ grep MHz
+ srun --nodes=1 --ntasks=1 -o host_info hostname
+ echo 'threads/node: 8'
+ echo 'nodes: ' 16
+ echo 'turbo: 0'
+ srun --nodes=16 --ntasks=16 -o out.dat -e f.err ../bmark4
+ cd ../
+ i=6
+ '[' 6 -ge 4 ']'
+ export OMP_NUM_THREADS=6
+ OMP_NUM_THREADS=6
++ date +%Y_%m_%d_%H_%M_%S_%N
+ name=2013_01_03_01_59_39_556992873
+ mkdir 2013_01_03_01_59_39_556992873
+ cd 2013_01_03_01_59_39_556992873
+ touch out.dat
+ env
+ echo 2013_01_03_01_59_39_556992873
+ uname -a
+ srun --nodes=1 --ntasks=1 -ppbatch cat /proc/cpuinfo
+ grep MHz
+ srun --nodes=1 --ntasks=1 -o host_info hostname
+ echo 'threads/node: 6'
+ echo 'nodes: ' 16
+ echo 'turbo: 0'
+ srun --nodes=16 --ntasks=16 -o out.dat -e f.err ../bmark4
+ cd ../
+ i=4
+ '[' 4 -ge 4 ']'
+ export OMP_NUM_THREADS=4
+ OMP_NUM_THREADS=4
++ date +%Y_%m_%d_%H_%M_%S_%N
+ name=2013_01_03_02_00_57_271080093
+ mkdir 2013_01_03_02_00_57_271080093
+ cd 2013_01_03_02_00_57_271080093
+ touch out.dat
+ env
+ echo 2013_01_03_02_00_57_271080093
+ uname -a
+ srun --nodes=1 --ntasks=1 -ppbatch cat /proc/cpuinfo
+ grep MHz
+ srun --nodes=1 --ntasks=1 -o host_info hostname
+ echo 'threads/node: 4'
+ echo 'nodes: ' 16
+ echo 'turbo: 0'
+ srun --nodes=16 --ntasks=16 -o out.dat -e f.err ../bmark4
+ cd ../
+ i=2
+ '[' 2 -ge 4 ']'
+ j=32
+ '[' 32 -le 32 ']'
+ i=16
+ '[' 16 -ge 4 ']'
+ export OMP_NUM_THREADS=16
+ OMP_NUM_THREADS=16
++ date +%Y_%m_%d_%H_%M_%S_%N
+ name=2013_01_03_02_03_11_633603983
+ mkdir 2013_01_03_02_03_11_633603983
+ cd 2013_01_03_02_03_11_633603983
+ touch out.dat
+ env
+ echo 2013_01_03_02_03_11_633603983
+ uname -a
+ srun --nodes=1 --ntasks=1 -ppbatch cat /proc/cpuinfo
+ grep MHz
+ srun --nodes=1 --ntasks=1 -o host_info hostname
+ echo 'threads/node: 16'
+ echo 'nodes: ' 32
+ echo 'turbo: 0'
+ srun --nodes=32 --ntasks=32 -o out.dat -e f.err ../bmark4
+ cd ../
+ i=14
+ '[' 14 -ge 4 ']'
+ export OMP_NUM_THREADS=14
+ OMP_NUM_THREADS=14
++ date +%Y_%m_%d_%H_%M_%S_%N
+ name=2013_01_03_02_04_13_022748288
+ mkdir 2013_01_03_02_04_13_022748288
+ cd 2013_01_03_02_04_13_022748288
+ touch out.dat
+ env
+ echo 2013_01_03_02_04_13_022748288
+ uname -a
+ srun --nodes=1 --ntasks=1 -ppbatch cat /proc/cpuinfo
+ grep MHz
+ srun --nodes=1 --ntasks=1 -o host_info hostname
+ echo 'threads/node: 14'
+ echo 'nodes: ' 32
+ echo 'turbo: 0'
+ srun --nodes=32 --ntasks=32 -o out.dat -e f.err ../bmark4
+ cd ../
+ i=12
+ '[' 12 -ge 4 ']'
+ export OMP_NUM_THREADS=12
+ OMP_NUM_THREADS=12
++ date +%Y_%m_%d_%H_%M_%S_%N
+ name=2013_01_03_02_05_12_774749956
+ mkdir 2013_01_03_02_05_12_774749956
+ cd 2013_01_03_02_05_12_774749956
+ touch out.dat
+ env
+ echo 2013_01_03_02_05_12_774749956
+ uname -a
+ srun --nodes=1 --ntasks=1 -ppbatch cat /proc/cpuinfo
+ grep MHz
+ srun --nodes=1 --ntasks=1 -o host_info hostname
+ echo 'threads/node: 12'
+ echo 'nodes: ' 32
+ echo 'turbo: 0'
+ srun --nodes=32 --ntasks=32 -o out.dat -e f.err ../bmark4
+ cd ../
+ i=10
+ '[' 10 -ge 4 ']'
+ export OMP_NUM_THREADS=10
+ OMP_NUM_THREADS=10
++ date +%Y_%m_%d_%H_%M_%S_%N
+ name=2013_01_03_02_06_13_707827601
+ mkdir 2013_01_03_02_06_13_707827601
+ cd 2013_01_03_02_06_13_707827601
+ touch out.dat
+ env
+ echo 2013_01_03_02_06_13_707827601
+ uname -a
+ srun --nodes=1 --ntasks=1 -ppbatch cat /proc/cpuinfo
+ grep MHz
+ srun --nodes=1 --ntasks=1 -o host_info hostname
+ echo 'threads/node: 10'
+ echo 'nodes: ' 32
+ echo 'turbo: 0'
+ srun --nodes=32 --ntasks=32 -o out.dat -e f.err ../bmark4
+ cd ../
+ i=8
+ '[' 8 -ge 4 ']'
+ export OMP_NUM_THREADS=8
+ OMP_NUM_THREADS=8
++ date +%Y_%m_%d_%H_%M_%S_%N
+ name=2013_01_03_02_07_17_027532035
+ mkdir 2013_01_03_02_07_17_027532035
+ cd 2013_01_03_02_07_17_027532035
+ touch out.dat
+ env
+ echo 2013_01_03_02_07_17_027532035
+ uname -a
+ srun --nodes=1 --ntasks=1 -ppbatch cat /proc/cpuinfo
+ grep MHz
+ srun --nodes=1 --ntasks=1 -o host_info hostname
+ echo 'threads/node: 8'
+ echo 'nodes: ' 32
+ echo 'turbo: 0'
+ srun --nodes=32 --ntasks=32 -o out.dat -e f.err ../bmark4
+ cd ../
+ i=6
+ '[' 6 -ge 4 ']'
+ export OMP_NUM_THREADS=6
+ OMP_NUM_THREADS=6
++ date +%Y_%m_%d_%H_%M_%S_%N
+ name=2013_01_03_02_08_23_605789785
+ mkdir 2013_01_03_02_08_23_605789785
+ cd 2013_01_03_02_08_23_605789785
+ touch out.dat
+ env
+ echo 2013_01_03_02_08_23_605789785
+ uname -a
+ srun --nodes=1 --ntasks=1 -ppbatch cat /proc/cpuinfo
+ grep MHz
+ srun --nodes=1 --ntasks=1 -o host_info hostname
+ echo 'threads/node: 6'
+ echo 'nodes: ' 32
+ echo 'turbo: 0'
+ srun --nodes=32 --ntasks=32 -o out.dat -e f.err ../bmark4
+ cd ../
+ i=4
+ '[' 4 -ge 4 ']'
+ export OMP_NUM_THREADS=4
+ OMP_NUM_THREADS=4
++ date +%Y_%m_%d_%H_%M_%S_%N
+ name=2013_01_03_02_09_36_255717081
+ mkdir 2013_01_03_02_09_36_255717081
+ cd 2013_01_03_02_09_36_255717081
+ touch out.dat
+ env
+ echo 2013_01_03_02_09_36_255717081
+ uname -a
+ srun --nodes=1 --ntasks=1 -ppbatch cat /proc/cpuinfo
+ grep MHz
+ srun --nodes=1 --ntasks=1 -o host_info hostname
+ echo 'threads/node: 4'
+ echo 'nodes: ' 32
+ echo 'turbo: 0'
+ srun --nodes=32 --ntasks=32 -o out.dat -e f.err ../bmark4
+ cd ../
+ i=2
+ '[' 2 -ge 4 ']'
+ j=64
+ '[' 64 -le 32 ']'
+ for pkg in 0x38198 0x038208 0x038280 0x0382f8
+ i=16
+ j=8
+ export MSR_PKG_POWER_LIMIT=0x038280
+ MSR_PKG_POWER_LIMIT=0x038280
+ '[' 8 -le 32 ']'
+ i=16
+ '[' 16 -ge 4 ']'
+ export OMP_NUM_THREADS=16
+ OMP_NUM_THREADS=16
++ date +%Y_%m_%d_%H_%M_%S_%N
+ name=2013_01_03_02_11_01_736642902
+ mkdir 2013_01_03_02_11_01_736642902
+ cd 2013_01_03_02_11_01_736642902
+ touch out.dat
+ env
+ echo 2013_01_03_02_11_01_736642902
+ uname -a
+ srun --nodes=1 --ntasks=1 -ppbatch cat /proc/cpuinfo
+ grep MHz
+ srun --nodes=1 --ntasks=1 -o host_info hostname
+ echo 'threads/node: 16'
+ echo 'nodes: ' 8
+ echo 'turbo: 0'
+ srun --nodes=8 --ntasks=8 -o out.dat -e f.err ../bmark4
+ cd ../
+ i=14
+ '[' 14 -ge 4 ']'
+ export OMP_NUM_THREADS=14
+ OMP_NUM_THREADS=14
++ date +%Y_%m_%d_%H_%M_%S_%N
+ name=2013_01_03_02_11_57_576446697
+ mkdir 2013_01_03_02_11_57_576446697
+ cd 2013_01_03_02_11_57_576446697
+ touch out.dat
+ env
+ echo 2013_01_03_02_11_57_576446697
+ uname -a
+ srun --nodes=1 --ntasks=1 -ppbatch cat /proc/cpuinfo
+ grep MHz
+ srun --nodes=1 --ntasks=1 -o host_info hostname
+ echo 'threads/node: 14'
+ echo 'nodes: ' 8
+ echo 'turbo: 0'
+ srun --nodes=8 --ntasks=8 -o out.dat -e f.err ../bmark4
+ cd ../
+ i=12
+ '[' 12 -ge 4 ']'
+ export OMP_NUM_THREADS=12
+ OMP_NUM_THREADS=12
++ date +%Y_%m_%d_%H_%M_%S_%N
+ name=2013_01_03_02_12_59_364776794
+ mkdir 2013_01_03_02_12_59_364776794
+ cd 2013_01_03_02_12_59_364776794
+ touch out.dat
+ env
+ echo 2013_01_03_02_12_59_364776794
+ uname -a
+ srun --nodes=1 --ntasks=1 -ppbatch cat /proc/cpuinfo
+ grep MHz
+ srun --nodes=1 --ntasks=1 -o host_info hostname
+ echo 'threads/node: 12'
+ echo 'nodes: ' 8
+ echo 'turbo: 0'
+ srun --nodes=8 --ntasks=8 -o out.dat -e f.err ../bmark4
+ cd ../
+ i=10
+ '[' 10 -ge 4 ']'
+ export OMP_NUM_THREADS=10
+ OMP_NUM_THREADS=10
++ date +%Y_%m_%d_%H_%M_%S_%N
+ name=2013_01_03_02_14_09_216995109
+ mkdir 2013_01_03_02_14_09_216995109
+ cd 2013_01_03_02_14_09_216995109
+ touch out.dat
+ env
+ echo 2013_01_03_02_14_09_216995109
+ uname -a
+ srun --nodes=1 --ntasks=1 -ppbatch cat /proc/cpuinfo
+ grep MHz
+ srun --nodes=1 --ntasks=1 -o host_info hostname
+ echo 'threads/node: 10'
+ echo 'nodes: ' 8
+ echo 'turbo: 0'
+ srun --nodes=8 --ntasks=8 -o out.dat -e f.err ../bmark4
+ cd ../
+ i=8
+ '[' 8 -ge 4 ']'
+ export OMP_NUM_THREADS=8
+ OMP_NUM_THREADS=8
++ date +%Y_%m_%d_%H_%M_%S_%N
+ name=2013_01_03_02_15_30_428774298
+ mkdir 2013_01_03_02_15_30_428774298
+ cd 2013_01_03_02_15_30_428774298
+ touch out.dat
+ env
+ echo 2013_01_03_02_15_30_428774298
+ uname -a
+ srun --nodes=1 --ntasks=1 -ppbatch cat /proc/cpuinfo
+ grep MHz
+ srun --nodes=1 --ntasks=1 -o host_info hostname
+ echo 'threads/node: 8'
+ echo 'nodes: ' 8
+ echo 'turbo: 0'
+ srun --nodes=8 --ntasks=8 -o out.dat -e f.err ../bmark4
+ cd ../
+ i=6
+ '[' 6 -ge 4 ']'
+ export OMP_NUM_THREADS=6
+ OMP_NUM_THREADS=6
++ date +%Y_%m_%d_%H_%M_%S_%N
+ name=2013_01_03_02_17_14_405775403
+ mkdir 2013_01_03_02_17_14_405775403
+ cd 2013_01_03_02_17_14_405775403
+ touch out.dat
+ env
+ echo 2013_01_03_02_17_14_405775403
+ uname -a
+ srun --nodes=1 --ntasks=1 -ppbatch cat /proc/cpuinfo
+ grep MHz
+ srun --nodes=1 --ntasks=1 -o host_info hostname
+ echo 'threads/node: 6'
+ echo 'nodes: ' 8
+ echo 'turbo: 0'
+ srun --nodes=8 --ntasks=8 -o out.dat -e f.err ../bmark4
+ cd ../
+ i=4
+ '[' 4 -ge 4 ']'
+ export OMP_NUM_THREADS=4
+ OMP_NUM_THREADS=4
++ date +%Y_%m_%d_%H_%M_%S_%N
+ name=2013_01_03_02_19_21_296464295
+ mkdir 2013_01_03_02_19_21_296464295
+ cd 2013_01_03_02_19_21_296464295
+ touch out.dat
+ env
+ echo 2013_01_03_02_19_21_296464295
+ uname -a
+ srun --nodes=1 --ntasks=1 -ppbatch cat /proc/cpuinfo
+ grep MHz
+ srun --nodes=1 --ntasks=1 -o host_info hostname
+ echo 'threads/node: 4'
+ echo 'nodes: ' 8
+ echo 'turbo: 0'
+ srun --nodes=8 --ntasks=8 -o out.dat -e f.err ../bmark4
+ cd ../
+ i=2
+ '[' 2 -ge 4 ']'
+ j=16
+ '[' 16 -le 32 ']'
+ i=16
+ '[' 16 -ge 4 ']'
+ export OMP_NUM_THREADS=16
+ OMP_NUM_THREADS=16
++ date +%Y_%m_%d_%H_%M_%S_%N
+ name=2013_01_03_02_23_07_733146845
+ mkdir 2013_01_03_02_23_07_733146845
+ cd 2013_01_03_02_23_07_733146845
+ touch out.dat
+ env
+ echo 2013_01_03_02_23_07_733146845
+ uname -a
+ srun --nodes=1 --ntasks=1 -ppbatch cat /proc/cpuinfo
+ grep MHz
+ srun --nodes=1 --ntasks=1 -o host_info hostname
+ echo 'threads/node: 16'
+ echo 'nodes: ' 16
+ echo 'turbo: 0'
+ srun --nodes=16 --ntasks=16 -o out.dat -e f.err ../bmark4
+ cd ../
+ i=14
+ '[' 14 -ge 4 ']'
+ export OMP_NUM_THREADS=14
+ OMP_NUM_THREADS=14
++ date +%Y_%m_%d_%H_%M_%S_%N
+ name=2013_01_03_02_23_52_109891952
+ mkdir 2013_01_03_02_23_52_109891952
+ cd 2013_01_03_02_23_52_109891952
+ touch out.dat
+ env
+ echo 2013_01_03_02_23_52_109891952
+ uname -a
+ srun --nodes=1 --ntasks=1 -ppbatch cat /proc/cpuinfo
+ grep MHz
+ srun --nodes=1 --ntasks=1 -o host_info hostname
+ echo 'threads/node: 14'
+ echo 'nodes: ' 16
+ echo 'turbo: 0'
+ srun --nodes=16 --ntasks=16 -o out.dat -e f.err ../bmark4
+ cd ../
+ i=12
+ '[' 12 -ge 4 ']'
+ export OMP_NUM_THREADS=12
+ OMP_NUM_THREADS=12
++ date +%Y_%m_%d_%H_%M_%S_%N
+ name=2013_01_03_02_24_37_310702107
+ mkdir 2013_01_03_02_24_37_310702107
+ cd 2013_01_03_02_24_37_310702107
+ touch out.dat
+ env
+ echo 2013_01_03_02_24_37_310702107
+ uname -a
+ srun --nodes=1 --ntasks=1 -ppbatch cat /proc/cpuinfo
+ grep MHz
+ srun --nodes=1 --ntasks=1 -o host_info hostname
+ echo 'threads/node: 12'
+ echo 'nodes: ' 16
+ echo 'turbo: 0'
+ srun --nodes=16 --ntasks=16 -o out.dat -e f.err ../bmark4
+ cd ../
+ i=10
+ '[' 10 -ge 4 ']'
+ export OMP_NUM_THREADS=10
+ OMP_NUM_THREADS=10
++ date +%Y_%m_%d_%H_%M_%S_%N
+ name=2013_01_03_02_25_27_293038249
+ mkdir 2013_01_03_02_25_27_293038249
+ cd 2013_01_03_02_25_27_293038249
+ touch out.dat
+ env
+ echo 2013_01_03_02_25_27_293038249
+ uname -a
+ srun --nodes=1 --ntasks=1 -ppbatch cat /proc/cpuinfo
+ grep MHz
+ srun --nodes=1 --ntasks=1 -o host_info hostname
+ echo 'threads/node: 10'
+ echo 'nodes: ' 16
+ echo 'turbo: 0'
+ srun --nodes=16 --ntasks=16 -o out.dat -e f.err ../bmark4
+ cd ../
+ i=8
+ '[' 8 -ge 4 ']'
+ export OMP_NUM_THREADS=8
+ OMP_NUM_THREADS=8
++ date +%Y_%m_%d_%H_%M_%S_%N
+ name=2013_01_03_02_26_23_339017394
+ mkdir 2013_01_03_02_26_23_339017394
+ cd 2013_01_03_02_26_23_339017394
+ touch out.dat
+ env
+ echo 2013_01_03_02_26_23_339017394
+ uname -a
+ srun --nodes=1 --ntasks=1 -ppbatch cat /proc/cpuinfo
+ grep MHz
+ srun --nodes=1 --ntasks=1 -o host_info hostname
+ echo 'threads/node: 8'
+ echo 'nodes: ' 16
+ echo 'turbo: 0'
+ srun --nodes=16 --ntasks=16 -o out.dat -e f.err ../bmark4
+ cd ../
+ i=6
+ '[' 6 -ge 4 ']'
+ export OMP_NUM_THREADS=6
+ OMP_NUM_THREADS=6
++ date +%Y_%m_%d_%H_%M_%S_%N
+ name=2013_01_03_02_27_29_470435689
+ mkdir 2013_01_03_02_27_29_470435689
+ cd 2013_01_03_02_27_29_470435689
+ touch out.dat
+ env
+ echo 2013_01_03_02_27_29_470435689
+ uname -a
+ srun --nodes=1 --ntasks=1 -ppbatch cat /proc/cpuinfo
+ grep MHz
+ srun --nodes=1 --ntasks=1 -o host_info hostname
+ echo 'threads/node: 6'
+ echo 'nodes: ' 16
+ echo 'turbo: 0'
+ srun --nodes=16 --ntasks=16 -o out.dat -e f.err ../bmark4
+ cd ../
+ i=4
+ '[' 4 -ge 4 ']'
+ export OMP_NUM_THREADS=4
+ OMP_NUM_THREADS=4
++ date +%Y_%m_%d_%H_%M_%S_%N
+ name=2013_01_03_02_28_46_989192805
+ mkdir 2013_01_03_02_28_46_989192805
+ cd 2013_01_03_02_28_46_989192805
+ touch out.dat
+ env
+ echo 2013_01_03_02_28_46_989192805
+ uname -a
+ srun --nodes=1 --ntasks=1 -ppbatch cat /proc/cpuinfo
+ grep MHz
+ srun --nodes=1 --ntasks=1 -o host_info hostname
+ echo 'threads/node: 4'
+ echo 'nodes: ' 16
+ echo 'turbo: 0'
+ srun --nodes=16 --ntasks=16 -o out.dat -e f.err ../bmark4
+ cd ../
+ i=2
+ '[' 2 -ge 4 ']'
+ j=32
+ '[' 32 -le 32 ']'
+ i=16
+ '[' 16 -ge 4 ']'
+ export OMP_NUM_THREADS=16
+ OMP_NUM_THREADS=16
++ date +%Y_%m_%d_%H_%M_%S_%N
+ name=2013_01_03_02_30_53_947583846
+ mkdir 2013_01_03_02_30_53_947583846
+ cd 2013_01_03_02_30_53_947583846
+ touch out.dat
+ env
+ echo 2013_01_03_02_30_53_947583846
+ uname -a
+ srun --nodes=1 --ntasks=1 -ppbatch cat /proc/cpuinfo
+ grep MHz
+ srun --nodes=1 --ntasks=1 -o host_info hostname
+ echo 'threads/node: 16'
+ echo 'nodes: ' 32
+ echo 'turbo: 0'
+ srun --nodes=32 --ntasks=32 -o out.dat -e f.err ../bmark4
+ cd ../
+ i=14
+ '[' 14 -ge 4 ']'
+ export OMP_NUM_THREADS=14
+ OMP_NUM_THREADS=14
++ date +%Y_%m_%d_%H_%M_%S_%N
+ name=2013_01_03_02_31_52_338440121
+ mkdir 2013_01_03_02_31_52_338440121
+ cd 2013_01_03_02_31_52_338440121
+ touch out.dat
+ env
+ echo 2013_01_03_02_31_52_338440121
+ uname -a
+ srun --nodes=1 --ntasks=1 -ppbatch cat /proc/cpuinfo
+ grep MHz
+ srun --nodes=1 --ntasks=1 -o host_info hostname
+ echo 'threads/node: 14'
+ echo 'nodes: ' 32
+ echo 'turbo: 0'
+ srun --nodes=32 --ntasks=32 -o out.dat -e f.err ../bmark4
+ cd ../
+ i=12
+ '[' 12 -ge 4 ']'
+ export OMP_NUM_THREADS=12
+ OMP_NUM_THREADS=12
++ date +%Y_%m_%d_%H_%M_%S_%N
+ name=2013_01_03_02_32_50_836642305
+ mkdir 2013_01_03_02_32_50_836642305
+ cd 2013_01_03_02_32_50_836642305
+ touch out.dat
+ env
+ echo 2013_01_03_02_32_50_836642305
+ uname -a
+ srun --nodes=1 --ntasks=1 -ppbatch cat /proc/cpuinfo
+ grep MHz
+ srun --nodes=1 --ntasks=1 -o host_info hostname
+ echo 'threads/node: 12'
+ echo 'nodes: ' 32
+ echo 'turbo: 0'
+ srun --nodes=32 --ntasks=32 -o out.dat -e f.err ../bmark4
+ cd ../
+ i=10
+ '[' 10 -ge 4 ']'
+ export OMP_NUM_THREADS=10
+ OMP_NUM_THREADS=10
++ date +%Y_%m_%d_%H_%M_%S_%N
+ name=2013_01_03_02_33_51_102271910
+ mkdir 2013_01_03_02_33_51_102271910
+ cd 2013_01_03_02_33_51_102271910
+ touch out.dat
+ env
+ echo 2013_01_03_02_33_51_102271910
+ uname -a
+ srun --nodes=1 --ntasks=1 -ppbatch cat /proc/cpuinfo
+ grep MHz
+ srun --nodes=1 --ntasks=1 -o host_info hostname
+ echo 'threads/node: 10'
+ echo 'nodes: ' 32
+ echo 'turbo: 0'
+ srun --nodes=32 --ntasks=32 -o out.dat -e f.err ../bmark4
+ cd ../
+ i=8
+ '[' 8 -ge 4 ']'
+ export OMP_NUM_THREADS=8
+ OMP_NUM_THREADS=8
++ date +%Y_%m_%d_%H_%M_%S_%N
+ name=2013_01_03_02_34_53_297294711
+ mkdir 2013_01_03_02_34_53_297294711
+ cd 2013_01_03_02_34_53_297294711
+ touch out.dat
+ env
+ echo 2013_01_03_02_34_53_297294711
+ uname -a
+ srun --nodes=1 --ntasks=1 -ppbatch cat /proc/cpuinfo
+ grep MHz
+ srun --nodes=1 --ntasks=1 -o host_info hostname
+ echo 'threads/node: 8'
+ echo 'nodes: ' 32
+ echo 'turbo: 0'
+ srun --nodes=32 --ntasks=32 -o out.dat -e f.err ../bmark4
+ cd ../
+ i=6
+ '[' 6 -ge 4 ']'
+ export OMP_NUM_THREADS=6
+ OMP_NUM_THREADS=6
++ date +%Y_%m_%d_%H_%M_%S_%N
+ name=2013_01_03_02_36_00_099251082
+ mkdir 2013_01_03_02_36_00_099251082
+ cd 2013_01_03_02_36_00_099251082
+ touch out.dat
+ env
+ echo 2013_01_03_02_36_00_099251082
+ uname -a
+ srun --nodes=1 --ntasks=1 -ppbatch cat /proc/cpuinfo
+ grep MHz
+ srun --nodes=1 --ntasks=1 -o host_info hostname
+ echo 'threads/node: 6'
+ echo 'nodes: ' 32
+ echo 'turbo: 0'
+ srun --nodes=32 --ntasks=32 -o out.dat -e f.err ../bmark4
+ cd ../
+ i=4
+ '[' 4 -ge 4 ']'
+ export OMP_NUM_THREADS=4
+ OMP_NUM_THREADS=4
++ date +%Y_%m_%d_%H_%M_%S_%N
+ name=2013_01_03_02_37_13_707763539
+ mkdir 2013_01_03_02_37_13_707763539
+ cd 2013_01_03_02_37_13_707763539
+ touch out.dat
+ env
+ echo 2013_01_03_02_37_13_707763539
+ uname -a
+ srun --nodes=1 --ntasks=1 -ppbatch cat /proc/cpuinfo
+ grep MHz
+ srun --nodes=1 --ntasks=1 -o host_info hostname
+ echo 'threads/node: 4'
+ echo 'nodes: ' 32
+ echo 'turbo: 0'
+ srun --nodes=32 --ntasks=32 -o out.dat -e f.err ../bmark4
+ cd ../
+ i=2
+ '[' 2 -ge 4 ']'
+ j=64
+ '[' 64 -le 32 ']'
+ for pkg in 0x38198 0x038208 0x038280 0x0382f8
+ i=16
+ j=8
+ export MSR_PKG_POWER_LIMIT=0x0382f8
+ MSR_PKG_POWER_LIMIT=0x0382f8
+ '[' 8 -le 32 ']'
+ i=16
+ '[' 16 -ge 4 ']'
+ export OMP_NUM_THREADS=16
+ OMP_NUM_THREADS=16
++ date +%Y_%m_%d_%H_%M_%S_%N
+ name=2013_01_03_02_38_41_826040372
+ mkdir 2013_01_03_02_38_41_826040372
+ cd 2013_01_03_02_38_41_826040372
+ touch out.dat
+ env
+ echo 2013_01_03_02_38_41_826040372
+ uname -a
+ srun --nodes=1 --ntasks=1 -ppbatch cat /proc/cpuinfo
+ grep MHz
+ srun --nodes=1 --ntasks=1 -o host_info hostname
+ echo 'threads/node: 16'
+ echo 'nodes: ' 8
+ echo 'turbo: 0'
+ srun --nodes=8 --ntasks=8 -o out.dat -e f.err ../bmark4
+ cd ../
+ i=14
+ '[' 14 -ge 4 ']'
+ export OMP_NUM_THREADS=14
+ OMP_NUM_THREADS=14
++ date +%Y_%m_%d_%H_%M_%S_%N
+ name=2013_01_03_02_39_37_381110113
+ mkdir 2013_01_03_02_39_37_381110113
+ cd 2013_01_03_02_39_37_381110113
+ touch out.dat
+ env
+ echo 2013_01_03_02_39_37_381110113
+ uname -a
+ srun --nodes=1 --ntasks=1 -ppbatch cat /proc/cpuinfo
+ grep MHz
+ srun --nodes=1 --ntasks=1 -o host_info hostname
+ echo 'threads/node: 14'
+ echo 'nodes: ' 8
+ echo 'turbo: 0'
+ srun --nodes=8 --ntasks=8 -o out.dat -e f.err ../bmark4
+ cd ../
+ i=12
+ '[' 12 -ge 4 ']'
+ export OMP_NUM_THREADS=12
+ OMP_NUM_THREADS=12
++ date +%Y_%m_%d_%H_%M_%S_%N
+ name=2013_01_03_02_40_38_922800428
+ mkdir 2013_01_03_02_40_38_922800428
+ cd 2013_01_03_02_40_38_922800428
+ touch out.dat
+ env
+ echo 2013_01_03_02_40_38_922800428
+ uname -a
+ srun --nodes=1 --ntasks=1 -ppbatch cat /proc/cpuinfo
+ grep MHz
+ srun --nodes=1 --ntasks=1 -o host_info hostname
+ echo 'threads/node: 12'
+ echo 'nodes: ' 8
+ echo 'turbo: 0'
+ srun --nodes=8 --ntasks=8 -o out.dat -e f.err ../bmark4
+ cd ../
+ i=10
+ '[' 10 -ge 4 ']'
+ export OMP_NUM_THREADS=10
+ OMP_NUM_THREADS=10
++ date +%Y_%m_%d_%H_%M_%S_%N
+ name=2013_01_03_02_41_48_995758888
+ mkdir 2013_01_03_02_41_48_995758888
+ cd 2013_01_03_02_41_48_995758888
+ touch out.dat
+ env
+ echo 2013_01_03_02_41_48_995758888
+ uname -a
+ srun --nodes=1 --ntasks=1 -ppbatch cat /proc/cpuinfo
+ grep MHz
+ srun --nodes=1 --ntasks=1 -o host_info hostname
+ echo 'threads/node: 10'
+ echo 'nodes: ' 8
+ echo 'turbo: 0'
+ srun --nodes=8 --ntasks=8 -o out.dat -e f.err ../bmark4
+ cd ../
+ i=8
+ '[' 8 -ge 4 ']'
+ export OMP_NUM_THREADS=8
+ OMP_NUM_THREADS=8
++ date +%Y_%m_%d_%H_%M_%S_%N
+ name=2013_01_03_02_43_09_979728392
+ mkdir 2013_01_03_02_43_09_979728392
+ cd 2013_01_03_02_43_09_979728392
+ touch out.dat
+ env
+ echo 2013_01_03_02_43_09_979728392
+ uname -a
+ srun --nodes=1 --ntasks=1 -ppbatch cat /proc/cpuinfo
+ grep MHz
+ srun --nodes=1 --ntasks=1 -o host_info hostname
+ echo 'threads/node: 8'
+ echo 'nodes: ' 8
+ echo 'turbo: 0'
+ srun --nodes=8 --ntasks=8 -o out.dat -e f.err ../bmark4
+ cd ../
+ i=6
+ '[' 6 -ge 4 ']'
+ export OMP_NUM_THREADS=6
+ OMP_NUM_THREADS=6
++ date +%Y_%m_%d_%H_%M_%S_%N
+ name=2013_01_03_02_44_56_482047672
+ mkdir 2013_01_03_02_44_56_482047672
+ cd 2013_01_03_02_44_56_482047672
+ touch out.dat
+ env
+ echo 2013_01_03_02_44_56_482047672
+ uname -a
+ srun --nodes=1 --ntasks=1 -ppbatch cat /proc/cpuinfo
+ grep MHz
+ srun --nodes=1 --ntasks=1 -o host_info hostname
+ echo 'threads/node: 6'
+ echo 'nodes: ' 8
+ echo 'turbo: 0'
+ srun --nodes=8 --ntasks=8 -o out.dat -e f.err ../bmark4
+ cd ../
+ i=4
+ '[' 4 -ge 4 ']'
+ export OMP_NUM_THREADS=4
+ OMP_NUM_THREADS=4
++ date +%Y_%m_%d_%H_%M_%S_%N
+ name=2013_01_03_02_47_03_648171721
+ mkdir 2013_01_03_02_47_03_648171721
+ cd 2013_01_03_02_47_03_648171721
+ touch out.dat
+ env
+ echo 2013_01_03_02_47_03_648171721
+ uname -a
+ srun --nodes=1 --ntasks=1 -ppbatch cat /proc/cpuinfo
+ grep MHz
+ srun --nodes=1 --ntasks=1 -o host_info hostname
+ echo 'threads/node: 4'
+ echo 'nodes: ' 8
+ echo 'turbo: 0'
+ srun --nodes=8 --ntasks=8 -o out.dat -e f.err ../bmark4
+ cd ../
+ i=2
+ '[' 2 -ge 4 ']'
+ j=16
+ '[' 16 -le 32 ']'
+ i=16
+ '[' 16 -ge 4 ']'
+ export OMP_NUM_THREADS=16
+ OMP_NUM_THREADS=16
++ date +%Y_%m_%d_%H_%M_%S_%N
+ name=2013_01_03_02_50_49_454923738
+ mkdir 2013_01_03_02_50_49_454923738
+ cd 2013_01_03_02_50_49_454923738
+ touch out.dat
+ env
+ echo 2013_01_03_02_50_49_454923738
+ uname -a
+ srun --nodes=1 --ntasks=1 -ppbatch cat /proc/cpuinfo
+ grep MHz
+ srun --nodes=1 --ntasks=1 -o host_info hostname
+ echo 'threads/node: 16'
+ echo 'nodes: ' 16
+ echo 'turbo: 0'
+ srun --nodes=16 --ntasks=16 -o out.dat -e f.err ../bmark4
+ cd ../
+ i=14
+ '[' 14 -ge 4 ']'
+ export OMP_NUM_THREADS=14
+ OMP_NUM_THREADS=14
++ date +%Y_%m_%d_%H_%M_%S_%N
+ name=2013_01_03_02_51_33_272362763
+ mkdir 2013_01_03_02_51_33_272362763
+ cd 2013_01_03_02_51_33_272362763
+ touch out.dat
+ env
+ echo 2013_01_03_02_51_33_272362763
+ uname -a
+ srun --nodes=1 --ntasks=1 -ppbatch cat /proc/cpuinfo
+ grep MHz
+ srun --nodes=1 --ntasks=1 -o host_info hostname
+ echo 'threads/node: 14'
+ echo 'nodes: ' 16
+ echo 'turbo: 0'
+ srun --nodes=16 --ntasks=16 -o out.dat -e f.err ../bmark4
+ cd ../
+ i=12
+ '[' 12 -ge 4 ']'
+ export OMP_NUM_THREADS=12
+ OMP_NUM_THREADS=12
++ date +%Y_%m_%d_%H_%M_%S_%N
+ name=2013_01_03_02_52_17_241512533
+ mkdir 2013_01_03_02_52_17_241512533
+ cd 2013_01_03_02_52_17_241512533
+ touch out.dat
+ env
+ echo 2013_01_03_02_52_17_241512533
+ uname -a
+ srun --nodes=1 --ntasks=1 -ppbatch cat /proc/cpuinfo
+ grep MHz
+ srun --nodes=1 --ntasks=1 -o host_info hostname
+ echo 'threads/node: 12'
+ echo 'nodes: ' 16
+ echo 'turbo: 0'
+ srun --nodes=16 --ntasks=16 -o out.dat -e f.err ../bmark4
+ cd ../
+ i=10
+ '[' 10 -ge 4 ']'
+ export OMP_NUM_THREADS=10
+ OMP_NUM_THREADS=10
++ date +%Y_%m_%d_%H_%M_%S_%N
+ name=2013_01_03_02_53_06_552473740
+ mkdir 2013_01_03_02_53_06_552473740
+ cd 2013_01_03_02_53_06_552473740
+ touch out.dat
+ env
+ echo 2013_01_03_02_53_06_552473740
+ uname -a
+ srun --nodes=1 --ntasks=1 -ppbatch cat /proc/cpuinfo
+ grep MHz
+ srun --nodes=1 --ntasks=1 -o host_info hostname
+ echo 'threads/node: 10'
+ echo 'nodes: ' 16
+ echo 'turbo: 0'
+ srun --nodes=16 --ntasks=16 -o out.dat -e f.err ../bmark4
+ cd ../
+ i=8
+ '[' 8 -ge 4 ']'
+ export OMP_NUM_THREADS=8
+ OMP_NUM_THREADS=8
++ date +%Y_%m_%d_%H_%M_%S_%N
+ name=2013_01_03_02_54_02_583858261
+ mkdir 2013_01_03_02_54_02_583858261
+ cd 2013_01_03_02_54_02_583858261
+ touch out.dat
+ env
+ echo 2013_01_03_02_54_02_583858261
+ uname -a
+ srun --nodes=1 --ntasks=1 -ppbatch cat /proc/cpuinfo
+ grep MHz
+ srun --nodes=1 --ntasks=1 -o host_info hostname
+ echo 'threads/node: 8'
+ echo 'nodes: ' 16
+ echo 'turbo: 0'
+ srun --nodes=16 --ntasks=16 -o out.dat -e f.err ../bmark4
+ cd ../
+ i=6
+ '[' 6 -ge 4 ']'
+ export OMP_NUM_THREADS=6
+ OMP_NUM_THREADS=6
++ date +%Y_%m_%d_%H_%M_%S_%N
+ name=2013_01_03_02_55_08_373038909
+ mkdir 2013_01_03_02_55_08_373038909
+ cd 2013_01_03_02_55_08_373038909
+ touch out.dat
+ env
+ echo 2013_01_03_02_55_08_373038909
+ uname -a
+ srun --nodes=1 --ntasks=1 -ppbatch cat /proc/cpuinfo
+ grep MHz
+ srun --nodes=1 --ntasks=1 -o host_info hostname
+ echo 'threads/node: 6'
+ echo 'nodes: ' 16
+ echo 'turbo: 0'
+ srun --nodes=16 --ntasks=16 -o out.dat -e f.err ../bmark4
+ cd ../
+ i=4
+ '[' 4 -ge 4 ']'
+ export OMP_NUM_THREADS=4
+ OMP_NUM_THREADS=4
++ date +%Y_%m_%d_%H_%M_%S_%N
+ name=2013_01_03_02_56_24_253874214
+ mkdir 2013_01_03_02_56_24_253874214
+ cd 2013_01_03_02_56_24_253874214
+ touch out.dat
+ env
+ echo 2013_01_03_02_56_24_253874214
+ uname -a
+ srun --nodes=1 --ntasks=1 -ppbatch cat /proc/cpuinfo
+ grep MHz
+ srun --nodes=1 --ntasks=1 -o host_info hostname
+ echo 'threads/node: 4'
+ echo 'nodes: ' 16
+ echo 'turbo: 0'
+ srun --nodes=16 --ntasks=16 -o out.dat -e f.err ../bmark4
+ cd ../
+ i=2
+ '[' 2 -ge 4 ']'
+ j=32
+ '[' 32 -le 32 ']'
+ i=16
+ '[' 16 -ge 4 ']'
+ export OMP_NUM_THREADS=16
+ OMP_NUM_THREADS=16
++ date +%Y_%m_%d_%H_%M_%S_%N
+ name=2013_01_03_02_58_28_762572812
+ mkdir 2013_01_03_02_58_28_762572812
+ cd 2013_01_03_02_58_28_762572812
+ touch out.dat
+ env
+ echo 2013_01_03_02_58_28_762572812
+ uname -a
+ srun --nodes=1 --ntasks=1 -ppbatch cat /proc/cpuinfo
+ grep MHz
+ srun --nodes=1 --ntasks=1 -o host_info hostname
+ echo 'threads/node: 16'
+ echo 'nodes: ' 32
+ echo 'turbo: 0'
+ srun --nodes=32 --ntasks=32 -o out.dat -e f.err ../bmark4
+ cd ../
+ i=14
+ '[' 14 -ge 4 ']'
+ export OMP_NUM_THREADS=14
+ OMP_NUM_THREADS=14
++ date +%Y_%m_%d_%H_%M_%S_%N
+ name=2013_01_03_02_59_26_434995101
+ mkdir 2013_01_03_02_59_26_434995101
+ cd 2013_01_03_02_59_26_434995101
+ touch out.dat
+ env
+ echo 2013_01_03_02_59_26_434995101
+ uname -a
+ srun --nodes=1 --ntasks=1 -ppbatch cat /proc/cpuinfo
+ grep MHz
+ srun --nodes=1 --ntasks=1 -o host_info hostname
+ echo 'threads/node: 14'
+ echo 'nodes: ' 32
+ echo 'turbo: 0'
+ srun --nodes=32 --ntasks=32 -o out.dat -e f.err ../bmark4
+ cd ../
+ i=12
+ '[' 12 -ge 4 ']'
+ export OMP_NUM_THREADS=12
+ OMP_NUM_THREADS=12
++ date +%Y_%m_%d_%H_%M_%S_%N
+ name=2013_01_03_03_00_24_848652226
+ mkdir 2013_01_03_03_00_24_848652226
+ cd 2013_01_03_03_00_24_848652226
+ touch out.dat
+ env
+ echo 2013_01_03_03_00_24_848652226
+ uname -a
+ srun --nodes=1 --ntasks=1 -ppbatch cat /proc/cpuinfo
+ grep MHz
+ srun --nodes=1 --ntasks=1 -o host_info hostname
+ echo 'threads/node: 12'
+ echo 'nodes: ' 32
+ echo 'turbo: 0'
+ srun --nodes=32 --ntasks=32 -o out.dat -e f.err ../bmark4
+ cd ../
+ i=10
+ '[' 10 -ge 4 ']'
+ export OMP_NUM_THREADS=10
+ OMP_NUM_THREADS=10
++ date +%Y_%m_%d_%H_%M_%S_%N
+ name=2013_01_03_03_01_24_376691954
+ mkdir 2013_01_03_03_01_24_376691954
+ cd 2013_01_03_03_01_24_376691954
+ touch out.dat
+ env
+ echo 2013_01_03_03_01_24_376691954
+ uname -a
+ srun --nodes=1 --ntasks=1 -ppbatch cat /proc/cpuinfo
+ grep MHz
+ srun --nodes=1 --ntasks=1 -o host_info hostname
+ echo 'threads/node: 10'
+ echo 'nodes: ' 32
+ echo 'turbo: 0'
+ srun --nodes=32 --ntasks=32 -o out.dat -e f.err ../bmark4
+ cd ../
+ i=8
+ '[' 8 -ge 4 ']'
+ export OMP_NUM_THREADS=8
+ OMP_NUM_THREADS=8
++ date +%Y_%m_%d_%H_%M_%S_%N
+ name=2013_01_03_03_02_27_187334716
+ mkdir 2013_01_03_03_02_27_187334716
+ cd 2013_01_03_03_02_27_187334716
+ touch out.dat
+ env
+ echo 2013_01_03_03_02_27_187334716
+ uname -a
+ srun --nodes=1 --ntasks=1 -ppbatch cat /proc/cpuinfo
+ grep MHz
+ srun --nodes=1 --ntasks=1 -o host_info hostname
+ echo 'threads/node: 8'
+ echo 'nodes: ' 32
+ echo 'turbo: 0'
+ srun --nodes=32 --ntasks=32 -o out.dat -e f.err ../bmark4
+ cd ../
+ i=6
+ '[' 6 -ge 4 ']'
+ export OMP_NUM_THREADS=6
+ OMP_NUM_THREADS=6
++ date +%Y_%m_%d_%H_%M_%S_%N
+ name=2013_01_03_03_03_34_653781615
+ mkdir 2013_01_03_03_03_34_653781615
+ cd 2013_01_03_03_03_34_653781615
+ touch out.dat
+ env
+ echo 2013_01_03_03_03_34_653781615
+ uname -a
+ srun --nodes=1 --ntasks=1 -ppbatch cat /proc/cpuinfo
+ grep MHz
+ srun --nodes=1 --ntasks=1 -o host_info hostname
+ echo 'threads/node: 6'
+ echo 'nodes: ' 32
+ echo 'turbo: 0'
+ srun --nodes=32 --ntasks=32 -o out.dat -e f.err ../bmark4
+ cd ../
+ i=4
+ '[' 4 -ge 4 ']'
+ export OMP_NUM_THREADS=4
+ OMP_NUM_THREADS=4
++ date +%Y_%m_%d_%H_%M_%S_%N
+ name=2013_01_03_03_04_47_330988593
+ mkdir 2013_01_03_03_04_47_330988593
+ cd 2013_01_03_03_04_47_330988593
+ touch out.dat
+ env
+ echo 2013_01_03_03_04_47_330988593
+ uname -a
+ srun --nodes=1 --ntasks=1 -ppbatch cat /proc/cpuinfo
+ grep MHz
+ srun --nodes=1 --ntasks=1 -o host_info hostname
+ echo 'threads/node: 4'
+ echo 'nodes: ' 32
+ echo 'turbo: 0'
+ srun --nodes=32 --ntasks=32 -o out.dat -e f.err ../bmark4
+ cd ../
+ i=2
+ '[' 2 -ge 4 ']'
+ j=64
+ '[' 64 -le 32 ']'
+ git add .
+ git commit -a -m Results-synth-4
