id freq nodes cores pkg-clamp-0 pkg-clamp-1 dram-clamp-0 dram-clamp-1 avg-time avg-pkg-0 avg-pp0-0 avg-dram-0 avg-pkg-1 avg-pp0-1 avg-dram-1 tot-pkg-0 tot-pp0-0 tot-dram-0 tot-pkg-1 tot-pp0-1 tot-dram-1
2013_01_13_09_01_20_501582083  2601.000 1 16 115.000000 115.000000 0.000000 0.000000 118.819757 101.085091 86.34393 9.511094 97.969749 83.913942 7.249808 101.085091 86.34393 9.511094 97.969749 83.913942 7.249808
2013_01_13_09_01_20_626073314  2601.000 1 16 115.000000 115.000000 0.000000 0.000000 119.638827 99.964792 85.162017 8.861586 98.626157 84.608464 7.626138 99.964792 85.162017 8.861586 98.626157 84.608464 7.626138
2013_01_13_09_01_20_732187865  2601.000 1 16 115.000000 115.000000 0.000000 0.000000 116.510039 101.856839 87.140996 10.13988 97.331776 83.291941 7.255042 101.856839 87.140996 10.13988 97.331776 83.291941 7.255042
2013_01_13_09_03_18_224991406  2601.000 1 14 115.000000 115.000000 0.000000 0.000000 134.150009 94.403272 79.103835 11.536241 88.532576 74.211702 8.079143 94.403272 79.103835 11.536241 88.532576 74.211702 8.079143
2013_01_13_09_03_20_199722692  2601.000 1 14 115.000000 115.000000 0.000000 0.000000 135.489751 92.794509 77.806156 10.422979 89.044852 74.931914 6.906152 92.794509 77.806156 10.422979 89.044852 74.931914 6.906152
2013_01_13_09_03_21_337488885  2601.000 1 14 115.000000 115.000000 0.000000 0.000000 135.283542 92.315931 76.963374 10.44295 89.881362 75.648107 8.16842 92.315931 76.963374 10.44295 89.881362 75.648107 8.16842
2013_01_13_09_05_33_172532567  2601.000 1 12 115.000000 115.000000 0.000000 0.000000 160.591368 88.950937 74.108731 10.360155 83.198139 69.197313 7.431698 88.950937 74.108731 10.360155 83.198139 69.197313 7.431698
2013_01_13_09_05_36_579143454  2601.000 1 12 115.000000 115.000000 0.000000 0.000000 159.505728 87.400682 72.49166 10.508679 84.158443 70.162554 6.551942 87.400682 72.49166 10.508679 84.158443 70.162554 6.551942
2013_01_13_09_05_37_525330429  2601.000 1 12 115.000000 115.000000 0.000000 0.000000 162.721458 87.812467 72.353138 10.706631 85.091221 70.872409 7.791421 87.812467 72.353138 10.706631 85.091221 70.872409 7.791421
2013_01_13_09_08_14_554510186  2601.000 1 10 115.000000 115.000000 0.000000 0.000000 188.736961 78.813499 63.900278 10.635087 73.755902 59.724325 7.10052 78.813499 63.900278 10.635087 73.755902 59.724325 7.10052
2013_01_13_09_08_16_805764951  2601.000 1 10 115.000000 115.000000 0.000000 0.000000 188.926377 77.370925 62.603234 10.140119 74.568597 60.582096 6.478609 77.370925 62.603234 10.140119 74.568597 60.582096 6.478609
2013_01_13_09_08_21_090818931  2601.000 1 10 115.000000 115.000000 0.000000 0.000000 190.885374 77.052787 62.068911 9.500017 74.877695 60.872295 7.157634 77.052787 62.068911 9.500017 74.877695 60.872295 7.157634
2013_01_13_09_11_24_166663906  2601.000 1 8 115.000000 115.000000 0.000000 0.000000 236.112235 71.840622 57.407928 9.72709 67.324621 53.498765 6.698013 71.840622 57.407928 9.72709 67.324621 53.498765 6.698013
2013_01_13_09_11_26_435746027  2601.000 1 8 115.000000 115.000000 0.000000 0.000000 232.240943 70.508462 56.205781 8.197343 67.602369 53.868157 5.894538 70.508462 56.205781 8.197343 67.602369 53.868157 5.894538
2013_01_13_09_11_32_718310210  2601.000 1 8 115.000000 115.000000 0.000000 0.000000 231.98377 69.851501 55.341169 7.820816 68.018334 54.197931 7.10498 69.851501 55.341169 7.820816 68.018334 54.197931 7.10498
2013_01_13_09_15_19_521432050  2601.000 1 6 115.000000 115.000000 0.000000 0.000000 273.344571 59.731948 45.521012 7.790071 57.65264 43.905355 5.864324 59.731948 45.521012 7.790071 57.65264 43.905355 5.864324
2013_01_13_09_15_21_027927464  2601.000 1 6 115.000000 115.000000 0.000000 0.000000 278.030338 61.050452 46.672758 9.926055 56.995538 43.198958 7.010675 61.050452 46.672758 9.926055 56.995538 43.198958 7.010675
2013_01_13_09_15_25_605637682  2601.000 1 6 115.000000 115.000000 0.000000 0.000000 274.226431 59.313655 44.874495 7.769555 57.850425 44.026597 7.04172 59.313655 44.874495 7.769555 57.850425 44.026597 7.04172
2013_01_13_09_19_53_611622484  2601.000 1 4 115.000000 115.000000 0.000000 0.000000 475.384368 52.106849 37.719445 9.526316 50.329367 36.441847 6.655743 52.106849 37.719445 9.526316 50.329367 36.441847 6.655743
2013_01_13_09_19_59_895227025  2601.000 1 4 115.000000 115.000000 0.000000 0.000000 425.288543 53.041549 38.538503 9.892892 49.638165 35.723846 7.772417 53.041549 38.538503 9.892892 49.638165 35.723846 7.772417
2013_01_13_09_20_00_487035952  2601.000 1 4 115.000000 115.000000 0.000000 0.000000 396.622847 52.123503 37.510534 8.703165 50.399272 36.447704 7.826038 52.123503 37.510534 8.703165 50.399272 36.447704 7.826038
2013_01_13_09_26_37_867917307  2601.000 1 16 51.000000 51.000000 0.000000 0.000000 177.469086 50.791994 36.821387 6.837797 50.801059 37.199333 5.97066 50.791994 36.821387 6.837797 50.801059 37.199333 5.97066
2013_01_13_09_27_05_877597092  2601.000 1 16 51.000000 51.000000 0.000000 0.000000 176.629094 50.803825 36.953343 7.890895 50.815555 37.210912 5.92569 50.803825 36.953343 7.890895 50.815555 37.210912 5.92569
2013_01_13_09_27_49_836234093  2601.000 1 16 51.000000 51.000000 0.000000 0.000000 170.077436 50.795597 37.004657 7.625517 50.803266 37.1917 5.855323 50.795597 37.004657 7.625517 50.803266 37.1917 5.855323
2013_01_13_09_29_36_140298643  2601.000 1 14 51.000000 51.000000 0.000000 0.000000 187.835957 50.78893 36.759955 6.902555 50.800889 37.170847 6.082378 50.78893 36.759955 6.902555 50.800889 37.170847 6.082378
2013_01_13_09_30_03_258928197  2601.000 1 14 51.000000 51.000000 0.000000 0.000000 182.860691 50.818117 36.899126 7.853289 50.804319 37.17245 5.920255 50.818117 36.899126 7.853289 50.804319 37.17245 5.920255
2013_01_13_09_30_40_799422983  2601.000 1 14 51.000000 51.000000 0.000000 0.000000 183.814731 50.796262 36.962614 7.904171 50.780243 37.165685 5.902916 50.796262 36.962614 7.904171 50.780243 37.165685 5.902916
2013_01_13_09_32_44_774185830  2601.000 1 12 51.000000 51.000000 0.000000 0.000000 205.855723 50.786464 36.592179 7.489658 50.781731 37.085889 6.406361 50.786464 36.592179 7.489658 50.781731 37.085889 6.406361
2013_01_13_09_33_06_967335946  2601.000 1 12 51.000000 51.000000 0.000000 0.000000 205.876378 50.803989 36.834207 7.830797 50.797601 37.124742 6.006006 50.803989 36.834207 7.830797 50.797601 37.124742 6.006006
2013_01_13_09_33_45_421275203  2601.000 1 12 51.000000 51.000000 0.000000 0.000000 200.59536 50.778433 36.891785 7.792905 50.77851 37.13881 5.831358 50.778433 36.891785 7.792905 50.77851 37.13881 5.831358
2013_01_13_09_36_11_415355145  2601.000 1 10 51.000000 51.000000 0.000000 0.000000 237.145586 50.724484 36.413462 8.070436 50.722667 36.995044 6.489563 50.724484 36.413462 8.070436 50.722667 36.995044 6.489563
2013_01_13_09_36_33_739453777  2601.000 1 10 51.000000 51.000000 0.000000 0.000000 243.644716 50.741396 36.669453 7.970547 50.732387 37.051714 5.992076 50.741396 36.669453 7.970547 50.732387 37.051714 5.992076
2013_01_13_09_37_06_876884578  2601.000 1 10 51.000000 51.000000 0.000000 0.000000 237.924624 50.736994 36.778028 7.771731 50.732363 37.116785 5.853543 50.736994 36.778028 7.771731 50.732363 37.116785 5.853543
2013_01_13_09_40_09_277045921  2601.000 1 8 51.000000 51.000000 0.000000 0.000000 289.910618 50.712367 36.352558 8.038738 50.516704 36.796732 6.9784 50.712367 36.352558 8.038738 50.516704 36.796732 6.9784
2013_01_13_09_40_38_203625793  2601.000 1 8 51.000000 51.000000 0.000000 0.000000 281.309151 50.719496 36.399602 9.985151 50.08628 36.297859 7.113039 50.719496 36.399602 9.985151 50.08628 36.297859 7.113039
2013_01_13_09_41_05_535098561  2601.000 1 8 51.000000 51.000000 0.000000 0.000000 281.268114 50.71742 36.454439 8.246216 50.099681 36.350914 6.119787 50.71742 36.454439 8.246216 50.099681 36.350914 6.119787
2013_01_13_09_44_59_971549211  2601.000 1 6 51.000000 51.000000 0.000000 0.000000 343.177511 44.311411 30.09311 7.797837 43.836423 30.146302 6.050543 44.311411 30.09311 7.797837 43.836423 30.146302 6.050543
2013_01_13_09_45_20_280853989  2601.000 1 6 51.000000 51.000000 0.000000 0.000000 349.090824 44.990067 30.878813 8.914898 43.192811 29.523673 5.889551 44.990067 30.878813 8.914898 43.192811 29.523673 5.889551
2013_01_13_09_45_47_577597485  2601.000 1 6 51.000000 51.000000 0.000000 0.000000 324.265352 44.803615 30.789271 7.801218 43.100041 29.448986 5.889297 44.803615 30.789271 7.801218 43.100041 29.448986 5.889297
2013_01_13_09_50_43_892188730  2601.000 1 4 51.000000 51.000000 0.000000 0.000000 518.933262 38.216951 23.922077 7.699929 37.573659 23.802588 6.930727 38.216951 23.922077 7.699929 37.573659 23.802588 6.930727
2013_01_13_09_51_10_203115048  2601.000 1 4 51.000000 51.000000 0.000000 0.000000 605.147411 38.397158 24.217304 9.846189 37.092201 23.334379 6.973171 38.397158 24.217304 9.846189 37.092201 23.334379 6.973171
2013_01_13_09_51_12_686996104  2601.000 1 4 51.000000 51.000000 0.000000 0.000000 519.916051 38.381601 24.320561 7.692416 37.113225 23.393436 5.781369 38.381601 24.320561 7.692416 37.113225 23.393436 5.781369
2013_01_13_09_59_23_554705428  2601.000 1 16 55.000000 55.000000 0.000000 0.000000 162.847875 54.785315 40.532122 7.804396 54.768329 41.022645 6.735221 54.785315 40.532122 7.804396 54.768329 41.022645 6.735221
2013_01_13_09_59_53_357470259  2601.000 1 16 55.000000 55.000000 0.000000 0.000000 160.932397 54.790658 40.970946 7.820413 54.787663 41.155831 5.857546 54.790658 40.970946 7.820413 54.787663 41.155831 5.857546
2013_01_13_10_01_16_135973309  2601.000 1 16 55.000000 55.000000 0.000000 0.000000 163.027401 54.773551 40.85874 7.849646 54.768626 41.111009 6.012473 54.773551 40.85874 7.849646 54.768626 41.111009 6.012473
2013_01_13_10_02_07_137044928  2601.000 1 14 55.000000 55.000000 0.000000 0.000000 176.271987 54.736667 40.455953 7.559596 54.747218 41.035744 6.425653 54.736667 40.455953 7.559596 54.747218 41.035744 6.425653
2013_01_13_10_02_35_120348699  2601.000 1 14 55.000000 55.000000 0.000000 0.000000 174.808963 54.751902 40.845779 7.901953 54.749725 41.088838 5.903385 54.751902 40.845779 7.901953 54.749725 41.088838 5.903385
2013_01_13_10_03_59_928222471  2601.000 1 14 55.000000 55.000000 0.000000 0.000000 170.9716 54.741515 40.755614 7.826311 54.763717 41.085852 5.991446 54.741515 40.755614 7.826311 54.763717 41.085852 5.991446
2013_01_13_10_05_04_412257698  2601.000 1 12 55.000000 55.000000 0.000000 0.000000 204.69053 54.708578 40.403052 8.146092 54.719852 41.030827 6.261302 54.708578 40.403052 8.146092 54.719852 41.030827 6.261302
2013_01_13_10_05_30_740955540  2601.000 1 12 55.000000 55.000000 0.000000 0.000000 198.442504 54.711337 40.80621 7.842912 54.701874 41.061074 5.890819 54.711337 40.80621 7.842912 54.701874 41.061074 5.890819
2013_01_13_10_06_51_768414008  2601.000 1 12 55.000000 55.000000 0.000000 0.000000 198.243302 54.710036 40.670943 7.853017 54.71236 41.026488 6.058379 54.710036 40.670943 7.853017 54.71236 41.026488 6.058379
2013_01_13_10_08_30_287392401  2601.000 1 10 55.000000 55.000000 0.000000 0.000000 221.293302 54.675663 40.18217 8.63583 54.632218 40.871659 6.760587 54.675663 40.18217 8.63583 54.632218 40.871659 6.760587
2013_01_13_10_08_50_003067127  2601.000 1 10 55.000000 55.000000 0.000000 0.000000 226.573032 54.692952 40.638762 7.885952 54.670159 41.023345 5.919441 54.692952 40.638762 7.885952 54.670159 41.023345 5.919441
2013_01_13_10_10_10_804966628  2601.000 1 10 55.000000 55.000000 0.000000 0.000000 231.870912 54.673021 40.46277 8.667875 54.672245 40.983808 6.302139 54.673021 40.46277 8.667875 54.672245 40.983808 6.302139
2013_01_13_10_12_12_350162292  2601.000 1 8 55.000000 55.000000 0.000000 0.000000 288.696249 51.277407 37.015213 7.925723 50.45677 36.800126 6.019062 51.277407 37.015213 7.925723 50.45677 36.800126 6.019062
2013_01_13_10_12_37_495110038  2601.000 1 8 55.000000 55.000000 0.000000 0.000000 274.640505 51.768608 37.70538 7.861584 49.959083 36.31846 5.922273 51.768608 37.70538 7.861584 49.959083 36.31846 5.922273
2013_01_13_10_14_03_460078144  2601.000 1 8 55.000000 55.000000 0.000000 0.000000 273.850373 52.166653 37.762879 9.345105 50.126086 36.30828 6.638398 52.166653 37.762879 9.345105 50.126086 36.30828 6.638398
2013_01_13_10_17_01_869531909  2601.000 1 6 55.000000 55.000000 0.000000 0.000000 335.710458 44.370851 30.123614 7.820522 43.874713 30.183902 5.93552 44.370851 30.123614 7.820522 43.874713 30.183902 5.93552
2013_01_13_10_17_13_009139686  2601.000 1 6 55.000000 55.000000 0.000000 0.000000 330.880097 44.824673 30.822408 7.769445 43.088371 29.450848 5.875191 44.824673 30.822408 7.769445 43.088371 29.450848 5.875191
2013_01_13_10_18_38_209930754  2601.000 1 6 55.000000 55.000000 0.000000 0.000000 332.819987 44.967192 30.836712 8.938992 43.207087 29.542238 5.915824 44.967192 30.836712 8.938992 43.207087 29.542238 5.915824
2013_01_13_10_22_38_402042777  2601.000 1 4 55.000000 55.000000 0.000000 0.000000 594.67924 38.12696 23.833717 7.727942 37.571823 23.804208 6.945706 38.12696 23.833717 7.727942 37.571823 23.804208 6.945706
2013_01_13_10_22_44_708327531  2601.000 1 4 55.000000 55.000000 0.000000 0.000000 554.318489 38.398355 24.329655 7.690027 37.149607 23.433272 5.785451 38.398355 24.329655 7.690027 37.149607 23.433272 5.785451
2013_01_13_10_24_11_710230746  2601.000 1 4 55.000000 55.000000 0.000000 0.000000 578.227128 38.342881 24.176366 9.549734 37.098185 23.34266 7.107973 38.342881 24.176366 9.549734 37.098185 23.34266 7.107973
2013_01_13_10_31_59_803726970  2601.000 1 16 60.000000 60.000000 0.000000 0.000000 152.821149 59.686972 45.834189 7.789672 59.704739 46.086364 5.832399 59.686972 45.834189 7.789672 59.704739 46.086364 5.832399
2013_01_13_10_32_34_030103740  2601.000 1 16 60.000000 60.000000 0.000000 0.000000 156.968365 59.695204 45.335653 7.901707 59.72323 45.960835 6.655547 59.695204 45.335653 7.901707 59.72323 45.960835 6.655547
2013_01_13_10_33_50_863301713  2601.000 1 16 60.000000 60.000000 0.000000 0.000000 156.861562 59.735856 45.642019 8.276149 59.743656 46.036928 6.300097 59.735856 45.642019 8.276149 59.743656 46.036928 6.300097
2013_01_13_10_34_33_631596674  2601.000 1 14 60.000000 60.000000 0.000000 0.000000 161.805848 59.667672 45.740085 7.811564 59.680973 46.048278 5.872899 59.667672 45.740085 7.811564 59.680973 46.048278 5.872899
2013_01_13_10_35_11_850653608  2601.000 1 14 60.000000 60.000000 0.000000 0.000000 164.678121 59.667686 45.412657 8.049142 59.67442 45.969451 6.428881 59.667686 45.412657 8.049142 59.67442 45.969451 6.428881
2013_01_13_10_36_28_602764004  2601.000 1 14 60.000000 60.000000 0.000000 0.000000 162.928098 59.683402 45.61407 8.034328 59.662672 45.952437 6.720281 59.683402 45.61407 8.034328 59.662672 45.952437 6.720281
2013_01_13_10_37_16_239739636  2601.000 1 12 60.000000 60.000000 0.000000 0.000000 194.173831 59.653968 45.692895 7.76294 59.635979 46.033067 5.849782 59.653968 45.692895 7.76294 59.635979 46.033067 5.849782
2013_01_13_10_37_57_249478931  2601.000 1 12 60.000000 60.000000 0.000000 0.000000 188.306883 59.650107 45.123909 8.467336 59.612156 45.787685 6.928349 59.650107 45.123909 8.467336 59.612156 45.787685 6.928349
2013_01_13_10_39_12_408482136  2601.000 1 12 60.000000 60.000000 0.000000 0.000000 190.358687 59.656673 45.556317 8.098015 59.638826 45.982166 5.914125 59.656673 45.556317 8.098015 59.638826 45.982166 5.914125
2013_01_13_10_40_31_280403671  2601.000 1 10 60.000000 60.000000 0.000000 0.000000 212.241665 58.977132 44.307663 9.386531 56.709253 42.761013 6.74596 58.977132 44.307663 9.386531 56.709253 42.761013 6.74596
2013_01_13_10_41_06_482451693  2601.000 1 10 60.000000 60.000000 0.000000 0.000000 214.228211 58.270987 43.520333 9.491643 57.729547 43.817297 7.23274 58.270987 43.520333 9.491643 57.729547 43.817297 7.23274
2013_01_13_10_42_23_642176864  2601.000 1 10 60.000000 60.000000 0.000000 0.000000 212.883829 59.154453 44.395991 10.875511 56.915516 42.925258 7.408631 59.154453 44.395991 10.875511 56.915516 42.925258 7.408631
2013_01_13_10_44_04_334852031  2601.000 1 8 60.000000 60.000000 0.000000 0.000000 288.096625 51.816041 37.760398 7.877511 49.953153 36.304288 5.917588 51.816041 37.760398 7.877511 49.953153 36.304288 5.917588
2013_01_13_10_44_41_557730178  2601.000 1 8 60.000000 60.000000 0.000000 0.000000 296.663795 51.226361 36.935475 7.975465 50.497595 36.83273 6.050644 51.226361 36.935475 7.975465 50.497595 36.83273 6.050644
2013_01_13_10_45_57_260431006  2601.000 1 8 60.000000 60.000000 0.000000 0.000000 289.31443 51.980792 37.768348 8.504091 50.067116 36.345464 6.180826 51.980792 37.768348 8.504091 50.067116 36.345464 6.180826
2013_01_13_10_48_53_278174981  2601.000 1 6 60.000000 60.000000 0.000000 0.000000 332.609904 44.798629 30.814354 7.775588 43.088664 29.441473 5.875683 44.798629 30.814354 7.775588 43.088664 29.441473 5.875683
2013_01_13_10_49_39_151582900  2601.000 1 6 60.000000 60.000000 0.000000 0.000000 343.030156 44.367134 30.102905 7.867042 43.863471 30.161736 5.977029 44.367134 30.102905 7.867042 43.863471 30.161736 5.977029
2013_01_13_10_50_47_346569572  2601.000 1 6 60.000000 60.000000 0.000000 0.000000 331.348516 44.892639 30.775175 8.914903 43.235718 29.560769 5.933985 44.892639 30.775175 8.914903 43.235718 29.560769 5.933985
2013_01_13_10_54_26_603898999  2601.000 1 4 60.000000 60.000000 0.000000 0.000000 586.589605 38.317653 24.287486 7.713169 37.107035 23.419514 5.804085 38.317653 24.287486 7.713169 37.107035 23.419514 5.804085
2013_01_13_10_55_22_881165991  2601.000 1 4 60.000000 60.000000 0.000000 0.000000 624.451212 38.172498 23.860434 7.722636 37.578566 23.790706 6.933337 38.172498 23.860434 7.722636 37.578566 23.790706 6.933337
2013_01_13_10_56_19_487452007  2601.000 1 4 60.000000 60.000000 0.000000 0.000000 584.835909 38.247335 24.074612 9.559966 37.104379 23.330992 7.642398 38.247335 24.074612 9.559966 37.104379 23.330992 7.642398
2013_01_13_11_04_14_155636764  2601.000 1 16 65.000000 65.000000 0.000000 0.000000 146.592453 64.672812 50.586457 8.305959 64.66577 50.953435 6.164101 64.672812 50.586457 8.305959 64.66577 50.953435 6.164101
2013_01_13_11_05_47_987646729  2601.000 1 16 65.000000 65.000000 0.000000 0.000000 146.740485 64.63645 50.471528 7.493421 64.660225 50.991266 6.226984 64.63645 50.471528 7.493421 64.660225 50.991266 6.226984
2013_01_13_11_06_05_185392344  2601.000 1 16 65.000000 65.000000 0.000000 0.000000 148.178572 64.59497 50.491566 8.174953 64.597186 50.886756 6.249106 64.59497 50.491566 8.174953 64.597186 50.886756 6.249106
2013_01_13_11_06_41_872820815  2601.000 1 14 65.000000 65.000000 0.000000 0.000000 156.055818 64.577899 50.581285 7.722864 64.575702 50.952136 5.843991 64.577899 50.581285 7.722864 64.575702 50.952136 5.843991
2013_01_13_11_08_15_642605744  2601.000 1 14 65.000000 65.000000 0.000000 0.000000 160.345294 64.60036 50.309491 8.005463 64.618083 50.892059 6.252309 64.60036 50.309491 8.005463 64.618083 50.892059 6.252309
2013_01_13_11_08_34_310265286  2601.000 1 14 65.000000 65.000000 0.000000 0.000000 159.577773 64.533133 50.392934 7.956464 64.578625 50.86403 6.093469 64.533133 50.392934 7.956464 64.578625 50.86403 6.093469
2013_01_13_11_09_18_899944859  2601.000 1 12 65.000000 65.000000 0.000000 0.000000 187.326641 64.574156 50.479616 7.921058 63.469405 49.809327 5.972973 64.574156 50.479616 7.921058 63.469405 49.809327 5.972973
2013_01_13_11_10_56_851849360  2601.000 1 12 65.000000 65.000000 0.000000 0.000000 184.571416 64.551383 50.188304 8.108346 64.489283 50.753905 6.206733 64.551383 50.188304 8.108346 64.489283 50.753905 6.206733
2013_01_13_11_11_14_853922269  2601.000 1 12 65.000000 65.000000 0.000000 0.000000 189.791196 64.53676 50.381264 8.679186 63.290774 49.605007 5.9351 64.53676 50.381264 8.679186 63.290774 49.605007 5.9351
2013_01_13_11_12_27_131338612  2601.000 1 10 65.000000 65.000000 0.000000 0.000000 214.149969 59.066117 44.561782 8.926249 56.635611 42.808719 6.301014 59.066117 44.561782 8.926249 56.635611 42.808719 6.301014
2013_01_13_11_14_02_325164031  2601.000 1 10 65.000000 65.000000 0.000000 0.000000 208.08477 58.478571 43.659958 9.60164 57.825415 43.875371 7.347711 58.478571 43.659958 9.60164 57.825415 43.875371 7.347711
2013_01_13_11_14_25_479478428  2601.000 1 10 65.000000 65.000000 0.000000 0.000000 214.703605 59.496746 44.92668 10.381581 56.999177 43.135168 7.151044 59.496746 44.92668 10.381581 56.999177 43.135168 7.151044
2013_01_13_11_16_02_184775779  2601.000 1 8 65.000000 65.000000 0.000000 0.000000 295.254505 51.819263 37.796184 7.753834 49.930863 36.305588 5.869787 51.819263 37.796184 7.753834 49.930863 36.305588 5.869787
2013_01_13_11_17_31_197572539  2601.000 1 8 65.000000 65.000000 0.000000 0.000000 274.481984 51.266968 37.008729 7.833185 50.478979 36.835752 5.940294 51.266968 37.008729 7.833185 50.478979 36.835752 5.940294
2013_01_13_11_18_01_115950160  2601.000 1 8 65.000000 65.000000 0.000000 0.000000 288.785575 52.034077 37.800522 8.567031 50.093977 36.356687 6.146904 52.034077 37.800522 8.567031 50.093977 36.356687 6.146904
2013_01_13_11_20_58_311377831  2601.000 1 6 65.000000 65.000000 0.000000 0.000000 334.697875 44.819458 30.821764 7.772477 43.064828 29.438776 5.877601 44.819458 30.821764 7.772477 43.064828 29.438776 5.877601
2013_01_13_11_22_06_527674760  2601.000 1 6 65.000000 65.000000 0.000000 0.000000 342.855175 44.361286 30.099042 7.859852 43.886639 30.183265 6.07832 44.361286 30.099042 7.859852 43.886639 30.183265 6.07832
2013_01_13_11_22_50_811132324  2601.000 1 6 65.000000 65.000000 0.000000 0.000000 333.918617 45.03873 30.893532 9.022176 43.385581 29.696735 5.963364 45.03873 30.893532 9.022176 43.385581 29.696735 5.963364
2013_01_13_11_26_33_835512086  2601.000 1 4 65.000000 65.000000 0.000000 0.000000 602.429382 38.419385 24.36733 7.698237 37.136035 23.407569 5.772161 38.419385 24.36733 7.698237 37.136035 23.407569 5.772161
2013_01_13_11_27_50_273058334  2601.000 1 4 65.000000 65.000000 0.000000 0.000000 589.039038 38.135503 23.818928 7.901472 37.529955 23.756107 6.938124 38.135503 23.818928 7.901472 37.529955 23.756107 6.938124
2013_01_13_11_28_25_500149099  2601.000 1 4 65.000000 65.000000 0.000000 0.000000 586.782503 38.422064 24.239061 9.787826 37.066932 23.305493 7.244491 38.422064 24.239061 9.787826 37.066932 23.305493 7.244491
2013_01_13_11_36_37_216810639  2601.000 1 16 70.000000 70.000000 0.000000 0.000000 141.25255 69.566334 55.550709 7.867356 69.573194 55.905561 5.891007 69.566334 55.550709 7.867356 69.573194 55.905561 5.891007
2013_01_13_11_37_40_138713722  2601.000 1 16 70.000000 70.000000 0.000000 0.000000 141.079936 69.537609 55.113722 8.383527 69.528724 55.703588 6.682619 69.537609 55.113722 8.383527 69.528724 55.703588 6.682619
2013_01_13_11_38_13_174369982  2601.000 1 16 70.000000 70.000000 0.000000 0.000000 140.038839 69.495033 55.356252 8.003593 69.514887 55.781469 6.545132 69.495033 55.356252 8.003593 69.514887 55.781469 6.545132
2013_01_13_11_38_59_436578049  2601.000 1 14 70.000000 70.000000 0.000000 0.000000 152.460461 69.432591 55.367325 7.74352 69.45428 55.765856 5.848682 69.432591 55.367325 7.74352 69.45428 55.765856 5.848682
2013_01_13_11_40_02_111964803  2601.000 1 14 70.000000 70.000000 0.000000 0.000000 156.234127 69.453811 55.033908 8.226605 69.464571 55.673556 6.340929 69.453811 55.033908 8.226605 69.464571 55.673556 6.340929
2013_01_13_11_40_34_126385258  2601.000 1 14 70.000000 70.000000 0.000000 0.000000 151.517777 69.525378 55.301647 8.836602 69.505353 55.764169 6.746401 69.525378 55.301647 8.836602 69.505353 55.764169 6.746401
2013_01_13_11_41_32_843783663  2601.000 1 12 70.000000 70.000000 0.000000 0.000000 181.543148 65.932123 51.302889 9.133873 63.830644 49.880124 6.638826 65.932123 51.302889 9.133873 63.830644 49.880124 6.638826
2013_01_13_11_42_39_132198011  2601.000 1 12 70.000000 70.000000 0.000000 0.000000 177.119095 65.43458 50.582345 9.731775 64.661414 50.651668 7.445842 65.43458 50.582345 9.731775 64.661414 50.651668 7.445842
2013_01_13_11_43_06_520417399  2601.000 1 12 70.000000 70.000000 0.000000 0.000000 177.689335 66.524907 51.791117 10.496772 63.829777 49.831186 7.377825 66.524907 51.791117 10.496772 63.829777 49.831186 7.377825
2013_01_13_11_44_35_282651025  2601.000 1 10 70.000000 70.000000 0.000000 0.000000 213.487979 59.259597 44.658657 9.168702 56.630321 42.713357 6.604754 59.259597 44.658657 9.168702 56.630321 42.713357 6.604754
2013_01_13_11_45_37_158759933  2601.000 1 10 70.000000 70.000000 0.000000 0.000000 213.285423 58.648675 43.795637 9.843526 57.839158 43.865241 7.420821 58.648675 43.795637 9.843526 57.839158 43.865241 7.420821
2013_01_13_11_46_05_169973342  2601.000 1 10 70.000000 70.000000 0.000000 0.000000 208.395844 59.960725 45.071434 11.303734 57.116468 43.098282 7.62129 59.960725 45.071434 11.303734 57.116468 43.098282 7.62129
2013_01_13_11_48_09_580884844  2601.000 1 8 70.000000 70.000000 0.000000 0.000000 279.566286 51.832709 37.815392 7.754381 49.929047 36.294527 5.864252 51.832709 37.815392 7.754381 49.929047 36.294527 5.864252
2013_01_13_11_49_11_210336157  2601.000 1 8 70.000000 70.000000 0.000000 0.000000 281.065868 51.241852 36.977409 7.887061 50.517552 36.862315 6.000869 51.241852 36.977409 7.887061 50.517552 36.862315 6.000869
2013_01_13_11_49_34_424679743  2601.000 1 8 70.000000 70.000000 0.000000 0.000000 279.836338 52.095207 37.901137 8.60984 50.105963 36.399624 6.034707 52.095207 37.901137 8.60984 50.105963 36.399624 6.034707
2013_01_13_11_52_50_099630864  2601.000 1 6 70.000000 70.000000 0.000000 0.000000 339.765687 44.849336 30.858601 7.748926 43.023218 29.389286 5.862031 44.849336 30.858601 7.748926 43.023218 29.389286 5.862031
2013_01_13_11_53_53_153668562  2601.000 1 6 70.000000 70.000000 0.000000 0.000000 336.391763 44.357994 30.091407 7.845865 43.846014 30.15782 5.962002 44.357994 30.091407 7.845865 43.846014 30.15782 5.962002
2013_01_13_11_54_15_144479381  2601.000 1 6 70.000000 70.000000 0.000000 0.000000 337.204894 45.066805 30.924566 9.025654 43.268021 29.57763 5.969341 45.066805 30.924566 9.025654 43.268021 29.57763 5.969341
2013_01_13_11_58_30_663678386  2601.000 1 4 70.000000 70.000000 0.000000 0.000000 567.405103 38.391404 24.319136 7.737054 37.117647 23.389178 5.798876 38.391404 24.319136 7.737054 37.117647 23.389178 5.798876
2013_01_13_11_59_30_321512925  2601.000 1 4 70.000000 70.000000 0.000000 0.000000 575.064999 38.170617 23.856386 7.706557 37.543034 23.767086 6.931454 38.170617 23.856386 7.706557 37.543034 23.767086 6.931454
2013_01_13_11_59_53_062061622  2601.000 1 4 70.000000 70.000000 0.000000 0.000000 565.014239 38.439805 24.254056 9.80902 37.16558 23.390039 7.261052 38.439805 24.254056 9.80902 37.16558 23.390039 7.261052
2013_01_13_12_07_58_880096234  2601.000 1 16 75.000000 75.000000 0.000000 0.000000 134.358814 74.444897 60.248623 8.064929 74.411174 60.636939 6.075918 74.444897 60.248623 8.064929 74.411174 60.636939 6.075918
2013_01_13_12_09_06_212404234  2601.000 1 16 75.000000 75.000000 0.000000 0.000000 136.660113 74.469846 59.940061 8.487625 74.484349 60.595438 6.866391 74.469846 59.940061 8.487625 74.484349 60.595438 6.866391
2013_01_13_12_09_18_897401003  2601.000 1 16 75.000000 75.000000 0.000000 0.000000 135.968004 74.379042 60.038321 9.226593 74.363452 60.526153 7.002078 74.379042 60.038321 9.226593 74.363452 60.526153 7.002078
2013_01_13_12_10_14_332621066  2601.000 1 14 75.000000 75.000000 0.000000 0.000000 148.998906 72.666517 58.369401 8.321884 70.810941 57.000184 6.194991 72.666517 58.369401 8.321884 70.810941 57.000184 6.194991
2013_01_13_12_11_23_795265449  2601.000 1 14 75.000000 75.000000 0.000000 0.000000 150.714082 72.200281 57.546583 8.757191 71.513595 57.58557 6.887577 72.200281 57.546583 8.757191 71.513595 57.58557 6.887577
2013_01_13_12_11_35_867227915  2601.000 1 14 75.000000 75.000000 0.000000 0.000000 150.784293 73.24399 58.616857 9.489945 70.505966 56.524771 6.910084 73.24399 58.616857 9.489945 70.505966 56.524771 6.910084
2013_01_13_12_12_44_379276957  2601.000 1 12 75.000000 75.000000 0.000000 0.000000 178.635331 65.97783 51.343323 9.199401 63.874076 49.928355 6.645248 65.97783 51.343323 9.199401 63.874076 49.928355 6.645248
2013_01_13_12_13_55_410262993  2601.000 1 12 75.000000 75.000000 0.000000 0.000000 173.994042 65.633131 50.733446 9.758106 64.640135 50.612731 7.336406 65.633131 50.733446 9.758106 64.640135 50.612731 7.336406
2013_01_13_12_14_07_489557107  2601.000 1 12 75.000000 75.000000 0.000000 0.000000 179.96191 66.645014 51.804559 10.77838 63.778059 49.732581 7.504549 66.645014 51.804559 10.77838 63.778059 49.732581 7.504549
2013_01_13_12_15_43_842796703  2601.000 1 10 75.000000 75.000000 0.000000 0.000000 209.200019 59.144465 44.600242 9.076532 56.699042 42.847389 6.419148 59.144465 44.600242 9.076532 56.699042 42.847389 6.419148
2013_01_13_12_16_50_462653155  2601.000 1 10 75.000000 75.000000 0.000000 0.000000 216.476028 58.601133 43.795859 9.704899 57.798047 43.843393 7.368589 58.601133 43.795859 9.704899 57.798047 43.843393 7.368589
2013_01_13_12_17_08_308287351  2601.000 1 10 75.000000 75.000000 0.000000 0.000000 208.476666 59.537 44.864161 10.576212 56.948547 43.017087 7.252101 59.537 44.864161 10.576212 56.948547 43.017087 7.252101
2013_01_13_12_19_13_964673175  2601.000 1 8 75.000000 75.000000 0.000000 0.000000 287.916098 51.891604 37.813007 7.914965 50.0722 36.400486 5.957019 51.891604 37.813007 7.914965 50.0722 36.400486 5.957019
2013_01_13_12_20_27_939791968  2601.000 1 8 75.000000 75.000000 0.000000 0.000000 291.865491 51.541966 37.135278 8.424365 50.522514 36.809886 6.36576 51.541966 37.135278 8.424365 50.522514 36.809886 6.36576
2013_01_13_12_20_37_577186709  2601.000 1 8 75.000000 75.000000 0.000000 0.000000 299.441996 52.043353 37.878874 8.621304 49.973769 36.285595 5.998327 52.043353 37.878874 8.621304 49.973769 36.285595 5.998327
2013_01_13_12_24_02_701501069  2601.000 1 6 75.000000 75.000000 0.000000 0.000000 342.879024 44.800337 30.8146 7.753801 43.114937 29.480693 5.864821 44.800337 30.8146 7.753801 43.114937 29.480693 5.864821
2013_01_13_12_25_20_791943232  2601.000 1 6 75.000000 75.000000 0.000000 0.000000 333.537961 44.371174 30.125368 7.853656 43.87045 30.157298 6.301343 44.371174 30.125368 7.853656 43.87045 30.157298 6.301343
2013_01_13_12_25_37_932291730  2601.000 1 6 75.000000 75.000000 0.000000 0.000000 332.025496 45.217274 31.058111 9.044544 43.239213 29.539788 6.015503 45.217274 31.058111 9.044544 43.239213 29.539788 6.015503
2013_01_13_12_29_46_478299349  2601.000 1 4 75.000000 75.000000 0.000000 0.000000 524.23281 38.357829 24.299924 7.694914 37.157973 23.440157 5.779151 38.357829 24.299924 7.694914 37.157973 23.440157 5.779151
2013_01_13_12_30_55_145840515  2601.000 1 4 75.000000 75.000000 0.000000 0.000000 609.162106 38.176513 23.882732 7.734601 37.390229 23.624777 6.944399 38.176513 23.882732 7.734601 37.390229 23.624777 6.944399
2013_01_13_12_31_10_857050888  2601.000 1 4 75.000000 75.000000 0.000000 0.000000 536.573733 38.403528 24.254198 9.485065 37.088658 23.346323 7.033809 38.403528 24.254198 9.485065 37.088658 23.346323 7.033809
2013_01_13_12_38_31_574235514  2601.000 1 16 80.000000 80.000000 0.000000 0.000000 132.360545 79.263521 65.021045 8.3979 77.208328 63.41306 6.282958 79.263521 65.021045 8.3979 77.208328 63.41306 6.282958
2013_01_13_12_40_08_308803065  2601.000 1 16 80.000000 80.000000 0.000000 0.000000 133.642095 79.158389 64.878302 8.352544 77.137998 63.337 6.308166 79.158389 64.878302 8.352544 77.137998 63.337 6.308166
2013_01_13_12_40_44_810731177  2601.000 1 14 80.000000 80.000000 0.000000 0.000000 149.668614 72.592595 58.376523 8.07015 70.660938 56.916291 6.048638 72.592595 58.376523 8.07015 70.660938 56.916291 6.048638
2013_01_13_12_41_05_084603721  2601.000 1 16 80.000000 80.000000 0.000000 0.000000 130.28808 78.821883 64.075994 9.069747 78.651108 64.623699 7.635315 78.821883 64.075994 9.069747 78.651108 64.623699 7.635315
2013_01_13_12_42_22_899293609  2601.000 1 14 80.000000 80.000000 0.000000 0.000000 150.576067 73.206624 58.814578 8.652783 70.32925 56.494552 6.364692 73.206624 58.814578 8.652783 70.32925 56.494552 6.364692
2013_01_13_12_43_15_442799430  2601.000 1 12 80.000000 80.000000 0.000000 0.000000 178.63485 66.395156 51.39998 10.484322 64.078785 50.004922 6.931253 66.395156 51.39998 10.484322 64.078785 50.004922 6.931253
2013_01_13_12_43_16_300643714  2601.000 1 14 80.000000 80.000000 0.000000 0.000000 150.494443 71.985413 57.473653 8.371812 71.244579 57.392144 6.980018 71.985413 57.473653 8.371812 71.244579 57.392144 6.980018
2013_01_13_12_44_54_284919796  2601.000 1 12 80.000000 80.000000 0.000000 0.000000 179.31891 66.596065 51.785029 10.866963 63.792871 49.778566 7.458915 66.596065 51.785029 10.866963 63.792871 49.778566 7.458915
2013_01_13_12_45_47_714187477  2601.000 1 12 80.000000 80.000000 0.000000 0.000000 176.18748 65.787484 50.852952 9.884526 64.641349 50.601197 7.464878 65.787484 50.852952 9.884526 64.641349 50.601197 7.464878
2013_01_13_12_46_14_935700660  2601.000 1 10 80.000000 80.000000 0.000000 0.000000 214.533201 58.98601 44.52396 8.756503 56.619159 42.798779 6.313019 58.98601 44.52396 8.756503 56.619159 42.798779 6.313019
2013_01_13_12_47_54_528094690  2601.000 1 10 80.000000 80.000000 0.000000 0.000000 212.160528 59.455491 44.818838 10.582391 56.964209 43.055674 7.294247 59.455491 44.818838 10.582391 56.964209 43.055674 7.294247
2013_01_13_12_48_44_765551490  2601.000 1 10 80.000000 80.000000 0.000000 0.000000 213.279498 58.593873 43.823321 9.593108 57.686214 43.746638 7.306095 58.593873 43.823321 9.593108 57.686214 43.746638 7.306095
2013_01_13_12_49_50_425549302  2601.000 1 8 80.000000 80.000000 0.000000 0.000000 273.770987 51.801448 37.766554 7.745521 49.940646 36.320293 5.871966 51.801448 37.766554 7.745521 49.940646 36.320293 5.871966
2013_01_13_12_51_27_581331922  2601.000 1 8 80.000000 80.000000 0.000000 0.000000 289.113894 52.131941 37.802313 8.776574 50.166877 36.377741 6.231229 52.131941 37.802313 8.776574 50.166877 36.377741 6.231229
2013_01_13_12_52_19_040583168  2601.000 1 8 80.000000 80.000000 0.000000 0.000000 280.051035 51.443211 37.152525 7.940205 50.347479 36.691225 6.018326 51.443211 37.152525 7.940205 50.347479 36.691225 6.018326
2013_01_13_12_54_25_122488714  2601.000 1 6 80.000000 80.000000 0.000000 0.000000 334.555406 44.886936 30.882504 7.811085 43.061603 29.424231 5.896124 44.886936 30.882504 7.811085 43.061603 29.424231 5.896124
2013_01_13_12_56_17_858469696  2601.000 1 6 80.000000 80.000000 0.000000 0.000000 339.526111 44.896719 30.757437 9.002812 43.256784 29.573122 5.944297 44.896719 30.757437 9.002812 43.256784 29.573122 5.944297
2013_01_13_12_57_00_035428922  2601.000 1 6 80.000000 80.000000 0.000000 0.000000 333.204363 44.450251 30.16677 7.960229 43.908907 30.161583 6.696909 44.450251 30.16677 7.960229 43.908907 30.161583 6.696909
2013_01_13_13_00_00_455537376  2601.000 1 4 80.000000 80.000000 0.000000 0.000000 593.739468 38.465451 24.408723 7.716992 37.136477 23.417989 5.794766 38.465451 24.408723 7.716992 37.136477 23.417989 5.794766
2013_01_13_13_01_58_148361577  2601.000 1 4 80.000000 80.000000 0.000000 0.000000 562.502127 38.415572 24.235564 9.850417 37.146809 23.37587 7.542252 38.415572 24.235564 9.850417 37.146809 23.37587 7.542252
2013_01_13_13_02_33_986681426  2601.000 1 4 80.000000 80.000000 0.000000 0.000000 582.297113 38.170402 23.874887 7.704448 37.510569 23.728991 6.924065 38.170402 23.874887 7.704448 37.510569 23.728991 6.924065
2013_01_13_13_09_55_011411512  2601.000 1 16 85.000000 85.000000 0.000000 0.000000 131.006422 80.025258 65.638278 8.711872 77.239419 63.36271 6.474362 80.025258 65.638278 8.711872 77.239419 63.36271 6.474362
2013_01_13_13_11_21_406150143  2601.000 1 16 85.000000 85.000000 0.000000 0.000000 130.557222 79.755155 65.280788 9.16799 77.270387 63.365189 6.779331 79.755155 65.280788 9.16799 77.270387 63.365189 6.779331
2013_01_13_13_12_07_021924342  2601.000 1 14 85.000000 85.000000 0.000000 0.000000 150.249815 72.686699 58.320389 8.567412 70.753793 56.90597 6.342753 72.686699 58.320389 8.567412 70.753793 56.90597 6.342753
2013_01_13_13_12_17_090130926  2601.000 1 16 85.000000 85.000000 0.000000 0.000000 129.647687 78.893561 64.496559 8.087537 78.573454 64.772485 6.649088 78.893561 64.496559 8.087537 78.573454 64.772485 6.649088
2013_01_13_13_13_32_768735974  2601.000 1 14 85.000000 85.000000 0.000000 0.000000 150.010753 72.968119 58.671789 8.310948 70.179781 56.4042 6.172478 72.968119 58.671789 8.310948 70.179781 56.4042 6.172478
2013_01_13_13_14_27_666340246  2601.000 1 14 85.000000 85.000000 0.000000 0.000000 153.869317 71.996782 57.468189 8.428739 71.298901 57.442993 6.688805 71.996782 57.468189 8.428739 71.298901 57.442993 6.688805
2013_01_13_13_14_38_254243912  2601.000 1 12 85.000000 85.000000 0.000000 0.000000 175.400345 65.67366 51.222366 8.666186 63.732136 49.906836 6.365847 65.67366 51.222366 8.666186 63.732136 49.906836 6.365847
2013_01_13_13_16_03_565384438  2601.000 1 12 85.000000 85.000000 0.000000 0.000000 176.505553 66.467025 51.746527 10.438006 63.71795 49.734947 7.336221 66.467025 51.746527 10.438006 63.71795 49.734947 7.336221
2013_01_13_13_17_02_487897733  2601.000 1 12 85.000000 85.000000 0.000000 0.000000 178.644849 65.708413 50.809434 9.836828 64.747928 50.744449 7.4184 65.708413 50.809434 9.836828 64.747928 50.744449 7.4184
2013_01_13_13_17_34_725238009  2601.000 1 10 85.000000 85.000000 0.000000 0.000000 216.218642 59.284812 44.616111 9.583691 56.69505 42.76714 6.69077 59.284812 44.616111 9.583691 56.69505 42.76714 6.69077
2013_01_13_13_19_01_015163013  2601.000 1 10 85.000000 85.000000 0.000000 0.000000 209.62861 59.727302 44.929985 11.019083 56.979854 42.986609 7.476524 59.727302 44.929985 11.019083 56.979854 42.986609 7.476524
2013_01_13_13_20_02_154368792  2601.000 1 10 85.000000 85.000000 0.000000 0.000000 210.609531 58.638289 43.780885 9.791231 57.827822 43.836287 7.413586 58.638289 43.780885 9.791231 57.827822 43.836287 7.413586
2013_01_13_13_21_12_033051544  2601.000 1 8 85.000000 85.000000 0.000000 0.000000 288.724484 51.723219 37.700433 7.752251 49.954869 36.321345 5.86088 51.723219 37.700433 7.752251 49.954869 36.321345 5.86088
2013_01_13_13_22_31_477764677  2601.000 1 8 85.000000 85.000000 0.000000 0.000000 297.548413 51.893213 37.707554 8.746543 50.010671 36.31077 6.056351 51.893213 37.707554 8.746543 50.010671 36.31077 6.056351
2013_01_13_13_23_33_605518339  2601.000 1 8 85.000000 85.000000 0.000000 0.000000 291.72856 51.317689 36.977803 8.087249 50.473964 36.793637 6.122469 51.317689 36.977803 8.087249 50.473964 36.793637 6.122469
2013_01_13_13_26_01_525141463  2601.000 1 6 85.000000 85.000000 0.000000 0.000000 327.962748 44.890651 30.880895 7.740317 43.074912 29.454223 5.868838 44.890651 30.880895 7.740317 43.074912 29.454223 5.868838
2013_01_13_13_27_29_777305612  2601.000 1 6 85.000000 85.000000 0.000000 0.000000 334.255264 44.963702 30.802208 9.06434 43.252112 29.551507 5.999461 44.963702 30.802208 9.06434 43.252112 29.551507 5.999461
2013_01_13_13_28_26_103279591  2601.000 1 6 85.000000 85.000000 0.000000 0.000000 337.758003 44.387247 30.165838 7.781691 43.882344 30.186113 6.35654 44.387247 30.165838 7.781691 43.882344 30.186113 6.35654
2013_01_13_13_31_30_243075304  2601.000 1 4 85.000000 85.000000 0.000000 0.000000 499.881619 38.403749 24.33332 7.68544 37.153229 23.427361 5.775918 38.403749 24.33332 7.68544 37.153229 23.427361 5.775918
2013_01_13_13_33_04_932176225  2601.000 1 4 85.000000 85.000000 0.000000 0.000000 567.026768 38.311664 24.201813 8.79343 37.067657 23.360077 6.465899 38.311664 24.201813 8.79343 37.067657 23.360077 6.465899
2013_01_13_13_34_04_617318504  2601.000 1 4 85.000000 85.000000 0.000000 0.000000 563.424528 38.171365 23.861961 7.717193 37.556629 23.775652 6.944585 38.171365 23.861961 7.717193 37.556629 23.775652 6.944585
2013_01_13_13_39_50_839308940  2601.000 1 16 90.000000 90.000000 0.000000 0.000000 130.139746 80.232657 65.665362 9.186881 77.445354 63.457183 6.871185 80.232657 65.665362 9.186881 77.445354 63.457183 6.871185
2013_01_13_13_42_02_006359234  2601.000 1 14 90.000000 90.000000 0.000000 0.000000 149.238387 72.97186 58.526251 8.715217 70.811757 56.939874 6.452151 72.97186 58.526251 8.715217 70.811757 56.939874 6.452151
2013_01_13_13_42_32_827129594  2601.000 1 16 90.000000 90.000000 0.000000 0.000000 133.17277 79.891315 65.3896 9.096994 77.345967 63.427008 6.620034 79.891315 65.3896 9.096994 77.345967 63.427008 6.620034
2013_01_13_13_43_28_924844576  2601.000 1 16 90.000000 90.000000 0.000000 0.000000 131.499371 79.518284 64.644975 9.412028 78.875848 64.791307 7.70174 79.518284 64.644975 9.412028 78.875848 64.791307 7.70174
2013_01_13_13_44_32_206136586  2601.000 1 12 90.000000 90.000000 0.000000 0.000000 175.862437 66.09242 51.317737 9.576247 63.989149 49.951136 6.887369 66.09242 51.317737 9.576247 63.989149 49.951136 6.887369
2013_01_13_13_44_46_808300697  2601.000 1 14 90.000000 90.000000 0.000000 0.000000 150.896064 72.764881 58.457353 8.44773 70.309218 56.519575 6.29278 72.764881 58.457353 8.44773 70.309218 56.519575 6.29278
2013_01_13_13_45_41_312658484  2601.000 1 14 90.000000 90.000000 0.000000 0.000000 150.831685 72.079431 57.571952 8.387588 71.332346 57.48609 6.745548 72.079431 57.571952 8.387588 71.332346 57.48609 6.745548
2013_01_13_13_47_18_730830285  2601.000 1 12 90.000000 90.000000 0.000000 0.000000 178.25315 66.62617 51.806153 10.739299 63.832328 49.810765 7.403498 66.62617 51.806153 10.739299 63.832328 49.810765 7.403498
2013_01_13_13_47_29_055163720  2601.000 1 10 90.000000 90.000000 0.000000 0.000000 210.300672 59.202663 44.576581 9.382765 56.75696 42.867478 6.472055 59.202663 44.576581 9.382765 56.75696 42.867478 6.472055
2013_01_13_13_48_12_913600995  2601.000 1 12 90.000000 90.000000 0.000000 0.000000 178.677238 65.447416 50.592686 9.588578 64.75164 50.729535 7.326515 65.447416 50.592686 9.588578 64.75164 50.729535 7.326515
2013_01_13_13_50_17_973500189  2601.000 1 10 90.000000 90.000000 0.000000 0.000000 213.617564 59.452138 44.764954 10.661144 56.941574 42.997482 7.319588 59.452138 44.764954 10.661144 56.941574 42.997482 7.319588
2013_01_13_13_51_00_338640159  2601.000 1 8 90.000000 90.000000 0.000000 0.000000 271.964736 51.96108 37.784927 8.271523 50.073434 36.352717 6.132375 51.96108 37.784927 8.271523 50.073434 36.352717 6.132375
2013_01_13_13_51_12_579250740  2601.000 1 10 90.000000 90.000000 0.000000 0.000000 212.288036 58.689191 43.775094 10.051842 57.843711 43.861549 7.553224 58.689191 43.775094 10.051842 57.843711 43.861549 7.553224
2013_01_13_13_53_52_412803688  2601.000 1 8 90.000000 90.000000 0.000000 0.000000 294.487874 52.111156 37.877519 8.441016 50.038929 36.300071 6.161257 52.111156 37.877519 8.441016 50.038929 36.300071 6.161257
2013_01_13_13_54_45_704897394  2601.000 1 8 90.000000 90.000000 0.000000 0.000000 280.560318 51.339857 37.004942 8.137564 50.504276 36.807537 6.174348 51.339857 37.004942 8.137564 50.504276 36.807537 6.174348
2013_01_13_13_55_33_259279659  2601.000 1 6 90.000000 90.000000 0.000000 0.000000 335.059497 44.84048 30.806455 7.836928 43.126172 29.484218 5.910211 44.84048 30.806455 7.836928 43.126172 29.484218 5.910211
2013_01_13_13_58_47_751118656  2601.000 1 6 90.000000 90.000000 0.000000 0.000000 339.279565 45.096428 30.98328 8.922543 43.186411 29.5195 5.889461 45.096428 30.98328 8.922543 43.186411 29.5195 5.889461
2013_01_13_13_59_27_237286069  2601.000 1 6 90.000000 90.000000 0.000000 0.000000 339.138337 44.388855 30.126565 7.842313 43.854924 30.154825 5.999368 44.388855 30.126565 7.842313 43.854924 30.154825 5.999368
2013_01_13_14_01_09_186971246  2601.000 1 4 90.000000 90.000000 0.000000 0.000000 601.453981 38.367314 24.304398 7.714579 37.163408 23.427086 5.778262 38.367314 24.304398 7.714579 37.163408 23.427086 5.778262
2013_01_13_14_04_27_921306261  2601.000 1 4 90.000000 90.000000 0.000000 0.000000 610.019717 38.400045 24.220774 9.664837 37.017359 23.258316 7.037689 38.400045 24.220774 9.664837 37.017359 23.258316 7.037689
2013_01_13_14_05_07_213749965  2601.000 1 4 90.000000 90.000000 0.000000 0.000000 581.894478 38.203441 23.913465 7.727964 37.480519 23.732799 6.937976 38.203441 23.913465 7.727964 37.480519 23.732799 6.937976
2013_01_13_14_11_11_589575508  2601.000 1 16 95.000000 95.000000 0.000000 0.000000 131.643691 79.841446 65.616271 8.391155 77.136845 63.376274 6.204932 79.841446 65.616271 8.391155 77.136845 63.376274 6.204932
2013_01_13_14_13_24_211788288  2601.000 1 14 95.000000 95.000000 0.000000 0.000000 149.626262 72.830533 58.437448 8.603119 70.725512 56.88892 6.32995 72.830533 58.437448 8.603119 70.725512 56.88892 6.32995
2013_01_13_14_14_38_627330505  2601.000 1 16 95.000000 95.000000 0.000000 0.000000 132.667469 79.992282 65.366535 9.55075 77.506195 63.507464 7.024283 79.992282 65.366535 9.55075 77.506195 63.507464 7.024283
2013_01_13_14_14_49_927242040  2601.000 1 16 95.000000 95.000000 0.000000 0.000000 132.761513 79.082352 64.550409 8.456306 78.613762 64.726043 7.140875 79.082352 64.550409 8.456306 78.613762 64.726043 7.140875
2013_01_13_14_15_54_788619452  2601.000 1 12 95.000000 95.000000 0.000000 0.000000 179.334825 66.038581 51.473624 8.918676 63.838149 49.939539 6.51542 66.038581 51.473624 8.918676 63.838149 49.939539 6.51542
2013_01_13_14_16_52_190470474  2601.000 1 14 95.000000 95.000000 0.000000 0.000000 151.266493 72.950831 58.456943 9.099015 70.323145 56.429179 6.5961 72.950831 58.456943 9.099015 70.323145 56.429179 6.5961
2013_01_13_14_17_03_487819537  2601.000 1 14 95.000000 95.000000 0.000000 0.000000 150.385674 71.852939 57.447315 8.094082 71.241394 57.452836 6.842551 71.852939 57.447315 8.094082 71.241394 57.452836 6.842551
2013_01_13_14_18_55_021410771  2601.000 1 10 95.000000 95.000000 0.000000 0.000000 213.636494 59.30107 44.663013 9.407393 56.659094 42.767609 6.498481 59.30107 44.663013 9.407393 56.659094 42.767609 6.498481
2013_01_13_14_19_24_432191445  2601.000 1 12 95.000000 95.000000 0.000000 0.000000 182.111141 66.482914 51.684518 10.585514 63.923817 49.881796 7.29003 66.482914 51.684518 10.585514 63.923817 49.881796 7.29003
2013_01_13_14_19_34_696941086  2601.000 1 12 95.000000 95.000000 0.000000 0.000000 179.558162 65.839232 50.725117 10.340046 64.77977 50.640232 7.73452 65.839232 50.725117 10.340046 64.77977 50.640232 7.73452
2013_01_13_14_22_27_501314519  2601.000 1 10 95.000000 95.000000 0.000000 0.000000 214.286623 59.304098 44.676022 10.464441 56.813661 42.899612 7.211842 59.304098 44.676022 10.464441 56.813661 42.899612 7.211842
2013_01_13_14_22_29_464830960  2601.000 1 8 95.000000 95.000000 0.000000 0.000000 290.049408 51.778636 37.729549 7.892118 49.957648 36.315256 5.938689 51.778636 37.729549 7.892118 49.957648 36.315256 5.938689
2013_01_13_14_22_35_159983415  2601.000 1 10 95.000000 95.000000 0.000000 0.000000 214.082742 58.59567 43.743007 9.816458 57.810487 43.83111 7.386854 58.59567 43.743007 9.816458 57.810487 43.83111 7.386854
2013_01_13_14_26_02_742145731  2601.000 1 8 95.000000 95.000000 0.000000 0.000000 277.643388 51.903141 37.650206 8.449862 50.128711 36.395397 6.132043 51.903141 37.650206 8.449862 50.128711 36.395397 6.132043
2013_01_13_14_26_10_025721065  2601.000 1 8 95.000000 95.000000 0.000000 0.000000 292.741966 51.335424 37.021332 8.060206 50.521948 36.819519 6.098622 51.335424 37.021332 8.060206 50.521948 36.819519 6.098622
2013_01_13_14_27_20_366555643  2601.000 1 6 95.000000 95.000000 0.000000 0.000000 330.827745 44.973143 30.892311 8.082263 43.083261 29.407629 6.034794 44.973143 30.892311 8.082263 43.083261 29.407629 6.034794
2013_01_13_14_30_41_231577402  2601.000 1 6 95.000000 95.000000 0.000000 0.000000 324.60804 44.982409 30.86613 8.917092 43.196059 29.522563 5.913932 44.982409 30.86613 8.917092 43.196059 29.522563 5.913932
2013_01_13_14_31_03_522851121  2601.000 1 6 95.000000 95.000000 0.000000 0.000000 323.248781 44.34774 30.114924 7.778608 43.804188 30.124491 5.935975 44.34774 30.114924 7.778608 43.804188 30.124491 5.935975
2013_01_13_14_32_52_085707913  2601.000 1 4 95.000000 95.000000 0.000000 0.000000 569.630854 38.341476 24.307535 7.712054 37.122955 23.440809 5.809724 38.341476 24.307535 7.712054 37.122955 23.440809 5.809724
2013_01_13_14_36_06_765593702  2601.000 1 4 95.000000 95.000000 0.000000 0.000000 523.559568 38.449338 24.264375 9.881419 37.098132 23.319485 7.499922 38.449338 24.264375 9.881419 37.098132 23.319485 7.499922
2013_01_13_14_36_27_829615545  2601.000 1 4 95.000000 95.000000 0.000000 0.000000 505.935778 38.197545 23.897525 7.700871 37.535978 23.762097 6.935417 38.197545 23.897525 7.700871 37.535978 23.762097 6.935417
2013_01_13_14_42_22_580148061  2601.000 1 16 100.000000 100.000000 0.000000 0.000000 131.578862 79.954053 65.57753 8.665045 77.226199 63.346195 6.58657 79.954053 65.57753 8.665045 77.226199 63.346195 6.58657
2013_01_13_14_44_35_176156430  2601.000 1 14 100.000000 100.000000 0.000000 0.000000 151.499179 72.621499 58.449231 8.036147 70.63435 56.893128 6.039105 72.621499 58.449231 8.036147 70.63435 56.893128 6.039105
2013_01_13_14_44_51_041147225  2601.000 1 16 100.000000 100.000000 0.000000 0.000000 131.426682 79.87351 65.322593 9.29454 77.27336 63.315421 6.986168 79.87351 65.322593 9.29454 77.27336 63.315421 6.986168
2013_01_13_14_44_54_498192383  2601.000 1 16 100.000000 100.000000 0.000000 0.000000 132.05148 78.880366 64.489656 8.048594 78.503943 64.687535 7.103381 78.880366 64.489656 8.048594 78.503943 64.687535 7.103381
2013_01_13_14_47_03_400122902  2601.000 1 14 100.000000 100.000000 0.000000 0.000000 150.711614 73.101232 58.566012 9.201186 70.335366 56.434563 6.594182 73.101232 58.566012 9.201186 70.335366 56.434563 6.594182
2013_01_13_14_47_07_469604071  2601.000 1 14 100.000000 100.000000 0.000000 0.000000 149.606305 71.929149 57.528988 8.070064 71.268066 57.490851 6.622286 71.929149 57.528988 8.070064 71.268066 57.490851 6.622286
2013_01_13_14_47_07_625484463  2601.000 1 12 100.000000 100.000000 0.000000 0.000000 176.539474 65.949777 51.436856 8.851237 63.749135 49.884866 6.408637 65.949777 51.436856 8.851237 63.749135 49.884866 6.408637
2013_01_13_14_49_35_038369393  2601.000 1 12 100.000000 100.000000 0.000000 0.000000 179.364764 66.688936 51.843086 10.942423 63.737361 49.725059 7.487433 66.688936 51.843086 10.942423 63.737361 49.725059 7.487433
2013_01_13_14_49_38_129023645  2601.000 1 12 100.000000 100.000000 0.000000 0.000000 179.678892 65.552197 50.644728 9.763542 64.565608 50.537856 7.401342 65.552197 50.644728 9.763542 64.565608 50.537856 7.401342
2013_01_13_14_50_05_047370158  2601.000 1 10 100.000000 100.000000 0.000000 0.000000 211.130638 58.947374 44.507787 8.752566 56.513368 42.689898 6.346178 58.947374 44.507787 8.752566 56.513368 42.689898 6.346178
2013_01_13_14_52_35_443447066  2601.000 1 10 100.000000 100.000000 0.000000 0.000000 209.092064 59.410944 44.789087 10.431755 56.875061 42.966432 7.184617 59.410944 44.789087 10.431755 56.875061 42.966432 7.184617
2013_01_13_14_52_38_760109572  2601.000 1 10 100.000000 100.000000 0.000000 0.000000 209.748746 58.516667 43.764569 9.541541 57.823713 43.901467 7.262785 58.516667 43.764569 9.541541 57.823713 43.901467 7.262785
2013_01_13_14_53_36_950517759  2601.000 1 8 100.000000 100.000000 0.000000 0.000000 286.284974 51.77631 37.733916 7.843334 49.954565 36.30482 5.935378 51.77631 37.733916 7.843334 49.954565 36.30482 5.935378
2013_01_13_14_56_05_345224824  2601.000 1 8 100.000000 100.000000 0.000000 0.000000 276.351304 51.796599 37.650322 8.451861 49.955493 36.27537 5.986006 51.796599 37.650322 8.451861 49.955493 36.27537 5.986006
2013_01_13_14_56_09_482748629  2601.000 1 8 100.000000 100.000000 0.000000 0.000000 295.682597 51.35447 37.033623 8.047515 50.453382 36.76777 6.070504 51.35447 37.033623 8.047515 50.453382 36.76777 6.070504
2013_01_13_14_58_24_051586166  2601.000 1 6 100.000000 100.000000 0.000000 0.000000 336.397161 44.762715 30.754159 7.7618 43.065691 29.44393 5.876909 44.762715 30.754159 7.7618 43.065691 29.44393 5.876909
2013_01_13_15_00_42_469112762  2601.000 1 6 100.000000 100.000000 0.000000 0.000000 323.937937 44.94967 30.835571 8.882713 43.194155 29.519658 5.912996 44.94967 30.835571 8.882713 43.194155 29.519658 5.912996
2013_01_13_15_01_06_055430117  2601.000 1 6 100.000000 100.000000 0.000000 0.000000 327.429943 44.387741 30.126548 7.864144 43.883279 30.187153 6.193053 44.387741 30.126548 7.864144 43.883279 30.187153 6.193053
2013_01_13_15_04_01_178512253  2601.000 1 4 100.000000 100.000000 0.000000 0.000000 604.104133 38.369758 24.315485 7.717852 37.167993 23.439525 5.784747 38.369758 24.315485 7.717852 37.167993 23.439525 5.784747
2013_01_13_15_06_07_225138272  2601.000 1 4 100.000000 100.000000 0.000000 0.000000 558.697752 38.443832 24.277375 9.743907 37.070947 23.312489 7.243737 38.443832 24.277375 9.743907 37.070947 23.312489 7.243737
2013_01_13_15_06_34_213348592  2601.000 1 4 100.000000 100.000000 0.000000 0.000000 521.609035 38.183804 23.885347 7.714061 37.51718 23.764032 6.923345 38.183804 23.885347 7.714061 37.51718 23.764032 6.923345
