id freq nodes cores pkg-clamp-0 pkg-clamp-1 dram-clamp-0 dram-clamp-1 avg-time avg-pkg-0 avg-pp0-0 avg-dram-0 avg-pkg-1 avg-pp0-1 avg-dram-1 tot-pkg-0 tot-pp0-0 tot-dram-0 tot-pkg-1 tot-pp0-1 tot-dram-1
2013_01_13_09_01_19_506214938  2601.000 1 16 115.000000 115.000000 0.000000 0.000000 19.129904 86.783365 73.632946 3.808564 88.286387 75.11256 1.593972 86.783365 73.632946 3.808564 88.286387 75.11256 1.593972
2013_01_13_09_01_39_541488754  2601.000 1 14 115.000000 115.000000 0.000000 0.000000 21.794602 79.040399 65.857845 3.886181 80.830364 67.624086 1.592506 79.040399 65.857845 3.886181 80.830364 67.624086 1.592506
2013_01_13_09_02_02_001986856  2601.000 1 12 115.000000 115.000000 0.000000 0.000000 24.59302 75.440928 62.243938 3.989176 76.362565 63.149301 1.592255 75.440928 62.243938 3.989176 76.362565 63.149301 1.592255
2013_01_13_09_02_27_307413946  2601.000 1 10 115.000000 115.000000 0.000000 0.000000 29.572799 66.996349 53.796122 4.218653 67.720015 54.515505 1.591239 66.996349 53.796122 4.218653 67.720015 54.515505 1.591239
2013_01_13_09_02_57_581870447  2601.000 1 8 115.000000 115.000000 0.000000 0.000000 35.711932 61.65893 48.461988 4.242686 62.080831 48.884712 1.588623 61.65893 48.461988 4.242686 62.080831 48.884712 1.588623
2013_01_13_09_03_34_107948173  2601.000 1 6 115.000000 115.000000 0.000000 0.000000 47.59425 52.967557 39.787429 4.205914 53.240482 40.06909 1.587958 52.967557 39.787429 4.205914 53.240482 40.06909 1.587958
2013_01_13_09_04_22_419911767  2601.000 1 4 115.000000 115.000000 0.000000 0.000000 69.339396 46.158744 32.997153 4.23771 46.433324 33.234181 1.603201 46.158744 32.997153 4.23771 46.433324 33.234181 1.603201
2013_01_13_09_05_32_523139948  2601.000 1 16 51.000000 51.000000 0.000000 0.000000 28.840427 50.627905 37.489236 4.323245 50.804502 37.635432 1.593012 50.627905 37.489236 4.323245 50.804502 37.635432 1.593012
2013_01_13_09_06_02_215419918  2601.000 1 14 51.000000 51.000000 0.000000 0.000000 30.560006 50.545262 37.403961 4.327529 50.813882 37.643825 1.588623 50.545262 37.403961 4.327529 50.813882 37.643825 1.588623
2013_01_13_09_06_33_512073262  2601.000 1 12 51.000000 51.000000 0.000000 0.000000 32.847342 50.74651 37.603349 4.365432 50.781846 37.608479 1.588211 50.74651 37.603349 4.365432 50.781846 37.608479 1.588211
2013_01_13_09_07_07_223061754  2601.000 1 10 51.000000 51.000000 0.000000 0.000000 36.567493 50.738258 37.594227 4.287419 50.738541 37.556277 1.588815 50.738258 37.594227 4.287419 50.738541 37.556277 1.588815
2013_01_13_09_07_44_479121584  2601.000 1 8 51.000000 51.000000 0.000000 0.000000 44.073026 46.013023 32.869364 4.252914 46.621338 33.440019 1.590973 46.013023 32.869364 4.252914 46.621338 33.440019 1.590973
2013_01_13_09_08_29_360052724  2601.000 1 6 51.000000 51.000000 0.000000 0.000000 58.608871 40.303335 27.148483 4.299748 40.454552 27.290367 1.59098 40.303335 27.148483 4.299748 40.454552 27.290367 1.59098
2013_01_13_09_09_28_671957030  2601.000 1 4 51.000000 51.000000 0.000000 0.000000 87.909058 34.538001 21.38798 4.583498 34.696537 21.547931 1.593175 34.538001 21.38798 4.583498 34.696537 21.547931 1.593175
2013_01_13_09_10_57_449813353  2601.000 1 16 55.000000 55.000000 0.000000 0.000000 26.953025 54.513336 41.359579 4.223834 54.794123 41.633597 1.590395 54.513336 41.359579 4.223834 54.794123 41.633597 1.590395
2013_01_13_09_11_25_192078009  2601.000 1 14 55.000000 55.000000 0.000000 0.000000 28.463611 54.721353 41.579013 4.374912 54.769981 41.585576 1.589158 54.721353 41.579013 4.374912 54.769981 41.585576 1.589158
2013_01_13_09_11_54_527351053  2601.000 1 12 55.000000 55.000000 0.000000 0.000000 30.977077 54.665924 41.520166 4.383001 54.735554 41.562477 1.588408 54.665924 41.520166 4.383001 54.735554 41.562477 1.588408
2013_01_13_09_12_26_194396344  2601.000 1 10 55.000000 55.000000 0.000000 0.000000 35.278358 51.96949 38.817361 4.289145 52.276069 39.114225 1.590042 51.96949 38.817361 4.289145 52.276069 39.114225 1.590042
2013_01_13_09_13_02_321039862  2601.000 1 8 55.000000 55.000000 0.000000 0.000000 44.032574 46.005268 32.86257 4.341352 46.643744 33.463165 1.591372 46.005268 32.86257 4.341352 46.643744 33.463165 1.591372
2013_01_13_09_13_47_021027346  2601.000 1 6 55.000000 55.000000 0.000000 0.000000 58.530137 40.313212 27.154301 4.455172 40.520228 27.358556 1.590944 40.313212 27.154301 4.455172 40.520228 27.358556 1.590944
2013_01_13_09_14_46_362484283  2601.000 1 4 55.000000 55.000000 0.000000 0.000000 87.883138 34.376035 21.229115 4.705244 34.793958 21.649172 1.592741 34.376035 21.229115 4.705244 34.793958 21.649172 1.592741
2013_01_13_09_16_15_089972607  2601.000 1 16 60.000000 60.000000 0.000000 0.000000 25.121667 59.612444 46.461646 4.287914 59.736817 46.563724 1.58861 59.612444 46.461646 4.287914 59.736817 46.563724 1.58861
2013_01_13_09_16_40_990787397  2601.000 1 14 60.000000 60.000000 0.000000 0.000000 26.703124 59.652734 46.506757 4.539391 59.711641 46.539627 1.58877 59.652734 46.506757 4.539391 59.711641 46.539627 1.58877
2013_01_13_09_17_08_433155939  2601.000 1 12 60.000000 60.000000 0.000000 0.000000 29.407739 57.794763 44.634615 4.474203 58.629624 45.472769 1.59037 57.794763 44.634615 4.474203 58.629624 45.472769 1.59037
2013_01_13_09_17_38_525893324  2601.000 1 10 60.000000 60.000000 0.000000 0.000000 35.195905 52.087427 38.931988 4.370028 52.488629 39.317128 1.590945 52.087427 38.931988 4.370028 52.488629 39.317128 1.590945
2013_01_13_09_18_14_433775523  2601.000 1 8 60.000000 60.000000 0.000000 0.000000 44.084448 46.053242 32.910052 4.380278 46.60442 33.422553 1.589899 46.053242 32.910052 4.380278 46.60442 33.422553 1.589899
2013_01_13_09_18_59_305186005  2601.000 1 6 60.000000 60.000000 0.000000 0.000000 58.650589 40.39494 27.237634 4.441951 40.46254 27.301984 1.590726 40.39494 27.237634 4.441951 40.46254 27.301984 1.590726
2013_01_13_09_19_58_594843379  2601.000 1 4 60.000000 60.000000 0.000000 0.000000 87.848941 34.473897 21.327388 4.636837 34.756994 21.61035 1.592996 34.473897 21.327388 4.636837 34.756994 21.61035 1.592996
2013_01_13_09_21_27_125873339  2601.000 1 16 65.000000 65.000000 0.000000 0.000000 23.717375 64.506318 51.357877 4.067671 64.687224 51.518039 1.591625 64.506318 51.357877 4.067671 64.687224 51.518039 1.591625
2013_01_13_09_21_51_630833706  2601.000 1 14 65.000000 65.000000 0.000000 0.000000 25.128039 63.839941 50.67702 4.220094 64.508876 51.34581 1.590262 63.839941 50.67702 4.220094 64.508876 51.34581 1.590262
2013_01_13_09_22_17_508217503  2601.000 1 12 65.000000 65.000000 0.000000 0.000000 29.418409 57.739916 44.57526 4.793464 58.676021 45.516656 1.593212 57.739916 44.57526 4.793464 58.676021 45.516656 1.593212
2013_01_13_09_22_47_605086805  2601.000 1 10 65.000000 65.000000 0.000000 0.000000 35.19967 52.052391 38.889735 4.855518 52.600119 39.442046 1.594736 52.052391 38.889735 4.855518 52.600119 39.442046 1.594736
2013_01_13_09_23_23_519227221  2601.000 1 8 65.000000 65.000000 0.000000 0.000000 44.084726 46.035569 32.890901 4.861255 46.623852 33.442234 1.604172 46.035569 32.890901 4.861255 46.623852 33.442234 1.604172
2013_01_13_09_24_08_426488709  2601.000 1 6 65.000000 65.000000 0.000000 0.000000 58.568592 40.308128 27.15306 4.900956 40.515676 27.351207 1.594378 40.308128 27.15306 4.900956 40.515676 27.351207 1.594378
2013_01_13_09_25_07_757218467  2601.000 1 4 65.000000 65.000000 0.000000 0.000000 87.862252 34.331012 21.179598 4.932412 34.698437 21.552078 1.596984 34.331012 21.179598 4.932412 34.698437 21.552078 1.596984
2013_01_13_09_26_36_306791475  2601.000 1 16 70.000000 70.000000 0.000000 0.000000 22.421944 69.299778 56.145749 4.720819 69.463856 56.300631 1.59867 69.299778 56.145749 4.720819 69.463856 56.300631 1.59867
2013_01_13_09_26_59_394513592  2601.000 1 14 70.000000 70.000000 0.000000 0.000000 25.134794 63.926408 50.759154 4.883658 64.589328 51.424977 1.595247 63.926408 50.759154 4.883658 64.589328 51.424977 1.595247
2013_01_13_09_27_25_269721785  2601.000 1 12 70.000000 70.000000 0.000000 0.000000 29.404352 57.816488 44.648556 4.906456 58.74194 45.585903 1.592803 57.816488 44.648556 4.906456 58.74194 45.585903 1.592803
2013_01_13_09_27_55_370085736  2601.000 1 10 70.000000 70.000000 0.000000 0.000000 35.227283 51.983379 38.819327 4.878971 52.490729 39.321905 1.593321 51.983379 38.819327 4.878971 52.490729 39.321905 1.593321
2013_01_13_09_28_31_284527263  2601.000 1 8 70.000000 70.000000 0.000000 0.000000 44.045186 46.022017 32.876456 4.872692 46.682233 33.501001 1.591621 46.022017 32.876456 4.872692 46.682233 33.501001 1.591621
2013_01_13_09_29_15_990660139  2601.000 1 6 70.000000 70.000000 0.000000 0.000000 58.529349 40.279706 27.127397 4.908562 40.543967 27.380818 1.595878 40.279706 27.127397 4.908562 40.543967 27.380818 1.595878
2013_01_13_09_30_15_331362330  2601.000 1 4 70.000000 70.000000 0.000000 0.000000 87.936006 34.446087 21.294846 4.937628 34.71525 21.568851 1.594016 34.446087 21.294846 4.937628 34.71525 21.568851 1.594016
2013_01_13_09_31_44_083077258  2601.000 1 16 75.000000 75.000000 0.000000 0.000000 22.068433 69.778481 56.623173 4.737154 70.591396 57.427852 1.612679 69.778481 56.623173 4.737154 70.591396 57.427852 1.612679
2013_01_13_09_32_06_986099707  2601.000 1 14 75.000000 75.000000 0.000000 0.000000 25.120115 63.889237 50.719251 4.860059 64.545602 51.383605 1.593072 63.889237 50.719251 4.860059 64.545602 51.383605 1.593072
2013_01_13_09_32_32_882466813  2601.000 1 12 75.000000 75.000000 0.000000 0.000000 29.419763 57.812853 44.640141 4.896913 58.712579 45.555818 1.600193 57.812853 44.640141 4.896913 58.712579 45.555818 1.600193
2013_01_13_09_33_02_944049711  2601.000 1 10 75.000000 75.000000 0.000000 0.000000 35.191496 51.738015 38.573383 4.856914 52.462935 39.302394 1.59276 51.738015 38.573383 4.856914 52.462935 39.302394 1.59276
2013_01_13_09_33_38_858868415  2601.000 1 8 75.000000 75.000000 0.000000 0.000000 44.025223 46.064952 32.9155 4.844901 46.735739 33.549582 1.590733 46.064952 32.9155 4.844901 46.735739 33.549582 1.590733
2013_01_13_09_34_23_569019137  2601.000 1 6 75.000000 75.000000 0.000000 0.000000 58.778257 40.185896 27.044243 4.895653 40.404906 27.242001 1.593989 40.185896 27.044243 4.895653 40.404906 27.242001 1.593989
2013_01_13_09_35_23_066853362  2601.000 1 4 75.000000 75.000000 0.000000 0.000000 87.851228 34.618451 21.464351 4.931875 34.863408 21.716393 1.59025 34.618451 21.464351 4.931875 34.863408 21.716393 1.59025
2013_01_13_09_36_51_589195047  2601.000 1 16 80.000000 80.000000 0.000000 0.000000 22.083077 69.818949 56.663478 4.726529 70.607932 57.443792 1.593523 69.818949 56.663478 4.726529 70.607932 57.443792 1.593523
2013_01_13_09_37_14_491786539  2601.000 1 14 80.000000 80.000000 0.000000 0.000000 25.152886 63.938148 50.768498 4.903255 64.577166 51.413724 1.592744 63.938148 50.768498 4.903255 64.577166 51.413724 1.592744
2013_01_13_09_37_40_391220133  2601.000 1 12 80.000000 80.000000 0.000000 0.000000 29.403169 57.919449 44.747965 4.925692 58.764252 45.60579 1.590978 57.919449 44.747965 4.925692 58.764252 45.60579 1.590978
2013_01_13_09_38_10_478898828  2601.000 1 10 80.000000 80.000000 0.000000 0.000000 35.268966 52.124603 38.960176 4.89821 52.346822 39.186279 1.591662 52.124603 38.960176 4.89821 52.346822 39.186279 1.591662
2013_01_13_09_38_46_590762254  2601.000 1 8 80.000000 80.000000 0.000000 0.000000 44.077367 46.006702 32.860611 4.880996 46.585436 33.399761 1.590685 46.006702 32.860611 4.880996 46.585436 33.399761 1.590685
2013_01_13_09_39_31_487219959  2601.000 1 6 80.000000 80.000000 0.000000 0.000000 58.767445 40.364236 27.217433 4.900297 40.522002 27.356436 1.594913 40.364236 27.217433 4.900297 40.522002 27.356436 1.594913
2013_01_13_09_40_31_007837964  2601.000 1 4 80.000000 80.000000 0.000000 0.000000 87.900877 34.509812 21.354844 4.928395 34.839121 21.691576 1.591024 34.509812 21.354844 4.928395 34.839121 21.691576 1.591024
2013_01_13_09_41_59_510951771  2601.000 1 16 85.000000 85.000000 0.000000 0.000000 22.049678 69.71641 56.560915 4.731853 70.579281 57.415487 1.595739 69.71641 56.560915 4.731853 70.579281 57.415487 1.595739
2013_01_13_09_42_22_409814647  2601.000 1 14 85.000000 85.000000 0.000000 0.000000 25.217932 63.903228 50.733569 4.877473 64.462053 51.296275 1.594135 63.903228 50.733569 4.877473 64.462053 51.296275 1.594135
2013_01_13_09_42_48_286100314  2601.000 1 12 85.000000 85.000000 0.000000 0.000000 29.313909 57.837752 44.666486 4.911606 58.683551 45.522342 1.597696 57.837752 44.666486 4.911606 58.683551 45.522342 1.597696
2013_01_13_09_43_18_336625409  2601.000 1 10 85.000000 85.000000 0.000000 0.000000 35.256756 51.899288 38.735133 4.873049 52.384146 39.220289 1.591337 51.899288 38.735133 4.873049 52.384146 39.220289 1.591337
2013_01_13_09_43_54_228153611  2601.000 1 8 85.000000 85.000000 0.000000 0.000000 44.027577 45.982004 32.833625 4.244075 46.506842 33.320225 1.590283 45.982004 32.833625 4.244075 46.506842 33.320225 1.590283
2013_01_13_09_44_38_916870836  2601.000 1 6 85.000000 85.000000 0.000000 0.000000 58.768365 40.411552 27.261149 4.418371 40.57601 27.408267 1.593576 40.411552 27.261149 4.418371 40.57601 27.408267 1.593576
2013_01_13_09_45_38_433668938  2601.000 1 4 85.000000 85.000000 0.000000 0.000000 87.87605 34.575178 21.424115 4.550204 34.942435 21.794471 1.591005 34.575178 21.424115 4.550204 34.942435 21.794471 1.591005
2013_01_13_09_47_06_914126579  2601.000 1 16 90.000000 90.000000 0.000000 0.000000 22.114039 69.826761 56.673038 4.001937 70.697098 57.53453 1.593958 69.826761 56.673038 4.001937 70.697098 57.53453 1.593958
2013_01_13_09_47_29_812739470  2601.000 1 14 90.000000 90.000000 0.000000 0.000000 25.140221 63.933417 50.763977 4.279987 64.531209 51.367846 1.591006 63.933417 50.763977 4.279987 64.531209 51.367846 1.591006
2013_01_13_09_47_55_685979100  2601.000 1 12 90.000000 90.000000 0.000000 0.000000 29.399134 57.835973 44.665261 4.277459 58.708568 45.551989 1.591438 57.835973 44.665261 4.277459 58.708568 45.551989 1.591438
2013_01_13_09_48_25_790090575  2601.000 1 10 90.000000 90.000000 0.000000 0.000000 35.269411 51.855497 38.691217 4.228813 52.401566 39.247416 1.59016 51.855497 38.691217 4.228813 52.401566 39.247416 1.59016
2013_01_13_09_49_01_857467033  2601.000 1 8 90.000000 90.000000 0.000000 0.000000 43.927625 46.156036 33.008465 4.162299 46.586924 33.398689 1.589989 46.156036 33.008465 4.162299 46.586924 33.398689 1.589989
2013_01_13_09_49_46_554028438  2601.000 1 6 90.000000 90.000000 0.000000 0.000000 58.524089 40.268443 27.127789 4.347087 40.508919 27.341885 1.594569 40.268443 27.127789 4.347087 40.508919 27.341885 1.594569
2013_01_13_09_50_45_854561967  2601.000 1 4 90.000000 90.000000 0.000000 0.000000 87.87052 34.391951 21.238217 4.521611 34.707158 21.556302 1.59114 34.391951 21.238217 4.521611 34.707158 21.556302 1.59114
2013_01_13_09_52_17_222262907  2601.000 1 16 95.000000 95.000000 0.000000 0.000000 22.025434 71.555739 58.347885 3.798705 71.904639 58.770479 1.61706 71.555739 58.347885 3.798705 71.904639 58.770479 1.61706
2013_01_13_09_52_40_340362274  2601.000 1 14 95.000000 95.000000 0.000000 0.000000 25.198504 65.467601 52.242968 3.79746 65.848363 52.721686 1.642041 65.467601 52.242968 3.79746 65.848363 52.721686 1.642041
2013_01_13_09_53_03_283836981  2601.000 1 12 95.000000 95.000000 0.000000 0.000000 29.320713 57.898866 44.731453 4.300294 58.725172 45.563013 1.590377 57.898866 44.731453 4.300294 58.725172 45.563013 1.590377
2013_01_13_09_53_33_380817558  2601.000 1 10 95.000000 95.000000 0.000000 0.000000 35.191246 52.094944 38.931281 4.275368 52.566299 39.412917 1.590677 52.094944 38.931281 4.275368 52.566299 39.412917 1.590677
2013_01_13_09_54_09_272398739  2601.000 1 8 95.000000 95.000000 0.000000 0.000000 43.917013 45.987746 32.842309 4.126163 46.628227 33.443015 1.590277 45.987746 32.842309 4.126163 46.628227 33.443015 1.590277
2013_01_13_09_54_57_029917182  2601.000 1 6 95.000000 95.000000 0.000000 0.000000 58.682238 40.96401 27.770669 3.793708 40.902169 27.767947 2.234917 40.96401 27.770669 3.793708 40.902169 27.767947 2.234917
2013_01_13_09_55_56_550355055  2601.000 1 4 95.000000 95.000000 0.000000 0.000000 87.897451 35.222673 22.048357 3.798504 35.148899 22.03373 1.948874 35.222673 22.048357 3.798504 35.148899 22.03373 1.948874
2013_01_13_09_57_29_337880057  2601.000 1 16 100.000000 100.000000 0.000000 0.000000 21.989826 69.950885 56.73599 3.792481 73.032813 60.0396 1.593773 69.950885 56.73599 3.792481 73.032813 60.0396 1.593773
2013_01_13_09_57_52_256702722  2601.000 1 14 100.000000 100.000000 0.000000 0.000000 25.173961 64.012589 50.772926 3.798391 66.628697 53.625892 1.60369 64.012589 50.772926 3.798391 66.628697 53.625892 1.60369
2013_01_13_09_58_18_325617991  2601.000 1 12 100.000000 100.000000 0.000000 0.000000 29.401841 57.888858 44.651707 3.799612 60.456523 47.458654 1.605433 57.888858 44.651707 3.799612 60.456523 47.458654 1.605433
2013_01_13_09_58_48_425217263  2601.000 1 10 100.000000 100.000000 0.000000 0.000000 35.235227 52.013219 38.785739 3.793609 54.084933 41.089867 1.609327 52.013219 38.785739 3.793609 54.084933 41.089867 1.609327
2013_01_13_09_59_24_494746054  2601.000 1 8 100.000000 100.000000 0.000000 0.000000 43.99909 46.107872 32.89803 3.789883 47.671611 34.686756 1.805107 46.107872 32.89803 3.789883 47.671611 34.686756 1.805107
2013_01_13_10_00_09_213832342  2601.000 1 6 100.000000 100.000000 0.000000 0.000000 58.640923 40.284896 27.09178 3.794761 41.580513 28.607909 1.97774 40.284896 27.09178 3.794761 41.580513 28.607909 1.97774
2013_01_13_10_01_08_553497302  2601.000 1 4 100.000000 100.000000 0.000000 0.000000 87.878865 34.518201 21.30207 3.792595 35.520031 22.527935 2.123364 34.518201 21.30207 3.792595 35.520031 22.527935 2.123364
