id freq nodes cores pkg-clamp-0 pkg-clamp-1 dram-clamp-0 dram-clamp-1 avg-time avg-pkg-0 avg-pp0-0 avg-dram-0 avg-pkg-1 avg-pp0-1 avg-dram-1 tot-pkg-0 tot-pp0-0 tot-dram-0 tot-pkg-1 tot-pp0-1 tot-dram-1
2012_11_20_00_44_11_297974039  2601.000 8 16 115.000000 115.000000 0.000000 0.000000 17.176779 84.64622075 71.404029375 5.2163585 84.540037875 71.339678 2.193108 677.169766 571.232235 41.730868 676.320303 570.717424 17.544864
2012_11_20_00_44_35_155762624  2601.000 8 14 115.000000 115.000000 0.000000 0.000000 18.336454125 84.61069725 71.339662375 5.36983825 79.96220825 66.74571425 2.369338125 676.885578 570.717299 42.958706 639.697666 533.965714 18.954705
2012_11_20_00_44_59_132266856  2601.000 8 12 115.000000 115.000000 0.000000 0.000000 22.000587375 72.862443375 59.57941725 4.99096675 74.531081 61.3128635 2.494518875 582.899547 476.635338 39.927734 596.248648 490.502908 19.956151
2012_11_20_00_45_28_605850780  2601.000 8 10 115.000000 115.000000 0.000000 0.000000 24.967811625 69.809145375 56.513330375 5.08228875 67.844538375 54.62481225 2.36884625 558.473163 452.106643 40.65831 542.756307 436.998498 18.95077
2012_11_20_00_46_00_701287847  2601.000 8 8 115.000000 115.000000 0.000000 0.000000 30.07980925 63.4736445 50.197700375 5.377021625 62.711675375 49.502946 2.311841875 507.789156 401.581603 43.016173 501.693403 396.023568 18.494735
2012_11_20_00_46_37_369596758  2601.000 8 6 115.000000 115.000000 0.000000 0.000000 40.016930625 54.33979925 41.060566375 5.091562875 53.978491875 40.7670475 2.223755125 434.718394 328.484531 40.732503 431.827935 326.13638 17.790041
2012_11_20_00_47_23_082379644  2601.000 8 4 115.000000 115.000000 0.000000 0.000000 58.663430875 48.3108995 35.055598875 5.3795265 45.6615825 32.464555125 2.368365625 386.487196 280.444791 43.036212 365.29266 259.716441 18.946925
2012_11_20_00_48_28_304674915  2601.000 16 16 115.000000 115.000000 0.000000 0.000000 9.198649875 81.8789718125 68.637302125 4.9700131875 79.9052824375 66.71023025 2.0648039375 1310.063549 1098.196834 79.520211 1278.484519 1067.363684 33.036863
2012_11_20_00_48_44_873409050  2601.000 16 14 115.000000 115.000000 0.000000 0.000000 9.378733625 81.7395268125 68.480929375 5.20985525 80.3671145625 67.161894 2.2540715 1307.832429 1095.69487 83.357684 1285.873833 1074.590304 36.065144
2012_11_20_00_49_01_017516232  2601.000 16 12 115.000000 115.000000 0.000000 0.000000 11.5317268125 70.496536375 57.2329334375 5.027205 72.431530625 59.229770125 2.1776310625 1127.944582 915.726935 80.43528 1158.90449 947.676322 34.842097
2012_11_20_00_49_21_251434609  2601.000 16 10 115.000000 115.000000 0.000000 0.000000 12.646821625 66.8549066875 53.5909731875 5.2023613125 68.9197876875 55.7161895625 2.260246875 1069.678507 857.455571 83.237781 1102.716603 891.459033 36.16395
2012_11_20_00_49_40_784893724  2601.000 16 8 115.000000 115.000000 0.000000 0.000000 15.3261613125 63.1424225625 49.872887875 5.21721175 61.16557925 47.960928 2.1646888125 1010.278761 797.966206 83.475388 978.649268 767.374848 34.635021
2012_11_20_00_50_02_956411078  2601.000 16 6 115.000000 115.000000 0.000000 0.000000 20.01381475 53.9321355 40.669107875 5.2525976875 54.056426875 40.8566548125 2.1682446875 862.914168 650.705726 84.041563 864.90283 653.706477 34.691915
2012_11_20_00_50_29_887541080  2601.000 16 4 115.000000 115.000000 0.000000 0.000000 29.2391296875 47.1849698125 33.9337240625 5.2666034375 46.787954625 33.58832275 2.1627998125 754.959517 542.939585 84.265655 748.607274 537.413164 34.604797
2012_11_20_00_51_06_176647036  2601.000 32 16 115.000000 115.000000 0.000000 0.000000 5.169367375 75.68578565625 62.4724094375 4.69369465625 74.06984834375 60.87751453125 2.1405805 2421.945141 1999.117102 150.198229 2370.235147 1948.080465 68.498576
2012_11_20_00_51_19_358534285  2601.000 32 14 115.000000 115.000000 0.000000 0.000000 4.86199684375 82.96042025 69.73827421875 5.11869675 76.20915290625 63.0084430625 2.3544976875 2654.733448 2231.624775 163.798296 2438.692893 2016.270178 75.343926
2012_11_20_00_51_32_025643527  2601.000 32 12 115.000000 115.000000 0.000000 0.000000 5.44321778125 74.44971375 61.2236759375 5.16483 73.17397946875 59.970873375 2.34062075 2382.39084 1959.15763 165.27456 2341.567343 1919.067948 74.899864
2012_11_20_00_51_43_996419848  2601.000 32 10 115.000000 115.000000 0.000000 0.000000 6.48529922580645 68.277768967742 55.053429516129 5.12201964516129 65.3569513548387 52.1507859354839 2.31663919354839 2116.610838 1706.656315 158.782609 2026.065492 1616.674364 71.815815
2012_11_20_00_51_57_534915281  2601.000 32 8 115.000000 115.000000 0.000000 0.000000 7.84350771875 61.1567656875 47.92718703125 5.17166590625 60.55974571875 47.35559321875 2.21799765625 1957.016502 1533.669985 165.493309 1937.911863 1515.378983 70.975925
2012_11_20_00_52_12_044103903  2601.000 32 6 115.000000 115.000000 0.000000 0.000000 10.16007359375 52.7468235 39.5175829375 5.21490015625 54.1801665 40.97560309375 2.2373836875 1687.898352 1264.562654 166.876805 1733.765328 1311.219299 71.596278
2012_11_20_00_52_29_332980282  2601.000 32 4 115.000000 115.000000 0.000000 0.000000 15.08918878125 46.500259625 33.2783066875 5.1658978125 45.78726 32.58540603125 2.17198875 1488.008308 1064.905814 165.30873 1465.19232 1042.732993 69.50364
2012_11_20_00_52_50_412430599  2601.000 8 16 51.000000 51.000000 0.000000 0.000000 24.1688835 50.743177125 37.49964325 5.354744875 50.730967125 37.538055375 2.210565875 405.945417 299.997146 42.837959 405.847737 300.304443 17.684527
2012_11_20_00_53_20_313827917  2601.000 8 14 51.000000 51.000000 0.000000 0.000000 26.387734875 50.47783725 37.230260375 5.2878445 50.7151415 37.519383 2.336316625 403.822698 297.842083 42.302756 405.721132 300.155064 18.690533
2012_11_20_00_53_53_348616346  2601.000 8 12 51.000000 51.000000 0.000000 0.000000 28.079717125 50.52314275 37.277140125 5.345786625 50.740139875 37.5458755 2.23273125 404.185142 298.217121 42.766293 405.921119 300.367004 17.86185
2012_11_20_00_54_28_384397033  2601.000 8 10 51.000000 51.000000 0.000000 0.000000 31.254703 50.692476125 37.443433125 5.36060775 49.8844165 36.690742125 2.241659 405.539809 299.547465 42.884862 399.075332 293.525937 17.933272
2012_11_20_00_55_07_446935411  2601.000 8 8 51.000000 51.000000 0.000000 0.000000 36.9198135 47.324238125 34.070707 5.3742295 46.284149125 33.090458375 2.168952875 378.593905 272.565656 42.993836 370.273193 264.723667 17.351623
2012_11_20_00_55_50_606524013  2601.000 8 6 51.000000 51.000000 0.000000 0.000000 48.992818125 40.808087375 27.569774125 5.385344875 41.100495375 27.908582875 2.2305735 326.464699 220.558193 43.082759 328.803963 223.268663 17.844588
2012_11_20_00_56_45_819298442  2601.000 8 4 51.000000 51.000000 0.000000 0.000000 73.56800425 35.049583125 21.825039875 5.38847925 35.1257685 21.94573575 2.177684125 280.396665 174.600319 43.107834 281.006148 175.565886 17.421473
2012_11_20_00_58_05_723642014  2601.000 16 16 51.000000 51.000000 0.000000 0.000000 12.1964269375 50.8084465 37.5906536875 5.27410425 50.7193700625 37.5407025 2.0182511875 812.935144 601.450459 84.385668 811.509921 600.65124 32.292019
2012_11_20_00_58_23_695791516  2601.000 16 14 51.000000 51.000000 0.000000 0.000000 13.369085875 50.9236375625 37.696530375 5.2531720625 50.6265158125 37.439924125 2.2052280625 814.778201 603.144486 84.050753 810.024253 599.038786 35.283649
2012_11_20_00_58_43_158918644  2601.000 16 12 51.000000 51.000000 0.000000 0.000000 14.3384881875 50.7854475 37.556679875 5.2478296875 49.81830675 36.62798925 2.1423064375 812.56716 600.906878 83.965275 797.092908 586.047828 34.276903
2012_11_20_00_59_04_698017227  2601.000 16 10 51.000000 51.000000 0.000000 0.000000 15.8685775 49.8694290625 36.635656375 5.267653125 49.5074466875 36.3159123125 2.1099046875 797.910865 586.170502 84.28245 792.119147 581.054597 33.758475
2012_11_20_00_59_27_426275423  2601.000 16 8 51.000000 51.000000 0.000000 0.000000 18.4791455 46.4138929375 33.17739175 5.3142998125 46.6685195 33.4738009375 2.1032169375 742.622287 530.838268 85.028797 746.696312 535.580815 33.651471
2012_11_20_00_59_52_269866255  2601.000 16 6 51.000000 51.000000 0.000000 0.000000 24.7285946875 40.3738874375 27.142915125 5.2985375625 40.9508636875 27.75997425 2.046948875 645.982199 434.286642 84.776601 655.213819 444.159588 32.751182
2012_11_20_01_00_22_838079519  2601.000 16 4 51.000000 51.000000 0.000000 0.000000 36.791843125 34.470271 21.24556275 5.29666225 35.3805375 22.19959925 2.0347896875 551.524336 339.929004 84.746596 566.0886 355.193588 32.556635
2012_11_20_01_01_05_538165784  2601.000 32 16 51.000000 51.000000 0.000000 0.000000 6.16872059375 50.95586759375 37.7623855625 5.220699125 50.79291471875 37.61224759375 2.0856959375 1630.587763 1208.396338 167.062372 1625.373271 1203.591923 66.74227
2012_11_20_01_01_17_943810770  2601.000 32 14 51.000000 51.000000 0.000000 0.000000 6.74823909375 51.03533159375 37.83830925 5.21226334375 50.8813220625 37.695932 2.359068625 1633.130611 1210.825896 166.792427 1628.202306 1206.269824 75.490196
2012_11_20_01_01_31_042058436  2601.000 32 12 51.000000 51.000000 0.000000 0.000000 7.33952190625 50.67230821875 37.4722795625 5.2063059375 49.73451553125 36.5461514375 2.323522 1621.513863 1199.112946 166.60179 1591.504497 1169.476846 74.352704
2012_11_20_01_01_44_793620538  2601.000 32 10 51.000000 51.000000 0.000000 0.000000 7.946352375 49.91788415625 36.71508140625 5.2203529375 49.61557159375 36.42501121875 2.2365458125 1597.372293 1174.882605 167.051294 1587.698291 1165.600359 71.569466
2012_11_20_01_01_59_415108842  2601.000 32 8 51.000000 51.000000 0.000000 0.000000 9.50174378125 45.8281605625 32.62236628125 5.2100041875 45.89154046875 32.69990790625 2.26226290625 1466.501138 1043.915721 166.720134 1468.529295 1046.397053 72.392413
2012_11_20_01_02_15_152578435  2601.000 32 6 51.000000 51.000000 0.000000 0.000000 12.4997890625 40.00189671875 26.7978653125 5.226734625 40.83569784375 27.64708621875 2.21872196875 1280.060695 857.53169 167.255508 1306.742331 884.706759 70.999103
2012_11_20_01_02_33_581950837  2601.000 32 4 51.000000 51.000000 0.000000 0.000000 18.5416188125 34.16161646875 20.9627961875 5.25703784375 35.511588375 22.328653 2.2125124375 1093.171727 670.809478 168.225211 1136.370828 714.516896 70.800398
2012_11_20_01_02_57_957063381  2601.000 8 16 65.000000 65.000000 0.000000 0.000000 20.307254625 64.339704 51.09391875 5.349472875 64.1439645 50.948504125 1.93708775 514.717632 408.75135 42.795783 513.151716 407.588033 15.496702
2012_11_20_01_03_24_131061320  2601.000 8 14 65.000000 65.000000 0.000000 0.000000 22.30859225 62.21523925 48.953324125 5.086962125 62.51430175 49.30734325 2.221834125 497.721914 391.626593 40.695697 500.114414 394.458746 17.774673
2012_11_20_01_03_53_746609430  2601.000 8 12 65.000000 65.000000 0.000000 0.000000 24.720892125 57.40604975 44.152443625 5.388075125 60.433588375 47.23131125 2.566056 459.248398 353.219549 43.104601 483.468707 377.85049 20.528448
2012_11_20_01_04_24_540186448  2601.000 8 10 65.000000 65.000000 0.000000 0.000000 29.552917375 52.22634 38.969946 5.384686125 53.3690815 40.1698955 2.18705075 417.81072 311.759568 43.077489 426.952652 321.359164 17.496406
2012_11_20_01_05_00_212956146  2601.000 8 8 65.000000 65.000000 0.000000 0.000000 36.86824125 46.899519125 33.644098625 5.38609625 46.835500625 33.64427325 2.297205875 375.196153 269.152789 43.08877 374.684005 269.154186 18.377647
2012_11_20_01_05_43_363386960  2601.000 8 6 65.000000 65.000000 0.000000 0.000000 49.367540625 40.622408125 27.379359875 5.37519825 41.024953625 27.835648625 2.266375625 324.979265 219.034879 43.001586 328.199629 222.685189 18.131005
2012_11_20_01_06_39_212628919  2601.000 8 4 65.000000 65.000000 0.000000 0.000000 73.638111 34.848281875 21.62213725 5.392163 35.30344875 22.1222255 2.222240875 278.786255 172.977098 43.137304 282.42759 176.977804 17.777927
2012_11_20_01_07_59_302160495  2601.000 16 16 65.000000 65.000000 0.000000 0.000000 10.2967650625 64.143220125 50.9109005625 5.2671254375 63.76729575 50.5850945625 1.9144526875 1026.291522 814.574409 84.274007 1020.276732 809.361513 30.631243
2012_11_20_01_08_17_694177914  2601.000 16 14 65.000000 65.000000 0.000000 0.000000 11.3514704375 61.6344595625 48.3983415 5.2910468125 61.496676625 48.30153575 2.237673125 986.151353 774.373464 84.656749 983.946826 772.824572 35.80277
2012_11_20_01_08_35_198486945  2601.000 16 12 65.000000 65.000000 0.000000 0.000000 12.509384125 58.71308375 45.4732300625 5.2955613125 57.6704763125 44.4737571875 2.1895076875 939.40934 727.571681 84.728981 922.727621 711.580115 35.032123
2012_11_20_01_08_53_800795657  2601.000 16 10 65.000000 65.000000 0.000000 0.000000 14.7839706875 50.9192233125 37.6789375625 5.309630875 54.44055525 41.242040125 2.3358198125 814.707573 602.863001 84.954094 871.048884 659.872642 37.373117
2012_11_20_01_09_14_316474649  2601.000 16 8 65.000000 65.000000 0.000000 0.000000 18.545376125 47.562214 34.3240674375 5.3010938125 45.6399999375 32.4453681875 2.1246638125 760.995424 549.185079 84.817501 730.239999 519.125891 33.994621
2012_11_20_01_09_38_654495181  2601.000 16 6 65.000000 65.000000 0.000000 0.000000 24.609866 40.7913378125 27.55984375 5.3109171875 40.7215159375 27.5330653125 2.1480239375 652.661405 440.9575 84.974675 651.544255 440.529045 34.368383
2012_11_20_01_10_09_457596966  2601.000 16 4 65.000000 65.000000 0.000000 0.000000 36.84509475 35.1223233125 21.8976290625 5.3183465 34.805381 21.6254374375 2.056731125 561.957173 350.362065 85.093544 556.886096 346.006999 32.907698
2012_11_20_01_10_52_234242222  2601.000 32 16 65.000000 65.000000 0.000000 0.000000 5.2803614375 63.55742653125 50.35913209375 5.13572296875 63.381797 50.19578021875 2.0891114375 2033.837649 1611.492227 164.343135 2028.217504 1606.264967 66.851566
2012_11_20_01_11_04_831229052  2601.000 32 14 65.000000 65.000000 0.000000 0.000000 5.73686834375 61.41489653125 48.211698375 5.17338215625 61.01522209375 47.82371796875 2.379755125 1965.276689 1542.774348 165.548229 1952.487107 1530.358975 76.152164
2012_11_20_01_11_18_091966452  2601.000 32 12 65.000000 65.000000 0.000000 0.000000 6.433489125 58.62578796875 45.42092003125 5.18120640625 55.86875178125 42.677631 2.47548703125 1876.025215 1453.469441 165.798605 1787.800057 1365.684192 79.215585
2012_11_20_01_11_31_928584546  2601.000 32 10 65.000000 65.000000 0.000000 0.000000 7.570991 51.6643898125 38.4562725625 5.18486721875 52.01680378125 38.8239674375 2.54565709375 1653.260474 1230.600722 165.915751 1664.537721 1242.366958 81.461027
2012_11_20_01_11_46_885123277  2601.000 32 8 65.000000 65.000000 0.000000 0.000000 9.353450625 46.69582078125 33.48954521875 5.22398425 45.8673289375 32.67755175 2.29306903125 1494.266265 1071.665447 167.167496 1467.754526 1045.681656 73.378209
2012_11_20_01_12_03_185172322  2601.000 32 6 65.000000 65.000000 0.000000 0.000000 12.4644905 39.47915940625 26.27437965625 5.231257375 41.41454428125 28.22756121875 2.27724821875 1263.333101 840.780149 167.400236 1325.265417 903.281959 72.871943
2012_11_20_01_12_22_945827929  2601.000 32 4 65.000000 65.000000 0.000000 0.000000 18.49001525 34.6008955625 21.40098365625 5.25909540625 35.076566625 21.89633640625 2.2413280625 1107.228658 684.831477 168.291053 1122.450132 700.682765 71.722498
2012_11_20_01_12_48_561946314  2601.000 8 16 80.000000 80.000000 0.000000 0.000000 18.584181375 71.112898375 57.861662625 5.384008625 70.78055525 57.581243375 1.922098375 568.903187 462.893301 43.072069 566.244442 460.649947 15.376787
2012_11_20_01_13_14_146560668  2601.000 8 14 80.000000 80.000000 0.000000 0.000000 21.155803625 65.442628125 52.176917 5.10169625 64.32840375 51.1194635 2.178711375 523.541025 417.415336 40.81357 514.62723 408.955708 17.429691
2012_11_20_01_13_41_850981134  2601.000 8 12 80.000000 80.000000 0.000000 0.000000 24.59159925 57.10232275 43.835249375 5.103533125 60.731298875 47.521638 2.281814125 456.818582 350.681995 40.828265 485.850391 380.173104 18.254513
2012_11_20_01_14_13_047957711  2601.000 8 10 80.000000 80.000000 0.000000 0.000000 29.53694 53.74915125 40.495999375 5.38191875 51.92556325 38.72631025 2.32102175 429.99321 323.967995 43.05535 415.404506 309.810482 18.568174
2012_11_20_01_14_49_653721006  2601.000 8 8 80.000000 80.000000 0.000000 0.000000 36.905804125 46.774863875 33.521765875 5.384703 46.87138275 33.674637 2.36600775 374.198911 268.174127 43.077624 374.971062 269.397096 18.928062
2012_11_20_01_15_33_733759239  2601.000 8 6 80.000000 80.000000 0.000000 0.000000 49.078385375 40.97453625 27.731132375 5.38996175 40.83548625 27.642402875 2.242844875 327.79629 221.849059 43.119694 326.68389 221.139223 17.942759
2012_11_20_01_16_29_985056004  2601.000 8 4 80.000000 80.000000 0.000000 0.000000 73.616133875 34.897513 21.667815875 5.391739625 35.2877155 22.1055335 2.34324375 279.180104 173.342527 43.133917 282.301724 176.844268 18.74595
2012_11_20_01_17_50_796781940  2601.000 16 16 80.000000 80.000000 0.000000 0.000000 9.45304325 70.2554308125 57.0238133125 5.290184625 69.7425116875 56.5526451875 1.9686358125 1124.086893 912.381013 84.642954 1115.880187 904.842323 31.498173
2012_11_20_01_18_07_737871629  2601.000 16 14 80.000000 80.000000 0.000000 0.000000 10.5878705625 64.941942875 51.702363875 5.309826375 64.4095580625 51.211725 2.1683329375 1039.071086 827.237822 84.957222 1030.552929 819.3876 34.693327
2012_11_20_01_18_25_453981652  2601.000 16 12 80.000000 80.000000 0.000000 0.000000 12.4824601875 59.6949415625 46.452607875 5.2914564375 56.969642375 43.7725265625 2.3580668125 955.119065 743.241726 84.663303 911.514278 700.360425 37.729069
2012_11_20_01_18_44_952086745  2601.000 16 10 80.000000 80.000000 0.000000 0.000000 14.7761981875 52.0750529375 38.83221375 5.3102893125 53.06453125 39.8669973125 2.33541825 833.200847 621.31542 84.964629 849.0325 637.871957 37.366692
2012_11_20_01_19_06_932969862  2601.000 16 8 80.000000 80.000000 0.000000 0.000000 18.6997063125 46.149386125 32.910484 5.2784691875 46.5504994375 33.3579899375 2.2607909375 738.390178 526.567744 84.455507 744.807991 533.727839 36.172655
2012_11_20_01_19_32_653840968  2601.000 16 6 80.000000 80.000000 0.000000 0.000000 24.5202075 40.127077 26.8945690625 5.3135525 41.46061175 28.270863625 2.2980225 642.033232 430.313105 85.01684 663.369788 452.333818 36.76836
2012_11_20_01_20_04_103784240  2601.000 16 4 80.000000 80.000000 0.000000 0.000000 37.02193 34.9416974375 21.7154821875 5.289119875 34.947995125 21.7678951875 2.1513985 559.067159 347.447715 84.625918 559.167922 348.286323 34.422376
2012_11_20_01_20_48_031408578  2601.000 32 16 80.000000 80.000000 0.000000 0.000000 4.7739805 69.78234934375 56.580854625 5.214426375 69.399887875 56.21041353125 2.11112403125 2233.035179 1810.587348 166.861644 2220.796412 1798.733233 67.555969
2012_11_20_01_21_00_558637832  2601.000 32 14 80.000000 80.000000 0.000000 0.000000 5.36927253125 65.71937534375 52.51290340625 5.25143478125 62.6091575625 49.41592971875 2.3702134375 2103.020011 1680.412909 168.045913 2003.493042 1581.309751 75.84683
2012_11_20_01_21_13_341234796  2601.000 32 12 80.000000 80.000000 0.000000 0.000000 6.4267711875 59.87312 46.66568734375 5.18704740625 54.5714554375 41.379600375 2.40342325 1915.93984 1493.301995 165.985517 1746.286574 1324.147212 76.909544
2012_11_20_01_21_26_994848652  2601.000 32 10 80.000000 80.000000 0.000000 0.000000 7.41686359375 50.976091375 37.7676106875 5.270500875 53.69849471875 40.50418125 2.3589838125 1631.234924 1208.563542 168.656028 1718.351831 1296.1338 75.487482
2012_11_20_01_21_41_691877249  2601.000 32 8 80.000000 80.000000 0.000000 0.000000 9.47863546875 45.9022134375 32.6940633125 5.22814121875 45.99744659375 32.80769721875 2.38517503125 1468.87083 1046.210026 167.300519 1471.918291 1049.846311 76.325601
2012_11_20_01_21_58_552305644  2601.000 32 6 80.000000 80.000000 0.000000 0.000000 12.350409 40.26132865625 27.05674190625 5.281998625 40.83587046875 27.6494379375 2.36020571875 1288.362517 865.815741 169.023956 1306.747855 884.782014 75.526583
2012_11_20_01_22_18_095980594  2601.000 32 4 80.000000 80.000000 0.000000 0.000000 18.59645046875 34.6184314375 21.41784284375 5.2778140625 34.91224965625 21.73084159375 2.28715428125 1107.789806 685.370971 168.89005 1117.191989 695.386931 73.188937
2012_11_20_01_22_43_680897904  2601.000 8 16 95.000000 95.000000 0.000000 0.000000 18.594277125 71.024658625 57.772521125 5.376447875 70.729601 57.529512125 2.17887725 568.197269 462.180169 43.011583 565.836808 460.236097 17.431018
2012_11_20_01_23_09_042354233  2601.000 8 14 95.000000 95.000000 0.000000 0.000000 21.156356625 67.028617875 53.768089125 5.379846625 62.979056875 49.776700125 2.2447115 536.228943 430.144713 43.038773 503.832455 398.213601 17.957692
2012_11_20_01_23_36_612927915  2601.000 8 12 95.000000 95.000000 0.000000 0.000000 24.550008375 60.728413125 47.46515 5.385084125 57.300164125 44.096967125 2.5114695 485.827305 379.7212 43.080673 458.401313 352.775737 20.091756
2012_11_20_01_24_07_683004003  2601.000 8 10 95.000000 95.000000 0.000000 0.000000 29.458515125 52.690270375 39.434035375 5.386330625 53.0383365 39.834764875 2.595395875 421.522163 315.472283 43.090645 424.306692 318.678119 20.763167
2012_11_20_01_24_44_007726587  2601.000 8 8 95.000000 95.000000 0.000000 0.000000 36.842803125 46.957235625 33.70470675 5.38456775 46.77640175 33.581356375 2.62137725 375.657885 269.637654 43.076542 374.211214 268.650851 20.971018
2012_11_20_01_25_28_013042995  2601.000 8 6 95.000000 95.000000 0.000000 0.000000 49.0767845 41.041549875 27.795456625 5.38777125 40.840321625 27.650656875 2.45195625 328.332399 222.363653 43.10217 326.722573 221.205255 19.61565
2012_11_20_01_26_23_965060703  2601.000 8 4 95.000000 95.000000 0.000000 0.000000 73.534476875 35.103832625 21.87722625 5.39002625 35.078341125 21.894644375 2.43439275 280.830661 175.01781 43.12021 280.626729 175.157155 19.475142
2012_11_20_01_27_44_805076175  2601.000 16 16 95.000000 95.000000 0.000000 0.000000 9.53123175 70.017301375 56.7859104375 5.2568425625 69.2263868125 56.0357830625 2.071958875 1120.276822 908.574567 84.109481 1107.622189 896.572529 33.151342
2012_11_20_01_28_01_534645192  2601.000 16 14 95.000000 95.000000 0.000000 0.000000 10.75775425 65.203264625 51.965000125 5.2680675625 62.809957125 49.613635875 2.22441825 1043.252234 831.440002 84.289081 1004.959314 793.818174 35.590692
2012_11_20_01_28_18_202676289  2601.000 16 12 95.000000 95.000000 0.000000 0.000000 12.345657125 59.8940931875 46.65460675 5.300537 57.25930075 44.0603274375 2.2365025625 958.305491 746.473708 84.808592 916.148812 704.965239 35.784041
2012_11_20_01_28_36_270995412  2601.000 16 10 95.000000 95.000000 0.000000 0.000000 14.8022541875 52.33640375 39.093760125 5.28294 52.8841416875 39.68542425 2.3894234375 837.38246 625.500162 84.52704 846.146267 634.966788 38.230775
2012_11_20_01_28_56_907553864  2601.000 16 8 95.000000 95.000000 0.000000 0.000000 18.449404875 46.720125 33.4776213125 5.300009375 46.6220638125 33.4258396875 2.2832241875 747.522 535.641941 84.80015 745.953021 534.813435 36.531587
2012_11_20_01_29_21_148869304  2601.000 16 6 95.000000 95.000000 0.000000 0.000000 24.6531641875 40.1116223125 26.8784125625 5.2966138125 41.32141975 28.131511 2.3330615 641.785957 430.054601 84.745821 661.142716 450.104176 37.328984
2012_11_20_01_29_52_071935322  2601.000 16 4 95.000000 95.000000 0.000000 0.000000 36.858798375 35.217480375 21.990520375 5.303414625 34.76091 21.5809165 2.22272925 563.479686 351.848326 84.854634 556.17456 345.294664 35.563668
2012_11_20_01_30_34_704950662  2601.000 32 16 95.000000 95.000000 0.000000 0.000000 4.7952918125 69.5666703125 56.36447265625 5.21490553125 69.18576396875 55.9975216875 2.1352589375 2226.13345 1803.663125 166.876977 2213.944447 1791.920694 68.328286
2012_11_20_01_30_47_183636641  2601.000 32 14 95.000000 95.000000 0.000000 0.000000 5.53108675 63.90064065625 50.69610065625 5.16604015625 62.220541875 49.02915475 2.53121534375 2044.820501 1622.275221 165.313285 1991.05734 1568.932952 80.998891
2012_11_20_01_31_00_809943707  2601.000 32 12 95.000000 95.000000 0.000000 0.000000 6.2401031875 57.32150265625 44.11576 5.2495826875 58.85648434375 45.66402196875 2.32890696875 1834.288085 1411.70432 167.986646 1883.407499 1461.248703 74.525023
2012_11_20_01_31_15_010317819  2601.000 32 10 95.000000 95.000000 0.000000 0.000000 7.4427015625 51.29288584375 38.0860766875 5.257159875 53.2053915625 40.01242759375 2.363181375 1641.372347 1218.754454 168.229116 1702.57253 1280.397683 75.621804
2012_11_20_01_31_30_084025940  2601.000 32 8 95.000000 95.000000 0.000000 0.000000 9.2488664375 45.974445875 32.7678365625 5.281160625 46.94284403125 33.75034828125 2.266159125 1471.182268 1048.57077 168.99714 1502.171009 1080.011145 72.517092
2012_11_20_01_31_46_996727018  2601.000 32 6 95.000000 95.000000 0.000000 0.000000 12.47322328125 39.3621424375 26.15947653125 5.25159928125 41.5143585625 28.3274805625 2.21958959375 1259.588558 837.103249 168.051177 1328.459474 906.479378 71.026867
2012_11_20_01_32_07_222395837  2601.000 32 4 95.000000 95.000000 0.000000 0.000000 18.5152130625 34.6038671875 21.402477375 5.2869731875 35.09874803125 21.91885203125 2.20014446875 1107.32375 684.879276 169.183142 1123.159937 701.403265 70.404623
