id freq nodes cores pkg-clamp-0 pkg-clamp-1 dram-clamp-0 dram-clamp-1 avg-time avg-pkg-0 avg-pp0-0 avg-dram-0 avg-pkg-1 avg-pp0-1 avg-dram-1 tot-pkg-0 tot-pp0-0 tot-dram-0 tot-pkg-1 tot-pp0-1 tot-dram-1
2013_01_13_09_01_19_506214938  2601.000 1 16 115.000000 115.000000 0.000000 0.000000 19.129904 86.783365 73.632946 3.808564 88.286387 75.11256 1.593972 86.783365 73.632946 3.808564 88.286387 75.11256 1.593972
2013_01_13_09_01_19_645542889  2601.000 1 16 115.000000 115.000000 0.000000 0.000000 19.10622 89.90481 76.700474 3.798055 90.047873 76.91292 1.616875 89.90481 76.700474 3.798055 90.047873 76.91292 1.616875
2013_01_13_09_01_19_706527709  2601.000 1 16 115.000000 115.000000 0.000000 0.000000 19.096446 87.825585 74.610949 3.800715 92.073855 79.061203 1.601674 87.825585 74.610949 3.800715 92.073855 79.061203 1.601674
2013_01_13_09_01_39_541488754  2601.000 1 14 115.000000 115.000000 0.000000 0.000000 21.794602 79.040399 65.857845 3.886181 80.830364 67.624086 1.592506 79.040399 65.857845 3.886181 80.830364 67.624086 1.592506
2013_01_13_09_01_39_685266797  2601.000 1 14 115.000000 115.000000 0.000000 0.000000 21.822236 82.381296 69.158713 3.79546 82.410458 69.249657 1.97404 82.381296 69.158713 3.79546 82.410458 69.249657 1.97404
2013_01_13_09_01_39_733343835  2601.000 1 14 115.000000 115.000000 0.000000 0.000000 21.817468 80.234714 66.983934 3.798609 83.979705 70.932278 1.694749 80.234714 66.983934 3.798609 83.979705 70.932278 1.694749
2013_01_13_09_02_02_001986856  2601.000 1 12 115.000000 115.000000 0.000000 0.000000 24.59302 75.440928 62.243938 3.989176 76.362565 63.149301 1.592255 75.440928 62.243938 3.989176 76.362565 63.149301 1.592255
2013_01_13_09_02_02_372902968  2601.000 1 12 115.000000 115.000000 0.000000 0.000000 24.680022 78.040545 64.803466 3.796219 77.410483 64.243829 2.173028 78.040545 64.803466 3.796219 77.410483 64.243829 2.173028
2013_01_13_09_02_02_419717170  2601.000 1 12 115.000000 115.000000 0.000000 0.000000 24.719525 76.066108 62.813574 3.792445 78.983379 65.933693 2.240166 76.066108 62.813574 3.792445 78.983379 65.933693 2.240166
2013_01_13_09_02_27_307413946  2601.000 1 10 115.000000 115.000000 0.000000 0.000000 29.572799 66.996349 53.796122 4.218653 67.720015 54.515505 1.591239 66.996349 53.796122 4.218653 67.720015 54.515505 1.591239
2013_01_13_09_02_27_854928558  2601.000 1 10 115.000000 115.000000 0.000000 0.000000 29.569748 69.899353 56.662905 3.795451 68.941431 55.786178 2.258036 69.899353 56.662905 3.795451 68.941431 55.786178 2.258036
2013_01_13_09_02_27_900334647  2601.000 1 10 115.000000 115.000000 0.000000 0.000000 29.545036 68.038224 54.787531 3.78846 70.409272 57.363464 1.899193 68.038224 54.787531 3.78846 70.409272 57.363464 1.899193
2013_01_13_09_02_57_581870447  2601.000 1 8 115.000000 115.000000 0.000000 0.000000 35.711932 61.65893 48.461988 4.242686 62.080831 48.884712 1.588623 61.65893 48.461988 4.242686 62.080831 48.884712 1.588623
2013_01_13_09_02_58_106149969  2601.000 1 8 115.000000 115.000000 0.000000 0.000000 35.902424 62.297702 49.050362 3.791511 64.767721 51.725711 1.698501 62.297702 49.050362 3.791511 64.767721 51.725711 1.698501
2013_01_13_09_02_58_143885177  2601.000 1 8 115.000000 115.000000 0.000000 0.000000 35.806506 64.298459 51.043378 3.793989 63.395485 50.248519 1.829677 64.298459 51.043378 3.793989 63.395485 50.248519 1.829677
2013_01_13_09_03_34_107948173  2601.000 1 6 115.000000 115.000000 0.000000 0.000000 47.59425 52.967557 39.787429 4.205914 53.240482 40.06909 1.587958 52.967557 39.787429 4.205914 53.240482 40.06909 1.587958
2013_01_13_09_03_34_638694861  2601.000 1 6 115.000000 115.000000 0.000000 0.000000 47.672276 54.802687 41.554165 3.787637 54.108575 40.977698 1.908685 54.802687 41.554165 3.787637 54.108575 40.977698 1.908685
2013_01_13_09_03_34_793135026  2601.000 1 6 115.000000 115.000000 0.000000 0.000000 47.672046 53.901829 40.638265 3.781189 55.264893 42.24726 1.914985 53.901829 40.638265 3.781189 55.264893 42.24726 1.914985
2013_01_13_09_04_22_419911767  2601.000 1 4 115.000000 115.000000 0.000000 0.000000 69.339396 46.158744 32.997153 4.23771 46.433324 33.234181 1.603201 46.158744 32.997153 4.23771 46.433324 33.234181 1.603201
2013_01_13_09_04_22_904545399  2601.000 1 4 115.000000 115.000000 0.000000 0.000000 69.610705 47.932934 34.711676 3.78072 47.161824 34.029401 2.121398 47.932934 34.711676 3.78072 47.161824 34.029401 2.121398
2013_01_13_09_04_23_230762222  2601.000 1 4 115.000000 115.000000 0.000000 0.000000 69.450239 46.984779 33.747084 3.791253 48.151233 35.153736 1.78535 46.984779 33.747084 3.791253 48.151233 35.153736 1.78535
2013_01_13_09_05_32_523139948  2601.000 1 16 51.000000 51.000000 0.000000 0.000000 28.840427 50.627905 37.489236 4.323245 50.804502 37.635432 1.593012 50.627905 37.489236 4.323245 50.804502 37.635432 1.593012
2013_01_13_09_05_33_196698871  2601.000 1 16 51.000000 51.000000 0.000000 0.000000 28.629697 50.82554 37.621673 3.788183 50.812721 37.670737 1.622199 50.82554 37.621673 3.788183 50.812721 37.670737 1.622199
2013_01_13_09_05_33_338939463  2601.000 1 16 51.000000 51.000000 0.000000 0.000000 29.281625 50.256061 37.050645 3.760002 50.831651 37.855917 1.615729 50.256061 37.050645 3.760002 50.831651 37.855917 1.615729
2013_01_13_09_06_02_215419918  2601.000 1 14 51.000000 51.000000 0.000000 0.000000 30.560006 50.545262 37.403961 4.327529 50.813882 37.643825 1.588623 50.545262 37.403961 4.327529 50.813882 37.643825 1.588623
2013_01_13_09_06_02_642365112  2601.000 1 14 51.000000 51.000000 0.000000 0.000000 30.559777 50.81103 37.606111 3.787791 50.812604 37.667152 1.633158 50.81103 37.606111 3.787791 50.812604 37.667152 1.633158
2013_01_13_09_06_03_396978801  2601.000 1 14 51.000000 51.000000 0.000000 0.000000 30.882059 50.268686 37.064683 3.754933 50.817773 37.839308 1.603581 50.268686 37.064683 3.754933 50.817773 37.839308 1.603581
2013_01_13_09_06_33_512073262  2601.000 1 12 51.000000 51.000000 0.000000 0.000000 32.847342 50.74651 37.603349 4.365432 50.781846 37.608479 1.588211 50.74651 37.603349 4.365432 50.781846 37.608479 1.588211
2013_01_13_09_06_33_911043657  2601.000 1 12 51.000000 51.000000 0.000000 0.000000 33.114878 50.780702 37.573607 3.790311 50.704419 37.556731 1.992205 50.780702 37.573607 3.790311 50.704419 37.556731 1.992205
2013_01_13_09_06_35_049170353  2601.000 1 12 51.000000 51.000000 0.000000 0.000000 33.38881 50.374002 37.16731 3.773651 50.791447 37.811435 1.611366 50.374002 37.16731 3.773651 50.791447 37.811435 1.611366
2013_01_13_09_07_07_223061754  2601.000 1 10 51.000000 51.000000 0.000000 0.000000 36.567493 50.738258 37.594227 4.287419 50.738541 37.556277 1.588815 50.738258 37.594227 4.287419 50.738541 37.556277 1.588815
2013_01_13_09_07_07_788486082  2601.000 1 10 51.000000 51.000000 0.000000 0.000000 36.71744 50.736181 37.527808 3.785655 50.624977 37.474894 1.857352 50.736181 37.527808 3.785655 50.624977 37.474894 1.857352
2013_01_13_09_07_09_063551113  2601.000 1 10 51.000000 51.000000 0.000000 0.000000 36.982184 50.610941 37.400448 3.791536 50.754743 37.77323 1.60138 50.610941 37.400448 3.791536 50.754743 37.77323 1.60138
2013_01_13_09_07_44_479121584  2601.000 1 8 51.000000 51.000000 0.000000 0.000000 44.073026 46.013023 32.869364 4.252914 46.621338 33.440019 1.590973 46.013023 32.869364 4.252914 46.621338 33.440019 1.590973
2013_01_13_09_07_45_302607406  2601.000 1 8 51.000000 51.000000 0.000000 0.000000 44.031291 47.049202 33.842288 3.790452 47.041496 33.891938 2.117421 47.049202 33.842288 3.790452 47.041496 33.891938 2.117421
2013_01_13_09_07_46_796209015  2601.000 1 8 51.000000 51.000000 0.000000 0.000000 44.031892 46.015823 32.806589 3.786699 47.556314 34.5749 1.601135 46.015823 32.806589 3.786699 47.556314 34.5749 1.601135
2013_01_13_09_08_29_360052724  2601.000 1 6 51.000000 51.000000 0.000000 0.000000 58.608871 40.303335 27.148483 4.299748 40.454552 27.290367 1.59098 40.303335 27.148483 4.299748 40.454552 27.290367 1.59098
2013_01_13_09_08_29_982630139  2601.000 1 6 51.000000 51.000000 0.000000 0.000000 58.666705 40.96339 27.781034 3.792975 40.784962 27.647799 1.917286 40.96339 27.781034 3.792975 40.784962 27.647799 1.917286
2013_01_13_09_08_31_461578171  2601.000 1 6 51.000000 51.000000 0.000000 0.000000 58.670679 40.285717 27.087483 3.794298 41.517901 28.543725 1.780468 40.285717 27.087483 3.794298 41.517901 28.543725 1.780468
2013_01_13_09_09_28_671957030  2601.000 1 4 51.000000 51.000000 0.000000 0.000000 87.909058 34.538001 21.38798 4.583498 34.696537 21.547931 1.593175 34.538001 21.38798 4.583498 34.696537 21.547931 1.593175
2013_01_13_09_09_29_504195221  2601.000 1 4 51.000000 51.000000 0.000000 0.000000 87.819917 35.146482 21.963323 3.793556 34.990388 21.877908 1.730272 35.146482 21.963323 3.793556 34.990388 21.877908 1.730272
2013_01_13_09_09_30_776263288  2601.000 1 4 51.000000 51.000000 0.000000 0.000000 87.785807 34.495264 21.293142 3.793785 35.455815 22.4761 1.890841 34.495264 21.293142 3.793785 35.455815 22.4761 1.890841
2013_01_13_09_10_57_449813353  2601.000 1 16 55.000000 55.000000 0.000000 0.000000 26.953025 54.513336 41.359579 4.223834 54.794123 41.633597 1.590395 54.513336 41.359579 4.223834 54.794123 41.633597 1.590395
2013_01_13_09_10_57_995400859  2601.000 1 16 55.000000 55.000000 0.000000 0.000000 27.051547 54.703139 41.519534 3.772324 54.654917 41.524973 1.61466 54.703139 41.519534 3.772324 54.654917 41.524973 1.61466
2013_01_13_09_10_59_283124309  2601.000 1 16 55.000000 55.000000 0.000000 0.000000 27.401371 53.995696 40.800443 3.746957 54.791533 41.813775 1.637764 53.995696 40.800443 3.746957 54.791533 41.813775 1.637764
2013_01_13_09_11_25_192078009  2601.000 1 14 55.000000 55.000000 0.000000 0.000000 28.463611 54.721353 41.579013 4.374912 54.769981 41.585576 1.589158 54.721353 41.579013 4.374912 54.769981 41.585576 1.589158
2013_01_13_09_11_26_056524985  2601.000 1 14 55.000000 55.000000 0.000000 0.000000 28.65448 54.76712 41.561629 3.78715 54.768157 41.622729 1.678598 54.76712 41.561629 3.78715 54.768157 41.622729 1.678598
2013_01_13_09_11_27_689925751  2601.000 1 14 55.000000 55.000000 0.000000 0.000000 29.123272 54.333835 41.127558 3.773394 54.773268 41.785773 1.600271 54.333835 41.127558 3.773394 54.773268 41.785773 1.600271
2013_01_13_09_11_54_527351053  2601.000 1 12 55.000000 55.000000 0.000000 0.000000 30.977077 54.665924 41.520166 4.383001 54.735554 41.562477 1.588408 54.665924 41.520166 4.383001 54.735554 41.562477 1.588408
2013_01_13_09_11_55_504525465  2601.000 1 12 55.000000 55.000000 0.000000 0.000000 31.273208 54.73178 41.52264 3.792083 54.657892 41.509697 1.791682 54.73178 41.52264 3.792083 54.657892 41.509697 1.791682
2013_01_13_09_11_57_543609941  2601.000 1 12 55.000000 55.000000 0.000000 0.000000 31.509999 54.325059 41.109152 3.776576 54.743518 41.753453 2.00076 54.325059 41.109152 3.776576 54.743518 41.753453 2.00076
2013_01_13_09_12_26_194396344  2601.000 1 10 55.000000 55.000000 0.000000 0.000000 35.278358 51.96949 38.817361 4.289145 52.276069 39.114225 1.590042 51.96949 38.817361 4.289145 52.276069 39.114225 1.590042
2013_01_13_09_12_27_608044806  2601.000 1 10 55.000000 55.000000 0.000000 0.000000 35.216892 53.133754 39.923857 3.797761 52.978205 39.826716 1.962154 53.133754 39.923857 3.797761 52.978205 39.826716 1.962154
2013_01_13_09_12_29_834260262  2601.000 1 10 55.000000 55.000000 0.000000 0.000000 35.242715 52.107732 38.888018 3.792333 53.872142 40.877023 1.657277 52.107732 38.888018 3.792333 53.872142 40.877023 1.657277
2013_01_13_09_13_02_321039862  2601.000 1 8 55.000000 55.000000 0.000000 0.000000 44.032574 46.005268 32.86257 4.341352 46.643744 33.463165 1.591372 46.005268 32.86257 4.341352 46.643744 33.463165 1.591372
2013_01_13_09_13_03_528148571  2601.000 1 8 55.000000 55.000000 0.000000 0.000000 43.996784 47.062518 33.854115 3.792969 47.155276 34.010317 2.082251 47.062518 33.854115 3.792969 47.155276 34.010317 2.082251
2013_01_13_09_13_05_936094695  2601.000 1 8 55.000000 55.000000 0.000000 0.000000 44.010397 46.036725 32.826159 3.789295 47.77026 34.784048 1.602701 46.036725 32.826159 3.789295 47.77026 34.784048 1.602701
2013_01_13_09_13_47_021027346  2601.000 1 6 55.000000 55.000000 0.000000 0.000000 58.530137 40.313212 27.154301 4.455172 40.520228 27.358556 1.590944 40.313212 27.154301 4.455172 40.520228 27.358556 1.590944
2013_01_13_09_13_48_214919668  2601.000 1 6 55.000000 55.000000 0.000000 0.000000 58.632335 40.914328 27.730642 3.795934 40.831123 27.697091 1.99599 40.914328 27.730642 3.795934 40.831123 27.697091 1.99599
2013_01_13_09_13_50_652504265  2601.000 1 6 55.000000 55.000000 0.000000 0.000000 58.648584 40.303945 27.110408 3.79008 41.562128 28.588942 1.82911 40.303945 27.110408 3.79008 41.562128 28.588942 1.82911
2013_01_13_09_14_46_362484283  2601.000 1 4 55.000000 55.000000 0.000000 0.000000 87.883138 34.376035 21.229115 4.705244 34.793958 21.649172 1.592741 34.376035 21.229115 4.705244 34.793958 21.649172 1.592741
2013_01_13_09_14_47_551068253  2601.000 1 4 55.000000 55.000000 0.000000 0.000000 87.824249 35.105048 21.920616 3.792951 34.984447 21.870846 2.166149 35.105048 21.920616 3.792951 34.984447 21.870846 2.166149
2013_01_13_09_14_50_188353406  2601.000 1 4 55.000000 55.000000 0.000000 0.000000 87.830867 34.483337 21.271624 3.791097 35.497397 22.509487 1.656568 34.483337 21.271624 3.791097 35.497397 22.509487 1.656568
2013_01_13_09_16_15_089972607  2601.000 1 16 60.000000 60.000000 0.000000 0.000000 25.121667 59.612444 46.461646 4.287914 59.736817 46.563724 1.58861 59.612444 46.461646 4.287914 59.736817 46.563724 1.58861
2013_01_13_09_16_16_101413010  2601.000 1 16 60.000000 60.000000 0.000000 0.000000 25.280355 59.684841 46.492518 3.786161 59.650261 46.510901 1.623387 59.684841 46.492518 3.786161 59.650261 46.510901 1.623387
2013_01_13_09_16_18_714129825  2601.000 1 16 60.000000 60.000000 0.000000 0.000000 25.721462 58.806671 45.606124 3.757379 59.719728 46.73723 1.606809 58.806671 45.606124 3.757379 59.719728 46.73723 1.606809
2013_01_13_09_16_40_990787397  2601.000 1 14 60.000000 60.000000 0.000000 0.000000 26.703124 59.652734 46.506757 4.539391 59.711641 46.539627 1.58877 59.652734 46.506757 4.539391 59.711641 46.539627 1.58877
2013_01_13_09_16_42_224883755  2601.000 1 14 60.000000 60.000000 0.000000 0.000000 27.000647 59.714962 46.50468 3.793707 59.716884 46.563712 1.740583 59.714962 46.50468 3.793707 59.716884 46.563712 1.740583
2013_01_13_09_16_45_266745164  2601.000 1 14 60.000000 60.000000 0.000000 0.000000 27.142461 59.347314 46.129372 3.777745 59.721907 46.729119 1.682722 59.347314 46.129372 3.777745 59.721907 46.729119 1.682722
2013_01_13_09_17_08_433155939  2601.000 1 12 60.000000 60.000000 0.000000 0.000000 29.407739 57.794763 44.634615 4.474203 58.629624 45.472769 1.59037 57.794763 44.634615 4.474203 58.629624 45.472769 1.59037
2013_01_13_09_17_10_075733532  2601.000 1 12 60.000000 60.000000 0.000000 0.000000 29.379431 59.106467 45.887576 3.7974 59.379745 46.231372 1.958286 59.106467 45.887576 3.7974 59.379745 46.231372 1.958286
2013_01_13_09_17_13_146569322  2601.000 1 12 60.000000 60.000000 0.000000 0.000000 29.749875 57.741758 44.512144 3.792804 59.688053 46.692205 1.975024 57.741758 44.512144 3.792804 59.688053 46.692205 1.975024
2013_01_13_09_17_38_525893324  2601.000 1 10 60.000000 60.000000 0.000000 0.000000 35.195905 52.087427 38.931988 4.370028 52.488629 39.317128 1.590945 52.087427 38.931988 4.370028 52.488629 39.317128 1.590945
2013_01_13_09_17_40_163577495  2601.000 1 10 60.000000 60.000000 0.000000 0.000000 35.206631 53.423678 40.208536 3.798567 53.073012 39.918696 2.095395 53.423678 40.208536 3.798567 53.073012 39.918696 2.095395
2013_01_13_09_17_43_646772013  2601.000 1 10 60.000000 60.000000 0.000000 0.000000 35.244931 52.123769 38.898955 3.791673 53.934159 40.939574 2.130133 52.123769 38.898955 3.791673 53.934159 40.939574 2.130133
2013_01_13_09_18_14_433775523  2601.000 1 8 60.000000 60.000000 0.000000 0.000000 44.084448 46.053242 32.910052 4.380278 46.60442 33.422553 1.589899 46.053242 32.910052 4.380278 46.60442 33.422553 1.589899
2013_01_13_09_18_16_071732593  2601.000 1 8 60.000000 60.000000 0.000000 0.000000 44.013653 47.162241 33.953558 3.791707 47.052948 33.9052 2.171777 47.162241 33.953558 3.791707 47.052948 33.9052 2.171777
2013_01_13_09_18_19_715626247  2601.000 1 8 60.000000 60.000000 0.000000 0.000000 44.031537 46.150875 32.937958 3.788314 47.704085 34.718739 1.739884 46.150875 32.937958 3.788314 47.704085 34.718739 1.739884
2013_01_13_09_18_59_305186005  2601.000 1 6 60.000000 60.000000 0.000000 0.000000 58.650589 40.39494 27.237634 4.441951 40.46254 27.301984 1.590726 40.39494 27.237634 4.441951 40.46254 27.301984 1.590726
2013_01_13_09_19_00_775910730  2601.000 1 6 60.000000 60.000000 0.000000 0.000000 58.625547 40.993444 27.806091 3.79047 40.813388 27.679159 1.806244 40.993444 27.806091 3.79047 40.813388 27.679159 1.806244
2013_01_13_09_19_04_421495096  2601.000 1 6 60.000000 60.000000 0.000000 0.000000 58.710121 40.194611 26.997297 3.787444 41.497124 28.523784 1.760351 40.194611 26.997297 3.787444 41.497124 28.523784 1.760351
2013_01_13_09_19_58_594843379  2601.000 1 4 60.000000 60.000000 0.000000 0.000000 87.848941 34.473897 21.327388 4.636837 34.756994 21.61035 1.592996 34.473897 21.327388 4.636837 34.756994 21.61035 1.592996
2013_01_13_09_20_00_127370785  2601.000 1 4 60.000000 60.000000 0.000000 0.000000 87.824786 35.171595 21.98924 3.794392 35.050297 21.93983 2.100052 35.171595 21.98924 3.794392 35.050297 21.93983 2.100052
2013_01_13_09_20_03_903135678  2601.000 1 4 60.000000 60.000000 0.000000 0.000000 87.861434 34.528266 21.318809 3.791459 35.479006 22.493591 2.107155 34.528266 21.318809 3.791459 35.479006 22.493591 2.107155
2013_01_13_09_21_27_125873339  2601.000 1 16 65.000000 65.000000 0.000000 0.000000 23.717375 64.506318 51.357877 4.067671 64.687224 51.518039 1.591625 64.506318 51.357877 4.067671 64.687224 51.518039 1.591625
2013_01_13_09_21_28_631532670  2601.000 1 16 65.000000 65.000000 0.000000 0.000000 23.911851 64.593066 51.395876 3.78453 64.565635 51.422963 1.628121 64.593066 51.395876 3.78453 64.565635 51.422963 1.628121
2013_01_13_09_21_32_435732081  2601.000 1 16 65.000000 65.000000 0.000000 0.000000 24.218622 63.363588 50.156039 3.727806 64.51844 51.529786 1.604204 63.363588 50.156039 3.727806 64.51844 51.529786 1.604204
2013_01_13_09_21_51_630833706  2601.000 1 14 65.000000 65.000000 0.000000 0.000000 25.128039 63.839941 50.67702 4.220094 64.508876 51.34581 1.590262 63.839941 50.67702 4.220094 64.508876 51.34581 1.590262
2013_01_13_09_21_53_340786849  2601.000 1 14 65.000000 65.000000 0.000000 0.000000 25.569449 64.644582 51.427821 3.794024 64.663966 51.519694 1.694248 64.644582 51.427821 3.794024 64.663966 51.519694 1.694248
2013_01_13_09_21_57_551183991  2601.000 1 14 65.000000 65.000000 0.000000 0.000000 25.839756 63.348031 50.114939 3.785232 64.667056 51.667996 1.835325 63.348031 50.114939 3.785232 64.667056 51.667996 1.835325
2013_01_13_09_22_17_508217503  2601.000 1 12 65.000000 65.000000 0.000000 0.000000 29.418409 57.739916 44.57526 4.793464 58.676021 45.516656 1.593212 57.739916 44.57526 4.793464 58.676021 45.516656 1.593212
2013_01_13_09_22_19_617529042  2601.000 1 12 65.000000 65.000000 0.000000 0.000000 29.363286 59.118437 45.896783 3.79683 59.274775 46.13582 1.630619 59.118437 45.896783 3.79683 59.274775 46.13582 1.630619
2013_01_13_09_22_24_032630447  2601.000 1 12 65.000000 65.000000 0.000000 0.000000 29.392349 57.991479 44.752794 3.797859 60.454316 47.455917 2.230131 57.991479 44.752794 3.797859 60.454316 47.455917 2.230131
2013_01_13_09_22_47_605086805  2601.000 1 10 65.000000 65.000000 0.000000 0.000000 35.19967 52.052391 38.889735 4.855518 52.600119 39.442046 1.594736 52.052391 38.889735 4.855518 52.600119 39.442046 1.594736
2013_01_13_09_22_49_732893951  2601.000 1 10 65.000000 65.000000 0.000000 0.000000 35.208318 53.109609 39.892319 3.795925 53.061489 39.909264 1.591965 53.109609 39.892319 3.795925 53.061489 39.909264 1.591965
2013_01_13_09_22_54_132062713  2601.000 1 10 65.000000 65.000000 0.000000 0.000000 35.29983 52.152513 38.924948 3.795221 54.021251 41.027014 3.042637 52.152513 38.924948 3.795221 54.021251 41.027014 3.042637
2013_01_13_09_23_23_519227221  2601.000 1 8 65.000000 65.000000 0.000000 0.000000 44.084726 46.035569 32.890901 4.861255 46.623852 33.442234 1.604172 46.035569 32.890901 4.861255 46.623852 33.442234 1.604172
2013_01_13_09_23_25_642616035  2601.000 1 8 65.000000 65.000000 0.000000 0.000000 44.042535 47.048299 33.839714 3.79601 46.975876 33.829176 1.609435 47.048299 33.839714 3.79601 46.975876 33.829176 1.609435
2013_01_13_09_23_30_208724376  2601.000 1 8 65.000000 65.000000 0.000000 0.000000 43.92576 46.140927 32.92943 3.791212 47.680152 34.69454 2.706479 46.140927 32.92943 3.791212 47.680152 34.69454 2.706479
2013_01_13_09_24_08_426488709  2601.000 1 6 65.000000 65.000000 0.000000 0.000000 58.568592 40.308128 27.15306 4.900956 40.515676 27.351207 1.594378 40.308128 27.15306 4.900956 40.515676 27.351207 1.594378
2013_01_13_09_24_10_370674550  2601.000 1 6 65.000000 65.000000 0.000000 0.000000 58.627705 40.882816 27.694079 3.794192 40.786884 27.655733 1.809795 40.882816 27.694079 3.794192 40.786884 27.655733 1.809795
2013_01_13_09_24_14_928098669  2601.000 1 6 65.000000 65.000000 0.000000 0.000000 58.606138 40.248402 27.051162 3.79145 41.496741 28.522668 2.717502 40.248402 27.051162 3.79145 41.496741 28.522668 2.717502
2013_01_13_09_25_07_757218467  2601.000 1 4 65.000000 65.000000 0.000000 0.000000 87.862252 34.331012 21.179598 4.932412 34.698437 21.552078 1.596984 34.331012 21.179598 4.932412 34.698437 21.552078 1.596984
2013_01_13_09_25_09_755438675  2601.000 1 4 65.000000 65.000000 0.000000 0.000000 87.792202 35.199523 22.015513 3.795759 35.138703 22.026132 1.742654 35.199523 22.015513 3.795759 35.138703 22.026132 1.742654
2013_01_13_09_25_14_182452139  2601.000 1 4 65.000000 65.000000 0.000000 0.000000 87.832165 34.491997 21.281492 3.792422 35.474208 22.490212 2.721709 34.491997 21.281492 3.792422 35.474208 22.490212 2.721709
2013_01_13_09_26_36_306791475  2601.000 1 16 70.000000 70.000000 0.000000 0.000000 22.421944 69.299778 56.145749 4.720819 69.463856 56.300631 1.59867 69.299778 56.145749 4.720819 69.463856 56.300631 1.59867
2013_01_13_09_26_38_273063751  2601.000 1 16 70.000000 70.000000 0.000000 0.000000 22.869696 69.405211 56.200662 3.778738 69.429114 56.291821 1.58809 69.405211 56.200662 3.778738 69.429114 56.291821 1.58809
2013_01_13_09_26_42_735249717  2601.000 1 16 70.000000 70.000000 0.000000 0.000000 22.939565 68.482924 55.267378 3.765619 69.547193 56.554161 2.673358 68.482924 55.267378 3.765619 69.547193 56.554161 2.673358
2013_01_13_09_26_59_394513592  2601.000 1 14 70.000000 70.000000 0.000000 0.000000 25.134794 63.926408 50.759154 4.883658 64.589328 51.424977 1.595247 63.926408 50.759154 4.883658 64.589328 51.424977 1.595247
2013_01_13_09_27_02_038542256  2601.000 1 14 70.000000 70.000000 0.000000 0.000000 25.162281 65.513032 52.289589 3.796687 65.902103 52.773966 1.592291 65.513032 52.289589 3.796687 65.902103 52.773966 1.592291
2013_01_13_09_27_06_430856428  2601.000 1 14 70.000000 70.000000 0.000000 0.000000 25.171613 64.076236 50.83588 3.79785 66.711298 53.704912 2.692404 64.076236 50.83588 3.79785 66.711298 53.704912 2.692404
2013_01_13_09_27_25_269721785  2601.000 1 12 70.000000 70.000000 0.000000 0.000000 29.404352 57.816488 44.648556 4.906456 58.74194 45.585903 1.592803 57.816488 44.648556 4.906456 58.74194 45.585903 1.592803
2013_01_13_09_27_27_933499642  2601.000 1 12 70.000000 70.000000 0.000000 0.000000 29.375431 59.410097 46.186344 3.798603 59.441295 46.317828 1.601776 59.410097 46.186344 3.798603 59.441295 46.317828 1.601776
2013_01_13_09_27_32_303434785  2601.000 1 12 70.000000 70.000000 0.000000 0.000000 29.361629 57.944897 44.702629 3.795896 60.444397 47.443366 2.704765 57.944897 44.702629 3.795896 60.444397 47.443366 2.704765
2013_01_13_09_27_55_370085736  2601.000 1 10 70.000000 70.000000 0.000000 0.000000 35.227283 51.983379 38.819327 4.878971 52.490729 39.321905 1.593321 51.983379 38.819327 4.878971 52.490729 39.321905 1.593321
2013_01_13_09_27_58_043957295  2601.000 1 10 70.000000 70.000000 0.000000 0.000000 35.291464 53.482682 40.266475 3.791789 52.92553 39.775064 1.91573 53.482682 40.266475 3.791789 52.92553 39.775064 1.91573
2013_01_13_09_28_02_398052514  2601.000 1 10 70.000000 70.000000 0.000000 0.000000 35.226016 52.163045 38.932316 3.794124 54.108819 41.112338 2.750812 52.163045 38.932316 3.794124 54.108819 41.112338 2.750812
2013_01_13_09_28_31_284527263  2601.000 1 8 70.000000 70.000000 0.000000 0.000000 44.045186 46.022017 32.876456 4.872692 46.682233 33.501001 1.591621 46.022017 32.876456 4.872692 46.682233 33.501001 1.591621
2013_01_13_09_28_34_151599751  2601.000 1 8 70.000000 70.000000 0.000000 0.000000 44.047661 47.085709 33.87722 3.796475 47.198981 34.046676 1.601199 47.085709 33.87722 3.796475 47.198981 34.046676 1.601199
2013_01_13_09_28_38_318076491  2601.000 1 8 70.000000 70.000000 0.000000 0.000000 44.014882 46.111107 32.896936 3.788432 47.656415 34.669551 2.766318 46.111107 32.896936 3.788432 47.656415 34.669551 2.766318
2013_01_13_09_29_15_990660139  2601.000 1 6 70.000000 70.000000 0.000000 0.000000 58.529349 40.279706 27.127397 4.908562 40.543967 27.380818 1.595878 40.279706 27.127397 4.908562 40.543967 27.380818 1.595878
2013_01_13_09_29_18_863095217  2601.000 1 6 70.000000 70.000000 0.000000 0.000000 58.693639 41.019892 27.835882 3.792893 41.025706 27.88754 1.615705 41.019892 27.835882 3.792893 41.025706 27.88754 1.615705
2013_01_13_09_29_23_017272260  2601.000 1 6 70.000000 70.000000 0.000000 0.000000 58.688333 40.328904 27.133335 3.789012 41.575144 28.599666 2.734147 40.328904 27.133335 3.789012 41.575144 28.599666 2.734147
2013_01_13_09_30_15_331362330  2601.000 1 4 70.000000 70.000000 0.000000 0.000000 87.936006 34.446087 21.294846 4.937628 34.71525 21.568851 1.594016 34.446087 21.294846 4.937628 34.71525 21.568851 1.594016
2013_01_13_09_30_18_424778034  2601.000 1 4 70.000000 70.000000 0.000000 0.000000 87.903091 35.231959 22.051129 3.796027 34.975903 21.858656 1.967646 35.231959 22.051129 3.796027 34.975903 21.858656 1.967646
2013_01_13_09_30_22_533940765  2601.000 1 4 70.000000 70.000000 0.000000 0.000000 87.924682 34.653017 21.447163 3.795267 35.603447 22.618859 2.710799 34.653017 21.447163 3.795267 35.603447 22.618859 2.710799
2013_01_13_09_31_44_083077258  2601.000 1 16 75.000000 75.000000 0.000000 0.000000 22.068433 69.778481 56.623173 4.737154 70.591396 57.427852 1.612679 69.778481 56.623173 4.737154 70.591396 57.427852 1.612679
2013_01_13_09_31_47_170834303  2601.000 1 16 75.000000 75.000000 0.000000 0.000000 22.000985 71.611732 58.404045 3.799872 71.78224 58.649469 1.591675 71.611732 58.404045 3.799872 71.78224 58.649469 1.591675
2013_01_13_09_31_51_271571290  2601.000 1 16 75.000000 75.000000 0.000000 0.000000 22.060808 69.901945 56.68387 3.795661 73.037878 60.043188 2.683128 69.901945 56.68387 3.795661 73.037878 60.043188 2.683128
2013_01_13_09_32_06_986099707  2601.000 1 14 75.000000 75.000000 0.000000 0.000000 25.120115 63.889237 50.719251 4.860059 64.545602 51.383605 1.593072 63.889237 50.719251 4.860059 64.545602 51.383605 1.593072
2013_01_13_09_32_10_099971504  2601.000 1 14 75.000000 75.000000 0.000000 0.000000 25.174117 65.525169 52.301657 3.79829 65.844778 52.71937 1.591583 65.525169 52.301657 3.79829 65.844778 52.71937 1.591583
2013_01_13_09_32_14_180857221  2601.000 1 14 75.000000 75.000000 0.000000 0.000000 25.209274 64.086389 50.841818 3.796748 66.665908 53.664275 2.696664 64.086389 50.841818 3.796748 66.665908 53.664275 2.696664
2013_01_13_09_32_32_882466813  2601.000 1 12 75.000000 75.000000 0.000000 0.000000 29.419763 57.812853 44.640141 4.896913 58.712579 45.555818 1.600193 57.812853 44.640141 4.896913 58.712579 45.555818 1.600193
2013_01_13_09_32_35_987488462  2601.000 1 12 75.000000 75.000000 0.000000 0.000000 29.374407 59.234935 46.010913 3.79882 59.423085 46.29687 1.591526 59.234935 46.010913 3.79882 59.423085 46.29687 1.591526
2013_01_13_09_32_40_277774865  2601.000 1 12 75.000000 75.000000 0.000000 0.000000 29.353429 58.193572 44.950506 3.7968 60.591504 47.595188 2.705268 58.193572 44.950506 3.7968 60.591504 47.595188 2.705268
2013_01_13_09_33_02_944049711  2601.000 1 10 75.000000 75.000000 0.000000 0.000000 35.191496 51.738015 38.573383 4.856914 52.462935 39.302394 1.59276 51.738015 38.573383 4.856914 52.462935 39.302394 1.59276
2013_01_13_09_33_06_090536478  2601.000 1 10 75.000000 75.000000 0.000000 0.000000 35.205871 53.320573 40.101514 3.795244 53.182532 40.03176 1.710503 53.320573 40.101514 3.795244 53.182532 40.03176 1.710503
2013_01_13_09_33_10_339438087  2601.000 1 10 75.000000 75.000000 0.000000 0.000000 35.260175 51.930071 38.700035 3.792728 54.02859 41.034176 2.450306 51.930071 38.700035 3.792728 54.02859 41.034176 2.450306
2013_01_13_09_33_38_858868415  2601.000 1 8 75.000000 75.000000 0.000000 0.000000 44.025223 46.064952 32.9155 4.844901 46.735739 33.549582 1.590733 46.064952 32.9155 4.844901 46.735739 33.549582 1.590733
2013_01_13_09_33_41_988882985  2601.000 1 8 75.000000 75.000000 0.000000 0.000000 44.016354 47.194867 33.986199 3.794483 47.12568 33.977877 1.652833 47.194867 33.986199 3.794483 47.12568 33.977877 1.652833
2013_01_13_09_33_46_445154010  2601.000 1 8 75.000000 75.000000 0.000000 0.000000 44.02031 46.069325 32.856358 3.787715 47.618864 34.636804 2.35215 46.069325 32.856358 3.787715 47.618864 34.636804 2.35215
2013_01_13_09_34_23_569019137  2601.000 1 6 75.000000 75.000000 0.000000 0.000000 58.778257 40.185896 27.044243 4.895653 40.404906 27.242001 1.593989 40.185896 27.044243 4.895653 40.404906 27.242001 1.593989
2013_01_13_09_34_26_641783769  2601.000 1 6 75.000000 75.000000 0.000000 0.000000 58.742177 40.983519 27.798045 3.791595 40.799801 27.666786 1.693934 40.983519 27.798045 3.791595 40.799801 27.666786 1.693934
2013_01_13_09_34_31_131173978  2601.000 1 6 75.000000 75.000000 0.000000 0.000000 58.701366 40.321723 27.124869 3.787066 41.572649 28.599539 2.489093 40.321723 27.124869 3.787066 41.572649 28.599539 2.489093
2013_01_13_09_35_23_066853362  2601.000 1 4 75.000000 75.000000 0.000000 0.000000 87.851228 34.618451 21.464351 4.931875 34.863408 21.716393 1.59025 34.618451 21.464351 4.931875 34.863408 21.716393 1.59025
2013_01_13_09_35_26_164739190  2601.000 1 4 75.000000 75.000000 0.000000 0.000000 87.828114 35.154297 21.967917 3.792469 35.078933 21.963243 1.61457 35.154297 21.967917 3.792469 35.078933 21.963243 1.61457
2013_01_13_09_35_30_615686635  2601.000 1 4 75.000000 75.000000 0.000000 0.000000 87.923119 34.508304 21.300716 3.793155 35.474372 22.48974 2.413123 34.508304 21.300716 3.793155 35.474372 22.48974 2.413123
2013_01_13_09_36_51_589195047  2601.000 1 16 80.000000 80.000000 0.000000 0.000000 22.083077 69.818949 56.663478 4.726529 70.607932 57.443792 1.593523 69.818949 56.663478 4.726529 70.607932 57.443792 1.593523
2013_01_13_09_36_54_711106372  2601.000 1 16 80.000000 80.000000 0.000000 0.000000 22.0448 71.580684 58.373468 3.798735 71.719482 58.586579 1.591899 71.580684 58.373468 3.798735 71.719482 58.586579 1.591899
2013_01_13_09_36_59_326073365  2601.000 1 16 80.000000 80.000000 0.000000 0.000000 22.019332 69.938679 56.72221 3.79719 73.086425 60.090843 2.118631 69.938679 56.72221 3.79719 73.086425 60.090843 2.118631
2013_01_13_09_37_14_491786539  2601.000 1 14 80.000000 80.000000 0.000000 0.000000 25.152886 63.938148 50.768498 4.903255 64.577166 51.413724 1.592744 63.938148 50.768498 4.903255 64.577166 51.413724 1.592744
2013_01_13_09_37_17_608341483  2601.000 1 14 80.000000 80.000000 0.000000 0.000000 25.188326 65.508621 52.28164 3.798782 65.847651 52.722893 1.59553 65.508621 52.28164 3.798782 65.847651 52.722893 1.59553
2013_01_13_09_37_22_218282704  2601.000 1 14 80.000000 80.000000 0.000000 0.000000 25.154406 64.02915 50.787861 3.798005 66.634327 53.630026 2.160241 64.02915 50.787861 3.798005 66.634327 53.630026 2.160241
2013_01_13_09_37_40_391220133  2601.000 1 12 80.000000 80.000000 0.000000 0.000000 29.403169 57.919449 44.747965 4.925692 58.764252 45.60579 1.590978 57.919449 44.747965 4.925692 58.764252 45.60579 1.590978
2013_01_13_09_37_43_671116948  2601.000 1 12 80.000000 80.000000 0.000000 0.000000 29.391974 59.481806 46.255379 3.796061 59.406615 46.276414 1.595471 59.481806 46.255379 3.796061 59.406615 46.276414 1.595471
2013_01_13_09_37_48_111891537  2601.000 1 12 80.000000 80.000000 0.000000 0.000000 29.350918 57.969071 44.726338 3.798676 60.476866 47.476546 2.372515 57.969071 44.726338 3.798676 60.476866 47.476546 2.372515
2013_01_13_09_38_10_478898828  2601.000 1 10 80.000000 80.000000 0.000000 0.000000 35.268966 52.124603 38.960176 4.89821 52.346822 39.186279 1.591662 52.124603 38.960176 4.89821 52.346822 39.186279 1.591662
2013_01_13_09_38_13_763103016  2601.000 1 10 80.000000 80.000000 0.000000 0.000000 35.238785 53.346659 40.127774 3.796604 52.977167 39.824782 1.595258 53.346659 40.127774 3.796604 52.977167 39.824782 1.595258
2013_01_13_09_38_18_151363267  2601.000 1 10 80.000000 80.000000 0.000000 0.000000 35.25322 51.965482 38.736117 3.789648 54.01071 41.01551 2.435341 51.965482 38.736117 3.789648 54.01071 41.01551 2.435341
2013_01_13_09_38_46_590762254  2601.000 1 8 80.000000 80.000000 0.000000 0.000000 44.077367 46.006702 32.860611 4.880996 46.585436 33.399761 1.590685 46.006702 32.860611 4.880996 46.585436 33.399761 1.590685
2013_01_13_09_38_49_682807973  2601.000 1 8 80.000000 80.000000 0.000000 0.000000 44.060107 47.031056 33.822011 3.79555 47.15126 34.004155 1.612375 47.031056 33.822011 3.79555 47.15126 34.004155 1.612375
2013_01_13_09_38_54_070568040  2601.000 1 8 80.000000 80.000000 0.000000 0.000000 44.01728 46.279794 33.064741 3.793212 47.621768 34.637139 2.472631 46.279794 33.064741 3.793212 47.621768 34.637139 2.472631
2013_01_13_09_39_31_487219959  2601.000 1 6 80.000000 80.000000 0.000000 0.000000 58.767445 40.364236 27.217433 4.900297 40.522002 27.356436 1.594913 40.364236 27.217433 4.900297 40.522002 27.356436 1.594913
2013_01_13_09_39_34_550605493  2601.000 1 6 80.000000 80.000000 0.000000 0.000000 58.685143 40.950113 27.763985 3.79223 40.793292 27.660777 1.636626 40.950113 27.763985 3.79223 40.793292 27.660777 1.636626
2013_01_13_09_39_38_791176281  2601.000 1 6 80.000000 80.000000 0.000000 0.000000 58.615402 40.182995 26.983531 3.793115 41.687044 28.713683 2.40942 40.182995 26.983531 3.793115 41.687044 28.713683 2.40942
2013_01_13_09_40_31_007837964  2601.000 1 4 80.000000 80.000000 0.000000 0.000000 87.900877 34.509812 21.354844 4.928395 34.839121 21.691576 1.591024 34.509812 21.354844 4.928395 34.839121 21.691576 1.591024
2013_01_13_09_40_33_890045425  2601.000 1 4 80.000000 80.000000 0.000000 0.000000 87.862269 35.136244 21.954004 3.795522 35.175091 22.058687 1.716036 35.136244 21.954004 3.795522 35.175091 22.058687 1.716036
2013_01_13_09_40_38_070369731  2601.000 1 4 80.000000 80.000000 0.000000 0.000000 87.831182 34.479525 21.277175 3.790171 35.445257 22.456059 2.473019 34.479525 21.277175 3.790171 35.445257 22.456059 2.473019
2013_01_13_09_41_59_510951771  2601.000 1 16 85.000000 85.000000 0.000000 0.000000 22.049678 69.71641 56.560915 4.731853 70.579281 57.415487 1.595739 69.71641 56.560915 4.731853 70.579281 57.415487 1.595739
2013_01_13_09_42_02_396926238  2601.000 1 16 85.000000 85.000000 0.000000 0.000000 21.998158 71.61761 58.410516 3.797285 71.789861 58.654771 1.589985 71.61761 58.410516 3.797285 71.789861 58.654771 1.589985
2013_01_13_09_42_06_556606136  2601.000 1 16 85.000000 85.000000 0.000000 0.000000 22.006199 69.896388 56.679346 3.798361 73.204242 60.211301 2.109585 69.896388 56.679346 3.798361 73.204242 60.211301 2.109585
2013_01_13_09_42_22_409814647  2601.000 1 14 85.000000 85.000000 0.000000 0.000000 25.217932 63.903228 50.733569 4.877473 64.462053 51.296275 1.594135 63.903228 50.733569 4.877473 64.462053 51.296275 1.594135
2013_01_13_09_42_25_095836687  2601.000 1 14 85.000000 85.000000 0.000000 0.000000 25.178216 65.542135 52.31521 3.798333 65.872231 52.747353 1.590962 65.542135 52.31521 3.798333 65.872231 52.747353 1.590962
2013_01_13_09_42_29_410502089  2601.000 1 14 85.000000 85.000000 0.000000 0.000000 25.155718 64.026569 50.784487 3.796038 66.654056 53.652925 2.175324 64.026569 50.784487 3.796038 66.654056 53.652925 2.175324
2013_01_13_09_42_48_286100314  2601.000 1 12 85.000000 85.000000 0.000000 0.000000 29.313909 57.837752 44.666486 4.911606 58.683551 45.522342 1.597696 57.837752 44.666486 4.911606 58.683551 45.522342 1.597696
2013_01_13_09_42_50_935507941  2601.000 1 12 85.000000 85.000000 0.000000 0.000000 29.386317 59.26951 46.04096 3.797558 59.366001 46.23278 1.591937 59.26951 46.04096 3.797558 59.366001 46.23278 1.591937
2013_01_13_09_42_55_328633484  2601.000 1 12 85.000000 85.000000 0.000000 0.000000 29.39891 58.050005 44.810891 3.797161 60.422837 47.424304 2.491048 58.050005 44.810891 3.797161 60.422837 47.424304 2.491048
2013_01_13_09_43_18_336625409  2601.000 1 10 85.000000 85.000000 0.000000 0.000000 35.256756 51.899288 38.735133 4.873049 52.384146 39.220289 1.591337 51.899288 38.735133 4.873049 52.384146 39.220289 1.591337
2013_01_13_09_43_21_259930287  2601.000 1 10 85.000000 85.000000 0.000000 0.000000 35.194212 53.131403 39.912334 3.799518 53.112432 39.958488 1.735179 53.131403 39.912334 3.799518 53.112432 39.958488 1.735179
2013_01_13_09_43_25_420137548  2601.000 1 10 85.000000 85.000000 0.000000 0.000000 35.270873 52.03671 38.807738 3.789421 53.9481 40.953222 2.546618 52.03671 38.807738 3.789421 53.9481 40.953222 2.546618
2013_01_13_09_43_54_228153611  2601.000 1 8 85.000000 85.000000 0.000000 0.000000 44.027577 45.982004 32.833625 4.244075 46.506842 33.320225 1.590283 45.982004 32.833625 4.244075 46.506842 33.320225 1.590283
2013_01_13_09_43_57_183901972  2601.000 1 8 85.000000 85.000000 0.000000 0.000000 44.101093 47.178107 33.968587 3.792026 47.171652 34.022465 2.19019 47.178107 33.968587 3.792026 47.171652 34.022465 2.19019
2013_01_13_09_44_01_483025389  2601.000 1 8 85.000000 85.000000 0.000000 0.000000 44.033316 46.23479 33.02237 3.790358 47.622821 34.636898 2.122508 46.23479 33.02237 3.790358 47.622821 34.636898 2.122508
2013_01_13_09_44_38_916870836  2601.000 1 6 85.000000 85.000000 0.000000 0.000000 58.768365 40.411552 27.261149 4.418371 40.57601 27.408267 1.593576 40.411552 27.261149 4.418371 40.57601 27.408267 1.593576
2013_01_13_09_44_42_067203531  2601.000 1 6 85.000000 85.000000 0.000000 0.000000 58.678886 40.999073 27.813331 3.79675 41.018986 27.884548 1.944819 40.999073 27.813331 3.79675 41.018986 27.884548 1.944819
2013_01_13_09_44_46_186101505  2601.000 1 6 85.000000 85.000000 0.000000 0.000000 58.643267 40.343389 27.148795 3.790311 41.620409 28.645766 1.772812 40.343389 27.148795 3.790311 41.620409 28.645766 1.772812
2013_01_13_09_45_38_433668938  2601.000 1 4 85.000000 85.000000 0.000000 0.000000 87.87605 34.575178 21.424115 4.550204 34.942435 21.794471 1.591005 34.575178 21.424115 4.550204 34.942435 21.794471 1.591005
2013_01_13_09_45_41_383832016  2601.000 1 4 85.000000 85.000000 0.000000 0.000000 87.894493 35.068561 21.882528 3.796133 35.111558 21.997815 1.957993 35.068561 21.882528 3.796133 35.111558 21.997815 1.957993
2013_01_13_09_45_45_466106793  2601.000 1 4 85.000000 85.000000 0.000000 0.000000 87.800688 34.520535 21.306782 3.792109 35.526644 22.539788 1.682225 34.520535 21.306782 3.792109 35.526644 22.539788 1.682225
2013_01_13_09_47_06_914126579  2601.000 1 16 90.000000 90.000000 0.000000 0.000000 22.114039 69.826761 56.673038 4.001937 70.697098 57.53453 1.593958 69.826761 56.673038 4.001937 70.697098 57.53453 1.593958
2013_01_13_09_47_09_908370049  2601.000 1 16 90.000000 90.000000 0.000000 0.000000 21.996921 71.579831 58.373015 3.798431 71.868965 58.734693 1.617103 71.579831 58.373015 3.798431 71.868965 58.734693 1.617103
2013_01_13_09_47_14_014979597  2601.000 1 16 90.000000 90.000000 0.000000 0.000000 21.999803 69.975399 56.760862 3.797658 73.151978 60.157149 1.597367 69.975399 56.760862 3.797658 73.151978 60.157149 1.597367
2013_01_13_09_47_29_812739470  2601.000 1 14 90.000000 90.000000 0.000000 0.000000 25.140221 63.933417 50.763977 4.279987 64.531209 51.367846 1.591006 63.933417 50.763977 4.279987 64.531209 51.367846 1.591006
2013_01_13_09_47_32_614121533  2601.000 1 14 90.000000 90.000000 0.000000 0.000000 25.174114 65.497244 52.270721 3.797119 65.928524 52.803156 1.679927 65.497244 52.270721 3.797119 65.928524 52.803156 1.679927
2013_01_13_09_47_36_900088466  2601.000 1 14 90.000000 90.000000 0.000000 0.000000 25.180475 64.033105 50.794594 3.798258 66.647589 53.644722 1.595549 64.033105 50.794594 3.798258 66.647589 53.644722 1.595549
2013_01_13_09_47_55_685979100  2601.000 1 12 90.000000 90.000000 0.000000 0.000000 29.399134 57.835973 44.665261 4.277459 58.708568 45.551989 1.591438 57.835973 44.665261 4.277459 58.708568 45.551989 1.591438
2013_01_13_09_47_58_484555830  2601.000 1 12 90.000000 90.000000 0.000000 0.000000 29.330916 59.39235 46.167303 3.798058 59.523515 46.39967 2.371633 59.39235 46.167303 3.798058 59.523515 46.39967 2.371633
2013_01_13_09_48_02_774653374  2601.000 1 12 90.000000 90.000000 0.000000 0.000000 29.398654 57.971544 44.729635 3.799807 60.507753 47.509146 1.5991 57.971544 44.729635 3.799807 60.507753 47.509146 1.5991
2013_01_13_09_48_25_790090575  2601.000 1 10 90.000000 90.000000 0.000000 0.000000 35.269411 51.855497 38.691217 4.228813 52.401566 39.247416 1.59016 51.855497 38.691217 4.228813 52.401566 39.247416 1.59016
2013_01_13_09_48_28_554381211  2601.000 1 10 90.000000 90.000000 0.000000 0.000000 35.245954 53.224251 40.006449 3.796774 53.199711 40.046677 1.994233 53.224251 40.006449 3.796774 53.199711 40.046677 1.994233
2013_01_13_09_48_32_866477894  2601.000 1 10 90.000000 90.000000 0.000000 0.000000 35.243209 52.073729 38.846126 3.792775 54.064995 41.069638 1.876038 52.073729 38.846126 3.792775 54.064995 41.069638 1.876038
2013_01_13_09_49_01_857467033  2601.000 1 8 90.000000 90.000000 0.000000 0.000000 43.927625 46.156036 33.008465 4.162299 46.586924 33.398689 1.589989 46.156036 33.008465 4.162299 46.586924 33.398689 1.589989
2013_01_13_09_49_04_462877485  2601.000 1 8 90.000000 90.000000 0.000000 0.000000 44.054501 47.035753 33.826683 3.796039 47.11658 33.966517 2.060198 47.035753 33.826683 3.796039 47.11658 33.966517 2.060198
2013_01_13_09_49_08_731545091  2601.000 1 8 90.000000 90.000000 0.000000 0.000000 43.988058 46.071719 32.861504 3.793394 47.70078 34.716401 1.662756 46.071719 32.861504 3.793394 47.70078 34.716401 1.662756
2013_01_13_09_49_46_554028438  2601.000 1 6 90.000000 90.000000 0.000000 0.000000 58.524089 40.268443 27.127789 4.347087 40.508919 27.341885 1.594569 40.268443 27.127789 4.347087 40.508919 27.341885 1.594569
2013_01_13_09_49_49_369124648  2601.000 1 6 90.000000 90.000000 0.000000 0.000000 58.659095 41.04975 27.863863 3.793175 40.842423 27.705491 2.069661 41.04975 27.863863 3.793175 40.842423 27.705491 2.069661
2013_01_13_09_49_53_414101027  2601.000 1 6 90.000000 90.000000 0.000000 0.000000 58.674583 40.28847 27.095819 3.791806 41.713829 28.73873 1.678702 40.28847 27.095819 3.791806 41.713829 28.73873 1.678702
2013_01_13_09_50_45_854561967  2601.000 1 4 90.000000 90.000000 0.000000 0.000000 87.87052 34.391951 21.238217 4.521611 34.707158 21.556302 1.59114 34.391951 21.238217 4.521611 34.707158 21.556302 1.59114
2013_01_13_09_50_48_695953962  2601.000 1 4 90.000000 90.000000 0.000000 0.000000 87.880308 35.109941 21.930678 3.794108 35.122952 22.00975 2.007485 35.109941 21.930678 3.794108 35.122952 22.00975 2.007485
2013_01_13_09_50_52_872450734  2601.000 1 4 90.000000 90.000000 0.000000 0.000000 87.869423 34.524591 21.309972 3.79176 35.493676 22.506365 1.714181 34.524591 21.309972 3.79176 35.493676 22.506365 1.714181
2013_01_13_09_52_14_370939552  2601.000 1 16 95.000000 95.000000 0.000000 0.000000 22.054505 69.86944 56.7159 4.039381 70.677665 57.515126 1.591133 69.86944 56.7159 4.039381 70.677665 57.515126 1.591133
2013_01_13_09_52_17_222262907  2601.000 1 16 95.000000 95.000000 0.000000 0.000000 22.025434 71.555739 58.347885 3.798705 71.904639 58.770479 1.61706 71.555739 58.347885 3.798705 71.904639 58.770479 1.61706
2013_01_13_09_52_21_582153915  2601.000 1 16 95.000000 95.000000 0.000000 0.000000 21.982988 70.012995 56.802283 3.793338 73.074525 60.078265 1.596362 70.012995 56.802283 3.793338 73.074525 60.078265 1.596362
2013_01_13_09_52_37_423109397  2601.000 1 14 95.000000 95.000000 0.000000 0.000000 25.127462 63.972409 50.803562 4.232001 64.570907 51.402391 1.591807 63.972409 50.803562 4.232001 64.570907 51.402391 1.591807
2013_01_13_09_52_40_340362274  2601.000 1 14 95.000000 95.000000 0.000000 0.000000 25.198504 65.467601 52.242968 3.79746 65.848363 52.721686 1.642041 65.467601 52.242968 3.79746 65.848363 52.721686 1.642041
2013_01_13_09_52_44_470430600  2601.000 1 14 95.000000 95.000000 0.000000 0.000000 25.201567 64.006867 50.769931 3.797298 66.587831 53.58239 1.603243 64.006867 50.769931 3.797298 66.587831 53.58239 1.603243
2013_01_13_09_53_03_283836981  2601.000 1 12 95.000000 95.000000 0.000000 0.000000 29.320713 57.898866 44.731453 4.300294 58.725172 45.563013 1.590377 57.898866 44.731453 4.300294 58.725172 45.563013 1.590377
2013_01_13_09_53_06_307538058  2601.000 1 12 95.000000 95.000000 0.000000 0.000000 29.400889 59.19578 45.969533 3.797819 59.485202 46.360538 1.939432 59.19578 45.969533 3.797819 59.485202 46.360538 1.939432
2013_01_13_09_53_10_572483954  2601.000 1 12 95.000000 95.000000 0.000000 0.000000 29.378056 57.848801 44.613307 3.799183 60.44178 47.441572 1.600244 57.848801 44.613307 3.799183 60.44178 47.441572 1.600244
2013_01_13_09_53_33_380817558  2601.000 1 10 95.000000 95.000000 0.000000 0.000000 35.191246 52.094944 38.931281 4.275368 52.566299 39.412917 1.590677 52.094944 38.931281 4.275368 52.566299 39.412917 1.590677
2013_01_13_09_53_36_459916406  2601.000 1 10 95.000000 95.000000 0.000000 0.000000 35.219589 53.108468 39.889918 3.795476 53.244688 40.092349 1.83379 53.108468 39.889918 3.795476 53.244688 40.092349 1.83379
2013_01_13_09_53_40_668502766  2601.000 1 10 95.000000 95.000000 0.000000 0.000000 35.319192 52.30629 39.083237 3.795588 53.991471 40.995676 1.992072 52.30629 39.083237 3.795588 53.991471 40.995676 1.992072
2013_01_13_09_54_09_272398739  2601.000 1 8 95.000000 95.000000 0.000000 0.000000 43.917013 45.987746 32.842309 4.126163 46.628227 33.443015 1.590277 45.987746 32.842309 4.126163 46.628227 33.443015 1.590277
2013_01_13_09_54_12_300491354  2601.000 1 8 95.000000 95.000000 0.000000 0.000000 43.987799 47.214584 34.0042 3.794779 47.17201 34.027279 2.10126 47.214584 34.0042 3.794779 47.17201 34.027279 2.10126
2013_01_13_09_54_16_752452009  2601.000 1 8 95.000000 95.000000 0.000000 0.000000 44.016442 46.096239 32.886515 3.788047 47.618477 34.633771 1.823876 46.096239 32.886515 3.788047 47.618477 34.633771 1.823876
2013_01_13_09_54_53_979124846  2601.000 1 6 95.000000 95.000000 0.000000 0.000000 58.759861 40.271803 27.123837 4.202224 40.520284 27.355139 1.593267 40.271803 27.123837 4.202224 40.520284 27.355139 1.593267
2013_01_13_09_54_57_029917182  2601.000 1 6 95.000000 95.000000 0.000000 0.000000 58.682238 40.96401 27.770669 3.793708 40.902169 27.767947 2.234917 40.96401 27.770669 3.793708 40.902169 27.767947 2.234917
2013_01_13_09_55_01_445613672  2601.000 1 6 95.000000 95.000000 0.000000 0.000000 58.670602 40.311121 27.116521 3.789531 41.567527 28.594086 1.809679 40.311121 27.116521 3.789531 41.567527 28.594086 1.809679
2013_01_13_09_55_53_504883611  2601.000 1 4 95.000000 95.000000 0.000000 0.000000 87.868708 34.434409 21.282156 4.431696 34.767017 21.617856 1.590751 34.434409 21.282156 4.431696 34.767017 21.617856 1.590751
2013_01_13_09_55_56_550355055  2601.000 1 4 95.000000 95.000000 0.000000 0.000000 87.897451 35.222673 22.048357 3.798504 35.148899 22.03373 1.948874 35.222673 22.048357 3.798504 35.148899 22.03373 1.948874
2013_01_13_09_56_00_793523627  2601.000 1 4 95.000000 95.000000 0.000000 0.000000 87.785564 34.513977 21.30276 3.792598 35.527482 22.536627 1.647226 34.513977 21.30276 3.792598 35.527482 22.536627 1.647226
2013_01_13_09_57_22_027096650  2601.000 1 16 100.000000 100.000000 0.000000 0.000000 22.053845 69.801814 56.647797 3.974456 70.676031 57.511335 1.591854 69.801814 56.647797 3.974456 70.676031 57.511335 1.591854
2013_01_13_09_57_25_078704463  2601.000 1 16 100.000000 100.000000 0.000000 0.000000 21.986418 71.552916 58.345673 3.799734 71.818595 58.686037 1.611731 71.552916 58.345673 3.799734 71.818595 58.686037 1.611731
2013_01_13_09_57_29_337880057  2601.000 1 16 100.000000 100.000000 0.000000 0.000000 21.989826 69.950885 56.73599 3.792481 73.032813 60.0396 1.593773 69.950885 56.73599 3.792481 73.032813 60.0396 1.593773
2013_01_13_09_57_44_933841761  2601.000 1 14 100.000000 100.000000 0.000000 0.000000 25.142656 63.913913 50.743794 4.179255 64.562675 51.398649 1.591461 63.913913 50.743794 4.179255 64.562675 51.398649 1.591461
2013_01_13_09_57_48_196245247  2601.000 1 14 100.000000 100.000000 0.000000 0.000000 25.171759 65.435181 52.207257 3.797219 65.933596 52.807091 1.632506 65.435181 52.207257 3.797219 65.933596 52.807091 1.632506
2013_01_13_09_57_52_256702722  2601.000 1 14 100.000000 100.000000 0.000000 0.000000 25.173961 64.012589 50.772926 3.798391 66.628697 53.625892 1.60369 64.012589 50.772926 3.798391 66.628697 53.625892 1.60369
2013_01_13_09_58_10_825772336  2601.000 1 12 100.000000 100.000000 0.000000 0.000000 29.365227 57.871691 44.701061 4.240866 58.740726 45.582046 1.588803 57.871691 44.701061 4.240866 58.740726 45.582046 1.588803
2013_01_13_09_58_14_095632176  2601.000 1 12 100.000000 100.000000 0.000000 0.000000 29.31532 59.100563 45.873261 3.799206 59.458202 46.332821 1.666953 59.100563 45.873261 3.799206 59.458202 46.332821 1.666953
2013_01_13_09_58_18_325617991  2601.000 1 12 100.000000 100.000000 0.000000 0.000000 29.401841 57.888858 44.651707 3.799612 60.456523 47.458654 1.605433 57.888858 44.651707 3.799612 60.456523 47.458654 1.605433
2013_01_13_09_58_40_918964633  2601.000 1 10 100.000000 100.000000 0.000000 0.000000 35.195306 51.910244 38.746318 4.132042 52.619449 39.463219 1.589745 51.910244 38.746318 4.132042 52.619449 39.463219 1.589745
2013_01_13_09_58_44_212385852  2601.000 1 10 100.000000 100.000000 0.000000 0.000000 35.315449 53.152579 39.933086 3.799989 53.192035 40.044747 2.103408 53.152579 39.933086 3.799989 53.192035 40.044747 2.103408
2013_01_13_09_58_48_425217263  2601.000 1 10 100.000000 100.000000 0.000000 0.000000 35.235227 52.013219 38.785739 3.793609 54.084933 41.089867 1.609327 52.013219 38.785739 3.793609 54.084933 41.089867 1.609327
2013_01_13_09_59_16_843855220  2601.000 1 8 100.000000 100.000000 0.000000 0.000000 44.076303 45.986947 32.839442 4.149672 46.577104 33.398686 1.590497 45.986947 32.839442 4.149672 46.577104 33.398686 1.590497
2013_01_13_09_59_20_286328382  2601.000 1 8 100.000000 100.000000 0.000000 0.000000 44.022931 47.214282 34.00465 3.795202 47.241502 34.088769 2.304548 47.214282 34.00465 3.795202 47.241502 34.088769 2.304548
2013_01_13_09_59_24_494746054  2601.000 1 8 100.000000 100.000000 0.000000 0.000000 43.99909 46.107872 32.89803 3.789883 47.671611 34.686756 1.805107 46.107872 32.89803 3.789883 47.671611 34.686756 1.805107
2013_01_13_10_00_01_764686154  2601.000 1 6 100.000000 100.000000 0.000000 0.000000 58.531918 40.246001 27.101192 4.360778 40.542123 27.378456 1.593623 40.246001 27.101192 4.360778 40.542123 27.378456 1.593623
2013_01_13_10_00_04_962248239  2601.000 1 6 100.000000 100.000000 0.000000 0.000000 58.688353 41.003678 27.812098 3.791593 40.8819 27.741032 2.401264 41.003678 27.812098 3.791593 40.8819 27.741032 2.401264
2013_01_13_10_00_09_213832342  2601.000 1 6 100.000000 100.000000 0.000000 0.000000 58.640923 40.284896 27.09178 3.794761 41.580513 28.607909 1.97774 40.284896 27.09178 3.794761 41.580513 28.607909 1.97774
2013_01_13_10_01_01_104771041  2601.000 1 4 100.000000 100.000000 0.000000 0.000000 87.888458 34.479778 21.326467 4.57281 34.751358 21.601221 1.590609 34.479778 21.326467 4.57281 34.751358 21.601221 1.590609
2013_01_13_10_01_04_259213406  2601.000 1 4 100.000000 100.000000 0.000000 0.000000 87.851435 35.23376 22.058838 3.791197 35.150584 22.035574 1.92154 35.23376 22.058838 3.791197 35.150584 22.035574 1.92154
2013_01_13_10_01_08_553497302  2601.000 1 4 100.000000 100.000000 0.000000 0.000000 87.878865 34.518201 21.30207 3.792595 35.520031 22.527935 2.123364 34.518201 21.30207 3.792595 35.520031 22.527935 2.123364
