writemsr: Verification successful. core_fd[0][0]=8, cpu=0, core=0 cpu+core=0 msr=409 (0x199).
writemsr: Verification successful. core_fd[0][1]=9, cpu=0, core=1 cpu+core=1 msr=409 (0x199).
writemsr: Verification successful. core_fd[0][2]=10, cpu=0, core=2 cpu+core=2 msr=409 (0x199).
writemsr: Verification successful. core_fd[0][3]=11, cpu=0, core=3 cpu+core=3 msr=409 (0x199).
writemsr: Verification successful. core_fd[0][4]=12, cpu=0, core=4 cpu+core=4 msr=409 (0x199).
writemsr: Verification successful. core_fd[0][5]=13, cpu=0, core=5 cpu+core=5 msr=409 (0x199).
writemsr: Verification successful. core_fd[0][6]=14, cpu=0, core=6 cpu+core=6 msr=409 (0x199).
writemsr: Verification successful. core_fd[0][7]=15, cpu=0, core=7 cpu+core=7 msr=409 (0x199).
writemsr: Verification successful. core_fd[1][0]=16, cpu=1, core=0 cpu+core=8 msr=409 (0x199).
writemsr: Verification successful. core_fd[1][1]=17, cpu=1, core=1 cpu+core=9 msr=409 (0x199).
writemsr: Verification successful. core_fd[1][2]=18, cpu=1, core=2 cpu+core=10 msr=409 (0x199).
writemsr: Verification successful. core_fd[1][3]=19, cpu=1, core=3 cpu+core=11 msr=409 (0x199).
writemsr: Verification successful. core_fd[1][4]=20, cpu=1, core=4 cpu+core=12 msr=409 (0x199).
writemsr: Verification successful. core_fd[1][5]=21, cpu=1, core=5 cpu+core=13 msr=409 (0x199).
writemsr: Verification successful. core_fd[1][6]=22, cpu=1, core=6 cpu+core=14 msr=409 (0x199).
writemsr: Verification successful. core_fd[1][7]=23, cpu=1, core=7 cpu+core=15 msr=409 (0x199).
writemsr: Verification successful. core_fd[0][0]=8, cpu=0, core=0 cpu+core=0 msr=1552 (0x610).
writemsr: Verification successful. core_fd[0][0]=8, cpu=0, core=0 cpu+core=0 msr=409 (0x199).
writemsr: Verification successful. core_fd[0][1]=9, cpu=0, core=1 cpu+core=1 msr=409 (0x199).
writemsr: Verification successful. core_fd[0][2]=10, cpu=0, core=2 cpu+core=2 msr=409 (0x199).
writemsr: Verification successful. core_fd[0][3]=11, cpu=0, core=3 cpu+core=3 msr=409 (0x199).
writemsr: Verification successful. core_fd[0][4]=12, cpu=0, core=4 cpu+core=4 msr=409 (0x199).
writemsr: Verification successful. core_fd[0][5]=13, cpu=0, core=5 cpu+core=5 msr=409 (0x199).
writemsr: Verification successful. core_fd[0][6]=14, cpu=0, core=6 cpu+core=6 msr=409 (0x199).
writemsr: Verification successful. core_fd[0][7]=15, cpu=0, core=7 cpu+core=7 msr=409 (0x199).
writemsr: Verification successful. core_fd[1][0]=16, cpu=1, core=0 cpu+core=8 msr=1552 (0x610).
writemsr: Verification successful. core_fd[1][0]=16, cpu=1, core=0 cpu+core=8 msr=409 (0x199).
writemsr: Verification successful. core_fd[1][1]=17, cpu=1, core=1 cpu+core=9 msr=409 (0x199).
writemsr: Verification successful. core_fd[1][2]=18, cpu=1, core=2 cpu+core=10 msr=409 (0x199).
writemsr: Verification successful. core_fd[1][3]=19, cpu=1, core=3 cpu+core=11 msr=409 (0x199).
writemsr: Verification successful. core_fd[1][4]=20, cpu=1, core=4 cpu+core=12 msr=409 (0x199).
writemsr: Verification successful. core_fd[1][5]=21, cpu=1, core=5 cpu+core=13 msr=409 (0x199).
writemsr: Verification successful. core_fd[1][6]=22, cpu=1, core=6 cpu+core=14 msr=409 (0x199).
writemsr: Verification successful. core_fd[1][7]=23, cpu=1, core=7 cpu+core=15 msr=409 (0x199).

papiex:
papiex: Storing output in [dir-papi/bmark4.papiex.rzmerl107.73000]
papiex:

papiex version                : 0.99rc9
Executable                    : /p/lscratchrza/rountree/single-node/bmarks/synthetic/no-scale-mem-comm/bmark4
Arguments                     : 
Processor                     : Intel(R) Xeon(R) CPU E5-2670 0 @ 2.60GHz
Clockrate                     : 2601.000000
Hostname                      : rzmerl107
Options                       : DIR,PAPI_L3_TCA,PAPI_L3_TCM,NO_MPI_GATHER,NO_MPI_PROF
Domain                        : User
Parent process id             : 72973
Process id                    : 73000
Num. of threads               : 15
Start                         : Sun Jan 13 09:03:18 2013
Finish                        : Sun Jan 13 09:05:32 2013

Derived Metrics:
CPU Utilization ..............................             0.93
I/O Cycles % .................................             0.00




Program Statistics:
                             min                     max                    mean      coef. of variation
Real usecs:	      1.3414e+08	      1.3426e+08	     1.34151e+08	            0.00
Real cycles:	     3.47912e+11	     3.48225e+11	     3.47941e+11	            0.00 
Proc usecs:	           24617	     1.33733e+08	     1.24669e+08	            0.27 
Proc cycles:	     6.40288e+07	     3.47839e+11	     3.24264e+11	            0.27 
I/O cycles:	               0	               0	               0	            -nan 
PAPI_L3_TCA:	           88611	     3.01745e+09	     2.64193e+09	            0.27
PAPI_L3_TCM:	           86747	      1.2796e+08	     6.54157e+07	            0.50

Cumulative Process Counts:
Real usecs ...................................      2.01227e+09
Real cycles ..................................      5.21911e+12
Proc usecs ...................................      1.87003e+09
Proc cycles ..................................      4.86396e+12
I/O cycles ...................................                0
PAPI_L3_TCA ..................................       3.9629e+10
PAPI_L3_TCM ..................................      9.81236e+08

Event descriptions:
PAPI_L3_TCA                   : Level 3 total cache accesses
PAPI_L3_TCM                   : Level 3 cache misses

Derived event descriptions:
