id freq nodes cores pkg-clamp-0 pkg-clamp-1 dram-clamp-0 dram-clamp-1 avg-time avg-pkg-0 avg-pp0-0 avg-dram-0 avg-pkg-1 avg-pp0-1 avg-dram-1 tot-pkg-0 tot-pp0-0 tot-dram-0 tot-pkg-1 tot-pp0-1 tot-dram-1
2013_01_20_20_47_29_264551426  2601.000 1 16 115.000000 115.000000 0.000000 0.000000 295.596125 83.086181 68.837049 7.803858 84.262599 70.076408 7.732043 83.086181 68.837049 7.803858 84.262599 70.076408 7.732043
2013_01_20_20_52_25_842817955  2601.000 1 14 115.000000 115.000000 0.000000 0.000000 291.023909 76.269853 61.957779 7.791891 76.996965 62.904526 7.779897 76.269853 61.957779 7.791891 76.996965 62.904526 7.779897
2013_01_20_20_57_17_485994299  2601.000 1 12 115.000000 115.000000 0.000000 0.000000 285.426695 73.004187 58.72673 7.772194 73.139573 59.034148 7.764897 73.004187 58.72673 7.772194 73.139573 59.034148 7.764897
2013_01_20_21_02_03_530028812  2601.000 1 10 115.000000 115.000000 0.000000 0.000000 281.504928 65.941556 51.767986 7.80807 66.058894 51.907365 7.722478 65.941556 51.767986 7.80807 66.058894 51.907365 7.722478
2013_01_20_21_06_45_558105928  2601.000 1 8 115.000000 115.000000 0.000000 0.000000 277.415217 61.664741 47.556555 7.856123 62.201847 47.994226 7.672263 61.664741 47.556555 7.856123 62.201847 47.994226 7.672263
2013_01_20_21_11_23_595272103  2601.000 1 6 115.000000 115.000000 0.000000 0.000000 333.200373 52.975776 39.082875 6.004781 53.16752 39.228456 7.838033 52.975776 39.082875 6.004781 53.16752 39.228456 7.838033
2013_01_20_21_16_57_479014166  2601.000 1 4 115.000000 115.000000 0.000000 0.000000 329.34173 47.566696 33.760561 5.917673 47.5532 33.763975 5.896304 47.566696 33.760561 5.917673 47.5532 33.763975 5.896304
2013_01_20_21_22_27_329874508  2601.000 1 16 51.000000 51.000000 0.000000 0.000000 354.845742 50.815557 36.760367 7.806236 50.821766 36.841222 7.813555 50.815557 36.760367 7.806236 50.821766 36.841222 7.813555
2013_01_20_21_28_22_752961643  2601.000 1 14 51.000000 51.000000 0.000000 0.000000 338.843113 50.791502 36.731052 7.830085 50.797737 36.792348 7.789058 50.791502 36.731052 7.830085 50.797737 36.792348 7.789058
2013_01_20_21_34_02_210632074  2601.000 1 12 51.000000 51.000000 0.000000 0.000000 324.461441 50.763125 36.691018 7.809046 50.773211 36.742093 7.773192 50.763125 36.691018 7.809046 50.773211 36.742093 7.773192
2013_01_20_21_39_27_291100736  2601.000 1 10 51.000000 51.000000 0.000000 0.000000 312.323742 50.716371 36.672215 7.839953 50.735595 36.646215 7.741178 50.716371 36.672215 7.839953 50.735595 36.646215 7.741178
2013_01_20_21_44_40_182583457  2601.000 1 8 51.000000 51.000000 0.000000 0.000000 305.055863 46.147096 32.10408 7.849719 47.085672 33.007117 7.765378 46.147096 32.10408 7.849719 47.085672 33.007117 7.765378
2013_01_20_21_49_45_841137542  2601.000 1 6 51.000000 51.000000 0.000000 0.000000 382.720438 40.282439 26.463513 5.942875 40.799088 27.015736 5.888904 40.282439 26.463513 5.942875 40.799088 27.015736 5.888904
2013_01_20_21_56_09_186874377  2601.000 1 4 51.000000 51.000000 0.000000 0.000000 386.246497 35.349331 21.63583 5.912961 35.810194 22.116358 5.879101 35.349331 21.63583 5.912961 35.810194 22.116358 5.879101
2013_01_20_22_02_36_011643536  2601.000 1 16 55.000000 55.000000 0.000000 0.000000 344.167115 54.772741 40.635441 7.761773 54.778859 40.825276 7.806213 54.772741 40.635441 7.761773 54.778859 40.825276 7.806213
2013_01_20_22_08_20_727672583  2601.000 1 14 55.000000 55.000000 0.000000 0.000000 326.901088 54.744874 40.572374 7.794499 54.751908 40.793038 7.81486 54.744874 40.572374 7.794499 54.751908 40.793038 7.81486
2013_01_20_22_13_48_191327057  2601.000 1 12 55.000000 55.000000 0.000000 0.000000 315.689141 54.71381 40.651084 7.828116 54.721605 40.630871 7.737202 54.71381 40.651084 7.828116 54.721605 40.630871 7.737202
2013_01_20_22_19_04_490415602  2601.000 1 10 55.000000 55.000000 0.000000 0.000000 305.343021 51.024495 36.896936 7.828485 52.003473 37.95759 7.786807 51.024495 36.896936 7.828485 52.003473 37.95759 7.786807
2013_01_20_22_24_10_346670833  2601.000 1 8 55.000000 55.000000 0.000000 0.000000 305.053969 46.14938 32.061736 7.816609 47.033568 32.996857 7.792289 46.14938 32.061736 7.816609 47.033568 32.996857 7.792289
2013_01_20_22_29_16_041100601  2601.000 1 6 55.000000 55.000000 0.000000 0.000000 382.278794 40.296626 26.450427 5.948687 40.854766 27.077069 5.888224 40.296626 26.450427 5.948687 40.854766 27.077069 5.888224
2013_01_20_22_35_39_072647045  2601.000 1 4 55.000000 55.000000 0.000000 0.000000 385.690408 35.421262 21.704955 5.915547 35.82452 22.140937 5.882704 35.421262 21.704955 5.915547 35.82452 22.140937 5.882704
2013_01_20_22_42_05_438131076  2601.000 1 16 60.000000 60.000000 0.000000 0.000000 332.351482 59.704735 45.555367 7.778662 59.71501 45.692004 7.778471 59.704735 45.555367 7.778662 59.71501 45.692004 7.778471
2013_01_20_22_47_38_484139673  2601.000 1 14 60.000000 60.000000 0.000000 0.000000 319.158955 59.681453 45.535373 7.827718 59.688723 45.630418 7.773576 59.681453 45.535373 7.827718 59.688723 45.630418 7.773576
2013_01_20_22_52_58_126305635  2601.000 1 12 60.000000 60.000000 0.000000 0.000000 307.282513 55.988305 41.861938 7.812149 56.786185 42.694718 7.769847 55.988305 41.861938 7.812149 56.786185 42.694718 7.769847
2013_01_20_22_58_06_007036641  2601.000 1 10 60.000000 60.000000 0.000000 0.000000 305.73378 51.127524 36.974522 7.816491 51.950354 37.933846 7.806167 51.127524 36.974522 7.816491 51.950354 37.933846 7.806167
2013_01_20_23_03_12_269810122  2601.000 1 8 60.000000 60.000000 0.000000 0.000000 304.839356 46.223983 32.165516 7.836858 47.012814 32.946417 7.77273 46.223983 32.165516 7.836858 47.012814 32.946417 7.77273
2013_01_20_23_08_17_792317849  2601.000 1 6 60.000000 60.000000 0.000000 0.000000 381.830851 40.35017 26.550789 5.918767 40.754544 26.933382 7.70239 40.35017 26.550789 5.918767 40.754544 26.933382 7.70239
2013_01_20_23_14_40_286703506  2601.000 1 4 60.000000 60.000000 0.000000 0.000000 386.485836 35.432732 21.703883 5.914045 35.79255 22.113772 5.879444 35.432732 21.703883 5.914045 35.79255 22.113772 5.879444
2013_01_20_23_21_07_435749973  2601.000 1 16 65.000000 65.000000 0.000000 0.000000 324.332065 64.65389 50.451236 7.750896 64.667457 50.65513 7.776579 64.65389 50.451236 7.750896 64.667457 50.65513 7.776579
2013_01_20_23_26_32_516749826  2601.000 1 14 65.000000 65.000000 0.000000 0.000000 310.50213 61.181776 47.025218 7.835601 62.157573 48.067081 7.759367 61.181776 47.025218 7.835601 62.157573 48.067081 7.759367
2013_01_20_23_31_43_613860310  2601.000 1 12 65.000000 65.000000 0.000000 0.000000 307.578806 56.037423 41.962465 7.848581 56.834531 42.690714 7.736987 56.037423 41.962465 7.848581 56.834531 42.690714 7.736987
2013_01_20_23_36_51_752711303  2601.000 1 10 65.000000 65.000000 0.000000 0.000000 305.393675 51.171783 37.081278 7.830381 52.027516 37.942007 7.765601 51.171783 37.081278 7.830381 52.027516 37.942007 7.765601
2013_01_20_23_41_57_828061178  2601.000 1 8 65.000000 65.000000 0.000000 0.000000 304.507463 46.15356 32.152261 7.869435 47.089489 32.971749 7.73966 46.15356 32.152261 7.869435 47.089489 32.971749 7.73966
2013_01_20_23_47_02_927741401  2601.000 1 6 65.000000 65.000000 0.000000 0.000000 382.613208 40.231357 26.444711 5.933105 40.863949 27.040155 7.852256 40.231357 26.444711 5.933105 40.863949 27.040155 7.852256
2013_01_20_23_53_26_004806099  2601.000 1 4 65.000000 65.000000 0.000000 0.000000 386.376609 35.327234 21.603931 5.918614 35.840892 22.158983 5.875441 35.327234 21.603931 5.918614 35.840892 22.158983 5.875441
2013_01_20_23_59_52_889187949  2601.000 1 16 70.000000 70.000000 0.000000 0.000000 315.771397 66.145263 51.933808 7.814391 67.479656 53.430661 7.772846 66.145263 51.933808 7.814391 67.479656 53.430661 7.772846
2013_01_21_00_05_09_422440409  2601.000 1 14 70.000000 70.000000 0.000000 0.000000 310.740722 61.213854 46.951136 7.804867 62.123327 48.132727 7.821914 61.213854 46.951136 7.804867 62.123327 48.132727 7.821914
2013_01_21_00_10_20_692888544  2601.000 1 12 70.000000 70.000000 0.000000 0.000000 308.250272 55.828809 41.725693 7.836979 56.829181 42.711219 7.749949 55.828809 41.725693 7.836979 56.829181 42.711219 7.749949
2013_01_21_00_15_29_575821281  2601.000 1 10 70.000000 70.000000 0.000000 0.000000 305.616472 50.935361 36.882485 7.856177 52.079385 37.955022 7.739485 50.935361 36.882485 7.856177 52.079385 37.955022 7.739485
2013_01_21_00_20_35_842224839  2601.000 1 8 70.000000 70.000000 0.000000 0.000000 304.36885 46.085566 32.090606 7.882628 47.169546 33.034798 7.729761 46.085566 32.090606 7.882628 47.169546 33.034798 7.729761
2013_01_21_00_25_40_746268936  2601.000 1 6 70.000000 70.000000 0.000000 0.000000 382.493486 40.227845 26.409666 5.919827 40.814724 27.021949 5.912863 40.227845 26.409666 5.919827 40.814724 27.021949 5.912863
2013_01_21_00_32_03_877586258  2601.000 1 4 70.000000 70.000000 0.000000 0.000000 386.317425 35.377934 21.642679 5.909001 35.819291 22.144017 5.887675 35.377934 21.642679 5.909001 35.819291 22.144017 5.887675
2013_01_21_00_38_30_817267812  2601.000 1 16 75.000000 75.000000 0.000000 0.000000 315.839961 66.1234 51.919725 7.784524 67.718028 53.666099 7.776984 66.1234 51.919725 7.784524 67.718028 53.666099 7.776984
2013_01_21_00_43_47_200229049  2601.000 1 14 75.000000 75.000000 0.000000 0.000000 310.041585 61.253632 47.029417 7.806189 62.170413 48.142136 7.800386 61.253632 47.029417 7.806189 62.170413 48.142136 7.800386
2013_01_21_00_48_57_858033646  2601.000 1 12 75.000000 75.000000 0.000000 0.000000 308.121281 56.085489 41.865887 7.772356 56.694206 42.697722 7.826167 56.085489 41.865887 7.772356 56.694206 42.697722 7.826167
2013_01_21_00_54_06_472137565  2601.000 1 10 75.000000 75.000000 0.000000 0.000000 305.755003 51.05852 36.997013 7.868927 52.038263 37.92619 7.747631 51.05852 36.997013 7.868927 52.038263 37.92619 7.747631
2013_01_21_00_59_12_676705124  2601.000 1 8 75.000000 75.000000 0.000000 0.000000 305.336285 46.161417 32.089351 7.844994 47.044363 32.991614 7.778688 46.161417 32.089351 7.844994 47.044363 32.991614 7.778688
2013_01_21_01_04_18_577631344  2601.000 1 6 75.000000 75.000000 0.000000 0.000000 382.586897 40.249239 26.474118 5.923145 40.852298 27.0223 7.257319 40.249239 26.474118 5.923145 40.852298 27.0223 7.257319
2013_01_21_01_10_41_712272343  2601.000 1 4 75.000000 75.000000 0.000000 0.000000 386.331258 35.385747 21.666649 5.916481 35.88427 22.194591 5.883811 35.385747 21.666649 5.916481 35.88427 22.194591 5.883811
2013_01_21_01_17_08_602492210  2601.000 1 16 80.000000 80.000000 0.000000 0.000000 316.102195 66.216551 52.011284 7.823019 67.394726 53.341983 7.774158 66.216551 52.011284 7.823019 67.394726 53.341983 7.774158
2013_01_21_01_22_25_201829084  2601.000 1 14 80.000000 80.000000 0.000000 0.000000 310.411352 61.234466 47.074021 7.849469 62.198297 48.110667 7.759726 61.234466 47.074021 7.849469 62.198297 48.110667 7.759726
2013_01_21_01_27_36_287649405  2601.000 1 12 80.000000 80.000000 0.000000 0.000000 308.63296 56.049903 41.88519 7.799496 56.736524 42.682073 7.791667 56.049903 41.88519 7.799496 56.736524 42.682073 7.791667
2013_01_21_01_32_45_566766166  2601.000 1 10 80.000000 80.000000 0.000000 0.000000 305.012871 51.066934 37.026327 7.881233 52.091946 37.962312 7.734511 51.066934 37.026327 7.881233 52.091946 37.962312 7.734511
2013_01_21_01_37_51_232208478  2601.000 1 8 80.000000 80.000000 0.000000 0.000000 304.93072 46.232001 32.14092 7.825127 47.072126 33.040139 7.794763 46.232001 32.14092 7.825127 47.072126 33.040139 7.794763
2013_01_21_01_42_56_697479132  2601.000 1 6 80.000000 80.000000 0.000000 0.000000 383.283501 40.346187 26.505451 5.951723 40.779935 26.998284 5.856336 40.346187 26.505451 5.951723 40.779935 26.998284 5.856336
2013_01_21_01_49_20_641329659  2601.000 1 4 80.000000 80.000000 0.000000 0.000000 386.804331 35.428283 21.706904 5.913878 35.858134 22.176866 5.882578 35.428283 21.706904 5.913878 35.858134 22.176866 5.882578
2013_01_21_01_55_47_969674932  2601.000 1 16 85.000000 85.000000 0.000000 0.000000 316.5251 66.193665 51.94546 7.772307 67.473511 53.462434 7.803431 66.193665 51.94546 7.772307 67.473511 53.462434 7.803431
2013_01_21_02_01_05_220702148  2601.000 1 14 85.000000 85.000000 0.000000 0.000000 309.83305 61.245427 47.049886 7.820947 62.141418 48.089118 7.78452 61.245427 47.049886 7.820947 62.141418 48.089118 7.78452
2013_01_21_02_06_15_676648997  2601.000 1 12 85.000000 85.000000 0.000000 0.000000 308.121119 55.932782 41.799904 7.834413 56.76902 42.684273 7.772884 55.932782 41.799904 7.834413 56.76902 42.684273 7.772884
2013_01_21_02_11_24_326574179  2601.000 1 10 85.000000 85.000000 0.000000 0.000000 305.56112 51.00251 36.960037 7.868731 52.070358 37.941067 7.738425 51.00251 36.960037 7.868731 52.070358 37.941067 7.738425
2013_01_21_02_16_30_437519960  2601.000 1 8 85.000000 85.000000 0.000000 0.000000 304.153908 46.101622 32.116149 7.87957 47.126223 32.992612 7.729207 46.101622 32.116149 7.87957 47.126223 32.992612 7.729207
2013_01_21_02_21_35_083499675  2601.000 1 6 85.000000 85.000000 0.000000 0.000000 381.911399 40.388844 26.595081 5.929223 40.888093 27.055599 7.650092 40.388844 26.595081 5.929223 40.888093 27.055599 7.650092
2013_01_21_02_27_57_576597211  2601.000 1 4 85.000000 85.000000 0.000000 0.000000 385.672239 35.410429 21.700603 5.912569 35.908996 22.223623 5.877423 35.410429 21.700603 5.912569 35.908996 22.223623 5.877423
2013_01_21_02_34_23_912638381  2601.000 1 16 90.000000 90.000000 0.000000 0.000000 316.232968 66.222699 51.986819 7.808854 67.621146 53.599267 7.794091 66.222699 51.986819 7.808854 67.621146 53.599267 7.794091
2013_01_21_02_39_40_706813943  2601.000 1 14 90.000000 90.000000 0.000000 0.000000 310.252705 61.263277 47.059565 7.807194 62.138166 48.086195 7.788722 61.263277 47.059565 7.807194 62.138166 48.086195 7.788722
2013_01_21_02_44_51_567642107  2601.000 1 12 90.000000 90.000000 0.000000 0.000000 307.525948 56.004384 41.913551 7.863344 56.798645 42.670321 7.743492 56.004384 41.913551 7.863344 56.798645 42.670321 7.743492
2013_01_21_02_49_59_636891475  2601.000 1 10 90.000000 90.000000 0.000000 0.000000 306.298593 51.288568 37.077789 7.76057 51.888092 37.931046 7.846686 51.288568 37.077789 7.76057 51.888092 37.931046 7.846686
2013_01_21_02_55_06_524364454  2601.000 1 8 90.000000 90.000000 0.000000 0.000000 304.764882 46.212885 32.132632 7.816696 46.999512 32.963637 7.78988 46.212885 32.132632 7.816696 46.999512 32.963637 7.78988
2013_01_21_03_00_11_734275058  2601.000 1 6 90.000000 90.000000 0.000000 0.000000 382.754096 40.372737 26.538908 5.939973 40.721946 26.930538 5.894619 40.372737 26.538908 5.939973 40.721946 26.930538 5.894619
2013_01_21_03_06_35_035539566  2601.000 1 4 90.000000 90.000000 0.000000 0.000000 386.312151 35.402141 21.687903 5.917074 35.741856 22.063684 5.879612 35.402141 21.687903 5.917074 35.741856 22.063684 5.879612
2013_01_21_03_13_01_927114369  2601.000 1 16 95.000000 95.000000 0.000000 0.000000 315.792188 66.196064 52.005361 7.798892 67.521889 53.454084 7.768163 66.196064 52.005361 7.798892 67.521889 53.454084 7.768163
2013_01_21_03_18_18_320335385  2601.000 1 14 95.000000 95.000000 0.000000 0.000000 309.318994 61.221731 47.066825 7.828963 62.164638 48.074093 7.761305 61.221731 47.066825 7.828963 62.164638 48.074093 7.761305
2013_01_21_03_23_28_170936391  2601.000 1 12 95.000000 95.000000 0.000000 0.000000 307.494049 56.03167 41.889519 7.80281 56.760666 42.68667 7.781253 56.03167 41.889519 7.80281 56.760666 42.68667 7.781253
2013_01_21_03_28_36_268630800  2601.000 1 10 95.000000 95.000000 0.000000 0.000000 304.957549 51.136973 37.033888 7.824386 52.043214 37.975168 7.775571 51.136973 37.033888 7.824386 52.043214 37.975168 7.775571
2013_01_21_03_33_41_743095574  2601.000 1 8 95.000000 95.000000 0.000000 0.000000 305.512265 46.175998 32.06923 7.808921 47.012619 33.002135 7.808275 46.175998 32.06923 7.808921 47.012619 33.002135 7.808275
2013_01_21_03_38_47_818523360  2601.000 1 6 95.000000 95.000000 0.000000 0.000000 382.937492 40.359548 26.561065 5.92393 40.896585 27.067743 7.895766 40.359548 26.561065 5.92393 40.896585 27.067743 7.895766
2013_01_21_03_45_11_307311625  2601.000 1 4 95.000000 95.000000 0.000000 0.000000 387.542468 35.359104 21.649378 5.920971 35.881557 22.193936 5.873339 35.359104 21.649378 5.920971 35.881557 22.193936 5.873339
2013_01_21_03_51_39_383638044  2601.000 1 16 100.000000 100.000000 0.000000 0.000000 315.956772 66.160285 51.962318 7.824 67.493961 53.434543 7.77285 66.160285 51.962318 7.824 67.493961 53.434543 7.77285
2013_01_21_03_56_55_968731782  2601.000 1 14 100.000000 100.000000 0.000000 0.000000 310.02898 61.262536 47.070472 7.81666 62.187154 48.133172 7.781597 61.262536 47.070472 7.81666 62.187154 48.133172 7.781597
2013_01_21_04_02_06_643775991  2601.000 1 12 100.000000 100.000000 0.000000 0.000000 307.978973 56.097946 41.925044 7.786758 56.74325 42.69602 7.799582 56.097946 41.925044 7.786758 56.74325 42.69602 7.799582
2013_01_21_04_07_15_300563664  2601.000 1 10 100.000000 100.000000 0.000000 0.000000 305.555157 51.252403 37.159262 7.836521 51.990211 37.902296 7.76663 51.252403 37.159262 7.836521 51.990211 37.902296 7.76663
2013_01_21_04_12_21_384396427  2601.000 1 8 100.000000 100.000000 0.000000 0.000000 305.30727 46.231238 32.19431 7.84762 47.018532 32.938471 7.76474 46.231238 32.19431 7.84762 47.018532 32.938471 7.76474
2013_01_21_04_17_27_213284737  2601.000 1 6 100.000000 100.000000 0.000000 0.000000 382.628797 40.371646 26.574916 5.919183 40.791786 26.963922 6.464735 40.371646 26.574916 5.919183 40.791786 26.963922 6.464735
2013_01_21_04_23_50_512052255  2601.000 1 4 100.000000 100.000000 0.000000 0.000000 385.4784 35.451936 21.73596 5.915843 35.757264 22.074385 5.884592 35.451936 21.73596 5.915843 35.757264 22.074385 5.884592
